In file included from [01m[K/home/rgeng/Project/include/database/database.hpp:5[m[K,
                 from [01m[K/home/rgeng/Project/src/main.cpp:2[m[K:
/home/rgeng/Project/include/subscribers/msgSubscriber.hpp: In instantiation of ‘[01m[Ksubscriber::msgSubscriber<T>::msgSubscriber(const string&, gazebo::transport::NodePtr&) [with T = gazebo::msgs::IMU; std::string = std::__cxx11::basic_string<char>; gazebo::transport::NodePtr = boost::shared_ptr<gazebo::transport::Node>][m[K’:
[01m[K/home/rgeng/Project/src/main.cpp:17:138:[m[K   required from here
[01m[K/home/rgeng/Project/include/subscribers/msgSubscriber.hpp:17:40:[m[K [01;31m[Kerror: [m[Kno matching function for call to ‘[01m[Kgazebo::transport::Node::Subscribe(const char [20], void (subscriber::msgSubscriber<gazebo::msgs::IMU>::*)(const gazebo::msgs::IMU&))[m[K’
   17 |         mNode = [01;31m[KinGazeboNode->Subscribe("~/cessna_c172/state", &msgSubscriber::callback)[m[K;//, this);
      |                 [01;31m[K~~~~~~~~~~~~~~~~~~~~~~~^~~~~~~~~~~~~~~~~~~~~~~~~~~~~~~~~~~~~~~~~~~~~~~~~[m[K
In file included from [01m[K/usr/include/gazebo-11/gazebo/transport/transport.hh:6[m[K,
                 from [01m[K/usr/include/gazebo-11/gazebo/gazebo_core.hh:21[m[K,
                 from [01m[K/usr/include/gazebo-11/gazebo/gazebo.hh:20[m[K,
                 from [01m[K/home/rgeng/Project/include/subscribers/msgSubscriber.hpp:3[m[K,
                 from [01m[K/home/rgeng/Project/include/database/database.hpp:5[m[K,
                 from [01m[K/home/rgeng/Project/src/main.cpp:2[m[K:
[01m[K/usr/include/gazebo-11/gazebo/transport/Node.hh:269:21:[m[K [01;36m[Knote: [m[Kcandidate: ‘[01m[Ktemplate<class M, class T> gazebo::transport::SubscriberPtr gazebo::transport::Node::Subscribe(const string&, void (T::*)(const boost::shared_ptr<const T>&), T*, bool)[m[K’
  269 |       SubscriberPtr [01;36m[KSubscribe[m[K(const std::string &_topic,
      |                     [01;36m[K^~~~~~~~~[m[K
[01m[K/usr/include/gazebo-11/gazebo/transport/Node.hh:269:21:[m[K [01;36m[Knote: [m[K  template argument deduction/substitution failed:
In file included from [01m[K/home/rgeng/Project/include/database/database.hpp:5[m[K,
                 from [01m[K/home/rgeng/Project/src/main.cpp:2[m[K:
[01m[K/home/rgeng/Project/include/subscribers/msgSubscriber.hpp:17:40:[m[K [01;36m[Knote: [m[K  mismatched types ‘[01m[Kconst boost::shared_ptr<const T>[m[K’ and ‘[01m[Kconst gazebo::msgs::IMU[m[K’
   17 |         mNode = [01;36m[KinGazeboNode->Subscribe("~/cessna_c172/state", &msgSubscriber::callback)[m[K;//, this);
      |                 [01;36m[K~~~~~~~~~~~~~~~~~~~~~~~^~~~~~~~~~~~~~~~~~~~~~~~~~~~~~~~~~~~~~~~~~~~~~~~~[m[K
In file included from [01m[K/usr/include/gazebo-11/gazebo/transport/transport.hh:6[m[K,
                 from [01m[K/usr/include/gazebo-11/gazebo/gazebo_core.hh:21[m[K,
                 from [01m[K/usr/include/gazebo-11/gazebo/gazebo.hh:20[m[K,
                 from [01m[K/home/rgeng/Project/include/subscribers/msgSubscriber.hpp:3[m[K,
                 from [01m[K/home/rgeng/Project/include/database/database.hpp:5[m[K,
                 from [01m[K/home/rgeng/Project/src/main.cpp:2[m[K:
[01m[K/usr/include/gazebo-11/gazebo/transport/Node.hh:299:21:[m[K [01;36m[Knote: [m[Kcandidate: ‘[01m[Ktemplate<class M> gazebo::transport::SubscriberPtr gazebo::transport::Node::Subscribe(const string&, void (*)(const boost::shared_ptr<const T>&), bool)[m[K’
  299 |       SubscriberPtr [01;36m[KSubscribe[m[K(const std::string &_topic,
      |                     [01;36m[K^~~~~~~~~[m[K
[01m[K/usr/include/gazebo-11/gazebo/transport/Node.hh:299:21:[m[K [01;36m[Knote: [m[K  template argument deduction/substitution failed:
In file included from [01m[K/home/rgeng/Project/include/database/database.hpp:5[m[K,
                 from [01m[K/home/rgeng/Project/src/main.cpp:2[m[K:
[01m[K/home/rgeng/Project/include/subscribers/msgSubscriber.hpp:17:40:[m[K [01;36m[Knote: [m[K  mismatched types ‘[01m[Kvoid (*)(const boost::shared_ptr<const T>&)[m[K’ and ‘[01m[Kvoid (subscriber::msgSubscriber<gazebo::msgs::IMU>::*)(const gazebo::msgs::IMU&)[m[K’
   17 |         mNode = [01;36m[KinGazeboNode->Subscribe("~/cessna_c172/state", &msgSubscriber::callback)[m[K;//, this);
      |                 [01;36m[K~~~~~~~~~~~~~~~~~~~~~~~^~~~~~~~~~~~~~~~~~~~~~~~~~~~~~~~~~~~~~~~~~~~~~~~~[m[K
In file included from [01m[K/usr/include/gazebo-11/gazebo/transport/transport.hh:6[m[K,
                 from [01m[K/usr/include/gazebo-11/gazebo/gazebo_core.hh:21[m[K,
                 from [01m[K/usr/include/gazebo-11/gazebo/gazebo.hh:20[m[K,
                 from [01m[K/home/rgeng/Project/include/subscribers/msgSubscriber.hpp:3[m[K,
                 from [01m[K/home/rgeng/Project/include/database/database.hpp:5[m[K,
                 from [01m[K/home/rgeng/Project/src/main.cpp:2[m[K:
[01m[K/usr/include/gazebo-11/gazebo/transport/Node.hh:329:21:[m[K [01;36m[Knote: [m[Kcandidate: ‘[01m[Ktemplate<class T> gazebo::transport::SubscriberPtr gazebo::transport::Node::Subscribe(const string&, void (T::*)(const string&), T*, bool)[m[K’
  329 |       SubscriberPtr [01;36m[KSubscribe[m[K(const std::string &_topic,
      |                     [01;36m[K^~~~~~~~~[m[K
[01m[K/usr/include/gazebo-11/gazebo/transport/Node.hh:329:21:[m[K [01;36m[Knote: [m[K  template argument deduction/substitution failed:
In file included from [01m[K/home/rgeng/Project/include/database/database.hpp:5[m[K,
                 from [01m[K/home/rgeng/Project/src/main.cpp:2[m[K:
[01m[K/home/rgeng/Project/include/subscribers/msgSubscriber.hpp:17:40:[m[K [01;36m[Knote: [m[K  mismatched types ‘[01m[Kconst string[m[K’ {aka ‘[01m[Kconst std::__cxx11::basic_string<char>[m[K’} and ‘[01m[Kconst gazebo::msgs::IMU[m[K’
   17 |         mNode = [01;36m[KinGazeboNode->Subscribe("~/cessna_c172/state", &msgSubscriber::callback)[m[K;//, this);
      |                 [01;36m[K~~~~~~~~~~~~~~~~~~~~~~~^~~~~~~~~~~~~~~~~~~~~~~~~~~~~~~~~~~~~~~~~~~~~~~~~[m[K
In file included from [01m[K/usr/include/gazebo-11/gazebo/transport/transport.hh:6[m[K,
                 from [01m[K/usr/include/gazebo-11/gazebo/gazebo_core.hh:21[m[K,
                 from [01m[K/usr/include/gazebo-11/gazebo/gazebo.hh:20[m[K,
                 from [01m[K/home/rgeng/Project/include/subscribers/msgSubscriber.hpp:3[m[K,
                 from [01m[K/home/rgeng/Project/include/database/database.hpp:5[m[K,
                 from [01m[K/home/rgeng/Project/src/main.cpp:2[m[K:
[01m[K/usr/include/gazebo-11/gazebo/transport/Node.hh:359:21:[m[K [01;36m[Knote: [m[Kcandidate: ‘[01m[Kgazebo::transport::SubscriberPtr gazebo::transport::Node::Subscribe(const string&, void (*)(const string&), bool)[m[K’
  359 |       SubscriberPtr [01;36m[KSubscribe[m[K(const std::string &_topic,
      |                     [01;36m[K^~~~~~~~~[m[K
[01m[K/usr/include/gazebo-11/gazebo/transport/Node.hh:360:17:[m[K [01;36m[Knote: [m[K  no known conversion for argument 2 from ‘[01m[Kvoid (subscriber::msgSubscriber<gazebo::msgs::IMU>::*)(const gazebo::msgs::IMU&)[m[K’ to ‘[01m[Kvoid (*)(const string&)[m[K’ {aka ‘[01m[Kvoid (*)(const std::__cxx11::basic_string<char>&)[m[K’}
  360 |           [01;36m[Kvoid(*_fp)(const std::string &)[m[K, bool _latching = false)
      |           [01;36m[K~~~~~~^~~~~~~~~~~~~~~~~~~~~~~~~[m[K
gmake[2]: *** [src/CMakeFiles/QuadcopterController.dir/build.make:76: src/CMakeFiles/QuadcopterController.dir/main.cpp.o] Error 1
gmake[1]: *** [CMakeFiles/Makefile2:172: src/CMakeFiles/QuadcopterController.dir/all] Error 2
gmake: *** [Makefile:91: all] Error 2
