[0.008s] Invoking command in '/home/rgeng/Project/build/QuadcopterController': /usr/bin/cmake --build /home/rgeng/Project/build/QuadcopterController -- -j12 -l12
[0.040s] [ 15%] Built target OBJECTS
[0.047s] [35m[1mConsolidate compiler generated dependencies of target CONTROLLER_LIB[0m
[0.103s] [ 53%] Built target CONTROLLER_LIB
[0.114s] [35m[1mConsolidate compiler generated dependencies of target DATABASE_LIB[0m
[0.115s] [ 69%] Built target MOTOR_CONTROLLER_LIB
[0.144s] [ 84%] Built target DATABASE_LIB
[0.156s] [35m[1mConsolidate compiler generated dependencies of target QuadcopterController[0m
[0.187s] [ 92%] [32mBuilding CXX object src/CMakeFiles/QuadcopterController.dir/main.cpp.o[0m
[4.756s] In file included from [01m[K/home/rgeng/Project/include/database/database.hpp:5[m[K,
[4.756s]                  from [01m[K/home/rgeng/Project/src/main.cpp:2[m[K:
[4.757s] /home/rgeng/Project/include/subscribers/msgSubscriber.hpp: In instantiation of ‘[01m[Ksubscriber::msgSubscriber<T>::msgSubscriber(const string&, gazebo::transport::NodePtr&) [with T = gazebo::msgs::IMU; std::string = std::__cxx11::basic_string<char>; gazebo::transport::NodePtr = boost::shared_ptr<gazebo::transport::Node>][m[K’:
[4.757s] [01m[K/home/rgeng/Project/src/main.cpp:17:138:[m[K   required from here
[4.757s] [01m[K/home/rgeng/Project/include/subscribers/msgSubscriber.hpp:17:40:[m[K [01;31m[Kerror: [m[Kno matching function for call to ‘[01m[Kgazebo::transport::Node::Subscribe(const char [20], void (subscriber::msgSubscriber<gazebo::msgs::IMU>::*)(const gazebo::msgs::IMU&))[m[K’
[4.757s]    17 |         mNode = [01;31m[KinGazeboNode->Subscribe("~/cessna_c172/state", &msgSubscriber::callback)[m[K;//, this);
[4.757s]       |                 [01;31m[K~~~~~~~~~~~~~~~~~~~~~~~^~~~~~~~~~~~~~~~~~~~~~~~~~~~~~~~~~~~~~~~~~~~~~~~~[m[K
[4.757s] In file included from [01m[K/usr/include/gazebo-11/gazebo/transport/transport.hh:6[m[K,
[4.757s]                  from [01m[K/usr/include/gazebo-11/gazebo/gazebo_core.hh:21[m[K,
[4.757s]                  from [01m[K/usr/include/gazebo-11/gazebo/gazebo.hh:20[m[K,
[4.757s]                  from [01m[K/home/rgeng/Project/include/subscribers/msgSubscriber.hpp:3[m[K,
[4.757s]                  from [01m[K/home/rgeng/Project/include/database/database.hpp:5[m[K,
[4.757s]                  from [01m[K/home/rgeng/Project/src/main.cpp:2[m[K:
[4.757s] [01m[K/usr/include/gazebo-11/gazebo/transport/Node.hh:269:21:[m[K [01;36m[Knote: [m[Kcandidate: ‘[01m[Ktemplate<class M, class T> gazebo::transport::SubscriberPtr gazebo::transport::Node::Subscribe(const string&, void (T::*)(const boost::shared_ptr<const T>&), T*, bool)[m[K’
[4.757s]   269 |       SubscriberPtr [01;36m[KSubscribe[m[K(const std::string &_topic,
[4.757s]       |                     [01;36m[K^~~~~~~~~[m[K
[4.757s] [01m[K/usr/include/gazebo-11/gazebo/transport/Node.hh:269:21:[m[K [01;36m[Knote: [m[K  template argument deduction/substitution failed:
[4.757s] In file included from [01m[K/home/rgeng/Project/include/database/database.hpp:5[m[K,
[4.757s]                  from [01m[K/home/rgeng/Project/src/main.cpp:2[m[K:
[4.757s] [01m[K/home/rgeng/Project/include/subscribers/msgSubscriber.hpp:17:40:[m[K [01;36m[Knote: [m[K  mismatched types ‘[01m[Kconst boost::shared_ptr<const T>[m[K’ and ‘[01m[Kconst gazebo::msgs::IMU[m[K’
[4.757s]    17 |         mNode = [01;36m[KinGazeboNode->Subscribe("~/cessna_c172/state", &msgSubscriber::callback)[m[K;//, this);
[4.757s]       |                 [01;36m[K~~~~~~~~~~~~~~~~~~~~~~~^~~~~~~~~~~~~~~~~~~~~~~~~~~~~~~~~~~~~~~~~~~~~~~~~[m[K
[4.757s] In file included from [01m[K/usr/include/gazebo-11/gazebo/transport/transport.hh:6[m[K,
[4.757s]                  from [01m[K/usr/include/gazebo-11/gazebo/gazebo_core.hh:21[m[K,
[4.757s]                  from [01m[K/usr/include/gazebo-11/gazebo/gazebo.hh:20[m[K,
[4.757s]                  from [01m[K/home/rgeng/Project/include/subscribers/msgSubscriber.hpp:3[m[K,
[4.758s]                  from [01m[K/home/rgeng/Project/include/database/database.hpp:5[m[K,
[4.758s]                  from [01m[K/home/rgeng/Project/src/main.cpp:2[m[K:
[4.758s] [01m[K/usr/include/gazebo-11/gazebo/transport/Node.hh:299:21:[m[K [01;36m[Knote: [m[Kcandidate: ‘[01m[Ktemplate<class M> gazebo::transport::SubscriberPtr gazebo::transport::Node::Subscribe(const string&, void (*)(const boost::shared_ptr<const T>&), bool)[m[K’
[4.758s]   299 |       SubscriberPtr [01;36m[KSubscribe[m[K(const std::string &_topic,
[4.758s]       |                     [01;36m[K^~~~~~~~~[m[K
[4.758s] [01m[K/usr/include/gazebo-11/gazebo/transport/Node.hh:299:21:[m[K [01;36m[Knote: [m[K  template argument deduction/substitution failed:
[4.758s] In file included from [01m[K/home/rgeng/Project/include/database/database.hpp:5[m[K,
[4.758s]                  from [01m[K/home/rgeng/Project/src/main.cpp:2[m[K:
[4.758s] [01m[K/home/rgeng/Project/include/subscribers/msgSubscriber.hpp:17:40:[m[K [01;36m[Knote: [m[K  mismatched types ‘[01m[Kvoid (*)(const boost::shared_ptr<const T>&)[m[K’ and ‘[01m[Kvoid (subscriber::msgSubscriber<gazebo::msgs::IMU>::*)(const gazebo::msgs::IMU&)[m[K’
[4.758s]    17 |         mNode = [01;36m[KinGazeboNode->Subscribe("~/cessna_c172/state", &msgSubscriber::callback)[m[K;//, this);
[4.758s]       |                 [01;36m[K~~~~~~~~~~~~~~~~~~~~~~~^~~~~~~~~~~~~~~~~~~~~~~~~~~~~~~~~~~~~~~~~~~~~~~~~[m[K
[4.758s] In file included from [01m[K/usr/include/gazebo-11/gazebo/transport/transport.hh:6[m[K,
[4.758s]                  from [01m[K/usr/include/gazebo-11/gazebo/gazebo_core.hh:21[m[K,
[4.758s]                  from [01m[K/usr/include/gazebo-11/gazebo/gazebo.hh:20[m[K,
[4.758s]                  from [01m[K/home/rgeng/Project/include/subscribers/msgSubscriber.hpp:3[m[K,
[4.758s]                  from [01m[K/home/rgeng/Project/include/database/database.hpp:5[m[K,
[4.758s]                  from [01m[K/home/rgeng/Project/src/main.cpp:2[m[K:
[4.758s] [01m[K/usr/include/gazebo-11/gazebo/transport/Node.hh:329:21:[m[K [01;36m[Knote: [m[Kcandidate: ‘[01m[Ktemplate<class T> gazebo::transport::SubscriberPtr gazebo::transport::Node::Subscribe(const string&, void (T::*)(const string&), T*, bool)[m[K’
[4.758s]   329 |       SubscriberPtr [01;36m[KSubscribe[m[K(const std::string &_topic,
[4.758s]       |                     [01;36m[K^~~~~~~~~[m[K
[4.758s] [01m[K/usr/include/gazebo-11/gazebo/transport/Node.hh:329:21:[m[K [01;36m[Knote: [m[K  template argument deduction/substitution failed:
[4.758s] In file included from [01m[K/home/rgeng/Project/include/database/database.hpp:5[m[K,
[4.758s]                  from [01m[K/home/rgeng/Project/src/main.cpp:2[m[K:
[4.758s] [01m[K/home/rgeng/Project/include/subscribers/msgSubscriber.hpp:17:40:[m[K [01;36m[Knote: [m[K  mismatched types ‘[01m[Kconst string[m[K’ {aka ‘[01m[Kconst std::__cxx11::basic_string<char>[m[K’} and ‘[01m[Kconst gazebo::msgs::IMU[m[K’
[4.758s]    17 |         mNode = [01;36m[KinGazeboNode->Subscribe("~/cessna_c172/state", &msgSubscriber::callback)[m[K;//, this);
[4.758s]       |                 [01;36m[K~~~~~~~~~~~~~~~~~~~~~~~^~~~~~~~~~~~~~~~~~~~~~~~~~~~~~~~~~~~~~~~~~~~~~~~~[m[K
[4.758s] In file included from [01m[K/usr/include/gazebo-11/gazebo/transport/transport.hh:6[m[K,
[4.759s]                  from [01m[K/usr/include/gazebo-11/gazebo/gazebo_core.hh:21[m[K,
[4.759s]                  from [01m[K/usr/include/gazebo-11/gazebo/gazebo.hh:20[m[K,
[4.759s]                  from [01m[K/home/rgeng/Project/include/subscribers/msgSubscriber.hpp:3[m[K,
[4.759s]                  from [01m[K/home/rgeng/Project/include/database/database.hpp:5[m[K,
[4.759s]                  from [01m[K/home/rgeng/Project/src/main.cpp:2[m[K:
[4.759s] [01m[K/usr/include/gazebo-11/gazebo/transport/Node.hh:359:21:[m[K [01;36m[Knote: [m[Kcandidate: ‘[01m[Kgazebo::transport::SubscriberPtr gazebo::transport::Node::Subscribe(const string&, void (*)(const string&), bool)[m[K’
[4.759s]   359 |       SubscriberPtr [01;36m[KSubscribe[m[K(const std::string &_topic,
[4.759s]       |                     [01;36m[K^~~~~~~~~[m[K
[4.759s] [01m[K/usr/include/gazebo-11/gazebo/transport/Node.hh:360:17:[m[K [01;36m[Knote: [m[K  no known conversion for argument 2 from ‘[01m[Kvoid (subscriber::msgSubscriber<gazebo::msgs::IMU>::*)(const gazebo::msgs::IMU&)[m[K’ to ‘[01m[Kvoid (*)(const string&)[m[K’ {aka ‘[01m[Kvoid (*)(const std::__cxx11::basic_string<char>&)[m[K’}
[4.759s]   360 |           [01;36m[Kvoid(*_fp)(const std::string &)[m[K, bool _latching = false)
[4.759s]       |           [01;36m[K~~~~~~^~~~~~~~~~~~~~~~~~~~~~~~~[m[K
[5.460s] gmake[2]: *** [src/CMakeFiles/QuadcopterController.dir/build.make:76: src/CMakeFiles/QuadcopterController.dir/main.cpp.o] Error 1
[5.460s] gmake[1]: *** [CMakeFiles/Makefile2:172: src/CMakeFiles/QuadcopterController.dir/all] Error 2
[5.460s] gmake: *** [Makefile:91: all] Error 2
[5.463s] Invoked command in '/home/rgeng/Project/build/QuadcopterController' returned '2': /usr/bin/cmake --build /home/rgeng/Project/build/QuadcopterController -- -j12 -l12
