[0.089s] Invoking command in '/home/rgeng/Project/build/QuadcopterController': /usr/bin/cmake --build /home/rgeng/Project/build/QuadcopterController -- -j12 -l12
[0.785s] -- Looking for ignition-msgs5 -- found version 5.8.1
[0.837s] -- Searching for dependencies of ignition-msgs5
[1.938s] -- Looking for ignition-math6 -- found version 6.15.1
[1.938s] -- Searching for dependencies of ignition-math6
[1.982s] -- Checking for module 'tinyxml2'
[1.999s] --   Found tinyxml2, version 9.0.0
[2.040s] -- Looking for ignition-transport8 -- found version 8.2.1
[2.040s] -- Searching for dependencies of ignition-transport8
[2.984s] -- Config-file not installed for ZeroMQ -- checking for pkg-config
[2.987s] -- Checking for module 'libzmq >= 4'
[3.058s] --   Found libzmq , version 4.3.4
[3.084s] -- Checking for module 'uuid'
[3.106s] --   Found uuid, version 2.37.2
[3.123s] -- Looking for ignition-msgs5 -- found version 5.8.1
[3.130s] -- Configuring done
[3.265s] -- Generating done
[3.299s] -- Build files have been written to: /home/rgeng/Project/build/QuadcopterController
[3.388s] [  7%] [32mBuilding CXX object src/MotorDriver/CMakeFiles/MOTOR_CONTROLLER_LIB.dir/MotorSpeedController.cpp.o[0m
[3.410s] [35m[1mConsolidate compiler generated dependencies of target CONTROLLER_LIB[0m
[3.425s] [ 23%] [32mBuilding CXX object src/controller/CMakeFiles/CONTROLLER_LIB.dir/LQR.cpp.o[0m
[3.425s] [ 23%] [32mBuilding CXX object src/controller/CMakeFiles/CONTROLLER_LIB.dir/base.cpp.o[0m
[3.425s] [ 30%] [32mBuilding CXX object src/controller/CMakeFiles/CONTROLLER_LIB.dir/PID.cpp.o[0m
[3.426s] [ 38%] [32mBuilding CXX object src/controller/CMakeFiles/CONTROLLER_LIB.dir/PolePlacement.cpp.o[0m
[3.926s] [01m[K/home/rgeng/Project/src/MotorDriver/MotorSpeedController.cpp:1:10:[m[K [01;31m[Kfatal error: [m[KMotorSpeedController.hpp: No such file or directory
[3.927s]     1 | #include [01;31m[K<MotorSpeedController.hpp>[m[K
[3.927s]       |          [01;31m[K^~~~~~~~~~~~~~~~~~~~~~~~~~[m[K
[3.927s] compilation terminated.
[3.934s] gmake[2]: *** [src/MotorDriver/CMakeFiles/MOTOR_CONTROLLER_LIB.dir/build.make:76: src/MotorDriver/CMakeFiles/MOTOR_CONTROLLER_LIB.dir/MotorSpeedController.cpp.o] Error 1
[3.934s] gmake[1]: *** [CMakeFiles/Makefile2:257: src/MotorDriver/CMakeFiles/MOTOR_CONTROLLER_LIB.dir/all] Error 2
[3.934s] gmake[1]: *** Waiting for unfinished jobs....
[4.493s] In file included from [01m[K/home/rgeng/Project/include/controller/base.hpp:2[m[K,
[4.493s]                  from [01m[K/home/rgeng/Project/include/controller/LQR.hpp:2[m[K,
[4.493s]                  from [01m[K/home/rgeng/Project/src/controller/LQR.cpp:1[m[K:
[4.493s] [01m[K/home/rgeng/Project/include/subscribers/msgSubscriber.hpp:1:10:[m[K [01;31m[Kfatal error: [m[Kignition/transport.hh: No such file or directory
[4.493s]     1 | #include [01;31m[K<ignition/transport.hh>[m[K
[4.493s]       |          [01;31m[K^~~~~~~~~~~~~~~~~~~~~~~[m[K
[4.494s] In file included from [01m[K/home/rgeng/Project/include/controller/base.hpp:2[m[K,
[4.494s]                  from [01m[K/home/rgeng/Project/include/controller/PID.hpp:2[m[K,
[4.494s]                  from [01m[K/home/rgeng/Project/src/controller/PID.cpp:1[m[K:
[4.494s] [01m[K/home/rgeng/Project/include/subscribers/msgSubscriber.hpp:1:10:[m[K [01;31m[Kfatal error: [m[Kignition/transport.hh: No such file or directory
[4.494s]     1 | #include [01;31m[K<ignition/transport.hh>[m[K
[4.494s]       |          [01;31m[K^~~~~~~~~~~~~~~~~~~~~~~[m[K
[4.494s] In file included from [01m[K/home/rgeng/Project/include/controller/base.hpp:2[m[K,
[4.494s]                  from [01m[K/home/rgeng/Project/src/controller/base.cpp:1[m[K:
[4.494s] [01m[K/home/rgeng/Project/include/subscribers/msgSubscriber.hpp:1:10:[m[K [01;31m[Kfatal error: [m[Kignition/transport.hh: No such file or directory
[4.494s]     1 | #include [01;31m[K<ignition/transport.hh>[m[K
[4.494s]       |          [01;31m[K^~~~~~~~~~~~~~~~~~~~~~~[m[K
[4.494s] In file included from [01m[K/home/rgeng/Project/include/controller/base.hpp:2[m[K,
[4.494s]                  from [01m[K/home/rgeng/Project/include/controller/PolePlacement.hpp:2[m[K,
[4.494s]                  from [01m[K/home/rgeng/Project/src/controller/PolePlacement.cpp:1[m[K:
[4.494s] [01m[K/home/rgeng/Project/include/subscribers/msgSubscriber.hpp:1:10:[m[K [01;31m[Kfatal error: [m[Kignition/transport.hh: No such file or directory
[4.494s]     1 | #include [01;31m[K<ignition/transport.hh>[m[K
[4.494s]       |          [01;31m[K^~~~~~~~~~~~~~~~~~~~~~~[m[K
[4.494s] compilation terminated.
[4.494s] compilation terminated.
[4.494s] compilation terminated.
[4.494s] compilation terminated.
[4.496s] gmake[2]: *** [src/controller/CMakeFiles/CONTROLLER_LIB.dir/build.make:104: src/controller/CMakeFiles/CONTROLLER_LIB.dir/PID.cpp.o] Error 1
[4.496s] gmake[2]: *** Waiting for unfinished jobs....
[4.496s] gmake[2]: *** [src/controller/CMakeFiles/CONTROLLER_LIB.dir/build.make:76: src/controller/CMakeFiles/CONTROLLER_LIB.dir/base.cpp.o] Error 1
[4.496s] gmake[2]: *** [src/controller/CMakeFiles/CONTROLLER_LIB.dir/build.make:90: src/controller/CMakeFiles/CONTROLLER_LIB.dir/LQR.cpp.o] Error 1
[4.496s] gmake[2]: *** [src/controller/CMakeFiles/CONTROLLER_LIB.dir/build.make:118: src/controller/CMakeFiles/CONTROLLER_LIB.dir/PolePlacement.cpp.o] Error 1
[4.496s] gmake[1]: *** [CMakeFiles/Makefile2:205: src/controller/CMakeFiles/CONTROLLER_LIB.dir/all] Error 2
[4.497s] gmake: *** [Makefile:91: all] Error 2
[4.507s] Invoked command in '/home/rgeng/Project/build/QuadcopterController' returned '2': /usr/bin/cmake --build /home/rgeng/Project/build/QuadcopterController -- -j12 -l12
