[1.392s] DEBUG:colcon:Command line arguments: ['/usr/bin/colcon', 'build']
[1.392s] DEBUG:colcon:Parsed command line arguments: Namespace(log_base=None, log_level=None, verb_name='build', build_base='build', install_base='install', merge_install=False, symlink_install=False, test_result_base=None, continue_on_error=False, executor='parallel', parallel_workers=12, event_handlers=None, ignore_user_meta=False, metas=['./colcon.meta'], base_paths=['.'], packages_ignore=None, packages_ignore_regex=None, paths=None, packages_up_to=None, packages_up_to_regex=None, packages_above=None, packages_above_and_dependencies=None, packages_above_depth=None, packages_select_by_dep=None, packages_skip_by_dep=None, packages_skip_up_to=None, packages_select_build_failed=False, packages_skip_build_finished=False, packages_select_test_failures=False, packages_skip_test_passed=False, packages_select=None, packages_skip=None, packages_select_regex=None, packages_skip_regex=None, packages_start=None, packages_end=None, allow_overriding=[], cmake_args=None, cmake_target=None, cmake_target_skip_unavailable=False, cmake_clean_cache=False, cmake_clean_first=False, cmake_force_configure=False, ament_cmake_args=None, catkin_cmake_args=None, catkin_skip_building_tests=False, verb_parser=<colcon_defaults.argument_parser.defaults.DefaultArgumentsDecorator object at 0x7f6511b6e980>, verb_extension=<colcon_core.verb.build.BuildVerb object at 0x7f6511b6db40>, main=<bound method BuildVerb.main of <colcon_core.verb.build.BuildVerb object at 0x7f6511b6db40>>)
[4.651s] Level 1:colcon.colcon_core.package_discovery:discover_packages(colcon_meta) check parameters
[4.651s] Level 1:colcon.colcon_core.package_discovery:discover_packages(recursive) check parameters
[4.651s] Level 1:colcon.colcon_core.package_discovery:discover_packages(ignore) check parameters
[4.651s] Level 1:colcon.colcon_core.package_discovery:discover_packages(path) check parameters
[4.651s] Level 1:colcon.colcon_core.package_discovery:discover_packages(colcon_meta) discover
[4.651s] Level 1:colcon.colcon_core.package_discovery:discover_packages(recursive) discover
[4.651s] INFO:colcon.colcon_core.package_discovery:Crawling recursively for packages in '/home/rgeng/Project'
[4.652s] Level 1:colcon.colcon_core.package_identification:_identify(.) by extensions ['ignore', 'ignore_ament_install']
[4.652s] Level 1:colcon.colcon_core.package_identification:_identify(.) by extension 'ignore'
[4.652s] Level 1:colcon.colcon_core.package_identification:_identify(.) by extension 'ignore_ament_install'
[4.652s] Level 1:colcon.colcon_core.package_identification:_identify(.) by extensions ['colcon_pkg']
[4.652s] Level 1:colcon.colcon_core.package_identification:_identify(.) by extension 'colcon_pkg'
[4.652s] Level 1:colcon.colcon_core.package_identification:_identify(.) by extensions ['colcon_meta']
[4.652s] Level 1:colcon.colcon_core.package_identification:_identify(.) by extension 'colcon_meta'
[4.652s] Level 1:colcon.colcon_core.package_identification:_identify(.) by extensions ['ros']
[4.652s] Level 1:colcon.colcon_core.package_identification:_identify(.) by extension 'ros'
[4.698s] Level 1:colcon.colcon_core.package_identification:_identify(.) by extensions ['cmake', 'python']
[4.698s] Level 1:colcon.colcon_core.package_identification:_identify(.) by extension 'cmake'
[5.006s] Level 1:colcon.colcon_core.package_identification:_identify(.) by extension 'python'
[5.006s] DEBUG:colcon.colcon_core.package_identification:Package '.' with type 'cmake' and name 'QuadcopterController'
[5.006s] Level 1:colcon.colcon_core.package_discovery:discover_packages(recursive) using defaults
[5.007s] Level 1:colcon.colcon_core.package_discovery:discover_packages(ignore) discover
[5.007s] Level 1:colcon.colcon_core.package_discovery:discover_packages(ignore) using defaults
[5.007s] Level 1:colcon.colcon_core.package_discovery:discover_packages(path) discover
[5.007s] Level 1:colcon.colcon_core.package_discovery:discover_packages(path) using defaults
[5.214s] Level 1:colcon.colcon_core.package_discovery:discover_packages(prefix_path) check parameters
[5.214s] Level 1:colcon.colcon_core.package_discovery:discover_packages(prefix_path) discover
[5.255s] DEBUG:colcon.colcon_installed_package_information.package_discovery:Found 278 installed packages in /opt/ros/humble
[5.257s] Level 1:colcon.colcon_core.package_discovery:discover_packages(prefix_path) using defaults
[6.383s] Level 5:colcon.colcon_core.verb:set package 'QuadcopterController' build argument 'cmake_args' from command line to 'None'
[6.383s] Level 5:colcon.colcon_core.verb:set package 'QuadcopterController' build argument 'cmake_target' from command line to 'None'
[6.383s] Level 5:colcon.colcon_core.verb:set package 'QuadcopterController' build argument 'cmake_target_skip_unavailable' from command line to 'False'
[6.383s] Level 5:colcon.colcon_core.verb:set package 'QuadcopterController' build argument 'cmake_clean_cache' from command line to 'False'
[6.383s] Level 5:colcon.colcon_core.verb:set package 'QuadcopterController' build argument 'cmake_clean_first' from command line to 'False'
[6.384s] Level 5:colcon.colcon_core.verb:set package 'QuadcopterController' build argument 'cmake_force_configure' from command line to 'False'
[6.384s] Level 5:colcon.colcon_core.verb:set package 'QuadcopterController' build argument 'ament_cmake_args' from command line to 'None'
[6.384s] Level 5:colcon.colcon_core.verb:set package 'QuadcopterController' build argument 'catkin_cmake_args' from command line to 'None'
[6.384s] Level 5:colcon.colcon_core.verb:set package 'QuadcopterController' build argument 'catkin_skip_building_tests' from command line to 'False'
[6.384s] DEBUG:colcon.colcon_core.verb:Building package 'QuadcopterController' with the following arguments: {'ament_cmake_args': None, 'build_base': '/home/rgeng/Project/build/QuadcopterController', 'catkin_cmake_args': None, 'catkin_skip_building_tests': False, 'cmake_args': None, 'cmake_clean_cache': False, 'cmake_clean_first': False, 'cmake_force_configure': False, 'cmake_target': None, 'cmake_target_skip_unavailable': False, 'install_base': '/home/rgeng/Project/install/QuadcopterController', 'merge_install': False, 'path': '/home/rgeng/Project', 'symlink_install': False, 'test_result_base': None}
[6.384s] INFO:colcon.colcon_core.executor:Executing jobs using 'parallel' executor
[6.385s] DEBUG:colcon.colcon_parallel_executor.executor.parallel:run_until_complete
[6.385s] INFO:colcon.colcon_cmake.task.cmake.build:Building CMake package in '/home/rgeng/Project'
[6.421s] INFO:colcon.colcon_core.plugin_system:Skipping extension 'colcon_core.shell.bat': Not used on non-Windows systems
[6.421s] INFO:colcon.colcon_core.shell:Skip shell extension 'powershell' for command environment: Not usable outside of PowerShell
[6.421s] DEBUG:colcon.colcon_core.shell:Skip shell extension 'dsv' for command environment
[6.441s] DEBUG:colcon.colcon_core.event_handler.log_command:Invoking command in '/home/rgeng/Project/build/QuadcopterController': /usr/bin/cmake /home/rgeng/Project -DCMAKE_INSTALL_PREFIX=/home/rgeng/Project/install/QuadcopterController
[11.219s] DEBUG:colcon.colcon_core.event_handler.log_command:Invoked command in '/home/rgeng/Project/build/QuadcopterController' returned '0': /usr/bin/cmake /home/rgeng/Project -DCMAKE_INSTALL_PREFIX=/home/rgeng/Project/install/QuadcopterController
[11.221s] DEBUG:colcon.colcon_core.event_handler.log_command:Invoking command in '/home/rgeng/Project/build/QuadcopterController': /usr/bin/cmake --build /home/rgeng/Project/build/QuadcopterController -- -j12 -l12
[18.512s] DEBUG:colcon.colcon_core.event_handler.log_command:Invoked command in '/home/rgeng/Project/build/QuadcopterController' returned '0': /usr/bin/cmake --build /home/rgeng/Project/build/QuadcopterController -- -j12 -l12
[18.513s] WARNING:colcon.colcon_cmake.task.cmake.build:Could not run installation step for package 'QuadcopterController' because it has no 'install' target
[18.513s] Level 1:colcon.colcon_core.environment:create_environment_scripts_only(QuadcopterController)
[18.590s] Level 1:colcon.colcon_core.environment:checking '/home/rgeng/Project/install/QuadcopterController' for CMake module files
[18.591s] Level 1:colcon.colcon_core.environment:checking '/home/rgeng/Project/install/QuadcopterController' for CMake config files
[18.591s] Level 1:colcon.colcon_core.environment:checking '/home/rgeng/Project/install/QuadcopterController/bin'
[18.591s] Level 1:colcon.colcon_core.environment:checking '/home/rgeng/Project/install/QuadcopterController/lib/pkgconfig/QuadcopterController.pc'
[18.591s] Level 1:colcon.colcon_core.environment:checking '/home/rgeng/Project/install/QuadcopterController/lib/python3.10/site-packages'
[18.591s] Level 1:colcon.colcon_core.environment:checking '/home/rgeng/Project/install/QuadcopterController/bin'
[18.592s] INFO:colcon.colcon_core.shell:Creating package script '/home/rgeng/Project/install/QuadcopterController/share/QuadcopterController/package.ps1'
[18.610s] INFO:colcon.colcon_core.shell:Creating package descriptor '/home/rgeng/Project/install/QuadcopterController/share/QuadcopterController/package.dsv'
[18.618s] INFO:colcon.colcon_core.shell:Creating package script '/home/rgeng/Project/install/QuadcopterController/share/QuadcopterController/package.sh'
[18.619s] INFO:colcon.colcon_core.shell:Creating package script '/home/rgeng/Project/install/QuadcopterController/share/QuadcopterController/package.bash'
[18.626s] INFO:colcon.colcon_core.shell:Creating package script '/home/rgeng/Project/install/QuadcopterController/share/QuadcopterController/package.zsh'
[18.635s] Level 1:colcon.colcon_core.environment:create_file_with_runtime_dependencies(/home/rgeng/Project/install/QuadcopterController/share/colcon-core/packages/QuadcopterController)
[18.635s] DEBUG:colcon.colcon_parallel_executor.executor.parallel:closing loop
[18.636s] DEBUG:colcon.colcon_parallel_executor.executor.parallel:loop closed
[18.636s] DEBUG:colcon.colcon_parallel_executor.executor.parallel:run_until_complete finished with '0'
[18.636s] DEBUG:colcon.colcon_core.event_reactor:joining thread
[18.721s] INFO:colcon.colcon_core.plugin_system:Skipping extension 'colcon_notification.desktop_notification.notify_send': Could not find 'notify-send'
[18.721s] INFO:colcon.colcon_core.plugin_system:Skipping extension 'colcon_notification.desktop_notification.terminal_notifier': Not used on non-Darwin systems
[18.721s] INFO:colcon.colcon_core.plugin_system:Skipping extension 'colcon_notification.desktop_notification.win32': Not used on non-Windows systems
[18.722s] INFO:colcon.colcon_notification.desktop_notification:Sending desktop notification using 'notify2'
[18.722s] DEBUG:colcon.colcon_notification.desktop_notification.notify2:Failed to initialize notify2: org.freedesktop.DBus.Error.FileNotFound: Failed to connect to socket /run/user/1000/bus: No such file or directory
[18.722s] DEBUG:colcon.colcon_core.event_reactor:joined thread
[18.722s] INFO:colcon.colcon_core.shell:Creating prefix script '/home/rgeng/Project/install/local_setup.ps1'
[18.724s] INFO:colcon.colcon_core.shell:Creating prefix util module '/home/rgeng/Project/install/_local_setup_util_ps1.py'
[18.725s] INFO:colcon.colcon_core.shell:Creating prefix chain script '/home/rgeng/Project/install/setup.ps1'
[18.726s] INFO:colcon.colcon_core.shell:Creating prefix script '/home/rgeng/Project/install/local_setup.sh'
[18.727s] INFO:colcon.colcon_core.shell:Creating prefix util module '/home/rgeng/Project/install/_local_setup_util_sh.py'
[18.728s] INFO:colcon.colcon_core.shell:Creating prefix chain script '/home/rgeng/Project/install/setup.sh'
[18.729s] INFO:colcon.colcon_core.shell:Creating prefix script '/home/rgeng/Project/install/local_setup.bash'
[18.729s] INFO:colcon.colcon_core.shell:Creating prefix chain script '/home/rgeng/Project/install/setup.bash'
[18.732s] INFO:colcon.colcon_core.shell:Creating prefix script '/home/rgeng/Project/install/local_setup.zsh'
[18.733s] INFO:colcon.colcon_core.shell:Creating prefix chain script '/home/rgeng/Project/install/setup.zsh'
