[0.013s] Invoking command in '/home/rgeng/Project/build/QuadcopterController': /usr/bin/cmake --build /home/rgeng/Project/build/QuadcopterController -- -j12 -l12
[0.036s] -- Looking for ignition-msgs5 -- found version 5.8.1
[0.040s] -- Searching for dependencies of ignition-msgs5
[0.654s] -- Found Protobuf: /usr/lib/x86_64-linux-gnu/libprotobuf.so (found suitable version "3.12.4", minimum required is "3") 
[0.654s] -- Looking for ignition-math6 -- found version 6.15.1
[0.655s] -- Searching for dependencies of ignition-math6
[0.658s] -- Checking for module 'tinyxml2'
[0.665s] --   Found tinyxml2, version 9.0.0
[0.682s] -- Looking for ignition-transport8 -- found version 8.2.1
[0.682s] -- Searching for dependencies of ignition-transport8
[1.775s] -- Config-file not installed for ZeroMQ -- checking for pkg-config
[1.778s] -- Checking for module 'libzmq >= 4'
[1.785s] --   Found libzmq , version 4.3.4
[1.808s] -- Checking for module 'uuid'
[1.815s] --   Found uuid, version 2.37.2
[1.833s] -- Looking for ignition-msgs5 -- found version 5.8.1
[1.837s] [33mCMake Warning (dev) at /usr/share/cmake-3.22/Modules/FindPackageHandleStandardArgs.cmake:438 (message):
[1.837s]   The package name passed to `find_package_handle_standard_args` (PkgConfig)
[1.837s]   does not match the name of the calling package (gazebo).  This can lead to
[1.837s]   problems in calling code that expects `find_package` result variables
[1.837s]   (e.g., `_FOUND`) to follow a certain pattern.
[1.837s] Call Stack (most recent call first):
[1.837s]   /usr/share/cmake-3.22/Modules/FindPkgConfig.cmake:99 (find_package_handle_standard_args)
[1.837s]   /usr/lib/x86_64-linux-gnu/cmake/gazebo/gazebo-config.cmake:72 (include)
[1.838s]   CMakeLists.txt:7 (find_package)
[1.838s] This warning is for project developers.  Use -Wno-dev to suppress it.
[1.838s] [0m
[1.855s] -- Found DART: /usr/include (Required is at least version "6.6") found components: dart 
[1.879s] -- Found Protobuf: /usr/lib/x86_64-linux-gnu/libprotobuf.so (found version "3.12.4") 
[1.880s] -- Looking for ignition-math6 -- found version 6.15.1
[1.880s] -- Looking for OGRE...
[1.884s] -- Found Ogre Ghadamon (1.9.0)
[1.884s] -- Found OGRE: optimized;/usr/lib/x86_64-linux-gnu/libOgreMain.so;debug;/usr/lib/x86_64-linux-gnu/libOgreMain.so
[1.892s] -- Looking for OGRE_Paging...
[1.892s] -- Found OGRE_Paging: optimized;/usr/lib/x86_64-linux-gnu/libOgrePaging.so;debug;/usr/lib/x86_64-linux-gnu/libOgrePaging.so
[1.892s] -- Looking for OGRE_Terrain...
[1.893s] -- Found OGRE_Terrain: optimized;/usr/lib/x86_64-linux-gnu/libOgreTerrain.so;debug;/usr/lib/x86_64-linux-gnu/libOgreTerrain.so
[1.893s] -- Looking for OGRE_Property...
[1.893s] -- Found OGRE_Property: optimized;/usr/lib/x86_64-linux-gnu/libOgreProperty.so;debug;/usr/lib/x86_64-linux-gnu/libOgreProperty.so
[1.893s] -- Looking for OGRE_RTShaderSystem...
[1.893s] -- Found OGRE_RTShaderSystem: optimized;/usr/lib/x86_64-linux-gnu/libOgreRTShaderSystem.so;debug;/usr/lib/x86_64-linux-gnu/libOgreRTShaderSystem.so
[1.893s] -- Looking for OGRE_Volume...
[1.893s] -- Found OGRE_Volume: optimized;/usr/lib/x86_64-linux-gnu/libOgreVolume.so;debug;/usr/lib/x86_64-linux-gnu/libOgreVolume.so
[1.893s] -- Looking for OGRE_Overlay...
[1.893s] -- Found OGRE_Overlay: optimized;/usr/lib/x86_64-linux-gnu/libOgreOverlay.so;debug;/usr/lib/x86_64-linux-gnu/libOgreOverlay.so
[9.157s] -- Looking for ignition-math6 -- found version 6.15.1
[9.158s] -- Looking for ignition-transport8 -- found version 8.2.1
[9.158s] -- Looking for ignition-msgs5 -- found version 5.8.1
[9.158s] -- Looking for ignition-common3 -- found version 3.14.0
[9.158s] -- Searching for dependencies of ignition-common3
[9.158s] -- Looking for dlfcn.h - found
[9.158s] -- Looking for libdl - found
[9.158s] -- Searching for <ignition-common3> component [graphics]
[9.158s] -- Looking for ignition-common3-graphics -- found version 3.14.0
[9.158s] -- Searching for dependencies of ignition-common3-graphics
[9.158s] -- Looking for ignition-math6 -- found version 6.15.1
[9.158s] -- Looking for ignition-fuel_tools4 -- found version 4.4.0
[9.158s] -- Searching for dependencies of ignition-fuel_tools4
[9.729s] -- Checking for module 'jsoncpp'
[9.736s] --   Found jsoncpp, version 1.9.5
[9.757s] -- Checking for module 'libzip'
[9.764s] --   Found libzip, version 1.7.3
[9.782s] -- Looking for ignition-common3 -- found version 3.14.0
[9.782s] -- Looking for ignition-math6 -- found version 6.15.1
[9.782s] -- Looking for ignition-msgs5 -- found version 5.8.1
[9.786s] -- Configuring done
[9.789s] [0mWARNING: Target "QuadcopterController" requests linking to directory "/usr/lib/x86_64-linux-gnu".  Targets may link only to libraries.  CMake is dropping the item.[0m
[9.789s] [0mWARNING: Target "QuadcopterController" requests linking to directory "/usr/lib/x86_64-linux-gnu/gazebo-11/plugins".  Targets may link only to libraries.  CMake is dropping the item.[0m
[9.789s] [0mWARNING: Target "QuadcopterController" requests linking to directory "/usr/lib/x86_64-linux-gnu".  Targets may link only to libraries.  CMake is dropping the item.[0m
[9.790s] [0mWARNING: Target "QuadcopterController" requests linking to directory "/usr/lib/x86_64-linux-gnu/gazebo-11/plugins".  Targets may link only to libraries.  CMake is dropping the item.[0m
[9.796s] -- Generating done
[9.919s] -- Build files have been written to: /home/rgeng/Project/build/QuadcopterController
[9.938s] [35m[1mConsolidate compiler generated dependencies of target OBJECTS[0m
[9.940s] [35m[1mConsolidate compiler generated dependencies of target CONTROLLER_LIB[0m
[9.948s] [  7%] [32mBuilding CXX object src/objects/CMakeFiles/OBJECTS.dir/imu.cpp.o[0m
[9.964s] [ 23%] [32mBuilding CXX object src/controller/CMakeFiles/CONTROLLER_LIB.dir/LQR.cpp.o[0m
[9.965s] [ 23%] [32mBuilding CXX object src/controller/CMakeFiles/CONTROLLER_LIB.dir/base.cpp.o[0m
[9.965s] [ 30%] [32mBuilding CXX object src/controller/CMakeFiles/CONTROLLER_LIB.dir/PID.cpp.o[0m
[9.966s] [ 38%] [32mBuilding CXX object src/controller/CMakeFiles/CONTROLLER_LIB.dir/PolePlacement.cpp.o[0m
[10.912s] [ 46%] [32m[1mLinking CXX static library libOBJECTS.a[0m
[11.016s] [ 46%] Built target OBJECTS
[24.095s] In file included from [01m[K/home/rgeng/Project/include/controller/base.hpp:4[m[K,
[24.453s]                  from [01m[K/home/rgeng/Project/include/controller/LQR.hpp:4[m[K,
[24.453s]                  from [01m[K/home/rgeng/Project/src/controller/LQR.cpp:1[m[K:
[24.453s] [01m[K/home/rgeng/Project/include/subscribers/msgSubscriber.hpp:[m[K In constructor ‘[01m[Ksubscriber::msgSubscriber<T>::msgSubscriber(const string&, gazebo::transport::NodePtr&)[m[K’:
[24.453s] [01m[K/home/rgeng/Project/include/subscribers/msgSubscriber.hpp:18:9:[m[K [01;31m[Kerror: [m[Kexpected ‘[01m[K;[m[K’ before ‘[01m[Kif[m[K’
[24.453s]    18 |         [01;31m[Kif[m[K (!mNode)
[24.453s]       |         [01;31m[K^~[m[K
[24.453s] In file included from [01m[K/home/rgeng/Project/include/controller/base.hpp:5[m[K,
[24.453s]                  from [01m[K/home/rgeng/Project/include/controller/LQR.hpp:4[m[K,
[24.453s]                  from [01m[K/home/rgeng/Project/src/controller/LQR.cpp:1[m[K:
[24.454s] [01m[K/home/rgeng/Project/include/publishers/msgPublisher.hpp:[m[K In constructor ‘[01m[Kpublishers::msgPublisher<T>::msgPublisher(gazebo::transport::NodePtr&)[m[K’:
[24.454s] [01m[K/home/rgeng/Project/include/publishers/msgPublisher.hpp:18:17:[m[K [01;31m[Kerror: [m[K‘[01m[Kgazebo::client[m[K’ has not been declared
[24.454s]    18 |         gazebo::[01;31m[Kclient[m[K::setup();
[24.454s]       |                 [01;31m[K^~~~~~[m[K
[24.454s] In file included from [01m[K/home/rgeng/Project/include/controller/base.hpp:4[m[K,
[24.454s]                  from [01m[K/home/rgeng/Project/include/controller/PolePlacement.hpp:4[m[K,
[24.454s]                  from [01m[K/home/rgeng/Project/src/controller/PolePlacement.cpp:1[m[K:
[24.454s] [01m[K/home/rgeng/Project/include/subscribers/msgSubscriber.hpp:[m[K In constructor ‘[01m[Ksubscriber::msgSubscriber<T>::msgSubscriber(const string&, gazebo::transport::NodePtr&)[m[K’:
[24.454s] [01m[K/home/rgeng/Project/include/subscribers/msgSubscriber.hpp:18:9:[m[K [01;31m[Kerror: [m[Kexpected ‘[01m[K;[m[K’ before ‘[01m[Kif[m[K’
[24.454s]    18 |         [01;31m[Kif[m[K (!mNode)
[24.454s]       |         [01;31m[K^~[m[K
[24.454s] In file included from [01m[K/home/rgeng/Project/include/controller/base.hpp:5[m[K,
[24.454s]                  from [01m[K/home/rgeng/Project/include/controller/PolePlacement.hpp:4[m[K,
[24.454s]                  from [01m[K/home/rgeng/Project/src/controller/PolePlacement.cpp:1[m[K:
[24.454s] [01m[K/home/rgeng/Project/include/publishers/msgPublisher.hpp:[m[K In constructor ‘[01m[Kpublishers::msgPublisher<T>::msgPublisher(gazebo::transport::NodePtr&)[m[K’:
[24.454s] [01m[K/home/rgeng/Project/include/publishers/msgPublisher.hpp:18:17:[m[K [01;31m[Kerror: [m[K‘[01m[Kgazebo::client[m[K’ has not been declared
[24.454s]    18 |         gazebo::[01;31m[Kclient[m[K::setup();
[24.454s]       |                 [01;31m[K^~~~~~[m[K
[24.454s] In file included from [01m[K/home/rgeng/Project/include/controller/base.hpp:4[m[K,
[24.454s]                  from [01m[K/home/rgeng/Project/src/controller/base.cpp:1[m[K:
[24.454s] [01m[K/home/rgeng/Project/include/subscribers/msgSubscriber.hpp:[m[K In constructor ‘[01m[Ksubscriber::msgSubscriber<T>::msgSubscriber(const string&, gazebo::transport::NodePtr&)[m[K’:
[24.454s] [01m[K/home/rgeng/Project/include/subscribers/msgSubscriber.hpp:18:9:[m[K [01;31m[Kerror: [m[Kexpected ‘[01m[K;[m[K’ before ‘[01m[Kif[m[K’
[24.454s]    18 |         [01;31m[Kif[m[K (!mNode)
[24.455s]       |         [01;31m[K^~[m[K
[24.455s] In file included from [01m[K/home/rgeng/Project/include/controller/base.hpp:5[m[K,
[24.455s]                  from [01m[K/home/rgeng/Project/src/controller/base.cpp:1[m[K:
[24.455s] [01m[K/home/rgeng/Project/include/publishers/msgPublisher.hpp:[m[K In constructor ‘[01m[Kpublishers::msgPublisher<T>::msgPublisher(gazebo::transport::NodePtr&)[m[K’:
[24.455s] [01m[K/home/rgeng/Project/include/publishers/msgPublisher.hpp:18:17:[m[K [01;31m[Kerror: [m[K‘[01m[Kgazebo::client[m[K’ has not been declared
[24.455s]    18 |         gazebo::[01;31m[Kclient[m[K::setup();
[24.455s]       |                 [01;31m[K^~~~~~[m[K
[24.455s] In file included from [01m[K/home/rgeng/Project/include/controller/base.hpp:4[m[K,
[24.455s]                  from [01m[K/home/rgeng/Project/include/controller/PID.hpp:4[m[K,
[24.455s]                  from [01m[K/home/rgeng/Project/src/controller/PID.cpp:1[m[K:
[24.455s] [01m[K/home/rgeng/Project/include/subscribers/msgSubscriber.hpp:[m[K In constructor ‘[01m[Ksubscriber::msgSubscriber<T>::msgSubscriber(const string&, gazebo::transport::NodePtr&)[m[K’:
[24.455s] [01m[K/home/rgeng/Project/include/subscribers/msgSubscriber.hpp:18:9:[m[K [01;31m[Kerror: [m[Kexpected ‘[01m[K;[m[K’ before ‘[01m[Kif[m[K’
[24.455s]    18 |         [01;31m[Kif[m[K (!mNode)
[24.455s]       |         [01;31m[K^~[m[K
[24.455s] In file included from [01m[K/home/rgeng/Project/include/controller/base.hpp:5[m[K,
[24.455s]                  from [01m[K/home/rgeng/Project/include/controller/PID.hpp:4[m[K,
[24.455s]                  from [01m[K/home/rgeng/Project/src/controller/PID.cpp:1[m[K:
[24.455s] [01m[K/home/rgeng/Project/include/publishers/msgPublisher.hpp:[m[K In constructor ‘[01m[Kpublishers::msgPublisher<T>::msgPublisher(gazebo::transport::NodePtr&)[m[K’:
[24.455s] [01m[K/home/rgeng/Project/include/publishers/msgPublisher.hpp:18:17:[m[K [01;31m[Kerror: [m[K‘[01m[Kgazebo::client[m[K’ has not been declared
[24.455s]    18 |         gazebo::[01;31m[Kclient[m[K::setup();
[24.455s]       |                 [01;31m[K^~~~~~[m[K
[24.455s] [01m[K/home/rgeng/Project/include/publishers/msgPublisher.hpp:19:15:[m[K [01;31m[Kerror: [m[K‘[01m[Kclass gazebo::transport::Publisher[m[K’ has no member named ‘[01m[KInit[m[K’
[24.455s]    19 |         mPub->[01;31m[KInit[m[K();
[24.455s]       |               [01;31m[K^~~~[m[K
[24.456s] [01m[K/home/rgeng/Project/include/publishers/msgPublisher.hpp:19:15:[m[K [01;31m[Kerror: [m[K‘[01m[Kclass gazebo::transport::Publisher[m[K’ has no member named ‘[01m[KInit[m[K’
[24.456s]    19 |         mPub->[01;31m[KInit[m[K();
[24.456s]       |               [01;31m[K^~~~[m[K
[24.456s] [01m[K/home/rgeng/Project/include/publishers/msgPublisher.hpp:19:15:[m[K [01;31m[Kerror: [m[K‘[01m[Kclass gazebo::transport::Publisher[m[K’ has no member named ‘[01m[KInit[m[K’
[24.456s]    19 |         mPub->[01;31m[KInit[m[K();
[24.456s]       |               [01;31m[K^~~~[m[K
[24.456s] [01m[K/home/rgeng/Project/include/publishers/msgPublisher.hpp:19:15:[m[K [01;31m[Kerror: [m[K‘[01m[Kclass gazebo::transport::Publisher[m[K’ has no member named ‘[01m[KInit[m[K’
[24.456s]    19 |         mPub->[01;31m[KInit[m[K();
[24.456s]       |               [01;31m[K^~~~[m[K
[24.456s] [01m[K/home/rgeng/Project/include/publishers/msgPublisher.hpp:20:16:[m[K [01;31m[Kerror: [m[K‘[01m[KmNode[m[K’ was not declared in this scope
[24.456s]    20 |         mPub = [01;31m[KmNode[m[K.Advertise<T>(inTopic);
[24.456s]       |                [01;31m[K^~~~~[m[K
[24.456s] [01m[K/home/rgeng/Project/include/publishers/msgPublisher.hpp:20:33:[m[K [01;31m[Kerror: [m[Kexpected primary-expression before ‘[01m[K>[m[K’ token
[24.456s]    20 |         mPub = mNode.Advertise<T[01;31m[K>[m[K(inTopic);
[24.456s]       |                                 [01;31m[K^[m[K
[24.456s] [01m[K/home/rgeng/Project/include/publishers/msgPublisher.hpp:20:16:[m[K [01;31m[Kerror: [m[K‘[01m[KmNode[m[K’ was not declared in this scope
[24.456s]    20 |         mPub = [01;31m[KmNode[m[K.Advertise<T>(inTopic);
[24.457s]       |                [01;31m[K^~~~~[m[K
[24.457s] [01m[K/home/rgeng/Project/include/publishers/msgPublisher.hpp:20:16:[m[K [01;31m[Kerror: [m[K‘[01m[KmNode[m[K’ was not declared in this scope
[24.457s]    20 |         mPub = [01;31m[KmNode[m[K.Advertise<T>(inTopic);
[24.457s]       |                [01;31m[K^~~~~[m[K
[24.457s] [01m[K/home/rgeng/Project/include/publishers/msgPublisher.hpp:20:33:[m[K [01;31m[Kerror: [m[Kexpected primary-expression before ‘[01m[K>[m[K’ token
[24.457s]    20 |         mPub = mNode.Advertise<T[01;31m[K>[m[K(inTopic);
[24.457s]       |                                 [01;31m[K^[m[K
[24.457s] [01m[K/home/rgeng/Project/include/publishers/msgPublisher.hpp:20:33:[m[K [01;31m[Kerror: [m[Kexpected primary-expression before ‘[01m[K>[m[K’ token
[24.457s]    20 |         mPub = mNode.Advertise<T[01;31m[K>[m[K(inTopic);
[24.457s]       |                                 [01;31m[K^[m[K
[24.457s] [01m[K/home/rgeng/Project/include/publishers/msgPublisher.hpp:20:16:[m[K [01;31m[Kerror: [m[K‘[01m[KmNode[m[K’ was not declared in this scope
[24.457s]    20 |         mPub = [01;31m[KmNode[m[K.Advertise<T>(inTopic);
[24.458s]       |                [01;31m[K^~~~~[m[K
[24.458s] [01m[K/home/rgeng/Project/include/publishers/msgPublisher.hpp:20:33:[m[K [01;31m[Kerror: [m[Kexpected primary-expression before ‘[01m[K>[m[K’ token
[24.458s]    20 |         mPub = mNode.Advertise<T[01;31m[K>[m[K(inTopic);
[24.458s]       |                                 [01;31m[K^[m[K
[24.458s] [01m[K/home/rgeng/Project/include/publishers/msgPublisher.hpp:20:35:[m[K [01;31m[Kerror: [m[K‘[01m[KinTopic[m[K’ was not declared in this scope
[24.458s]    20 |         mPub = mNode.Advertise<T>([01;31m[KinTopic[m[K);
[24.458s]       |                                   [01;31m[K^~~~~~~[m[K
[24.458s] [01m[K/home/rgeng/Project/include/publishers/msgPublisher.hpp:[m[K In member function ‘[01m[Kvoid publishers::msgPublisher<T>::publishMessage(const T&)[m[K’:
[24.458s] [01m[K/home/rgeng/Project/include/publishers/msgPublisher.hpp:24:18:[m[K [01;31m[Kerror: [m[K‘[01m[Kgazebo::transport::PublisherPtr[m[K’ {aka ‘[01m[Kclass boost::shared_ptr<gazebo::transport::Publisher>[m[K’} has no member named ‘[01m[KPublish[m[K’
[24.458s]    24 |         if(!mPub.[01;31m[KPublish[m[K(inMsg))
[24.458s]       |                  [01;31m[K^~~~~~~[m[K
[24.458s] [01m[K/home/rgeng/Project/include/publishers/msgPublisher.hpp:20:35:[m[K [01;31m[Kerror: [m[K‘[01m[KinTopic[m[K’ was not declared in this scope
[24.458s]    20 |         mPub = mNode.Advertise<T>([01;31m[KinTopic[m[K);
[24.459s]       |                                   [01;31m[K^~~~~~~[m[K
[24.459s] [01m[K/home/rgeng/Project/include/publishers/msgPublisher.hpp:20:35:[m[K [01;31m[Kerror: [m[K‘[01m[KinTopic[m[K’ was not declared in this scope
[24.459s]    20 |         mPub = mNode.Advertise<T>([01;31m[KinTopic[m[K);
[24.459s]       |                                   [01;31m[K^~~~~~~[m[K
[24.459s] [01m[K/home/rgeng/Project/include/publishers/msgPublisher.hpp:[m[K In member function ‘[01m[Kvoid publishers::msgPublisher<T>::publishMessage(const T&)[m[K’:
[24.459s] [01m[K/home/rgeng/Project/include/publishers/msgPublisher.hpp:24:18:[m[K [01;31m[Kerror: [m[K‘[01m[Kgazebo::transport::PublisherPtr[m[K’ {aka ‘[01m[Kclass boost::shared_ptr<gazebo::transport::Publisher>[m[K’} has no member named ‘[01m[KPublish[m[K’
[24.459s]    24 |         if(!mPub.[01;31m[KPublish[m[K(inMsg))
[24.459s]       |                  [01;31m[K^~~~~~~[m[K
[24.459s] [01m[K/home/rgeng/Project/include/publishers/msgPublisher.hpp:[m[K In member function ‘[01m[Kvoid publishers::msgPublisher<T>::publishMessage(const T&)[m[K’:
[24.459s] [01m[K/home/rgeng/Project/include/publishers/msgPublisher.hpp:24:18:[m[K [01;31m[Kerror: [m[K‘[01m[Kgazebo::transport::PublisherPtr[m[K’ {aka ‘[01m[Kclass boost::shared_ptr<gazebo::transport::Publisher>[m[K’} has no member named ‘[01m[KPublish[m[K’
[24.459s]    24 |         if(!mPub.[01;31m[KPublish[m[K(inMsg))
[24.459s]       |                  [01;31m[K^~~~~~~[m[K
[24.459s] [01m[K/home/rgeng/Project/include/publishers/msgPublisher.hpp:20:35:[m[K [01;31m[Kerror: [m[K‘[01m[KinTopic[m[K’ was not declared in this scope
[24.460s]    20 |         mPub = mNode.Advertise<T>([01;31m[KinTopic[m[K);
[24.460s]       |                                   [01;31m[K^~~~~~~[m[K
[24.460s] [01m[K/home/rgeng/Project/include/publishers/msgPublisher.hpp:[m[K In member function ‘[01m[Kvoid publishers::msgPublisher<T>::publishMessage(const T&)[m[K’:
[24.460s] [01m[K/home/rgeng/Project/include/publishers/msgPublisher.hpp:24:18:[m[K [01;31m[Kerror: [m[K‘[01m[Kgazebo::transport::PublisherPtr[m[K’ {aka ‘[01m[Kclass boost::shared_ptr<gazebo::transport::Publisher>[m[K’} has no member named ‘[01m[KPublish[m[K’
[24.460s]    24 |         if(!mPub.[01;31m[KPublish[m[K(inMsg))
[24.460s]       |                  [01;31m[K^~~~~~~[m[K
[24.460s] In file included from [01m[K/home/rgeng/Project/include/controller/PID.hpp:4[m[K,
[24.460s]                  from [01m[K/home/rgeng/Project/src/controller/PID.cpp:1[m[K:
[24.460s] [01m[K/home/rgeng/Project/include/controller/base.hpp:[m[K At global scope:
[24.460s] [01m[K/home/rgeng/Project/include/controller/base.hpp:18:46:[m[K [01;31m[Kerror: [m[K‘[01m[KCessna[m[K’ is not a member of ‘[01m[Kignition::msgs[m[K’; did you mean ‘[01m[Kgazebo::msgs::Cessna[m[K’?
[24.460s]    18 |     publishers::msgPublisher<ignition::msgs::[01;31m[KCessna[m[K>* controlPublisher;
[24.460s]       |                                              [01;31m[K^~~~~~[m[K
[24.460s] In file included from [01m[K/usr/include/gazebo-11/gazebo/msgs/MessageTypes.hh:16[m[K,
[24.460s]                  from [01m[K/usr/include/gazebo-11/gazebo/msgs/msgs.hh:35[m[K,
[24.460s]                  from [01m[K/usr/include/gazebo-11/gazebo/gazebo_core.hh:20[m[K,
[24.460s]                  from [01m[K/usr/include/gazebo-11/gazebo/gazebo.hh:20[m[K,
[24.461s]                  from [01m[K/home/rgeng/Project/include/subscribers/msgSubscriber.hpp:3[m[K,
[24.461s]                  from [01m[K/home/rgeng/Project/include/controller/base.hpp:4[m[K,
[24.461s]                  from [01m[K/home/rgeng/Project/include/controller/PID.hpp:4[m[K,
[24.461s]                  from [01m[K/home/rgeng/Project/src/controller/PID.cpp:1[m[K:
[24.461s] [01m[K/usr/include/gazebo-11/gazebo/msgs/cessna.pb.h:80:23:[m[K [01;36m[Knote: [m[K‘[01m[Kgazebo::msgs::Cessna[m[K’ declared here
[24.461s]    80 | class GZ_MSGS_VISIBLE [01;36m[KCessna[m[K PROTOBUF_FINAL :
[24.461s]       |                       [01;36m[K^~~~~~[m[K
[24.461s] In file included from [01m[K/home/rgeng/Project/include/controller/PID.hpp:4[m[K,
[24.461s]                  from [01m[K/home/rgeng/Project/src/controller/PID.cpp:1[m[K:
[24.461s] [01m[K/home/rgeng/Project/include/controller/base.hpp:18:52:[m[K [01;31m[Kerror: [m[Ktemplate argument 1 is invalid
[24.461s]    18 |     publishers::msgPublisher<gazebo::msgs::Cessna[01;31m[K>[m[K* controlPublisher;
[24.461s]       |                                                    [01;31m[K^[m[K
[24.461s] In file included from [01m[K/home/rgeng/Project/src/controller/base.cpp:1[m[K:
[24.461s] [01m[K/home/rgeng/Project/include/controller/base.hpp:[m[K At global scope:
[24.461s] [01m[K/home/rgeng/Project/include/controller/base.hpp:18:46:[m[K [01;31m[Kerror: [m[K‘[01m[KCessna[m[K’ is not a member of ‘[01m[Kignition::msgs[m[K’; did you mean ‘[01m[Kgazebo::msgs::Cessna[m[K’?
[24.461s]    18 |     publishers::msgPublisher<ignition::msgs::[01;31m[KCessna[m[K>* controlPublisher;
[24.461s]       |                                              [01;31m[K^~~~~~[m[K
[24.461s] In file included from [01m[K/usr/include/gazebo-11/gazebo/msgs/MessageTypes.hh:16[m[K,
[24.461s]                  from [01m[K/usr/include/gazebo-11/gazebo/msgs/msgs.hh:35[m[K,
[24.461s]                  from [01m[K/usr/include/gazebo-11/gazebo/gazebo_core.hh:20[m[K,
[24.461s]                  from [01m[K/usr/include/gazebo-11/gazebo/gazebo.hh:20[m[K,
[24.461s]                  from [01m[K/home/rgeng/Project/include/subscribers/msgSubscriber.hpp:3[m[K,
[24.461s]                  from [01m[K/home/rgeng/Project/include/controller/base.hpp:4[m[K,
[24.462s]                  from [01m[K/home/rgeng/Project/src/controller/base.cpp:1[m[K:
[24.462s] [01m[K/usr/include/gazebo-11/gazebo/msgs/cessna.pb.h:80:23:[m[K [01;36m[Knote: [m[K‘[01m[Kgazebo::msgs::Cessna[m[K’ declared here
[24.462s]    80 | class GZ_MSGS_VISIBLE [01;36m[KCessna[m[K PROTOBUF_FINAL :
[24.462s]       |                       [01;36m[K^~~~~~[m[K
[24.462s] In file included from [01m[K/home/rgeng/Project/src/controller/base.cpp:1[m[K:
[24.462s] [01m[K/home/rgeng/Project/include/controller/base.hpp:18:52:[m[K [01;31m[Kerror: [m[Ktemplate argument 1 is invalid
[24.462s]    18 |     publishers::msgPublisher<gazebo::msgs::Cessna[01;31m[K>[m[K* controlPublisher;
[24.462s]       |                                                    [01;31m[K^[m[K
[24.462s] [01m[K/home/rgeng/Project/src/controller/base.cpp:[m[K In constructor ‘[01m[Kcontroller::Base::Base(enums::CONTROL_METHOD_ENUM, gazebo::transport::NodePtr&)[m[K’:
[24.462s] [01m[K/home/rgeng/Project/src/controller/base.cpp:7:69:[m[K [01;31m[Kerror: [m[K‘[01m[KCessna[m[K’ is not a member of ‘[01m[Kignition::msgs[m[K’; did you mean ‘[01m[Kgazebo::msgs::Cessna[m[K’?
[24.462s]     7 |     controlPublisher = new publishers::msgPublisher<ignition::msgs::[01;31m[KCessna[m[K>(gzNode);
[24.462s]       |                                                                     [01;31m[K^~~~~~[m[K
[24.462s] In file included from [01m[K/usr/include/gazebo-11/gazebo/msgs/MessageTypes.hh:16[m[K,
[24.462s]                  from [01m[K/usr/include/gazebo-11/gazebo/msgs/msgs.hh:35[m[K,
[24.462s]                  from [01m[K/usr/include/gazebo-11/gazebo/gazebo_core.hh:20[m[K,
[24.462s]                  from [01m[K/usr/include/gazebo-11/gazebo/gazebo.hh:20[m[K,
[24.462s]                  from [01m[K/home/rgeng/Project/include/subscribers/msgSubscriber.hpp:3[m[K,
[24.462s]                  from [01m[K/home/rgeng/Project/include/controller/base.hpp:4[m[K,
[24.462s]                  from [01m[K/home/rgeng/Project/src/controller/base.cpp:1[m[K:
[24.462s] [01m[K/usr/include/gazebo-11/gazebo/msgs/cessna.pb.h:80:23:[m[K [01;36m[Knote: [m[K‘[01m[Kgazebo::msgs::Cessna[m[K’ declared here
[24.462s]    80 | class GZ_MSGS_VISIBLE [01;36m[KCessna[m[K PROTOBUF_FINAL :
[24.462s]       |                       [01;36m[K^~~~~~[m[K
[24.462s] [01m[K/home/rgeng/Project/src/controller/base.cpp:7:75:[m[K [01;31m[Kerror: [m[Ktemplate argument 1 is invalid
[24.462s]     7 |     controlPublisher = new publishers::msgPublisher<gazebo::msgs::Cessna[01;31m[K>[m[K(gzNode);
[24.462s]       |                                                                           [01;31m[K^[m[K
[24.462s] In file included from [01m[K/home/rgeng/Project/include/controller/LQR.hpp:4[m[K,
[24.462s]                  from [01m[K/home/rgeng/Project/src/controller/LQR.cpp:1[m[K:
[24.463s] [01m[K/home/rgeng/Project/include/controller/base.hpp:[m[K At global scope:
[24.463s] [01m[K/home/rgeng/Project/include/controller/base.hpp:18:46:[m[K [01;31m[Kerror: [m[K‘[01m[KCessna[m[K’ is not a member of ‘[01m[Kignition::msgs[m[K’; did you mean ‘[01m[Kgazebo::msgs::Cessna[m[K’?
[24.463s]    18 |     publishers::msgPublisher<ignition::msgs::[01;31m[KCessna[m[K>* controlPublisher;
[24.463s]       |                                              [01;31m[K^~~~~~[m[K
[24.463s] In file included from [01m[K/usr/include/gazebo-11/gazebo/msgs/MessageTypes.hh:16[m[K,
[24.463s]                  from [01m[K/usr/include/gazebo-11/gazebo/msgs/msgs.hh:35[m[K,
[24.463s]                  from [01m[K/usr/include/gazebo-11/gazebo/gazebo_core.hh:20[m[K,
[24.463s]                  from [01m[K/usr/include/gazebo-11/gazebo/gazebo.hh:20[m[K,
[24.463s]                  from [01m[K/home/rgeng/Project/include/subscribers/msgSubscriber.hpp:3[m[K,
[24.463s]                  from [01m[K/home/rgeng/Project/include/controller/base.hpp:4[m[K,
[24.463s]                  from [01m[K/home/rgeng/Project/include/controller/LQR.hpp:4[m[K,
[24.463s]                  from [01m[K/home/rgeng/Project/src/controller/LQR.cpp:1[m[K:
[24.463s] [01m[K/usr/include/gazebo-11/gazebo/msgs/cessna.pb.h:80:23:[m[K [01;36m[Knote: [m[K‘[01m[Kgazebo::msgs::Cessna[m[K’ declared here
[24.463s]    80 | class GZ_MSGS_VISIBLE [01;36m[KCessna[m[K PROTOBUF_FINAL :
[24.463s]       |                       [01;36m[K^~~~~~[m[K
[24.463s] In file included from [01m[K/home/rgeng/Project/include/controller/LQR.hpp:4[m[K,
[24.463s]                  from [01m[K/home/rgeng/Project/src/controller/LQR.cpp:1[m[K:
[24.463s] [01m[K/home/rgeng/Project/include/controller/base.hpp:18:52:[m[K [01;31m[Kerror: [m[Ktemplate argument 1 is invalid
[24.463s]    18 |     publishers::msgPublisher<gazebo::msgs::Cessna[01;31m[K>[m[K* controlPublisher;
[24.463s]       |                                                    [01;31m[K^[m[K
[24.463s] In file included from [01m[K/home/rgeng/Project/include/controller/PolePlacement.hpp:4[m[K,
[24.463s]                  from [01m[K/home/rgeng/Project/src/controller/PolePlacement.cpp:1[m[K:
[24.463s] [01m[K/home/rgeng/Project/include/controller/base.hpp:[m[K At global scope:
[24.463s] [01m[K/home/rgeng/Project/include/controller/base.hpp:18:46:[m[K [01;31m[Kerror: [m[K‘[01m[KCessna[m[K’ is not a member of ‘[01m[Kignition::msgs[m[K’; did you mean ‘[01m[Kgazebo::msgs::Cessna[m[K’?
[24.463s]    18 |     publishers::msgPublisher<ignition::msgs::[01;31m[KCessna[m[K>* controlPublisher;
[24.463s]       |                                              [01;31m[K^~~~~~[m[K
[24.464s] In file included from [01m[K/usr/include/gazebo-11/gazebo/msgs/MessageTypes.hh:16[m[K,
[24.464s]                  from [01m[K/usr/include/gazebo-11/gazebo/msgs/msgs.hh:35[m[K,
[24.464s]                  from [01m[K/usr/include/gazebo-11/gazebo/gazebo_core.hh:20[m[K,
[24.464s]                  from [01m[K/usr/include/gazebo-11/gazebo/gazebo.hh:20[m[K,
[24.464s]                  from [01m[K/home/rgeng/Project/include/subscribers/msgSubscriber.hpp:3[m[K,
[24.464s]                  from [01m[K/home/rgeng/Project/include/controller/base.hpp:4[m[K,
[24.464s]                  from [01m[K/home/rgeng/Project/include/controller/PolePlacement.hpp:4[m[K,
[24.464s]                  from [01m[K/home/rgeng/Project/src/controller/PolePlacement.cpp:1[m[K:
[24.464s] [01m[K/usr/include/gazebo-11/gazebo/msgs/cessna.pb.h:80:23:[m[K [01;36m[Knote: [m[K‘[01m[Kgazebo::msgs::Cessna[m[K’ declared here
[24.464s]    80 | class GZ_MSGS_VISIBLE [01;36m[KCessna[m[K PROTOBUF_FINAL :
[24.464s]       |                       [01;36m[K^~~~~~[m[K
[24.464s] In file included from [01m[K/home/rgeng/Project/include/controller/PolePlacement.hpp:4[m[K,
[24.464s]                  from [01m[K/home/rgeng/Project/src/controller/PolePlacement.cpp:1[m[K:
[24.464s] [01m[K/home/rgeng/Project/include/controller/base.hpp:18:52:[m[K [01;31m[Kerror: [m[Ktemplate argument 1 is invalid
[24.464s]    18 |     publishers::msgPublisher<gazebo::msgs::Cessna[01;31m[K>[m[K* controlPublisher;
[24.464s]       |                                                    [01;31m[K^[m[K
[24.464s] [01m[K/home/rgeng/Project/src/controller/base.cpp:[m[K In member function ‘[01m[Kvoid controller::Base::commandVehicle()[m[K’:
[24.464s] [01m[K/home/rgeng/Project/src/controller/base.cpp:12:21:[m[K [01;31m[Kerror: [m[K‘[01m[KCessna[m[K’ is not a member of ‘[01m[Kignition::msgs[m[K’; did you mean ‘[01m[Kgazebo::msgs::Cessna[m[K’?
[24.464s]    12 |     ignition::msgs::[01;31m[KCessna[m[K msg;
[24.464s]       |                     [01;31m[K^~~~~~[m[K
[24.464s] In file included from [01m[K/usr/include/gazebo-11/gazebo/msgs/MessageTypes.hh:16[m[K,
[24.464s]                  from [01m[K/usr/include/gazebo-11/gazebo/msgs/msgs.hh:35[m[K,
[24.464s]                  from [01m[K/usr/include/gazebo-11/gazebo/gazebo_core.hh:20[m[K,
[24.464s]                  from [01m[K/usr/include/gazebo-11/gazebo/gazebo.hh:20[m[K,
[24.464s]                  from [01m[K/home/rgeng/Project/include/subscribers/msgSubscriber.hpp:3[m[K,
[24.464s]                  from [01m[K/home/rgeng/Project/include/controller/base.hpp:4[m[K,
[24.464s]                  from [01m[K/home/rgeng/Project/src/controller/base.cpp:1[m[K:
[24.465s] [01m[K/usr/include/gazebo-11/gazebo/msgs/cessna.pb.h:80:23:[m[K [01;36m[Knote: [m[K‘[01m[Kgazebo::msgs::Cessna[m[K’ declared here
[24.465s]    80 | class GZ_MSGS_VISIBLE [01;36m[KCessna[m[K PROTOBUF_FINAL :
[24.465s]       |                       [01;36m[K^~~~~~[m[K
[24.465s] [01m[K/home/rgeng/Project/src/controller/base.cpp:13:5:[m[K [01;31m[Kerror: [m[K‘[01m[Kmsg[m[K’ was not declared in this scope
[24.465s]    13 |     [01;31m[Kmsg[m[K.set_cmd_propeller_speed(1000.0);
[24.465s]       |     [01;31m[K^~~[m[K
[24.465s] [01m[K/home/rgeng/Project/src/controller/base.cpp:21:23:[m[K [01;31m[Kerror: [m[Krequest for member ‘[01m[KpublishMessage[m[K’ in ‘[01m[K*((controller::Base*)this)->controller::Base::controlPublisher[m[K’, which is of non-class type ‘[01m[Kint[m[K’
[24.465s]    21 |     controlPublisher->[01;31m[KpublishMessage[m[K(msg);
[24.465s]       |                       [01;31m[K^~~~~~~~~~~~~~[m[K
[25.609s] gmake[2]: *** [src/controller/CMakeFiles/CONTROLLER_LIB.dir/build.make:104: src/controller/CMakeFiles/CONTROLLER_LIB.dir/PID.cpp.o] Error 1
[25.609s] gmake[2]: *** Waiting for unfinished jobs....
[25.630s] gmake[2]: *** [src/controller/CMakeFiles/CONTROLLER_LIB.dir/build.make:76: src/controller/CMakeFiles/CONTROLLER_LIB.dir/base.cpp.o] Error 1
[25.638s] gmake[2]: *** [src/controller/CMakeFiles/CONTROLLER_LIB.dir/build.make:90: src/controller/CMakeFiles/CONTROLLER_LIB.dir/LQR.cpp.o] Error 1
[25.652s] gmake[2]: *** [src/controller/CMakeFiles/CONTROLLER_LIB.dir/build.make:118: src/controller/CMakeFiles/CONTROLLER_LIB.dir/PolePlacement.cpp.o] Error 1
[25.652s] gmake[1]: *** [CMakeFiles/Makefile2:198: src/controller/CMakeFiles/CONTROLLER_LIB.dir/all] Error 2
[25.652s] gmake: *** [Makefile:91: all] Error 2
[25.654s] Invoked command in '/home/rgeng/Project/build/QuadcopterController' returned '2': /usr/bin/cmake --build /home/rgeng/Project/build/QuadcopterController -- -j12 -l12
