[0.486s] Invoking command in '/home/rgeng/Project/build/QuadcopterController': /usr/bin/cmake --build /home/rgeng/Project/build/QuadcopterController -- -j12 -l12
[2.307s] -- Looking for ignition-msgs5 -- found version 5.8.1
[2.349s] -- Searching for dependencies of ignition-msgs5
[29.639s] -- Found Protobuf: /usr/lib/x86_64-linux-gnu/libprotobuf.so (found suitable version "3.12.4", minimum required is "3") 
[29.659s] -- Looking for ignition-math6 -- found version 6.15.1
[29.659s] -- Searching for dependencies of ignition-math6
[29.745s] -- Checking for module 'tinyxml2'
[30.180s] --   Found tinyxml2, version 9.0.0
[30.417s] -- Looking for ignition-transport8 -- found version 8.2.1
[30.417s] -- Searching for dependencies of ignition-transport8
[31.628s] -- Config-file not installed for ZeroMQ -- checking for pkg-config
[31.632s] -- Checking for module 'libzmq >= 4'
[31.799s] --   Found libzmq , version 4.3.4
[31.826s] -- Checking for module 'uuid'
[31.934s] --   Found uuid, version 2.37.2
[31.952s] -- Looking for ignition-msgs5 -- found version 5.8.1
[32.027s] [33mCMake Warning (dev) at /usr/share/cmake-3.22/Modules/FindPackageHandleStandardArgs.cmake:438 (message):
[32.027s]   The package name passed to `find_package_handle_standard_args` (PkgConfig)
[32.027s]   does not match the name of the calling package (gazebo).  This can lead to
[32.028s]   problems in calling code that expects `find_package` result variables
[32.028s]   (e.g., `_FOUND`) to follow a certain pattern.
[32.028s] Call Stack (most recent call first):
[32.028s]   /usr/share/cmake-3.22/Modules/FindPkgConfig.cmake:99 (find_package_handle_standard_args)
[32.028s]   /usr/lib/x86_64-linux-gnu/cmake/gazebo/gazebo-config.cmake:72 (include)
[32.028s]   CMakeLists.txt:7 (find_package)
[32.028s] This warning is for project developers.  Use -Wno-dev to suppress it.
[32.028s] [0m
[36.810s] -- Found DART: /usr/include (Required is at least version "6.6") found components: dart 
[36.876s] -- Found Protobuf: /usr/lib/x86_64-linux-gnu/libprotobuf.so (found version "3.12.4") 
[36.904s] -- Looking for ignition-math6 -- found version 6.15.1
[36.913s] -- Looking for OGRE...
[37.396s] -- Found Ogre Ghadamon (1.9.0)
[37.842s] -- Found OGRE: optimized;/usr/lib/x86_64-linux-gnu/libOgreMain.so;debug;/usr/lib/x86_64-linux-gnu/libOgreMain.so
[37.849s] -- Looking for OGRE_Paging...
[37.849s] -- Found OGRE_Paging: optimized;/usr/lib/x86_64-linux-gnu/libOgrePaging.so;debug;/usr/lib/x86_64-linux-gnu/libOgrePaging.so
[37.850s] -- Looking for OGRE_Terrain...
[37.850s] -- Found OGRE_Terrain: optimized;/usr/lib/x86_64-linux-gnu/libOgreTerrain.so;debug;/usr/lib/x86_64-linux-gnu/libOgreTerrain.so
[37.850s] -- Looking for OGRE_Property...
[37.850s] -- Found OGRE_Property: optimized;/usr/lib/x86_64-linux-gnu/libOgreProperty.so;debug;/usr/lib/x86_64-linux-gnu/libOgreProperty.so
[37.850s] -- Looking for OGRE_RTShaderSystem...
[37.850s] -- Found OGRE_RTShaderSystem: optimized;/usr/lib/x86_64-linux-gnu/libOgreRTShaderSystem.so;debug;/usr/lib/x86_64-linux-gnu/libOgreRTShaderSystem.so
[37.850s] -- Looking for OGRE_Volume...
[37.850s] -- Found OGRE_Volume: optimized;/usr/lib/x86_64-linux-gnu/libOgreVolume.so;debug;/usr/lib/x86_64-linux-gnu/libOgreVolume.so
[37.850s] -- Looking for OGRE_Overlay...
[37.850s] -- Found OGRE_Overlay: optimized;/usr/lib/x86_64-linux-gnu/libOgreOverlay.so;debug;/usr/lib/x86_64-linux-gnu/libOgreOverlay.so
[46.199s] -- Looking for ignition-math6 -- found version 6.15.1
[46.199s] -- Looking for ignition-transport8 -- found version 8.2.1
[46.200s] -- Looking for ignition-msgs5 -- found version 5.8.1
[46.480s] -- Looking for ignition-common3 -- found version 3.14.0
[46.481s] -- Searching for dependencies of ignition-common3
[46.535s] -- Looking for dlfcn.h - found
[46.535s] -- Looking for libdl - found
[46.606s] -- Searching for <ignition-common3> component [graphics]
[46.607s] -- Looking for ignition-common3-graphics -- found version 3.14.0
[46.607s] -- Searching for dependencies of ignition-common3-graphics
[46.607s] -- Looking for ignition-math6 -- found version 6.15.1
[46.823s] -- Looking for ignition-fuel_tools4 -- found version 4.4.0
[46.823s] -- Searching for dependencies of ignition-fuel_tools4
[47.834s] -- Checking for module 'jsoncpp'
[47.855s] --   Found jsoncpp, version 1.9.5
[47.907s] -- Checking for module 'libzip'
[47.919s] --   Found libzip, version 1.7.3
[47.938s] -- Looking for ignition-common3 -- found version 3.14.0
[47.938s] -- Looking for ignition-math6 -- found version 6.15.1
[47.938s] -- Looking for ignition-msgs5 -- found version 5.8.1
[47.974s] -- Configuring done
[48.079s] [0mWARNING: Target "QuadcopterController" requests linking to directory "/usr/lib/x86_64-linux-gnu".  Targets may link only to libraries.  CMake is dropping the item.[0m
[48.079s] [0mWARNING: Target "QuadcopterController" requests linking to directory "/usr/lib/x86_64-linux-gnu/gazebo-11/plugins".  Targets may link only to libraries.  CMake is dropping the item.[0m
[48.079s] [0mWARNING: Target "QuadcopterController" requests linking to directory "/usr/lib/x86_64-linux-gnu".  Targets may link only to libraries.  CMake is dropping the item.[0m
[48.079s] [0mWARNING: Target "QuadcopterController" requests linking to directory "/usr/lib/x86_64-linux-gnu/gazebo-11/plugins".  Targets may link only to libraries.  CMake is dropping the item.[0m
[48.142s] -- Generating done
[48.146s] -- Build files have been written to: /home/rgeng/Project/build/QuadcopterController
[48.204s] [35m[1mConsolidate compiler generated dependencies of target OBJECTS[0m
[48.260s] [ 15%] Built target OBJECTS
[48.273s] [35m[1mConsolidate compiler generated dependencies of target CONTROLLER_LIB[0m
[48.483s] [ 23%] [32mBuilding CXX object src/controller/CMakeFiles/CONTROLLER_LIB.dir/base.cpp.o[0m
[48.483s] [ 30%] [32mBuilding CXX object src/controller/CMakeFiles/CONTROLLER_LIB.dir/LQR.cpp.o[0m
[48.484s] [ 38%] [32mBuilding CXX object src/controller/CMakeFiles/CONTROLLER_LIB.dir/PolePlacement.cpp.o[0m
[48.485s] [ 46%] [32mBuilding CXX object src/controller/CMakeFiles/CONTROLLER_LIB.dir/PID.cpp.o[0m
[49.769s] In file included from [01m[K/home/rgeng/Project/include/controller/base.hpp:4[m[K,
[49.769s]                  from [01m[K/home/rgeng/Project/include/controller/PID.hpp:4[m[K,
[49.769s]                  from [01m[K/home/rgeng/Project/src/controller/PID.cpp:1[m[K:
[49.769s] [01m[K/home/rgeng/Project/include/subscribers/msgSubscriber.hpp:3:10:[m[K [01;31m[Kfatal error: [m[Kgazebo/gazebo.hh: No such file or directory
[49.769s]     3 | #include [01;31m[K<gazebo/gazebo.hh>[m[K
[49.769s]       |          [01;31m[K^~~~~~~~~~~~~~~~~~[m[K
[49.769s] In file included from [01m[K/home/rgeng/Project/include/controller/base.hpp:4[m[K,
[49.769s]                  from [01m[K/home/rgeng/Project/include/controller/PolePlacement.hpp:4[m[K,
[49.769s]                  from [01m[K/home/rgeng/Project/src/controller/PolePlacement.cpp:1[m[K:
[49.769s] [01m[K/home/rgeng/Project/include/subscribers/msgSubscriber.hpp:3:10:[m[K [01;31m[Kfatal error: [m[Kgazebo/gazebo.hh: No such file or directory
[49.769s]     3 | #include [01;31m[K<gazebo/gazebo.hh>[m[K
[49.769s]       |          [01;31m[K^~~~~~~~~~~~~~~~~~[m[K
[49.769s] In file included from [01m[K/home/rgeng/Project/include/controller/base.hpp:4[m[K,
[49.769s]                  from [01m[K/home/rgeng/Project/src/controller/base.cpp:1[m[K:
[49.769s] [01m[K/home/rgeng/Project/include/subscribers/msgSubscriber.hpp:3:10:[m[K [01;31m[Kfatal error: [m[Kgazebo/gazebo.hh: No such file or directory
[49.769s]     3 | #include [01;31m[K<gazebo/gazebo.hh>[m[K
[49.769s]       |          [01;31m[K^~~~~~~~~~~~~~~~~~[m[K
[49.769s] In file included from [01m[K/home/rgeng/Project/include/controller/base.hpp:4[m[K,
[49.769s]                  from [01m[K/home/rgeng/Project/include/controller/LQR.hpp:4[m[K,
[49.770s]                  from [01m[K/home/rgeng/Project/src/controller/LQR.cpp:1[m[K:
[49.770s] [01m[K/home/rgeng/Project/include/subscribers/msgSubscriber.hpp:3:10:[m[K [01;31m[Kfatal error: [m[Kgazebo/gazebo.hh: No such file or directory
[49.770s]     3 | #include [01;31m[K<gazebo/gazebo.hh>[m[K
[49.770s]       |          [01;31m[K^~~~~~~~~~~~~~~~~~[m[K
[49.770s] compilation terminated.
[49.770s] compilation terminated.
[49.770s] compilation terminated.
[49.770s] compilation terminated.
[49.776s] gmake[2]: *** [src/controller/CMakeFiles/CONTROLLER_LIB.dir/build.make:118: src/controller/CMakeFiles/CONTROLLER_LIB.dir/PolePlacement.cpp.o] Error 1
[49.776s] gmake[2]: *** Waiting for unfinished jobs....
[49.776s] gmake[2]: *** [src/controller/CMakeFiles/CONTROLLER_LIB.dir/build.make:104: src/controller/CMakeFiles/CONTROLLER_LIB.dir/PID.cpp.o] Error 1
[49.776s] gmake[2]: *** [src/controller/CMakeFiles/CONTROLLER_LIB.dir/build.make:76: src/controller/CMakeFiles/CONTROLLER_LIB.dir/base.cpp.o] Error 1
[49.776s] gmake[2]: *** [src/controller/CMakeFiles/CONTROLLER_LIB.dir/build.make:90: src/controller/CMakeFiles/CONTROLLER_LIB.dir/LQR.cpp.o] Error 1
[49.776s] gmake[1]: *** [CMakeFiles/Makefile2:198: src/controller/CMakeFiles/CONTROLLER_LIB.dir/all] Error 2
[49.777s] gmake: *** [Makefile:91: all] Error 2
[49.779s] Invoked command in '/home/rgeng/Project/build/QuadcopterController' returned '2': /usr/bin/cmake --build /home/rgeng/Project/build/QuadcopterController -- -j12 -l12
