[0.009s] Invoking command in '/home/rgeng/Project/build/QuadcopterController': /usr/bin/cmake --build /home/rgeng/Project/build/QuadcopterController -- -j12 -l12
[0.042s] [ 15%] Built target OBJECTS
[0.048s] [35m[1mConsolidate compiler generated dependencies of target CONTROLLER_LIB[0m
[0.105s] [ 23%] [32mBuilding CXX object src/controller/CMakeFiles/CONTROLLER_LIB.dir/base.cpp.o[0m
[0.106s] [ 30%] [32mBuilding CXX object src/controller/CMakeFiles/CONTROLLER_LIB.dir/LQR.cpp.o[0m
[0.107s] [ 38%] [32mBuilding CXX object src/controller/CMakeFiles/CONTROLLER_LIB.dir/PID.cpp.o[0m
[0.108s] [ 46%] [32mBuilding CXX object src/controller/CMakeFiles/CONTROLLER_LIB.dir/PolePlacement.cpp.o[0m
[7.378s] [ 53%] [32m[1mLinking CXX static library libCONTROLLER_LIB.a[0m
[7.478s] [ 53%] Built target CONTROLLER_LIB
[7.489s] [35m[1mConsolidate compiler generated dependencies of target DATABASE_LIB[0m
[7.490s] [ 69%] Built target MOTOR_CONTROLLER_LIB
[7.519s] [ 76%] [32mBuilding CXX object src/database/CMakeFiles/DATABASE_LIB.dir/database.cpp.o[0m
[13.097s] [ 84%] [32m[1mLinking CXX static library libDATABASE_LIB.a[0m
[13.137s] [ 84%] Built target DATABASE_LIB
[13.148s] [35m[1mConsolidate compiler generated dependencies of target QuadcopterController[0m
[13.182s] [ 92%] [32mBuilding CXX object src/CMakeFiles/QuadcopterController.dir/main.cpp.o[0m
[17.782s] In file included from [01m[K/home/rgeng/Project/include/database/database.hpp:5[m[K,
[17.782s]                  from [01m[K/home/rgeng/Project/src/main.cpp:2[m[K:
[17.782s] /home/rgeng/Project/include/subscribers/msgSubscriber.hpp: In instantiation of ‘[01m[Ksubscriber::msgSubscriber<T>::msgSubscriber(const string&, gazebo::transport::NodePtr&) [with T = gazebo::msgs::IMU; std::string = std::__cxx11::basic_string<char>; gazebo::transport::NodePtr = boost::shared_ptr<gazebo::transport::Node>][m[K’:
[17.782s] [01m[K/home/rgeng/Project/src/main.cpp:17:138:[m[K   required from here
[17.782s] [01m[K/home/rgeng/Project/include/subscribers/msgSubscriber.hpp:21:40:[m[K [01;31m[Kerror: [m[Kno matching function for call to ‘[01m[Kgazebo::transport::Node::Subscribe(const char [20], void (subscriber::msgSubscriber<gazebo::msgs::IMU>::*)(ConstIMUPtr&))[m[K’
[17.782s]    21 |         mNode = [01;31m[KinGazeboNode->Subscribe("~/cessna_c172/state", &msgSubscriber::callback)[m[K;//, this);
[17.782s]       |                 [01;31m[K~~~~~~~~~~~~~~~~~~~~~~~^~~~~~~~~~~~~~~~~~~~~~~~~~~~~~~~~~~~~~~~~~~~~~~~~[m[K
[17.782s] In file included from [01m[K/usr/include/gazebo-11/gazebo/transport/transport.hh:6[m[K,
[17.782s]                  from [01m[K/usr/include/gazebo-11/gazebo/gazebo_core.hh:21[m[K,
[17.782s]                  from [01m[K/usr/include/gazebo-11/gazebo/gazebo.hh:20[m[K,
[17.782s]                  from [01m[K/home/rgeng/Project/include/subscribers/msgSubscriber.hpp:3[m[K,
[17.782s]                  from [01m[K/home/rgeng/Project/include/database/database.hpp:5[m[K,
[17.783s]                  from [01m[K/home/rgeng/Project/src/main.cpp:2[m[K:
[17.783s] [01m[K/usr/include/gazebo-11/gazebo/transport/Node.hh:269:21:[m[K [01;36m[Knote: [m[Kcandidate: ‘[01m[Ktemplate<class M, class T> gazebo::transport::SubscriberPtr gazebo::transport::Node::Subscribe(const string&, void (T::*)(const boost::shared_ptr<const T>&), T*, bool)[m[K’
[17.783s]   269 |       SubscriberPtr [01;36m[KSubscribe[m[K(const std::string &_topic,
[17.783s]       |                     [01;36m[K^~~~~~~~~[m[K
[17.783s] [01m[K/usr/include/gazebo-11/gazebo/transport/Node.hh:269:21:[m[K [01;36m[Knote: [m[K  template argument deduction/substitution failed:
[17.783s] In file included from [01m[K/home/rgeng/Project/include/database/database.hpp:5[m[K,
[17.783s]                  from [01m[K/home/rgeng/Project/src/main.cpp:2[m[K:
[17.783s] [01m[K/home/rgeng/Project/include/subscribers/msgSubscriber.hpp:21:40:[m[K [01;36m[Knote: [m[K  candidate expects 4 arguments, 2 provided
[17.783s]    21 |         mNode = [01;36m[KinGazeboNode->Subscribe("~/cessna_c172/state", &msgSubscriber::callback)[m[K;//, this);
[17.783s]       |                 [01;36m[K~~~~~~~~~~~~~~~~~~~~~~~^~~~~~~~~~~~~~~~~~~~~~~~~~~~~~~~~~~~~~~~~~~~~~~~~[m[K
[17.783s] In file included from [01m[K/usr/include/gazebo-11/gazebo/transport/transport.hh:6[m[K,
[17.783s]                  from [01m[K/usr/include/gazebo-11/gazebo/gazebo_core.hh:21[m[K,
[17.783s]                  from [01m[K/usr/include/gazebo-11/gazebo/gazebo.hh:20[m[K,
[17.783s]                  from [01m[K/home/rgeng/Project/include/subscribers/msgSubscriber.hpp:3[m[K,
[17.783s]                  from [01m[K/home/rgeng/Project/include/database/database.hpp:5[m[K,
[17.783s]                  from [01m[K/home/rgeng/Project/src/main.cpp:2[m[K:
[17.783s] [01m[K/usr/include/gazebo-11/gazebo/transport/Node.hh:299:21:[m[K [01;36m[Knote: [m[Kcandidate: ‘[01m[Ktemplate<class M> gazebo::transport::SubscriberPtr gazebo::transport::Node::Subscribe(const string&, void (*)(const boost::shared_ptr<const T>&), bool)[m[K’
[17.783s]   299 |       SubscriberPtr [01;36m[KSubscribe[m[K(const std::string &_topic,
[17.783s]       |                     [01;36m[K^~~~~~~~~[m[K
[17.783s] [01m[K/usr/include/gazebo-11/gazebo/transport/Node.hh:299:21:[m[K [01;36m[Knote: [m[K  template argument deduction/substitution failed:
[17.783s] In file included from [01m[K/home/rgeng/Project/include/database/database.hpp:5[m[K,
[17.783s]                  from [01m[K/home/rgeng/Project/src/main.cpp:2[m[K:
[17.783s] [01m[K/home/rgeng/Project/include/subscribers/msgSubscriber.hpp:21:40:[m[K [01;36m[Knote: [m[K  mismatched types ‘[01m[Kvoid (*)(const boost::shared_ptr<const T>&)[m[K’ and ‘[01m[Kvoid (subscriber::msgSubscriber<gazebo::msgs::IMU>::*)(ConstIMUPtr&)[m[K’ {aka ‘[01m[Kvoid (subscriber::msgSubscriber<gazebo::msgs::IMU>::*)(const boost::shared_ptr<const gazebo::msgs::IMU>&)[m[K’}
[17.783s]    21 |         mNode = [01;36m[KinGazeboNode->Subscribe("~/cessna_c172/state", &msgSubscriber::callback)[m[K;//, this);
[17.783s]       |                 [01;36m[K~~~~~~~~~~~~~~~~~~~~~~~^~~~~~~~~~~~~~~~~~~~~~~~~~~~~~~~~~~~~~~~~~~~~~~~~[m[K
[17.783s] In file included from [01m[K/usr/include/gazebo-11/gazebo/transport/transport.hh:6[m[K,
[17.783s]                  from [01m[K/usr/include/gazebo-11/gazebo/gazebo_core.hh:21[m[K,
[17.783s]                  from [01m[K/usr/include/gazebo-11/gazebo/gazebo.hh:20[m[K,
[17.784s]                  from [01m[K/home/rgeng/Project/include/subscribers/msgSubscriber.hpp:3[m[K,
[17.784s]                  from [01m[K/home/rgeng/Project/include/database/database.hpp:5[m[K,
[17.784s]                  from [01m[K/home/rgeng/Project/src/main.cpp:2[m[K:
[17.784s] [01m[K/usr/include/gazebo-11/gazebo/transport/Node.hh:329:21:[m[K [01;36m[Knote: [m[Kcandidate: ‘[01m[Ktemplate<class T> gazebo::transport::SubscriberPtr gazebo::transport::Node::Subscribe(const string&, void (T::*)(const string&), T*, bool)[m[K’
[17.784s]   329 |       SubscriberPtr [01;36m[KSubscribe[m[K(const std::string &_topic,
[17.784s]       |                     [01;36m[K^~~~~~~~~[m[K
[17.784s] [01m[K/usr/include/gazebo-11/gazebo/transport/Node.hh:329:21:[m[K [01;36m[Knote: [m[K  template argument deduction/substitution failed:
[17.784s] In file included from [01m[K/home/rgeng/Project/include/database/database.hpp:5[m[K,
[17.784s]                  from [01m[K/home/rgeng/Project/src/main.cpp:2[m[K:
[17.784s] [01m[K/home/rgeng/Project/include/subscribers/msgSubscriber.hpp:21:40:[m[K [01;36m[Knote: [m[K  mismatched types ‘[01m[Kconst string[m[K’ {aka ‘[01m[Kconst std::__cxx11::basic_string<char>[m[K’} and ‘[01m[KConstIMUPtr[m[K’ {aka ‘[01m[Kconst boost::shared_ptr<const gazebo::msgs::IMU>[m[K’}
[17.784s]    21 |         mNode = [01;36m[KinGazeboNode->Subscribe("~/cessna_c172/state", &msgSubscriber::callback)[m[K;//, this);
[17.784s]       |                 [01;36m[K~~~~~~~~~~~~~~~~~~~~~~~^~~~~~~~~~~~~~~~~~~~~~~~~~~~~~~~~~~~~~~~~~~~~~~~~[m[K
[17.784s] In file included from [01m[K/usr/include/gazebo-11/gazebo/transport/transport.hh:6[m[K,
[17.784s]                  from [01m[K/usr/include/gazebo-11/gazebo/gazebo_core.hh:21[m[K,
[17.784s]                  from [01m[K/usr/include/gazebo-11/gazebo/gazebo.hh:20[m[K,
[17.784s]                  from [01m[K/home/rgeng/Project/include/subscribers/msgSubscriber.hpp:3[m[K,
[17.784s]                  from [01m[K/home/rgeng/Project/include/database/database.hpp:5[m[K,
[17.784s]                  from [01m[K/home/rgeng/Project/src/main.cpp:2[m[K:
[17.784s] [01m[K/usr/include/gazebo-11/gazebo/transport/Node.hh:359:21:[m[K [01;36m[Knote: [m[Kcandidate: ‘[01m[Kgazebo::transport::SubscriberPtr gazebo::transport::Node::Subscribe(const string&, void (*)(const string&), bool)[m[K’
[17.784s]   359 |       SubscriberPtr [01;36m[KSubscribe[m[K(const std::string &_topic,
[17.784s]       |                     [01;36m[K^~~~~~~~~[m[K
[17.784s] [01m[K/usr/include/gazebo-11/gazebo/transport/Node.hh:360:17:[m[K [01;36m[Knote: [m[K  no known conversion for argument 2 from ‘[01m[Kvoid (subscriber::msgSubscriber<gazebo::msgs::IMU>::*)(ConstIMUPtr&)[m[K’ {aka ‘[01m[Kvoid (subscriber::msgSubscriber<gazebo::msgs::IMU>::*)(const boost::shared_ptr<const gazebo::msgs::IMU>&)[m[K’} to ‘[01m[Kvoid (*)(const string&)[m[K’ {aka ‘[01m[Kvoid (*)(const std::__cxx11::basic_string<char>&)[m[K’}
[17.784s]   360 |           [01;36m[Kvoid(*_fp)(const std::string &)[m[K, bool _latching = false)
[17.784s]       |           [01;36m[K~~~~~~^~~~~~~~~~~~~~~~~~~~~~~~~[m[K
[18.572s] gmake[2]: *** [src/CMakeFiles/QuadcopterController.dir/build.make:76: src/CMakeFiles/QuadcopterController.dir/main.cpp.o] Error 1
[18.572s] gmake[1]: *** [CMakeFiles/Makefile2:172: src/CMakeFiles/QuadcopterController.dir/all] Error 2
[18.572s] gmake: *** [Makefile:91: all] Error 2
[18.574s] Invoked command in '/home/rgeng/Project/build/QuadcopterController' returned '2': /usr/bin/cmake --build /home/rgeng/Project/build/QuadcopterController -- -j12 -l12
