[2.243s] DEBUG:colcon:Command line arguments: ['/usr/bin/colcon', 'build']
[2.243s] DEBUG:colcon:Parsed command line arguments: Namespace(log_base=None, log_level=None, verb_name='build', build_base='build', install_base='install', merge_install=False, symlink_install=False, test_result_base=None, continue_on_error=False, executor='parallel', parallel_workers=12, event_handlers=None, ignore_user_meta=False, metas=['./colcon.meta'], base_paths=['.'], packages_ignore=None, packages_ignore_regex=None, paths=None, packages_up_to=None, packages_up_to_regex=None, packages_above=None, packages_above_and_dependencies=None, packages_above_depth=None, packages_select_by_dep=None, packages_skip_by_dep=None, packages_skip_up_to=None, packages_select_build_failed=False, packages_skip_build_finished=False, packages_select_test_failures=False, packages_skip_test_passed=False, packages_select=None, packages_skip=None, packages_select_regex=None, packages_skip_regex=None, packages_start=None, packages_end=None, allow_overriding=[], cmake_args=None, cmake_target=None, cmake_target_skip_unavailable=False, cmake_clean_cache=False, cmake_clean_first=False, cmake_force_configure=False, ament_cmake_args=None, catkin_cmake_args=None, catkin_skip_building_tests=False, verb_parser=<colcon_defaults.argument_parser.defaults.DefaultArgumentsDecorator object at 0x7f5922456950>, verb_extension=<colcon_core.verb.build.BuildVerb object at 0x7f5922455b10>, main=<bound method BuildVerb.main of <colcon_core.verb.build.BuildVerb object at 0x7f5922455b10>>)
[6.523s] Level 1:colcon.colcon_core.package_discovery:discover_packages(colcon_meta) check parameters
[6.523s] Level 1:colcon.colcon_core.package_discovery:discover_packages(recursive) check parameters
[6.523s] Level 1:colcon.colcon_core.package_discovery:discover_packages(ignore) check parameters
[6.523s] Level 1:colcon.colcon_core.package_discovery:discover_packages(path) check parameters
[6.523s] Level 1:colcon.colcon_core.package_discovery:discover_packages(colcon_meta) discover
[6.523s] Level 1:colcon.colcon_core.package_discovery:discover_packages(recursive) discover
[6.523s] INFO:colcon.colcon_core.package_discovery:Crawling recursively for packages in '/home/rgeng/Project'
[6.528s] Level 1:colcon.colcon_core.package_identification:_identify(.) by extensions ['ignore', 'ignore_ament_install']
[6.528s] Level 1:colcon.colcon_core.package_identification:_identify(.) by extension 'ignore'
[6.528s] Level 1:colcon.colcon_core.package_identification:_identify(.) by extension 'ignore_ament_install'
[6.528s] Level 1:colcon.colcon_core.package_identification:_identify(.) by extensions ['colcon_pkg']
[6.528s] Level 1:colcon.colcon_core.package_identification:_identify(.) by extension 'colcon_pkg'
[6.528s] Level 1:colcon.colcon_core.package_identification:_identify(.) by extensions ['colcon_meta']
[6.528s] Level 1:colcon.colcon_core.package_identification:_identify(.) by extension 'colcon_meta'
[6.528s] Level 1:colcon.colcon_core.package_identification:_identify(.) by extensions ['ros']
[6.528s] Level 1:colcon.colcon_core.package_identification:_identify(.) by extension 'ros'
[6.750s] Level 1:colcon.colcon_core.package_identification:_identify(.) by extensions ['cmake', 'python']
[6.750s] Level 1:colcon.colcon_core.package_identification:_identify(.) by extension 'cmake'
[8.322s] Level 1:colcon.colcon_core.package_identification:_identify(.) by extension 'python'
[8.323s] DEBUG:colcon.colcon_core.package_identification:Package '.' with type 'cmake' and name 'QuadcopterController'
[8.323s] Level 1:colcon.colcon_core.package_discovery:discover_packages(recursive) using defaults
[8.323s] Level 1:colcon.colcon_core.package_discovery:discover_packages(ignore) discover
[8.323s] Level 1:colcon.colcon_core.package_discovery:discover_packages(ignore) using defaults
[8.323s] Level 1:colcon.colcon_core.package_discovery:discover_packages(path) discover
[8.323s] Level 1:colcon.colcon_core.package_discovery:discover_packages(path) using defaults
[8.909s] Level 1:colcon.colcon_core.package_discovery:discover_packages(prefix_path) check parameters
[8.909s] Level 1:colcon.colcon_core.package_discovery:discover_packages(prefix_path) discover
[9.047s] DEBUG:colcon.colcon_installed_package_information.package_discovery:Found 278 installed packages in /opt/ros/humble
[9.049s] Level 1:colcon.colcon_core.package_discovery:discover_packages(prefix_path) using defaults
[11.654s] Level 5:colcon.colcon_core.verb:set package 'QuadcopterController' build argument 'cmake_args' from command line to 'None'
[11.654s] Level 5:colcon.colcon_core.verb:set package 'QuadcopterController' build argument 'cmake_target' from command line to 'None'
[11.683s] Level 5:colcon.colcon_core.verb:set package 'QuadcopterController' build argument 'cmake_target_skip_unavailable' from command line to 'False'
[11.683s] Level 5:colcon.colcon_core.verb:set package 'QuadcopterController' build argument 'cmake_clean_cache' from command line to 'False'
[11.683s] Level 5:colcon.colcon_core.verb:set package 'QuadcopterController' build argument 'cmake_clean_first' from command line to 'False'
[11.683s] Level 5:colcon.colcon_core.verb:set package 'QuadcopterController' build argument 'cmake_force_configure' from command line to 'False'
[11.683s] Level 5:colcon.colcon_core.verb:set package 'QuadcopterController' build argument 'ament_cmake_args' from command line to 'None'
[11.683s] Level 5:colcon.colcon_core.verb:set package 'QuadcopterController' build argument 'catkin_cmake_args' from command line to 'None'
[11.683s] Level 5:colcon.colcon_core.verb:set package 'QuadcopterController' build argument 'catkin_skip_building_tests' from command line to 'False'
[11.683s] DEBUG:colcon.colcon_core.verb:Building package 'QuadcopterController' with the following arguments: {'ament_cmake_args': None, 'build_base': '/home/rgeng/Project/build/QuadcopterController', 'catkin_cmake_args': None, 'catkin_skip_building_tests': False, 'cmake_args': None, 'cmake_clean_cache': False, 'cmake_clean_first': False, 'cmake_force_configure': False, 'cmake_target': None, 'cmake_target_skip_unavailable': False, 'install_base': '/home/rgeng/Project/install/QuadcopterController', 'merge_install': False, 'path': '/home/rgeng/Project', 'symlink_install': False, 'test_result_base': None}
[11.683s] INFO:colcon.colcon_core.executor:Executing jobs using 'parallel' executor
[11.684s] DEBUG:colcon.colcon_parallel_executor.executor.parallel:run_until_complete
[11.684s] INFO:colcon.colcon_cmake.task.cmake.build:Building CMake package in '/home/rgeng/Project'
[11.827s] INFO:colcon.colcon_core.plugin_system:Skipping extension 'colcon_core.shell.bat': Not used on non-Windows systems
[11.827s] INFO:colcon.colcon_core.shell:Skip shell extension 'powershell' for command environment: Not usable outside of PowerShell
[11.827s] DEBUG:colcon.colcon_core.shell:Skip shell extension 'dsv' for command environment
[11.974s] DEBUG:colcon.colcon_core.event_handler.log_command:Invoking command in '/home/rgeng/Project/build/QuadcopterController': /usr/bin/cmake --build /home/rgeng/Project/build/QuadcopterController -- -j12 -l12
[20.400s] DEBUG:colcon.colcon_core.event_handler.log_command:Invoked command in '/home/rgeng/Project/build/QuadcopterController' returned '2': /usr/bin/cmake --build /home/rgeng/Project/build/QuadcopterController -- -j12 -l12
[20.410s] DEBUG:colcon.colcon_parallel_executor.executor.parallel:closing loop
[20.410s] DEBUG:colcon.colcon_parallel_executor.executor.parallel:loop closed
[20.410s] DEBUG:colcon.colcon_parallel_executor.executor.parallel:run_until_complete finished with '2'
[20.410s] DEBUG:colcon.colcon_core.event_reactor:joining thread
[20.530s] INFO:colcon.colcon_core.plugin_system:Skipping extension 'colcon_notification.desktop_notification.notify_send': Could not find 'notify-send'
[20.530s] INFO:colcon.colcon_core.plugin_system:Skipping extension 'colcon_notification.desktop_notification.terminal_notifier': Not used on non-Darwin systems
[20.530s] INFO:colcon.colcon_core.plugin_system:Skipping extension 'colcon_notification.desktop_notification.win32': Not used on non-Windows systems
[20.530s] INFO:colcon.colcon_notification.desktop_notification:Sending desktop notification using 'notify2'
[20.530s] DEBUG:colcon.colcon_notification.desktop_notification.notify2:Failed to initialize notify2: org.freedesktop.DBus.Error.FileNotFound: Failed to connect to socket /run/user/1000/bus: No such file or directory
[20.530s] DEBUG:colcon.colcon_core.event_reactor:joined thread
[20.530s] INFO:colcon.colcon_core.shell:Creating prefix script '/home/rgeng/Project/install/local_setup.ps1'
[20.580s] INFO:colcon.colcon_core.shell:Creating prefix util module '/home/rgeng/Project/install/_local_setup_util_ps1.py'
[20.588s] INFO:colcon.colcon_core.shell:Creating prefix chain script '/home/rgeng/Project/install/setup.ps1'
[20.589s] INFO:colcon.colcon_core.shell:Creating prefix script '/home/rgeng/Project/install/local_setup.sh'
[20.591s] INFO:colcon.colcon_core.shell:Creating prefix util module '/home/rgeng/Project/install/_local_setup_util_sh.py'
[20.591s] INFO:colcon.colcon_core.shell:Creating prefix chain script '/home/rgeng/Project/install/setup.sh'
[20.593s] INFO:colcon.colcon_core.shell:Creating prefix script '/home/rgeng/Project/install/local_setup.bash'
[20.603s] INFO:colcon.colcon_core.shell:Creating prefix chain script '/home/rgeng/Project/install/setup.bash'
[20.604s] INFO:colcon.colcon_core.shell:Creating prefix script '/home/rgeng/Project/install/local_setup.zsh'
[20.612s] INFO:colcon.colcon_core.shell:Creating prefix chain script '/home/rgeng/Project/install/setup.zsh'
