[0.008s] Invoking command in '/home/rgeng/Project/build/QuadcopterController': /usr/bin/cmake --build /home/rgeng/Project/build/QuadcopterController -- -j12 -l12
[0.030s] -- Looking for ignition-math6 -- found version 6.15.1
[0.034s] -- Searching for dependencies of ignition-math6
[0.038s] [33mCMake Warning (dev) at /usr/share/cmake-3.22/Modules/FindPackageHandleStandardArgs.cmake:438 (message):
[0.038s]   The package name passed to `find_package_handle_standard_args` (PkgConfig)
[0.038s]   does not match the name of the calling package (gazebo).  This can lead to
[0.038s]   problems in calling code that expects `find_package` result variables
[0.038s]   (e.g., `_FOUND`) to follow a certain pattern.
[0.038s] Call Stack (most recent call first):
[0.038s]   /usr/share/cmake-3.22/Modules/FindPkgConfig.cmake:99 (find_package_handle_standard_args)
[0.038s]   /usr/lib/x86_64-linux-gnu/cmake/gazebo/gazebo-config.cmake:72 (include)
[0.038s]   CMakeLists.txt:6 (find_package)
[0.038s] This warning is for project developers.  Use -Wno-dev to suppress it.
[0.038s] [0m
[0.057s] -- Found DART: /usr/include (Required is at least version "6.6") found components: dart 
[0.111s] -- Looking for ignition-math6 -- found version 6.15.1
[0.112s] -- Looking for OGRE...
[0.115s] -- Found Ogre Ghadamon (1.9.0)
[0.115s] -- Found OGRE: optimized;/usr/lib/x86_64-linux-gnu/libOgreMain.so;debug;/usr/lib/x86_64-linux-gnu/libOgreMain.so
[0.121s] -- Looking for OGRE_Paging...
[0.121s] -- Found OGRE_Paging: optimized;/usr/lib/x86_64-linux-gnu/libOgrePaging.so;debug;/usr/lib/x86_64-linux-gnu/libOgrePaging.so
[0.122s] -- Looking for OGRE_Terrain...
[0.122s] -- Found OGRE_Terrain: optimized;/usr/lib/x86_64-linux-gnu/libOgreTerrain.so;debug;/usr/lib/x86_64-linux-gnu/libOgreTerrain.so
[0.122s] -- Looking for OGRE_Property...
[0.122s] -- Found OGRE_Property: optimized;/usr/lib/x86_64-linux-gnu/libOgreProperty.so;debug;/usr/lib/x86_64-linux-gnu/libOgreProperty.so
[0.122s] -- Looking for OGRE_RTShaderSystem...
[0.122s] -- Found OGRE_RTShaderSystem: optimized;/usr/lib/x86_64-linux-gnu/libOgreRTShaderSystem.so;debug;/usr/lib/x86_64-linux-gnu/libOgreRTShaderSystem.so
[0.122s] -- Looking for OGRE_Volume...
[0.122s] -- Found OGRE_Volume: optimized;/usr/lib/x86_64-linux-gnu/libOgreVolume.so;debug;/usr/lib/x86_64-linux-gnu/libOgreVolume.so
[0.122s] -- Looking for OGRE_Overlay...
[0.122s] -- Found OGRE_Overlay: optimized;/usr/lib/x86_64-linux-gnu/libOgreOverlay.so;debug;/usr/lib/x86_64-linux-gnu/libOgreOverlay.so
[6.534s] -- Looking for ignition-math6 -- found version 6.15.1
[6.534s] -- Looking for ignition-transport8 -- found version 8.2.1
[6.534s] -- Searching for dependencies of ignition-transport8
[7.066s] -- Found Protobuf: /usr/lib/x86_64-linux-gnu/libprotobuf.so (found suitable version "3.12.4", minimum required is "3") 
[7.575s] -- Config-file not installed for ZeroMQ -- checking for pkg-config
[7.578s] -- Checking for module 'libzmq >= 4'
[7.585s] --   Found libzmq , version 4.3.4
[7.608s] -- Checking for module 'uuid'
[7.614s] --   Found uuid, version 2.37.2
[7.631s] -- Looking for ignition-msgs5 -- found version 5.8.1
[7.632s] -- Searching for dependencies of ignition-msgs5
[8.135s] -- Looking for ignition-math6 -- found version 6.15.1
[8.138s] -- Checking for module 'tinyxml2'
[8.145s] --   Found tinyxml2, version 9.0.0
[8.162s] -- Looking for ignition-msgs5 -- found version 5.8.1
[8.163s] -- Looking for ignition-common3 -- found version 3.14.0
[8.163s] -- Searching for dependencies of ignition-common3
[8.163s] -- Looking for dlfcn.h - found
[8.163s] -- Looking for libdl - found
[8.195s] -- Searching for <ignition-common3> component [graphics]
[8.196s] -- Looking for ignition-common3-graphics -- found version 3.14.0
[8.196s] -- Searching for dependencies of ignition-common3-graphics
[8.196s] -- Looking for ignition-math6 -- found version 6.15.1
[8.197s] -- Looking for ignition-fuel_tools4 -- found version 4.4.0
[8.197s] -- Searching for dependencies of ignition-fuel_tools4
[8.770s] -- Checking for module 'jsoncpp'
[8.777s] --   Found jsoncpp, version 1.9.5
[8.798s] -- Checking for module 'libzip'
[8.805s] --   Found libzip, version 1.7.3
[8.823s] -- Looking for ignition-common3 -- found version 3.14.0
[8.823s] -- Looking for ignition-math6 -- found version 6.15.1
[8.824s] -- Looking for ignition-msgs5 -- found version 5.8.1
[8.828s] -- Configuring done
[8.862s] -- Generating done
[8.866s] -- Build files have been written to: /home/rgeng/Project/build/QuadcopterController
[8.885s] [35m[1mConsolidate compiler generated dependencies of target OBJECTS[0m
[8.891s] [35m[1mConsolidate compiler generated dependencies of target CONTROLLER_LIB[0m
[8.892s] [ 15%] Built target OBJECTS
[8.947s] [ 53%] Built target CONTROLLER_LIB
[8.953s] [35m[1mConsolidate compiler generated dependencies of target MOTOR_CONTROLLER_LIB[0m
[8.954s] [35m[1mConsolidate compiler generated dependencies of target DATABASE_LIB[0m
[8.959s] [ 69%] Built target MOTOR_CONTROLLER_LIB
[8.985s] [ 84%] Built target DATABASE_LIB
[8.992s] [35m[1mConsolidate compiler generated dependencies of target QuadcopterController[0m
[9.024s] [ 92%] [32m[1mLinking CXX executable QuadcopterController[0m
[9.187s] /usr/bin/ld: CMakeFiles/QuadcopterController.dir/main.cpp.o: undefined reference to symbol '_ZN3tbb6detail2r114notify_waitersEm'
[9.187s] /usr/bin/ld: /lib/x86_64-linux-gnu/libtbb.so.12: error adding symbols: DSO missing from command line
[9.190s] collect2: error: ld returned 1 exit status
[9.192s] gmake[2]: *** [src/CMakeFiles/QuadcopterController.dir/build.make:171: src/QuadcopterController] Error 1
[9.192s] gmake[1]: *** [CMakeFiles/Makefile2:172: src/CMakeFiles/QuadcopterController.dir/all] Error 2
[9.192s] gmake: *** [Makefile:91: all] Error 2
[9.194s] Invoked command in '/home/rgeng/Project/build/QuadcopterController' returned '2': /usr/bin/cmake --build /home/rgeng/Project/build/QuadcopterController -- -j12 -l12
