[ 15%] Built target OBJECTS
[35m[1mConsolidate compiler generated dependencies of target CONTROLLER_LIB[0m
[ 23%] [32mBuilding CXX object src/controller/CMakeFiles/CONTROLLER_LIB.dir/base.cpp.o[0m
[ 30%] [32mBuilding CXX object src/controller/CMakeFiles/CONTROLLER_LIB.dir/LQR.cpp.o[0m
[ 38%] [32mBuilding CXX object src/controller/CMakeFiles/CONTROLLER_LIB.dir/PID.cpp.o[0m
[ 46%] [32mBuilding CXX object src/controller/CMakeFiles/CONTROLLER_LIB.dir/PolePlacement.cpp.o[0m
In file included from [01m[K/home/rgeng/Project/include/controller/base.hpp:5[m[K,
                 from [01m[K/home/rgeng/Project/include/controller/LQR.hpp:4[m[K,
                 from [01m[K/home/rgeng/Project/src/controller/LQR.cpp:1[m[K:
[01m[K/home/rgeng/Project/include/publishers/msgPublisher.hpp:[m[K In constructor ‘[01m[Kpublishers::msgPublisher<T>::msgPublisher(gazebo::transport::NodePtr&)[m[K’:
[01m[K/home/rgeng/Project/include/publishers/msgPublisher.hpp:18:17:[m[K [01;31m[Kerror: [m[K‘[01m[Kgazebo::client[m[K’ has not been declared
   18 |         gazebo::[01;31m[Kclient[m[K::setup();
      |                 [01;31m[K^~~~~~[m[K
[01m[K/home/rgeng/Project/include/publishers/msgPublisher.hpp:19:15:[m[K [01;31m[Kerror: [m[K‘[01m[Kclass gazebo::transport::Publisher[m[K’ has no member named ‘[01m[KInit[m[K’
   19 |         mPub->[01;31m[KInit[m[K();
      |               [01;31m[K^~~~[m[K
In file included from [01m[K/home/rgeng/Project/include/controller/base.hpp:5[m[K,
                 from [01m[K/home/rgeng/Project/include/controller/PolePlacement.hpp:4[m[K,
                 from [01m[K/home/rgeng/Project/src/controller/PolePlacement.cpp:1[m[K:
[01m[K/home/rgeng/Project/include/publishers/msgPublisher.hpp:[m[K In constructor ‘[01m[Kpublishers::msgPublisher<T>::msgPublisher(gazebo::transport::NodePtr&)[m[K’:
[01m[K/home/rgeng/Project/include/publishers/msgPublisher.hpp:18:17:[m[K [01;31m[Kerror: [m[K‘[01m[Kgazebo::client[m[K’ has not been declared
   18 |         gazebo::[01;31m[Kclient[m[K::setup();
      |                 [01;31m[K^~~~~~[m[K
[01m[K/home/rgeng/Project/include/publishers/msgPublisher.hpp:19:15:[m[K [01;31m[Kerror: [m[K‘[01m[Kclass gazebo::transport::Publisher[m[K’ has no member named ‘[01m[KInit[m[K’
   19 |         mPub->[01;31m[KInit[m[K();
      |               [01;31m[K^~~~[m[K
[01m[K/home/rgeng/Project/include/publishers/msgPublisher.hpp:20:16:[m[K [01;31m[Kerror: [m[K‘[01m[KmNode[m[K’ was not declared in this scope
   20 |         mPub = [01;31m[KmNode[m[K.Advertise<T>(inTopic);
      |                [01;31m[K^~~~~[m[K
[01m[K/home/rgeng/Project/include/publishers/msgPublisher.hpp:20:33:[m[K [01;31m[Kerror: [m[Kexpected primary-expression before ‘[01m[K>[m[K’ token
   20 |         mPub = mNode.Advertise<T[01;31m[K>[m[K(inTopic);
      |                                 [01;31m[K^[m[K
[01m[K/home/rgeng/Project/include/publishers/msgPublisher.hpp:20:16:[m[K [01;31m[Kerror: [m[K‘[01m[KmNode[m[K’ was not declared in this scope
   20 |         mPub = [01;31m[KmNode[m[K.Advertise<T>(inTopic);
      |                [01;31m[K^~~~~[m[K
[01m[K/home/rgeng/Project/include/publishers/msgPublisher.hpp:20:33:[m[K [01;31m[Kerror: [m[Kexpected primary-expression before ‘[01m[K>[m[K’ token
   20 |         mPub = mNode.Advertise<T[01;31m[K>[m[K(inTopic);
      |                                 [01;31m[K^[m[K
In file included from [01m[K/home/rgeng/Project/include/controller/base.hpp:5[m[K,
                 from [01m[K/home/rgeng/Project/include/controller/PID.hpp:4[m[K,
                 from [01m[K/home/rgeng/Project/src/controller/PID.cpp:1[m[K:
[01m[K/home/rgeng/Project/include/publishers/msgPublisher.hpp:[m[K In constructor ‘[01m[Kpublishers::msgPublisher<T>::msgPublisher(gazebo::transport::NodePtr&)[m[K’:
[01m[K/home/rgeng/Project/include/publishers/msgPublisher.hpp:18:17:[m[K [01;31m[Kerror: [m[K‘[01m[Kgazebo::client[m[K’ has not been declared
   18 |         gazebo::[01;31m[Kclient[m[K::setup();
      |                 [01;31m[K^~~~~~[m[K
[01m[K/home/rgeng/Project/include/publishers/msgPublisher.hpp:19:15:[m[K [01;31m[Kerror: [m[K‘[01m[Kclass gazebo::transport::Publisher[m[K’ has no member named ‘[01m[KInit[m[K’
   19 |         mPub->[01;31m[KInit[m[K();
      |               [01;31m[K^~~~[m[K
In file included from [01m[K/home/rgeng/Project/include/controller/base.hpp:5[m[K,
                 from [01m[K/home/rgeng/Project/src/controller/base.cpp:1[m[K:
[01m[K/home/rgeng/Project/include/publishers/msgPublisher.hpp:[m[K In constructor ‘[01m[Kpublishers::msgPublisher<T>::msgPublisher(gazebo::transport::NodePtr&)[m[K’:
[01m[K/home/rgeng/Project/include/publishers/msgPublisher.hpp:18:17:[m[K [01;31m[Kerror: [m[K‘[01m[Kgazebo::client[m[K’ has not been declared
   18 |         gazebo::[01;31m[Kclient[m[K::setup();
      |                 [01;31m[K^~~~~~[m[K
[01m[K/home/rgeng/Project/include/publishers/msgPublisher.hpp:19:15:[m[K [01;31m[Kerror: [m[K‘[01m[Kclass gazebo::transport::Publisher[m[K’ has no member named ‘[01m[KInit[m[K’
   19 |         mPub->[01;31m[KInit[m[K();
      |               [01;31m[K^~~~[m[K
[01m[K/home/rgeng/Project/include/publishers/msgPublisher.hpp:20:35:[m[K [01;31m[Kerror: [m[K‘[01m[KinTopic[m[K’ was not declared in this scope
   20 |         mPub = mNode.Advertise<T>([01;31m[KinTopic[m[K);
      |                                   [01;31m[K^~~~~~~[m[K
[01m[K/home/rgeng/Project/include/publishers/msgPublisher.hpp:20:35:[m[K [01;31m[Kerror: [m[K‘[01m[KinTopic[m[K’ was not declared in this scope
   20 |         mPub = mNode.Advertise<T>([01;31m[KinTopic[m[K);
      |                                   [01;31m[K^~~~~~~[m[K
[01m[K/home/rgeng/Project/include/publishers/msgPublisher.hpp:20:16:[m[K [01;31m[Kerror: [m[K‘[01m[KmNode[m[K’ was not declared in this scope
   20 |         mPub = [01;31m[KmNode[m[K.Advertise<T>(inTopic);
      |                [01;31m[K^~~~~[m[K
[01m[K/home/rgeng/Project/include/publishers/msgPublisher.hpp:20:33:[m[K [01;31m[Kerror: [m[Kexpected primary-expression before ‘[01m[K>[m[K’ token
   20 |         mPub = mNode.Advertise<T[01;31m[K>[m[K(inTopic);
      |                                 [01;31m[K^[m[K
[01m[K/home/rgeng/Project/include/publishers/msgPublisher.hpp:20:16:[m[K [01;31m[Kerror: [m[K‘[01m[KmNode[m[K’ was not declared in this scope
   20 |         mPub = [01;31m[KmNode[m[K.Advertise<T>(inTopic);
      |                [01;31m[K^~~~~[m[K
[01m[K/home/rgeng/Project/include/publishers/msgPublisher.hpp:20:33:[m[K [01;31m[Kerror: [m[Kexpected primary-expression before ‘[01m[K>[m[K’ token
   20 |         mPub = mNode.Advertise<T[01;31m[K>[m[K(inTopic);
      |                                 [01;31m[K^[m[K
[01m[K/home/rgeng/Project/include/publishers/msgPublisher.hpp:20:35:[m[K [01;31m[Kerror: [m[K‘[01m[KinTopic[m[K’ was not declared in this scope
   20 |         mPub = mNode.Advertise<T>([01;31m[KinTopic[m[K);
      |                                   [01;31m[K^~~~~~~[m[K
[01m[K/home/rgeng/Project/include/publishers/msgPublisher.hpp:20:35:[m[K [01;31m[Kerror: [m[K‘[01m[KinTopic[m[K’ was not declared in this scope
   20 |         mPub = mNode.Advertise<T>([01;31m[KinTopic[m[K);
      |                                   [01;31m[K^~~~~~~[m[K
/home/rgeng/Project/include/publishers/msgPublisher.hpp: In instantiation of ‘[01m[Kvoid publishers::msgPublisher<T>::publishMessage(const T&) [with T = gazebo::msgs::Cessna][m[K’:
[01m[K/home/rgeng/Project/src/controller/base.cpp:21:37:[m[K   required from here
[01m[K/home/rgeng/Project/include/publishers/msgPublisher.hpp:24:26:[m[K [01;31m[Kerror: [m[Kcould not convert ‘[01m[K((publishers::msgPublisher<gazebo::msgs::Cessna>*)this)->publishers::msgPublisher<gazebo::msgs::Cessna>::mPub.boost::shared_ptr<gazebo::transport::Publisher>::operator->()->gazebo::transport::Publisher::Publish<gazebo::msgs::Cessna>(gazebo::msgs::Cessna((* & inMsg)), 0)[m[K’ from ‘[01m[Kvoid[m[K’ to ‘[01m[Kbool[m[K’
   24 |         if(![01;31m[KmPub->Publish(inMsg)[m[K)
      |             [01;31m[K~~~~~~~~~~~~~^~~~~~~[m[K
      |                          [01;31m[K|[m[K
      |                          [01;31m[Kvoid[m[K
[01m[K/home/rgeng/Project/include/publishers/msgPublisher.hpp:24:26:[m[K [01;31m[Kerror: [m[Kin argument to unary !
gmake[2]: *** [src/controller/CMakeFiles/CONTROLLER_LIB.dir/build.make:118: src/controller/CMakeFiles/CONTROLLER_LIB.dir/PolePlacement.cpp.o] Error 1
gmake[2]: *** Waiting for unfinished jobs....
gmake[2]: *** [src/controller/CMakeFiles/CONTROLLER_LIB.dir/build.make:90: src/controller/CMakeFiles/CONTROLLER_LIB.dir/LQR.cpp.o] Error 1
gmake[2]: *** [src/controller/CMakeFiles/CONTROLLER_LIB.dir/build.make:76: src/controller/CMakeFiles/CONTROLLER_LIB.dir/base.cpp.o] Error 1
gmake[2]: *** [src/controller/CMakeFiles/CONTROLLER_LIB.dir/build.make:104: src/controller/CMakeFiles/CONTROLLER_LIB.dir/PID.cpp.o] Error 1
gmake[1]: *** [CMakeFiles/Makefile2:198: src/controller/CMakeFiles/CONTROLLER_LIB.dir/all] Error 2
gmake: *** [Makefile:91: all] Error 2
