[0.011s] Invoking command in '/home/rgeng/Project/build/QuadcopterController': /usr/bin/cmake --build /home/rgeng/Project/build/QuadcopterController -- -j12 -l12
[0.058s] [ 15%] Built target OBJECTS
[0.069s] [35m[1mConsolidate compiler generated dependencies of target CONTROLLER_LIB[0m
[0.135s] [ 23%] [32mBuilding CXX object src/controller/CMakeFiles/CONTROLLER_LIB.dir/base.cpp.o[0m
[0.136s] [ 30%] [32mBuilding CXX object src/controller/CMakeFiles/CONTROLLER_LIB.dir/LQR.cpp.o[0m
[0.138s] [ 38%] [32mBuilding CXX object src/controller/CMakeFiles/CONTROLLER_LIB.dir/PID.cpp.o[0m
[0.139s] [ 46%] [32mBuilding CXX object src/controller/CMakeFiles/CONTROLLER_LIB.dir/PolePlacement.cpp.o[0m
[6.790s] In file included from [01m[K/home/rgeng/Project/include/controller/base.hpp:5[m[K,
[6.790s]                  from [01m[K/home/rgeng/Project/include/controller/LQR.hpp:4[m[K,
[6.790s]                  from [01m[K/home/rgeng/Project/src/controller/LQR.cpp:1[m[K:
[6.790s] [01m[K/home/rgeng/Project/include/publishers/msgPublisher.hpp:[m[K In constructor ‘[01m[Kpublishers::msgPublisher<T>::msgPublisher(gazebo::transport::NodePtr&)[m[K’:
[6.790s] [01m[K/home/rgeng/Project/include/publishers/msgPublisher.hpp:18:17:[m[K [01;31m[Kerror: [m[K‘[01m[Kgazebo::client[m[K’ has not been declared
[6.790s]    18 |         gazebo::[01;31m[Kclient[m[K::setup();
[6.790s]       |                 [01;31m[K^~~~~~[m[K
[6.790s] [01m[K/home/rgeng/Project/include/publishers/msgPublisher.hpp:19:15:[m[K [01;31m[Kerror: [m[K‘[01m[Kclass gazebo::transport::Publisher[m[K’ has no member named ‘[01m[KInit[m[K’
[6.791s]    19 |         mPub->[01;31m[KInit[m[K();
[6.791s]       |               [01;31m[K^~~~[m[K
[6.791s] In file included from [01m[K/home/rgeng/Project/include/controller/base.hpp:5[m[K,
[6.791s]                  from [01m[K/home/rgeng/Project/include/controller/PolePlacement.hpp:4[m[K,
[6.792s]                  from [01m[K/home/rgeng/Project/src/controller/PolePlacement.cpp:1[m[K:
[6.792s] [01m[K/home/rgeng/Project/include/publishers/msgPublisher.hpp:[m[K In constructor ‘[01m[Kpublishers::msgPublisher<T>::msgPublisher(gazebo::transport::NodePtr&)[m[K’:
[6.792s] [01m[K/home/rgeng/Project/include/publishers/msgPublisher.hpp:18:17:[m[K [01;31m[Kerror: [m[K‘[01m[Kgazebo::client[m[K’ has not been declared
[6.792s]    18 |         gazebo::[01;31m[Kclient[m[K::setup();
[6.792s]       |                 [01;31m[K^~~~~~[m[K
[6.792s] [01m[K/home/rgeng/Project/include/publishers/msgPublisher.hpp:19:15:[m[K [01;31m[Kerror: [m[K‘[01m[Kclass gazebo::transport::Publisher[m[K’ has no member named ‘[01m[KInit[m[K’
[6.792s]    19 |         mPub->[01;31m[KInit[m[K();
[6.792s]       |               [01;31m[K^~~~[m[K
[6.815s] [01m[K/home/rgeng/Project/include/publishers/msgPublisher.hpp:20:16:[m[K [01;31m[Kerror: [m[K‘[01m[KmNode[m[K’ was not declared in this scope
[6.815s]    20 |         mPub = [01;31m[KmNode[m[K.Advertise<T>(inTopic);
[6.815s]       |                [01;31m[K^~~~~[m[K
[6.815s] [01m[K/home/rgeng/Project/include/publishers/msgPublisher.hpp:20:33:[m[K [01;31m[Kerror: [m[Kexpected primary-expression before ‘[01m[K>[m[K’ token
[6.815s]    20 |         mPub = mNode.Advertise<T[01;31m[K>[m[K(inTopic);
[6.816s]       |                                 [01;31m[K^[m[K
[6.816s] [01m[K/home/rgeng/Project/include/publishers/msgPublisher.hpp:20:16:[m[K [01;31m[Kerror: [m[K‘[01m[KmNode[m[K’ was not declared in this scope
[6.816s]    20 |         mPub = [01;31m[KmNode[m[K.Advertise<T>(inTopic);
[6.817s]       |                [01;31m[K^~~~~[m[K
[6.817s] [01m[K/home/rgeng/Project/include/publishers/msgPublisher.hpp:20:33:[m[K [01;31m[Kerror: [m[Kexpected primary-expression before ‘[01m[K>[m[K’ token
[6.817s]    20 |         mPub = mNode.Advertise<T[01;31m[K>[m[K(inTopic);
[6.817s]       |                                 [01;31m[K^[m[K
[6.847s] In file included from [01m[K/home/rgeng/Project/include/controller/base.hpp:5[m[K,
[6.847s]                  from [01m[K/home/rgeng/Project/include/controller/PID.hpp:4[m[K,
[6.847s]                  from [01m[K/home/rgeng/Project/src/controller/PID.cpp:1[m[K:
[6.847s] [01m[K/home/rgeng/Project/include/publishers/msgPublisher.hpp:[m[K In constructor ‘[01m[Kpublishers::msgPublisher<T>::msgPublisher(gazebo::transport::NodePtr&)[m[K’:
[6.847s] [01m[K/home/rgeng/Project/include/publishers/msgPublisher.hpp:18:17:[m[K [01;31m[Kerror: [m[K‘[01m[Kgazebo::client[m[K’ has not been declared
[6.848s]    18 |         gazebo::[01;31m[Kclient[m[K::setup();
[6.848s]       |                 [01;31m[K^~~~~~[m[K
[6.848s] [01m[K/home/rgeng/Project/include/publishers/msgPublisher.hpp:19:15:[m[K [01;31m[Kerror: [m[K‘[01m[Kclass gazebo::transport::Publisher[m[K’ has no member named ‘[01m[KInit[m[K’
[6.848s]    19 |         mPub->[01;31m[KInit[m[K();
[6.848s]       |               [01;31m[K^~~~[m[K
[6.853s] In file included from [01m[K/home/rgeng/Project/include/controller/base.hpp:5[m[K,
[6.854s]                  from [01m[K/home/rgeng/Project/src/controller/base.cpp:1[m[K:
[6.854s] [01m[K/home/rgeng/Project/include/publishers/msgPublisher.hpp:[m[K In constructor ‘[01m[Kpublishers::msgPublisher<T>::msgPublisher(gazebo::transport::NodePtr&)[m[K’:
[6.854s] [01m[K/home/rgeng/Project/include/publishers/msgPublisher.hpp:18:17:[m[K [01;31m[Kerror: [m[K‘[01m[Kgazebo::client[m[K’ has not been declared
[6.854s]    18 |         gazebo::[01;31m[Kclient[m[K::setup();
[6.854s]       |                 [01;31m[K^~~~~~[m[K
[6.854s] [01m[K/home/rgeng/Project/include/publishers/msgPublisher.hpp:19:15:[m[K [01;31m[Kerror: [m[K‘[01m[Kclass gazebo::transport::Publisher[m[K’ has no member named ‘[01m[KInit[m[K’
[6.854s]    19 |         mPub->[01;31m[KInit[m[K();
[6.854s]       |               [01;31m[K^~~~[m[K
[6.854s] [01m[K/home/rgeng/Project/include/publishers/msgPublisher.hpp:20:35:[m[K [01;31m[Kerror: [m[K‘[01m[KinTopic[m[K’ was not declared in this scope
[6.854s]    20 |         mPub = mNode.Advertise<T>([01;31m[KinTopic[m[K);
[6.854s]       |                                   [01;31m[K^~~~~~~[m[K
[6.854s] [01m[K/home/rgeng/Project/include/publishers/msgPublisher.hpp:20:35:[m[K [01;31m[Kerror: [m[K‘[01m[KinTopic[m[K’ was not declared in this scope
[6.854s]    20 |         mPub = mNode.Advertise<T>([01;31m[KinTopic[m[K);
[6.854s]       |                                   [01;31m[K^~~~~~~[m[K
[6.876s] [01m[K/home/rgeng/Project/include/publishers/msgPublisher.hpp:20:16:[m[K [01;31m[Kerror: [m[K‘[01m[KmNode[m[K’ was not declared in this scope
[6.876s]    20 |         mPub = [01;31m[KmNode[m[K.Advertise<T>(inTopic);
[6.876s]       |                [01;31m[K^~~~~[m[K
[6.876s] [01m[K/home/rgeng/Project/include/publishers/msgPublisher.hpp:20:33:[m[K [01;31m[Kerror: [m[Kexpected primary-expression before ‘[01m[K>[m[K’ token
[6.876s]    20 |         mPub = mNode.Advertise<T[01;31m[K>[m[K(inTopic);
[6.876s]       |                                 [01;31m[K^[m[K
[6.880s] [01m[K/home/rgeng/Project/include/publishers/msgPublisher.hpp:20:16:[m[K [01;31m[Kerror: [m[K‘[01m[KmNode[m[K’ was not declared in this scope
[6.880s]    20 |         mPub = [01;31m[KmNode[m[K.Advertise<T>(inTopic);
[6.880s]       |                [01;31m[K^~~~~[m[K
[6.880s] [01m[K/home/rgeng/Project/include/publishers/msgPublisher.hpp:20:33:[m[K [01;31m[Kerror: [m[Kexpected primary-expression before ‘[01m[K>[m[K’ token
[6.880s]    20 |         mPub = mNode.Advertise<T[01;31m[K>[m[K(inTopic);
[6.880s]       |                                 [01;31m[K^[m[K
[6.901s] [01m[K/home/rgeng/Project/include/publishers/msgPublisher.hpp:20:35:[m[K [01;31m[Kerror: [m[K‘[01m[KinTopic[m[K’ was not declared in this scope
[6.901s]    20 |         mPub = mNode.Advertise<T>([01;31m[KinTopic[m[K);
[6.901s]       |                                   [01;31m[K^~~~~~~[m[K
[6.903s] [01m[K/home/rgeng/Project/include/publishers/msgPublisher.hpp:20:35:[m[K [01;31m[Kerror: [m[K‘[01m[KinTopic[m[K’ was not declared in this scope
[6.903s]    20 |         mPub = mNode.Advertise<T>([01;31m[KinTopic[m[K);
[6.903s]       |                                   [01;31m[K^~~~~~~[m[K
[7.414s] /home/rgeng/Project/include/publishers/msgPublisher.hpp: In instantiation of ‘[01m[Kvoid publishers::msgPublisher<T>::publishMessage(const T&) [with T = gazebo::msgs::Cessna][m[K’:
[7.414s] [01m[K/home/rgeng/Project/src/controller/base.cpp:21:37:[m[K   required from here
[7.414s] [01m[K/home/rgeng/Project/include/publishers/msgPublisher.hpp:24:26:[m[K [01;31m[Kerror: [m[Kcould not convert ‘[01m[K((publishers::msgPublisher<gazebo::msgs::Cessna>*)this)->publishers::msgPublisher<gazebo::msgs::Cessna>::mPub.boost::shared_ptr<gazebo::transport::Publisher>::operator->()->gazebo::transport::Publisher::Publish<gazebo::msgs::Cessna>(gazebo::msgs::Cessna((* & inMsg)), 0)[m[K’ from ‘[01m[Kvoid[m[K’ to ‘[01m[Kbool[m[K’
[7.414s]    24 |         if(![01;31m[KmPub->Publish(inMsg)[m[K)
[7.414s]       |             [01;31m[K~~~~~~~~~~~~~^~~~~~~[m[K
[7.414s]       |                          [01;31m[K|[m[K
[7.414s]       |                          [01;31m[Kvoid[m[K
[7.414s] [01m[K/home/rgeng/Project/include/publishers/msgPublisher.hpp:24:26:[m[K [01;31m[Kerror: [m[Kin argument to unary !
[8.789s] gmake[2]: *** [src/controller/CMakeFiles/CONTROLLER_LIB.dir/build.make:118: src/controller/CMakeFiles/CONTROLLER_LIB.dir/PolePlacement.cpp.o] Error 1
[8.789s] gmake[2]: *** Waiting for unfinished jobs....
[8.789s] gmake[2]: *** [src/controller/CMakeFiles/CONTROLLER_LIB.dir/build.make:90: src/controller/CMakeFiles/CONTROLLER_LIB.dir/LQR.cpp.o] Error 1
[8.790s] gmake[2]: *** [src/controller/CMakeFiles/CONTROLLER_LIB.dir/build.make:76: src/controller/CMakeFiles/CONTROLLER_LIB.dir/base.cpp.o] Error 1
[8.790s] gmake[2]: *** [src/controller/CMakeFiles/CONTROLLER_LIB.dir/build.make:104: src/controller/CMakeFiles/CONTROLLER_LIB.dir/PID.cpp.o] Error 1
[8.790s] gmake[1]: *** [CMakeFiles/Makefile2:198: src/controller/CMakeFiles/CONTROLLER_LIB.dir/all] Error 2
[8.791s] gmake: *** [Makefile:91: all] Error 2
[8.794s] Invoked command in '/home/rgeng/Project/build/QuadcopterController' returned '2': /usr/bin/cmake --build /home/rgeng/Project/build/QuadcopterController -- -j12 -l12
