/usr/bin/ld: controller/libCONTROLLER_LIB.a(base.cpp.o): warning: relocation against `_ZTIN6gazebo6common9ExceptionE' in read-only section `.text._ZN6gazebo9transport12TopicManager9AdvertiseINS_4msgs6CessnaEEEN5boost10shared_ptrINS0_9PublisherEEERKNSt7__cxx1112basic_stringIcSt11char_traitsIcESaIcEEEjd[_ZN6gazebo9transport12TopicManager9AdvertiseINS_4msgs6CessnaEEEN5boost10shared_ptrINS0_9PublisherEEERKNSt7__cxx1112basic_stringIcSt11char_traitsIcESaIcEEEjd]'
/usr/bin/ld: CMakeFiles/QuadcopterController.dir/main.cpp.o: in function `main':
main.cpp:(.text+0xb0): undefined reference to `gazebo::transport::Node::Node()'
/usr/bin/ld: main.cpp:(.text+0x107): undefined reference to `gazebo::transport::Node::Init(std::__cxx11::basic_string<char, std::char_traits<char>, std::allocator<char> > const&)'
/usr/bin/ld: CMakeFiles/QuadcopterController.dir/main.cpp.o: in function `SingletonT<gazebo::common::FuelModelDatabase>::GetInstance()':
main.cpp:(.text._ZN10SingletonTIN6gazebo6common17FuelModelDatabaseEE11GetInstanceEv[_ZN10SingletonTIN6gazebo6common17FuelModelDatabaseEE11GetInstanceEv]+0x44): undefined reference to `gazebo::common::FuelModelDatabase::FuelModelDatabase()'
/usr/bin/ld: main.cpp:(.text._ZN10SingletonTIN6gazebo6common17FuelModelDatabaseEE11GetInstanceEv[_ZN10SingletonTIN6gazebo6common17FuelModelDatabaseEE11GetInstanceEv]+0x5f): undefined reference to `gazebo::common::FuelModelDatabase::~FuelModelDatabase()'
/usr/bin/ld: CMakeFiles/QuadcopterController.dir/main.cpp.o: in function `SingletonT<gazebo::common::MeshManager>::GetInstance()':
main.cpp:(.text._ZN10SingletonTIN6gazebo6common11MeshManagerEE11GetInstanceEv[_ZN10SingletonTIN6gazebo6common11MeshManagerEE11GetInstanceEv]+0x44): undefined reference to `gazebo::common::MeshManager::MeshManager()'
/usr/bin/ld: main.cpp:(.text._ZN10SingletonTIN6gazebo6common11MeshManagerEE11GetInstanceEv[_ZN10SingletonTIN6gazebo6common11MeshManagerEE11GetInstanceEv]+0x5f): undefined reference to `gazebo::common::MeshManager::~MeshManager()'
/usr/bin/ld: CMakeFiles/QuadcopterController.dir/main.cpp.o: in function `SingletonT<gazebo::common::ModelDatabase>::GetInstance()':
main.cpp:(.text._ZN10SingletonTIN6gazebo6common13ModelDatabaseEE11GetInstanceEv[_ZN10SingletonTIN6gazebo6common13ModelDatabaseEE11GetInstanceEv]+0x44): undefined reference to `gazebo::common::ModelDatabase::ModelDatabase()'
/usr/bin/ld: main.cpp:(.text._ZN10SingletonTIN6gazebo6common13ModelDatabaseEE11GetInstanceEv[_ZN10SingletonTIN6gazebo6common13ModelDatabaseEE11GetInstanceEv]+0x5f): undefined reference to `gazebo::common::ModelDatabase::~ModelDatabase()'
/usr/bin/ld: CMakeFiles/QuadcopterController.dir/main.cpp.o: in function `SingletonT<gazebo::common::SystemPaths>::GetInstance()':
main.cpp:(.text._ZN10SingletonTIN6gazebo6common11SystemPathsEE11GetInstanceEv[_ZN10SingletonTIN6gazebo6common11SystemPathsEE11GetInstanceEv]+0x44): undefined reference to `gazebo::common::SystemPaths::SystemPaths()'
/usr/bin/ld: CMakeFiles/QuadcopterController.dir/main.cpp.o: in function `gazebo::msgs::IMU::IMU()':
main.cpp:(.text._ZN6gazebo4msgs3IMUC2Ev[_ZN6gazebo4msgs3IMUC5Ev]+0x1d): undefined reference to `gazebo::msgs::IMU::IMU(google::protobuf::Arena*)'
/usr/bin/ld: CMakeFiles/QuadcopterController.dir/main.cpp.o: in function `tbb::detail::d1::wait_context::add_reference(long)':
main.cpp:(.text._ZN3tbb6detail2d112wait_context13add_referenceEl[_ZN3tbb6detail2d112wait_context13add_referenceEl]+0x70): undefined reference to `tbb::detail::r1::notify_waiters(unsigned long)'
/usr/bin/ld: CMakeFiles/QuadcopterController.dir/main.cpp.o: in function `tbb::detail::d1::execution_slot(tbb::detail::d1::execution_data const&)':
main.cpp:(.text._ZN3tbb6detail2d114execution_slotERKNS1_14execution_dataE[_ZN3tbb6detail2d114execution_slotERKNS1_14execution_dataE]+0x18): undefined reference to `tbb::detail::r1::execution_slot(tbb::detail::d1::execution_data const*)'
/usr/bin/ld: CMakeFiles/QuadcopterController.dir/main.cpp.o: in function `tbb::detail::d1::wait(tbb::detail::d1::wait_context&, tbb::detail::d1::task_group_context&)':
main.cpp:(.text._ZN3tbb6detail2d14waitERNS1_12wait_contextERNS1_18task_group_contextE[_ZN3tbb6detail2d14waitERNS1_12wait_contextERNS1_18task_group_contextE]+0x23): undefined reference to `tbb::detail::r1::wait(tbb::detail::d1::wait_context&, tbb::detail::d1::task_group_context&)'
/usr/bin/ld: CMakeFiles/QuadcopterController.dir/main.cpp.o: in function `tbb::detail::d1::task_arena::initialize()::{lambda()#1}::operator()() const':
main.cpp:(.text._ZZN3tbb6detail2d110task_arena10initializeEvENKUlvE_clEv[_ZZN3tbb6detail2d110task_arena10initializeEvENKUlvE_clEv]+0x1b): undefined reference to `tbb::detail::r1::initialize(tbb::detail::d1::task_arena_base&)'
/usr/bin/ld: CMakeFiles/QuadcopterController.dir/main.cpp.o: in function `tbb::detail::d1::task_arena::terminate()':
main.cpp:(.text._ZN3tbb6detail2d110task_arena9terminateEv[_ZN3tbb6detail2d110task_arena9terminateEv]+0x28): undefined reference to `tbb::detail::r1::terminate(tbb::detail::d1::task_arena_base&)'
/usr/bin/ld: CMakeFiles/QuadcopterController.dir/main.cpp.o: in function `tbb::detail::d1::current_thread_index()':
main.cpp:(.text._ZN3tbb6detail2d120current_thread_indexEv[_ZN3tbb6detail2d120current_thread_indexEv]+0x12): undefined reference to `tbb::detail::r1::execution_slot(tbb::detail::d1::execution_data const*)'
/usr/bin/ld: CMakeFiles/QuadcopterController.dir/main.cpp.o: in function `tbb::detail::d1::task_group_context::~task_group_context()':
main.cpp:(.text._ZN3tbb6detail2d118task_group_contextD2Ev[_ZN3tbb6detail2d118task_group_contextD5Ev]+0x18): undefined reference to `tbb::detail::r1::destroy(tbb::detail::d1::task_group_context&)'
/usr/bin/ld: CMakeFiles/QuadcopterController.dir/main.cpp.o: in function `tbb::detail::d1::task_group_context::reset()':
main.cpp:(.text._ZN3tbb6detail2d118task_group_context5resetEv[_ZN3tbb6detail2d118task_group_context5resetEv]+0x20): undefined reference to `tbb::detail::r1::reset(tbb::detail::d1::task_group_context&)'
/usr/bin/ld: CMakeFiles/QuadcopterController.dir/main.cpp.o: in function `tbb::detail::d1::task_group_context::is_group_execution_cancelled()':
main.cpp:(.text._ZN3tbb6detail2d118task_group_context28is_group_execution_cancelledEv[_ZN3tbb6detail2d118task_group_context28is_group_execution_cancelledEv]+0x20): undefined reference to `tbb::detail::r1::is_group_execution_cancelled(tbb::detail::d1::task_group_context&)'
/usr/bin/ld: CMakeFiles/QuadcopterController.dir/main.cpp.o: in function `tbb::detail::d1::graph::~graph()':
main.cpp:(.text._ZN3tbb6detail2d15graphD2Ev[_ZN3tbb6detail2d15graphD5Ev]+0x53): undefined reference to `tbb::detail::r1::cache_aligned_deallocate(void*)'
/usr/bin/ld: CMakeFiles/QuadcopterController.dir/main.cpp.o: in function `SingletonT<gazebo::transport::ConnectionManager>::GetInstance()':
main.cpp:(.text._ZN10SingletonTIN6gazebo9transport17ConnectionManagerEE11GetInstanceEv[_ZN10SingletonTIN6gazebo9transport17ConnectionManagerEE11GetInstanceEv]+0x44): undefined reference to `gazebo::transport::ConnectionManager::ConnectionManager()'
/usr/bin/ld: main.cpp:(.text._ZN10SingletonTIN6gazebo9transport17ConnectionManagerEE11GetInstanceEv[_ZN10SingletonTIN6gazebo9transport17ConnectionManagerEE11GetInstanceEv]+0x5f): undefined reference to `gazebo::transport::ConnectionManager::~ConnectionManager()'
/usr/bin/ld: CMakeFiles/QuadcopterController.dir/main.cpp.o: in function `SingletonT<gazebo::transport::TopicManager>::GetInstance()':
main.cpp:(.text._ZN10SingletonTIN6gazebo9transport12TopicManagerEE11GetInstanceEv[_ZN10SingletonTIN6gazebo9transport12TopicManagerEE11GetInstanceEv]+0x44): undefined reference to `gazebo::transport::TopicManager::TopicManager()'
/usr/bin/ld: main.cpp:(.text._ZN10SingletonTIN6gazebo9transport12TopicManagerEE11GetInstanceEv[_ZN10SingletonTIN6gazebo9transport12TopicManagerEE11GetInstanceEv]+0x5f): undefined reference to `gazebo::transport::TopicManager::~TopicManager()'
/usr/bin/ld: CMakeFiles/QuadcopterController.dir/main.cpp.o: in function `void tbb::detail::d1::small_object_allocator::deallocate<tbb::detail::d1::graph_task>(tbb::detail::d1::graph_task*, tbb::detail::d1::execution_data const&)':
main.cpp:(.text._ZN3tbb6detail2d122small_object_allocator10deallocateINS1_10graph_taskEEEvPT_RKNS1_14execution_dataE[_ZN3tbb6detail2d122small_object_allocator10deallocateINS1_10graph_taskEEEvPT_RKNS1_14execution_dataE]+0x44): undefined reference to `tbb::detail::r1::deallocate(tbb::detail::d1::small_object_pool&, void*, unsigned long, tbb::detail::d1::execution_data const&)'
/usr/bin/ld: CMakeFiles/QuadcopterController.dir/main.cpp.o: in function `subscriber::msgSubscriber<gazebo::msgs::IMU>::msgSubscriber(std::__cxx11::basic_string<char, std::char_traits<char>, std::allocator<char> > const&, boost::shared_ptr<gazebo::transport::Node>&)':
main.cpp:(.text._ZN10subscriber13msgSubscriberIN6gazebo4msgs3IMUEEC2ERKNSt7__cxx1112basic_stringIcSt11char_traitsIcESaIcEEERN5boost10shared_ptrINS1_9transport4NodeEEE[_ZN10subscriber13msgSubscriberIN6gazebo4msgs3IMUEEC5ERKNSt7__cxx1112basic_stringIcSt11char_traitsIcESaIcEEERN5boost10shared_ptrINS1_9transport4NodeEEE]+0x194): undefined reference to `gazebo::msgs::IMU::~IMU()'
/usr/bin/ld: CMakeFiles/QuadcopterController.dir/main.cpp.o: in function `gazebo::event::EventT<void (std::__cxx11::basic_string<char, std::char_traits<char>, std::allocator<char> >)>::~EventT()':
main.cpp:(.text._ZN6gazebo5event6EventTIFvNSt7__cxx1112basic_stringIcSt11char_traitsIcESaIcEEEEED2Ev[_ZN6gazebo5event6EventTIFvNSt7__cxx1112basic_stringIcSt11char_traitsIcESaIcEEEEED5Ev]+0x88): undefined reference to `gazebo::event::Event::~Event()'
/usr/bin/ld: CMakeFiles/QuadcopterController.dir/main.cpp.o: in function `void tbb::detail::d1::task_arena::execute_impl<void, tbb::detail::d1::graph::wait_for_all()::{lambda()#1}::operator()() const::{lambda()#1}>(tbb::detail::d1::graph::wait_for_all()::{lambda()#1}::operator()() const::{lambda()#1}&)':
main.cpp:(.text._ZN3tbb6detail2d110task_arena12execute_implIvZZNS1_5graph12wait_for_allEvENKUlvE_clEvEUlvE_EET_RT0_[_ZN3tbb6detail2d110task_arena12execute_implIvZZNS1_5graph12wait_for_allEvENKUlvE_clEvEUlvE_EET_RT0_]+0x52): undefined reference to `tbb::detail::r1::execute(tbb::detail::d1::task_arena_base&, tbb::detail::d1::delegate_base&)'
/usr/bin/ld: CMakeFiles/QuadcopterController.dir/main.cpp.o: in function `boost::shared_ptr<gazebo::transport::Subscriber> gazebo::transport::Node::Subscribe<gazebo::msgs::IMU, subscriber::msgSubscriber<gazebo::msgs::IMU> >(std::__cxx11::basic_string<char, std::char_traits<char>, std::allocator<char> > const&, void (subscriber::msgSubscriber<gazebo::msgs::IMU>::*)(boost::shared_ptr<gazebo::msgs::IMU const> const&), subscriber::msgSubscriber<gazebo::msgs::IMU>*, bool)':
main.cpp:(.text._ZN6gazebo9transport4Node9SubscribeINS_4msgs3IMUEN10subscriber13msgSubscriberIS4_EEEEN5boost10shared_ptrINS0_10SubscriberEEERKNSt7__cxx1112basic_stringIcSt11char_traitsIcESaIcEEEMT0_FvRKNS9_IKT_EEEPSK_b[_ZN6gazebo9transport4Node9SubscribeINS_4msgs3IMUEN10subscriber13msgSubscriberIS4_EEEEN5boost10shared_ptrINS0_10SubscriberEEERKNSt7__cxx1112basic_stringIcSt11char_traitsIcESaIcEEEMT0_FvRKNS9_IKT_EEEPSK_b]+0x85): undefined reference to `gazebo::transport::Node::DecodeTopicName(std::__cxx11::basic_string<char, std::char_traits<char>, std::allocator<char> > const&)'
/usr/bin/ld: main.cpp:(.text._ZN6gazebo9transport4Node9SubscribeINS_4msgs3IMUEN10subscriber13msgSubscriberIS4_EEEEN5boost10shared_ptrINS0_10SubscriberEEERKNSt7__cxx1112basic_stringIcSt11char_traitsIcESaIcEEEMT0_FvRKNS9_IKT_EEEPSK_b[_ZN6gazebo9transport4Node9SubscribeINS_4msgs3IMUEN10subscriber13msgSubscriberIS4_EEEEN5boost10shared_ptrINS0_10SubscriberEEERKNSt7__cxx1112basic_stringIcSt11char_traitsIcESaIcEEEMT0_FvRKNS9_IKT_EEEPSK_b]+0x205): undefined reference to `gazebo::transport::TopicManager::Subscribe(gazebo::transport::SubscribeOptions const&)'
/usr/bin/ld: main.cpp:(.text._ZN6gazebo9transport4Node9SubscribeINS_4msgs3IMUEN10subscriber13msgSubscriberIS4_EEEEN5boost10shared_ptrINS0_10SubscriberEEERKNSt7__cxx1112basic_stringIcSt11char_traitsIcESaIcEEEMT0_FvRKNS9_IKT_EEEPSK_b[_ZN6gazebo9transport4Node9SubscribeINS_4msgs3IMUEN10subscriber13msgSubscriberIS4_EEEEN5boost10shared_ptrINS0_10SubscriberEEERKNSt7__cxx1112basic_stringIcSt11char_traitsIcESaIcEEEMT0_FvRKNS9_IKT_EEEPSK_b]+0x24c): undefined reference to `gazebo::transport::CallbackHelper::GetId() const'
/usr/bin/ld: main.cpp:(.text._ZN6gazebo9transport4Node9SubscribeINS_4msgs3IMUEN10subscriber13msgSubscriberIS4_EEEEN5boost10shared_ptrINS0_10SubscriberEEERKNSt7__cxx1112basic_stringIcSt11char_traitsIcESaIcEEEMT0_FvRKNS9_IKT_EEEPSK_b[_ZN6gazebo9transport4Node9SubscribeINS_4msgs3IMUEN10subscriber13msgSubscriberIS4_EEEEN5boost10shared_ptrINS0_10SubscriberEEERKNSt7__cxx1112basic_stringIcSt11char_traitsIcESaIcEEEMT0_FvRKNS9_IKT_EEEPSK_b]+0x256): undefined reference to `gazebo::transport::Subscriber::SetCallbackId(unsigned int)'
/usr/bin/ld: CMakeFiles/QuadcopterController.dir/main.cpp.o: in function `void gazebo::transport::SubscribeOptions::Init<gazebo::msgs::IMU>(std::__cxx11::basic_string<char, std::char_traits<char>, std::allocator<char> > const&, boost::shared_ptr<gazebo::transport::Node>, bool)':
main.cpp:(.text._ZN6gazebo9transport16SubscribeOptions4InitINS_4msgs3IMUEEEvRKNSt7__cxx1112basic_stringIcSt11char_traitsIcESaIcEEEN5boost10shared_ptrINS0_4NodeEEEb[_ZN6gazebo9transport16SubscribeOptions4InitINS_4msgs3IMUEEEvRKNSt7__cxx1112basic_stringIcSt11char_traitsIcESaIcEEEN5boost10shared_ptrINS0_4NodeEEEb]+0x103): undefined reference to `gazebo::common::Exception::Exception(char const*, int, std::__cxx11::basic_string<char, std::char_traits<char>, std::allocator<char> >)'
/usr/bin/ld: main.cpp:(.text._ZN6gazebo9transport16SubscribeOptions4InitINS_4msgs3IMUEEEvRKNSt7__cxx1112basic_stringIcSt11char_traitsIcESaIcEEEN5boost10shared_ptrINS0_4NodeEEEb[_ZN6gazebo9transport16SubscribeOptions4InitINS_4msgs3IMUEEEvRKNSt7__cxx1112basic_stringIcSt11char_traitsIcESaIcEEEN5boost10shared_ptrINS0_4NodeEEEb]+0x119): undefined reference to `gazebo::common::Exception::~Exception()'
/usr/bin/ld: main.cpp:(.text._ZN6gazebo9transport16SubscribeOptions4InitINS_4msgs3IMUEEEvRKNSt7__cxx1112basic_stringIcSt11char_traitsIcESaIcEEEN5boost10shared_ptrINS0_4NodeEEEb[_ZN6gazebo9transport16SubscribeOptions4InitINS_4msgs3IMUEEEvRKNSt7__cxx1112basic_stringIcSt11char_traitsIcESaIcEEEN5boost10shared_ptrINS0_4NodeEEEb]+0x123): undefined reference to `typeinfo for gazebo::common::Exception'
/usr/bin/ld: main.cpp:(.text._ZN6gazebo9transport16SubscribeOptions4InitINS_4msgs3IMUEEEvRKNSt7__cxx1112basic_stringIcSt11char_traitsIcESaIcEEEN5boost10shared_ptrINS0_4NodeEEEb[_ZN6gazebo9transport16SubscribeOptions4InitINS_4msgs3IMUEEEvRKNSt7__cxx1112basic_stringIcSt11char_traitsIcESaIcEEEN5boost10shared_ptrINS0_4NodeEEEb]+0x1d7): undefined reference to `gazebo::msgs::IMU::~IMU()'
/usr/bin/ld: main.cpp:(.text._ZN6gazebo9transport16SubscribeOptions4InitINS_4msgs3IMUEEEvRKNSt7__cxx1112basic_stringIcSt11char_traitsIcESaIcEEEN5boost10shared_ptrINS0_4NodeEEEb[_ZN6gazebo9transport16SubscribeOptions4InitINS_4msgs3IMUEEEvRKNSt7__cxx1112basic_stringIcSt11char_traitsIcESaIcEEEN5boost10shared_ptrINS0_4NodeEEEb]+0x242): undefined reference to `gazebo::msgs::IMU::~IMU()'
/usr/bin/ld: CMakeFiles/QuadcopterController.dir/main.cpp.o: in function `gazebo::transport::CallbackHelperT<gazebo::msgs::IMU>::CallbackHelperT(boost::function<void (boost::shared_ptr<gazebo::msgs::IMU const> const&)> const&, bool)':
main.cpp:(.text._ZN6gazebo9transport15CallbackHelperTINS_4msgs3IMUEEC2ERKN5boost8functionIFvRKNS5_10shared_ptrIKS3_EEEEEb[_ZN6gazebo9transport15CallbackHelperTINS_4msgs3IMUEEC5ERKN5boost8functionIFvRKNS5_10shared_ptrIKS3_EEEEEb]+0x28): undefined reference to `gazebo::transport::CallbackHelper::CallbackHelper(bool)'
/usr/bin/ld: main.cpp:(.text._ZN6gazebo9transport15CallbackHelperTINS_4msgs3IMUEEC2ERKN5boost8functionIFvRKNS5_10shared_ptrIKS3_EEEEEb[_ZN6gazebo9transport15CallbackHelperTINS_4msgs3IMUEEC5ERKN5boost8functionIFvRKNS5_10shared_ptrIKS3_EEEEEb]+0x62): undefined reference to `gazebo::transport::CallbackHelper::~CallbackHelper()'
/usr/bin/ld: CMakeFiles/QuadcopterController.dir/main.cpp.o: in function `tbb::detail::d1::cache_aligned_allocator<tbb::detail::d1::graph_task*>::deallocate(tbb::detail::d1::graph_task**, unsigned long)':
main.cpp:(.text._ZN3tbb6detail2d123cache_aligned_allocatorIPNS1_10graph_taskEE10deallocateEPS4_m[_ZN3tbb6detail2d123cache_aligned_allocatorIPNS1_10graph_taskEE10deallocateEPS4_m]+0x20): undefined reference to `tbb::detail::r1::cache_aligned_deallocate(void*)'
/usr/bin/ld: CMakeFiles/QuadcopterController.dir/main.cpp.o: in function `gazebo::transport::CallbackHelperT<gazebo::msgs::IMU>::~CallbackHelperT()':
main.cpp:(.text._ZN6gazebo9transport15CallbackHelperTINS_4msgs3IMUEED2Ev[_ZN6gazebo9transport15CallbackHelperTINS_4msgs3IMUEED5Ev]+0x36): undefined reference to `gazebo::transport::CallbackHelper::~CallbackHelper()'
/usr/bin/ld: CMakeFiles/QuadcopterController.dir/main.cpp.o:(.data.rel.ro._ZTIN6gazebo9transport15CallbackHelperTINS_4msgs3IMUEEE[_ZTIN6gazebo9transport15CallbackHelperTINS_4msgs3IMUEEE]+0x10): undefined reference to `typeinfo for gazebo::transport::CallbackHelper'
/usr/bin/ld: CMakeFiles/QuadcopterController.dir/main.cpp.o:(.data.rel.ro._ZTIN6gazebo5event6EventTIFvNSt7__cxx1112basic_stringIcSt11char_traitsIcESaIcEEEEEE[_ZTIN6gazebo5event6EventTIFvNSt7__cxx1112basic_stringIcSt11char_traitsIcESaIcEEEEEE]+0x10): undefined reference to `typeinfo for gazebo::event::Event'
/usr/bin/ld: CMakeFiles/QuadcopterController.dir/main.cpp.o: in function `gazebo::transport::CallbackHelperT<gazebo::msgs::IMU>::GetMsgType[abi:cxx11]() const':
main.cpp:(.text._ZNK6gazebo9transport15CallbackHelperTINS_4msgs3IMUEE10GetMsgTypeB5cxx11Ev[_ZNK6gazebo9transport15CallbackHelperTINS_4msgs3IMUEE10GetMsgTypeB5cxx11Ev]+0xee): undefined reference to `gazebo::common::Exception::Exception(char const*, int, std::__cxx11::basic_string<char, std::char_traits<char>, std::allocator<char> >)'
/usr/bin/ld: main.cpp:(.text._ZNK6gazebo9transport15CallbackHelperTINS_4msgs3IMUEE10GetMsgTypeB5cxx11Ev[_ZNK6gazebo9transport15CallbackHelperTINS_4msgs3IMUEE10GetMsgTypeB5cxx11Ev]+0x104): undefined reference to `gazebo::common::Exception::~Exception()'
/usr/bin/ld: main.cpp:(.text._ZNK6gazebo9transport15CallbackHelperTINS_4msgs3IMUEE10GetMsgTypeB5cxx11Ev[_ZNK6gazebo9transport15CallbackHelperTINS_4msgs3IMUEE10GetMsgTypeB5cxx11Ev]+0x10e): undefined reference to `typeinfo for gazebo::common::Exception'
/usr/bin/ld: main.cpp:(.text._ZNK6gazebo9transport15CallbackHelperTINS_4msgs3IMUEE10GetMsgTypeB5cxx11Ev[_ZNK6gazebo9transport15CallbackHelperTINS_4msgs3IMUEE10GetMsgTypeB5cxx11Ev]+0x150): undefined reference to `gazebo::msgs::IMU::~IMU()'
/usr/bin/ld: main.cpp:(.text._ZNK6gazebo9transport15CallbackHelperTINS_4msgs3IMUEE10GetMsgTypeB5cxx11Ev[_ZNK6gazebo9transport15CallbackHelperTINS_4msgs3IMUEE10GetMsgTypeB5cxx11Ev]+0x1bc): undefined reference to `gazebo::msgs::IMU::~IMU()'
/usr/bin/ld: CMakeFiles/QuadcopterController.dir/main.cpp.o: in function `gazebo::transport::CallbackHelperT<gazebo::msgs::IMU>::HandleData(std::__cxx11::basic_string<char, std::char_traits<char>, std::allocator<char> > const&, boost::function<void (unsigned int)>, unsigned int)':
main.cpp:(.text._ZN6gazebo9transport15CallbackHelperTINS_4msgs3IMUEE10HandleDataERKNSt7__cxx1112basic_stringIcSt11char_traitsIcESaIcEEEN5boost8functionIFvjEEEj[_ZN6gazebo9transport15CallbackHelperTINS_4msgs3IMUEE10HandleDataERKNSt7__cxx1112basic_stringIcSt11char_traitsIcESaIcEEEN5boost8functionIFvjEEEj]+0x38): undefined reference to `gazebo::transport::CallbackHelper::SetLatching(bool)'
/usr/bin/ld: CMakeFiles/QuadcopterController.dir/main.cpp.o: in function `gazebo::transport::CallbackHelperT<gazebo::msgs::IMU>::HandleMessage(boost::shared_ptr<google::protobuf::Message>)':
main.cpp:(.text._ZN6gazebo9transport15CallbackHelperTINS_4msgs3IMUEE13HandleMessageEN5boost10shared_ptrIN6google8protobuf7MessageEEE[_ZN6gazebo9transport15CallbackHelperTINS_4msgs3IMUEE13HandleMessageEN5boost10shared_ptrIN6google8protobuf7MessageEEE]+0x31): undefined reference to `gazebo::transport::CallbackHelper::SetLatching(bool)'
/usr/bin/ld: CMakeFiles/QuadcopterController.dir/main.cpp.o: in function `boost::shared_ptr<gazebo::msgs::IMU> boost::dynamic_pointer_cast<gazebo::msgs::IMU, google::protobuf::Message>(boost::shared_ptr<google::protobuf::Message> const&)':
main.cpp:(.text._ZN5boost20dynamic_pointer_castIN6gazebo4msgs3IMUEN6google8protobuf7MessageEEENS_10shared_ptrIT_EERKNS7_IT0_EE[_ZN5boost20dynamic_pointer_castIN6gazebo4msgs3IMUEN6google8protobuf7MessageEEENS_10shared_ptrIT_EERKNS7_IT0_EE]+0x2d): undefined reference to `typeinfo for gazebo::msgs::IMU'
/usr/bin/ld: CMakeFiles/QuadcopterController.dir/main.cpp.o: in function `void boost::checked_delete<gazebo::msgs::IMU>(gazebo::msgs::IMU*)':
main.cpp:(.text._ZN5boost14checked_deleteIN6gazebo4msgs3IMUEEEvPT_[_ZN5boost14checked_deleteIN6gazebo4msgs3IMUEEEvPT_]+0x1d): undefined reference to `gazebo::msgs::IMU::~IMU()'
/usr/bin/ld: controller/libCONTROLLER_LIB.a(base.cpp.o): in function `controller::Base::commandVehicle()':
base.cpp:(.text+0x1b7): undefined reference to `gazebo::msgs::Cessna::~Cessna()'
/usr/bin/ld: base.cpp:(.text+0x1db): undefined reference to `gazebo::msgs::Cessna::~Cessna()'
/usr/bin/ld: controller/libCONTROLLER_LIB.a(base.cpp.o): in function `gazebo::msgs::Cessna::Cessna()':
base.cpp:(.text._ZN6gazebo4msgs6CessnaC2Ev[_ZN6gazebo4msgs6CessnaC5Ev]+0x1d): undefined reference to `gazebo::msgs::Cessna::Cessna(google::protobuf::Arena*)'
/usr/bin/ld: controller/libCONTROLLER_LIB.a(base.cpp.o): in function `gazebo::transport::TopicManager::Advertise(std::__cxx11::basic_string<char, std::char_traits<char>, std::allocator<char> > const&, std::__cxx11::basic_string<char, std::char_traits<char>, std::allocator<char> > const&, unsigned int, double)':
base.cpp:(.text._ZN6gazebo9transport12TopicManager9AdvertiseERKNSt7__cxx1112basic_stringIcSt11char_traitsIcESaIcEEES9_jd[_ZN6gazebo9transport12TopicManager9AdvertiseERKNSt7__cxx1112basic_stringIcSt11char_traitsIcESaIcEEES9_jd]+0x67): undefined reference to `gazebo::transport::TopicManager::UpdatePublications(std::__cxx11::basic_string<char, std::char_traits<char>, std::allocator<char> > const&, std::__cxx11::basic_string<char, std::char_traits<char>, std::allocator<char> > const&)'
/usr/bin/ld: base.cpp:(.text._ZN6gazebo9transport12TopicManager9AdvertiseERKNSt7__cxx1112basic_stringIcSt11char_traitsIcESaIcEEES9_jd[_ZN6gazebo9transport12TopicManager9AdvertiseERKNSt7__cxx1112basic_stringIcSt11char_traitsIcESaIcEEES9_jd]+0xaf): undefined reference to `gazebo::transport::Publisher::Publisher(std::__cxx11::basic_string<char, std::char_traits<char>, std::allocator<char> > const&, std::__cxx11::basic_string<char, std::char_traits<char>, std::allocator<char> > const&, unsigned int, double)'
/usr/bin/ld: base.cpp:(.text._ZN6gazebo9transport12TopicManager9AdvertiseERKNSt7__cxx1112basic_stringIcSt11char_traitsIcESaIcEEES9_jd[_ZN6gazebo9transport12TopicManager9AdvertiseERKNSt7__cxx1112basic_stringIcSt11char_traitsIcESaIcEEES9_jd]+0xe2): undefined reference to `gazebo::transport::TopicManager::FindPublication(std::__cxx11::basic_string<char, std::char_traits<char>, std::allocator<char> > const&)'
/usr/bin/ld: base.cpp:(.text._ZN6gazebo9transport12TopicManager9AdvertiseERKNSt7__cxx1112basic_stringIcSt11char_traitsIcESaIcEEES9_jd[_ZN6gazebo9transport12TopicManager9AdvertiseERKNSt7__cxx1112basic_stringIcSt11char_traitsIcESaIcEEES9_jd]+0x153): undefined reference to `gazebo::transport::Publication::AddPublisher(boost::shared_ptr<gazebo::transport::Publisher>)'
/usr/bin/ld: base.cpp:(.text._ZN6gazebo9transport12TopicManager9AdvertiseERKNSt7__cxx1112basic_stringIcSt11char_traitsIcESaIcEEES9_jd[_ZN6gazebo9transport12TopicManager9AdvertiseERKNSt7__cxx1112basic_stringIcSt11char_traitsIcESaIcEEES9_jd]+0x173): undefined reference to `gazebo::transport::Publication::GetLocallyAdvertised() const'
/usr/bin/ld: base.cpp:(.text._ZN6gazebo9transport12TopicManager9AdvertiseERKNSt7__cxx1112basic_stringIcSt11char_traitsIcESaIcEEES9_jd[_ZN6gazebo9transport12TopicManager9AdvertiseERKNSt7__cxx1112basic_stringIcSt11char_traitsIcESaIcEEES9_jd]+0x19b): undefined reference to `gazebo::transport::ConnectionManager::Advertise(std::__cxx11::basic_string<char, std::char_traits<char>, std::allocator<char> > const&, std::__cxx11::basic_string<char, std::char_traits<char>, std::allocator<char> > const&)'
/usr/bin/ld: base.cpp:(.text._ZN6gazebo9transport12TopicManager9AdvertiseERKNSt7__cxx1112basic_stringIcSt11char_traitsIcESaIcEEES9_jd[_ZN6gazebo9transport12TopicManager9AdvertiseERKNSt7__cxx1112basic_stringIcSt11char_traitsIcESaIcEEES9_jd]+0x1b4): undefined reference to `gazebo::transport::Publication::SetLocallyAdvertised(bool)'
/usr/bin/ld: base.cpp:(.text._ZN6gazebo9transport12TopicManager9AdvertiseERKNSt7__cxx1112basic_stringIcSt11char_traitsIcESaIcEEES9_jd[_ZN6gazebo9transport12TopicManager9AdvertiseERKNSt7__cxx1112basic_stringIcSt11char_traitsIcESaIcEEES9_jd]+0x1e8): undefined reference to `gazebo::transport::Publisher::SetPublication(boost::shared_ptr<gazebo::transport::Publication>)'
/usr/bin/ld: base.cpp:(.text._ZN6gazebo9transport12TopicManager9AdvertiseERKNSt7__cxx1112basic_stringIcSt11char_traitsIcESaIcEEES9_jd[_ZN6gazebo9transport12TopicManager9AdvertiseERKNSt7__cxx1112basic_stringIcSt11char_traitsIcESaIcEEES9_jd]+0x2ae): undefined reference to `gazebo::transport::Publication::AddSubscription(boost::shared_ptr<gazebo::transport::Node> const&)'
/usr/bin/ld: controller/libCONTROLLER_LIB.a(base.cpp.o): in function `publishers::msgPublisher<gazebo::msgs::Cessna>::publishMessage(gazebo::msgs::Cessna const&)':
base.cpp:(.text._ZN10publishers12msgPublisherIN6gazebo4msgs6CessnaEE14publishMessageERKS3_[_ZN10publishers12msgPublisherIN6gazebo4msgs6CessnaEE14publishMessageERKS3_]+0x42): undefined reference to `gazebo::msgs::Cessna::Cessna(gazebo::msgs::Cessna const&)'
/usr/bin/ld: base.cpp:(.text._ZN10publishers12msgPublisherIN6gazebo4msgs6CessnaEE14publishMessageERKS3_[_ZN10publishers12msgPublisherIN6gazebo4msgs6CessnaEE14publishMessageERKS3_]+0x62): undefined reference to `gazebo::msgs::Cessna::~Cessna()'
/usr/bin/ld: base.cpp:(.text._ZN10publishers12msgPublisherIN6gazebo4msgs6CessnaEE14publishMessageERKS3_[_ZN10publishers12msgPublisherIN6gazebo4msgs6CessnaEE14publishMessageERKS3_]+0x87): undefined reference to `gazebo::msgs::Cessna::~Cessna()'
/usr/bin/ld: controller/libCONTROLLER_LIB.a(base.cpp.o): in function `boost::shared_ptr<gazebo::transport::Publisher> gazebo::transport::Node::Advertise<gazebo::msgs::Cessna>(std::__cxx11::basic_string<char, std::char_traits<char>, std::allocator<char> > const&, unsigned int, double)':
base.cpp:(.text._ZN6gazebo9transport4Node9AdvertiseINS_4msgs6CessnaEEEN5boost10shared_ptrINS0_9PublisherEEERKNSt7__cxx1112basic_stringIcSt11char_traitsIcESaIcEEEjd[_ZN6gazebo9transport4Node9AdvertiseINS_4msgs6CessnaEEEN5boost10shared_ptrINS0_9PublisherEEERKNSt7__cxx1112basic_stringIcSt11char_traitsIcESaIcEEEjd]+0x49): undefined reference to `gazebo::transport::Node::DecodeTopicName(std::__cxx11::basic_string<char, std::char_traits<char>, std::allocator<char> > const&)'
/usr/bin/ld: base.cpp:(.text._ZN6gazebo9transport4Node9AdvertiseINS_4msgs6CessnaEEEN5boost10shared_ptrINS0_9PublisherEEERKNSt7__cxx1112basic_stringIcSt11char_traitsIcESaIcEEEjd[_ZN6gazebo9transport4Node9AdvertiseINS_4msgs6CessnaEEEN5boost10shared_ptrINS0_9PublisherEEERKNSt7__cxx1112basic_stringIcSt11char_traitsIcESaIcEEEjd]+0xc2): undefined reference to `gazebo::transport::Publisher::SetNode(boost::shared_ptr<gazebo::transport::Node>)'
/usr/bin/ld: controller/libCONTROLLER_LIB.a(base.cpp.o): in function `void gazebo::transport::Publisher::Publish<gazebo::msgs::Cessna>(gazebo::msgs::Cessna, bool)':
base.cpp:(.text._ZN6gazebo9transport9Publisher7PublishINS_4msgs6CessnaEEEvT_b[_ZN6gazebo9transport9Publisher7PublishINS_4msgs6CessnaEEEvT_b]+0x2c): undefined reference to `gazebo::transport::Publisher::PublishImpl(google::protobuf::Message const&, bool)'
/usr/bin/ld: controller/libCONTROLLER_LIB.a(base.cpp.o): in function `boost::shared_ptr<gazebo::transport::Publisher> gazebo::transport::TopicManager::Advertise<gazebo::msgs::Cessna>(std::__cxx11::basic_string<char, std::char_traits<char>, std::allocator<char> > const&, unsigned int, double)':
base.cpp:(.text._ZN6gazebo9transport12TopicManager9AdvertiseINS_4msgs6CessnaEEEN5boost10shared_ptrINS0_9PublisherEEERKNSt7__cxx1112basic_stringIcSt11char_traitsIcESaIcEEEjd[_ZN6gazebo9transport12TopicManager9AdvertiseINS_4msgs6CessnaEEEN5boost10shared_ptrINS0_9PublisherEEERKNSt7__cxx1112basic_stringIcSt11char_traitsIcESaIcEEEjd]+0x109): undefined reference to `gazebo::common::Exception::Exception(char const*, int, std::__cxx11::basic_string<char, std::char_traits<char>, std::allocator<char> >)'
/usr/bin/ld: base.cpp:(.text._ZN6gazebo9transport12TopicManager9AdvertiseINS_4msgs6CessnaEEEN5boost10shared_ptrINS0_9PublisherEEERKNSt7__cxx1112basic_stringIcSt11char_traitsIcESaIcEEEjd[_ZN6gazebo9transport12TopicManager9AdvertiseINS_4msgs6CessnaEEEN5boost10shared_ptrINS0_9PublisherEEERKNSt7__cxx1112basic_stringIcSt11char_traitsIcESaIcEEEjd]+0x11f): undefined reference to `gazebo::common::Exception::~Exception()'
/usr/bin/ld: base.cpp:(.text._ZN6gazebo9transport12TopicManager9AdvertiseINS_4msgs6CessnaEEEN5boost10shared_ptrINS0_9PublisherEEERKNSt7__cxx1112basic_stringIcSt11char_traitsIcESaIcEEEjd[_ZN6gazebo9transport12TopicManager9AdvertiseINS_4msgs6CessnaEEEN5boost10shared_ptrINS0_9PublisherEEERKNSt7__cxx1112basic_stringIcSt11char_traitsIcESaIcEEEjd]+0x129): undefined reference to `typeinfo for gazebo::common::Exception'
/usr/bin/ld: base.cpp:(.text._ZN6gazebo9transport12TopicManager9AdvertiseINS_4msgs6CessnaEEEN5boost10shared_ptrINS0_9PublisherEEERKNSt7__cxx1112basic_stringIcSt11char_traitsIcESaIcEEEjd[_ZN6gazebo9transport12TopicManager9AdvertiseINS_4msgs6CessnaEEEN5boost10shared_ptrINS0_9PublisherEEERKNSt7__cxx1112basic_stringIcSt11char_traitsIcESaIcEEEjd]+0x1b0): undefined reference to `gazebo::msgs::Cessna::~Cessna()'
/usr/bin/ld: base.cpp:(.text._ZN6gazebo9transport12TopicManager9AdvertiseINS_4msgs6CessnaEEEN5boost10shared_ptrINS0_9PublisherEEERKNSt7__cxx1112basic_stringIcSt11char_traitsIcESaIcEEEjd[_ZN6gazebo9transport12TopicManager9AdvertiseINS_4msgs6CessnaEEEN5boost10shared_ptrINS0_9PublisherEEERKNSt7__cxx1112basic_stringIcSt11char_traitsIcESaIcEEEjd]+0x238): undefined reference to `gazebo::msgs::Cessna::~Cessna()'
/usr/bin/ld: warning: creating DT_TEXTREL in a PIE
collect2: error: ld returned 1 exit status
gmake[2]: *** [src/CMakeFiles/QuadcopterController.dir/build.make:108: src/QuadcopterController] Error 1
gmake[1]: *** [CMakeFiles/Makefile2:172: src/CMakeFiles/QuadcopterController.dir/all] Error 2
gmake: *** [Makefile:91: all] Error 2
