[0.083s] Invoking command in '/home/rgeng/Project/build/QuadcopterController': /usr/bin/cmake --build /home/rgeng/Project/build/QuadcopterController -- -j12 -l12
[0.584s] -- Looking for ignition-msgs5 -- found version 5.8.1
[0.627s] -- Searching for dependencies of ignition-msgs5
[1.320s] -- Looking for ignition-math6 -- found version 6.15.1
[1.320s] -- Searching for dependencies of ignition-math6
[1.339s] -- Checking for module 'tinyxml2'
[1.375s] --   Found tinyxml2, version 9.0.0
[1.403s] -- Looking for ignition-transport8 -- found version 8.2.1
[1.403s] -- Searching for dependencies of ignition-transport8
[2.304s] -- Config-file not installed for ZeroMQ -- checking for pkg-config
[2.306s] -- Checking for module 'libzmq >= 4'
[2.365s] --   Found libzmq , version 4.3.4
[2.383s] -- Found ZeroMQ: TRUE (Required is at least version "4") 
[2.416s] -- Checking for module 'uuid'
[2.427s] --   Found uuid, version 2.37.2
[2.442s] -- Found UUID: TRUE  
[2.442s] -- Looking for ignition-msgs5 -- found version 5.8.1
[2.443s] -- Configuring done
[2.507s] -- Generating done
[2.508s] -- Build files have been written to: /home/rgeng/Project/build/QuadcopterController
[2.545s] [35m[1mConsolidate compiler generated dependencies of target CONTROLLER_LIB[0m
[2.650s] [ 71%] Built target CONTROLLER_LIB
[2.657s] [35m[1mConsolidate compiler generated dependencies of target QuadcopterController[0m
[2.666s] [ 85%] [32mBuilding CXX object src/CMakeFiles/QuadcopterController.dir/main.cpp.o[0m
[4.382s] [100%] [32m[1mLinking CXX executable QuadcopterController[0m
[4.637s] [100%] Built target QuadcopterController
[4.644s] Invoked command in '/home/rgeng/Project/build/QuadcopterController' returned '0': /usr/bin/cmake --build /home/rgeng/Project/build/QuadcopterController -- -j12 -l12
