[01m[K/home/rgeng/Project/src/database/database.cpp:[m[K In constructor ‘[01m[Kdatabase::database::database(gazebo::transport::NodePtr&)[m[K’:
[01m[K/home/rgeng/Project/src/database/database.cpp:6:63:[m[K [01;31m[Kerror: [m[K‘[01m[KonMessageReceived[m[K’ was not declared in this scope
    6 |         imuSubscriber =  inGazeboNode->Subscribe("~/MyTopic", [01;31m[KonMessageReceived[m[K); new subscriber::msgSubscriber<gazebo::msgs::IMU>("/MyTopic");
      |                                                               [01;31m[K^~~~~~~~~~~~~~~~~[m[K
[01m[K/home/rgeng/Project/src/database/database.cpp:6:142:[m[K [01;31m[Kerror: [m[Kno matching function for call to ‘[01m[Ksubscriber::msgSubscriber<gazebo::msgs::IMU>::msgSubscriber(const char [9])[m[K’
    6 |         imuSubscriber =  inGazeboNode->Subscribe("~/MyTopic", onMessageReceived); new subscriber::msgSubscriber<gazebo::msgs::IMU>("/MyTopic"[01;31m[K)[m[K;
      |                                                                                                                                              [01;31m[K^[m[K
In file included from [01m[K/home/rgeng/Project/include/database/database.hpp:5[m[K,
                 from [01m[K/home/rgeng/Project/src/database/database.cpp:1[m[K:
[01m[K/home/rgeng/Project/include/subscribers/msgSubscriber.hpp:15:5:[m[K [01;36m[Knote: [m[Kcandidate: ‘[01m[Ksubscriber::msgSubscriber<T>::msgSubscriber(const string&, gazebo::transport::NodePtr&) [with T = gazebo::msgs::IMU; std::string = std::__cxx11::basic_string<char>; gazebo::transport::NodePtr = boost::shared_ptr<gazebo::transport::Node>][m[K’
   15 |     [01;36m[KmsgSubscriber[m[K(const std::string& inTopic, gazebo::transport::NodePtr& inGazeboNode)
      |     [01;36m[K^~~~~~~~~~~~~[m[K
[01m[K/home/rgeng/Project/include/subscribers/msgSubscriber.hpp:15:5:[m[K [01;36m[Knote: [m[K  candidate expects 2 arguments, 1 provided
[01m[K/home/rgeng/Project/include/subscribers/msgSubscriber.hpp:10:7:[m[K [01;36m[Knote: [m[Kcandidate: ‘[01m[Ksubscriber::msgSubscriber<gazebo::msgs::IMU>::msgSubscriber(const subscriber::msgSubscriber<gazebo::msgs::IMU>&)[m[K’
   10 | class [01;36m[KmsgSubscriber[m[K{
      |       [01;36m[K^~~~~~~~~~~~~[m[K
[01m[K/home/rgeng/Project/include/subscribers/msgSubscriber.hpp:10:7:[m[K [01;36m[Knote: [m[K  no known conversion for argument 1 from ‘[01m[Kconst char [9][m[K’ to ‘[01m[Kconst subscriber::msgSubscriber<gazebo::msgs::IMU>&[m[K’
[01m[K/home/rgeng/Project/include/subscribers/msgSubscriber.hpp:10:7:[m[K [01;36m[Knote: [m[Kcandidate: ‘[01m[Ksubscriber::msgSubscriber<gazebo::msgs::IMU>::msgSubscriber(subscriber::msgSubscriber<gazebo::msgs::IMU>&&)[m[K’
[01m[K/home/rgeng/Project/include/subscribers/msgSubscriber.hpp:10:7:[m[K [01;36m[Knote: [m[K  no known conversion for argument 1 from ‘[01m[Kconst char [9][m[K’ to ‘[01m[Ksubscriber::msgSubscriber<gazebo::msgs::IMU>&&[m[K’
gmake[2]: *** [src/database/CMakeFiles/DATABASE_LIB.dir/build.make:76: src/database/CMakeFiles/DATABASE_LIB.dir/database.cpp.o] Error 1
gmake[1]: *** [CMakeFiles/Makefile2:224: src/database/CMakeFiles/DATABASE_LIB.dir/all] Error 2
gmake: *** [Makefile:91: all] Error 2
