[0.189s] Invoking command in '/home/rgeng/Project/build/QuadcopterController': /usr/bin/cmake --build /home/rgeng/Project/build/QuadcopterController -- -j12 -l12
[0.919s] [ 15%] Built target OBJECTS
[0.960s] [ 53%] Built target CONTROLLER_LIB
[1.019s] [ 69%] Built target MOTOR_CONTROLLER_LIB
[1.036s] [35m[1mConsolidate compiler generated dependencies of target DATABASE_LIB[0m
[1.068s] [ 76%] [32mBuilding CXX object src/database/CMakeFiles/DATABASE_LIB.dir/database.cpp.o[0m
[9.880s] [01m[K/home/rgeng/Project/src/database/database.cpp:[m[K In constructor ‘[01m[Kdatabase::database::database(gazebo::transport::NodePtr&)[m[K’:
[9.880s] [01m[K/home/rgeng/Project/src/database/database.cpp:6:63:[m[K [01;31m[Kerror: [m[K‘[01m[KonMessageReceived[m[K’ was not declared in this scope
[9.880s]     6 |         imuSubscriber =  inGazeboNode->Subscribe("~/MyTopic", [01;31m[KonMessageReceived[m[K); new subscriber::msgSubscriber<gazebo::msgs::IMU>("/MyTopic");
[9.880s]       |                                                               [01;31m[K^~~~~~~~~~~~~~~~~[m[K
[9.880s] [01m[K/home/rgeng/Project/src/database/database.cpp:6:142:[m[K [01;31m[Kerror: [m[Kno matching function for call to ‘[01m[Ksubscriber::msgSubscriber<gazebo::msgs::IMU>::msgSubscriber(const char [9])[m[K’
[9.880s]     6 |         imuSubscriber =  inGazeboNode->Subscribe("~/MyTopic", onMessageReceived); new subscriber::msgSubscriber<gazebo::msgs::IMU>("/MyTopic"[01;31m[K)[m[K;
[9.880s]       |                                                                                                                                              [01;31m[K^[m[K
[9.916s] In file included from [01m[K/home/rgeng/Project/include/database/database.hpp:5[m[K,
[9.916s]                  from [01m[K/home/rgeng/Project/src/database/database.cpp:1[m[K:
[9.916s] [01m[K/home/rgeng/Project/include/subscribers/msgSubscriber.hpp:15:5:[m[K [01;36m[Knote: [m[Kcandidate: ‘[01m[Ksubscriber::msgSubscriber<T>::msgSubscriber(const string&, gazebo::transport::NodePtr&) [with T = gazebo::msgs::IMU; std::string = std::__cxx11::basic_string<char>; gazebo::transport::NodePtr = boost::shared_ptr<gazebo::transport::Node>][m[K’
[9.916s]    15 |     [01;36m[KmsgSubscriber[m[K(const std::string& inTopic, gazebo::transport::NodePtr& inGazeboNode)
[9.916s]       |     [01;36m[K^~~~~~~~~~~~~[m[K
[9.917s] [01m[K/home/rgeng/Project/include/subscribers/msgSubscriber.hpp:15:5:[m[K [01;36m[Knote: [m[K  candidate expects 2 arguments, 1 provided
[9.917s] [01m[K/home/rgeng/Project/include/subscribers/msgSubscriber.hpp:10:7:[m[K [01;36m[Knote: [m[Kcandidate: ‘[01m[Ksubscriber::msgSubscriber<gazebo::msgs::IMU>::msgSubscriber(const subscriber::msgSubscriber<gazebo::msgs::IMU>&)[m[K’
[9.917s]    10 | class [01;36m[KmsgSubscriber[m[K{
[9.917s]       |       [01;36m[K^~~~~~~~~~~~~[m[K
[9.917s] [01m[K/home/rgeng/Project/include/subscribers/msgSubscriber.hpp:10:7:[m[K [01;36m[Knote: [m[K  no known conversion for argument 1 from ‘[01m[Kconst char [9][m[K’ to ‘[01m[Kconst subscriber::msgSubscriber<gazebo::msgs::IMU>&[m[K’
[9.917s] [01m[K/home/rgeng/Project/include/subscribers/msgSubscriber.hpp:10:7:[m[K [01;36m[Knote: [m[Kcandidate: ‘[01m[Ksubscriber::msgSubscriber<gazebo::msgs::IMU>::msgSubscriber(subscriber::msgSubscriber<gazebo::msgs::IMU>&&)[m[K’
[9.917s] [01m[K/home/rgeng/Project/include/subscribers/msgSubscriber.hpp:10:7:[m[K [01;36m[Knote: [m[K  no known conversion for argument 1 from ‘[01m[Kconst char [9][m[K’ to ‘[01m[Ksubscriber::msgSubscriber<gazebo::msgs::IMU>&&[m[K’
[11.069s] gmake[2]: *** [src/database/CMakeFiles/DATABASE_LIB.dir/build.make:76: src/database/CMakeFiles/DATABASE_LIB.dir/database.cpp.o] Error 1
[11.069s] gmake[1]: *** [CMakeFiles/Makefile2:224: src/database/CMakeFiles/DATABASE_LIB.dir/all] Error 2
[11.070s] gmake: *** [Makefile:91: all] Error 2
[11.081s] Invoked command in '/home/rgeng/Project/build/QuadcopterController' returned '2': /usr/bin/cmake --build /home/rgeng/Project/build/QuadcopterController -- -j12 -l12
