[1.335s] DEBUG:colcon:Command line arguments: ['/usr/bin/colcon', 'build']
[1.336s] DEBUG:colcon:Parsed command line arguments: Namespace(log_base=None, log_level=None, verb_name='build', build_base='build', install_base='install', merge_install=False, symlink_install=False, test_result_base=None, continue_on_error=False, executor='parallel', parallel_workers=12, event_handlers=None, ignore_user_meta=False, metas=['./colcon.meta'], base_paths=['.'], packages_ignore=None, packages_ignore_regex=None, paths=None, packages_up_to=None, packages_up_to_regex=None, packages_above=None, packages_above_and_dependencies=None, packages_above_depth=None, packages_select_by_dep=None, packages_skip_by_dep=None, packages_skip_up_to=None, packages_select_build_failed=False, packages_skip_build_finished=False, packages_select_test_failures=False, packages_skip_test_passed=False, packages_select=None, packages_skip=None, packages_select_regex=None, packages_skip_regex=None, packages_start=None, packages_end=None, allow_overriding=[], cmake_args=None, cmake_target=None, cmake_target_skip_unavailable=False, cmake_clean_cache=False, cmake_clean_first=False, cmake_force_configure=False, ament_cmake_args=None, catkin_cmake_args=None, catkin_skip_building_tests=False, verb_parser=<colcon_defaults.argument_parser.defaults.DefaultArgumentsDecorator object at 0x7f7b23ac2950>, verb_extension=<colcon_core.verb.build.BuildVerb object at 0x7f7b23ac1b10>, main=<bound method BuildVerb.main of <colcon_core.verb.build.BuildVerb object at 0x7f7b23ac1b10>>)
[4.372s] Level 1:colcon.colcon_core.package_discovery:discover_packages(colcon_meta) check parameters
[4.372s] Level 1:colcon.colcon_core.package_discovery:discover_packages(recursive) check parameters
[4.372s] Level 1:colcon.colcon_core.package_discovery:discover_packages(ignore) check parameters
[4.372s] Level 1:colcon.colcon_core.package_discovery:discover_packages(path) check parameters
[4.372s] Level 1:colcon.colcon_core.package_discovery:discover_packages(colcon_meta) discover
[4.372s] Level 1:colcon.colcon_core.package_discovery:discover_packages(recursive) discover
[4.372s] INFO:colcon.colcon_core.package_discovery:Crawling recursively for packages in '/home/rgeng/Project'
[4.377s] Level 1:colcon.colcon_core.package_identification:_identify(.) by extensions ['ignore', 'ignore_ament_install']
[4.377s] Level 1:colcon.colcon_core.package_identification:_identify(.) by extension 'ignore'
[4.377s] Level 1:colcon.colcon_core.package_identification:_identify(.) by extension 'ignore_ament_install'
[4.377s] Level 1:colcon.colcon_core.package_identification:_identify(.) by extensions ['colcon_pkg']
[4.377s] Level 1:colcon.colcon_core.package_identification:_identify(.) by extension 'colcon_pkg'
[4.377s] Level 1:colcon.colcon_core.package_identification:_identify(.) by extensions ['colcon_meta']
[4.377s] Level 1:colcon.colcon_core.package_identification:_identify(.) by extension 'colcon_meta'
[4.377s] Level 1:colcon.colcon_core.package_identification:_identify(.) by extensions ['ros']
[4.377s] Level 1:colcon.colcon_core.package_identification:_identify(.) by extension 'ros'
[4.417s] Level 1:colcon.colcon_core.package_identification:_identify(.) by extensions ['cmake', 'python']
[4.417s] Level 1:colcon.colcon_core.package_identification:_identify(.) by extension 'cmake'
[4.799s] Level 1:colcon.colcon_core.package_identification:_identify(.) by extension 'python'
[4.799s] DEBUG:colcon.colcon_core.package_identification:Package '.' with type 'cmake' and name 'QuadcopterController'
[4.799s] Level 1:colcon.colcon_core.package_discovery:discover_packages(recursive) using defaults
[4.799s] Level 1:colcon.colcon_core.package_discovery:discover_packages(ignore) discover
[4.799s] Level 1:colcon.colcon_core.package_discovery:discover_packages(ignore) using defaults
[4.799s] Level 1:colcon.colcon_core.package_discovery:discover_packages(path) discover
[4.799s] Level 1:colcon.colcon_core.package_discovery:discover_packages(path) using defaults
[4.975s] Level 1:colcon.colcon_core.package_discovery:discover_packages(prefix_path) check parameters
[4.975s] Level 1:colcon.colcon_core.package_discovery:discover_packages(prefix_path) discover
[4.999s] DEBUG:colcon.colcon_installed_package_information.package_discovery:Found 278 installed packages in /opt/ros/humble
[5.000s] Level 1:colcon.colcon_core.package_discovery:discover_packages(prefix_path) using defaults
[5.976s] Level 5:colcon.colcon_core.verb:set package 'QuadcopterController' build argument 'cmake_args' from command line to 'None'
[5.976s] Level 5:colcon.colcon_core.verb:set package 'QuadcopterController' build argument 'cmake_target' from command line to 'None'
[5.976s] Level 5:colcon.colcon_core.verb:set package 'QuadcopterController' build argument 'cmake_target_skip_unavailable' from command line to 'False'
[5.977s] Level 5:colcon.colcon_core.verb:set package 'QuadcopterController' build argument 'cmake_clean_cache' from command line to 'False'
[5.977s] Level 5:colcon.colcon_core.verb:set package 'QuadcopterController' build argument 'cmake_clean_first' from command line to 'False'
[5.977s] Level 5:colcon.colcon_core.verb:set package 'QuadcopterController' build argument 'cmake_force_configure' from command line to 'False'
[5.977s] Level 5:colcon.colcon_core.verb:set package 'QuadcopterController' build argument 'ament_cmake_args' from command line to 'None'
[5.977s] Level 5:colcon.colcon_core.verb:set package 'QuadcopterController' build argument 'catkin_cmake_args' from command line to 'None'
[5.977s] Level 5:colcon.colcon_core.verb:set package 'QuadcopterController' build argument 'catkin_skip_building_tests' from command line to 'False'
[5.977s] DEBUG:colcon.colcon_core.verb:Building package 'QuadcopterController' with the following arguments: {'ament_cmake_args': None, 'build_base': '/home/rgeng/Project/build/QuadcopterController', 'catkin_cmake_args': None, 'catkin_skip_building_tests': False, 'cmake_args': None, 'cmake_clean_cache': False, 'cmake_clean_first': False, 'cmake_force_configure': False, 'cmake_target': None, 'cmake_target_skip_unavailable': False, 'install_base': '/home/rgeng/Project/install/QuadcopterController', 'merge_install': False, 'path': '/home/rgeng/Project', 'symlink_install': False, 'test_result_base': None}
[5.977s] INFO:colcon.colcon_core.executor:Executing jobs using 'parallel' executor
[5.977s] DEBUG:colcon.colcon_parallel_executor.executor.parallel:run_until_complete
[5.978s] INFO:colcon.colcon_cmake.task.cmake.build:Building CMake package in '/home/rgeng/Project'
[6.014s] INFO:colcon.colcon_core.plugin_system:Skipping extension 'colcon_core.shell.bat': Not used on non-Windows systems
[6.014s] INFO:colcon.colcon_core.shell:Skip shell extension 'powershell' for command environment: Not usable outside of PowerShell
[6.014s] DEBUG:colcon.colcon_core.shell:Skip shell extension 'dsv' for command environment
[6.049s] DEBUG:colcon.colcon_core.event_handler.log_command:Invoking command in '/home/rgeng/Project/build/QuadcopterController': /usr/bin/cmake --build /home/rgeng/Project/build/QuadcopterController -- -j12 -l12
[13.368s] DEBUG:colcon.colcon_core.event_handler.log_command:Invoked command in '/home/rgeng/Project/build/QuadcopterController' returned '0': /usr/bin/cmake --build /home/rgeng/Project/build/QuadcopterController -- -j12 -l12
[13.381s] WARNING:colcon.colcon_cmake.task.cmake.build:Could not run installation step for package 'QuadcopterController' because it has no 'install' target
[13.381s] Level 1:colcon.colcon_core.environment:create_environment_scripts_only(QuadcopterController)
[13.457s] Level 1:colcon.colcon_core.environment:checking '/home/rgeng/Project/install/QuadcopterController' for CMake module files
[13.457s] Level 1:colcon.colcon_core.environment:checking '/home/rgeng/Project/install/QuadcopterController' for CMake config files
[13.457s] Level 1:colcon.colcon_core.environment:checking '/home/rgeng/Project/install/QuadcopterController/bin'
[13.457s] Level 1:colcon.colcon_core.environment:checking '/home/rgeng/Project/install/QuadcopterController/lib/pkgconfig/QuadcopterController.pc'
[13.458s] Level 1:colcon.colcon_core.environment:checking '/home/rgeng/Project/install/QuadcopterController/lib/python3.10/site-packages'
[13.458s] Level 1:colcon.colcon_core.environment:checking '/home/rgeng/Project/install/QuadcopterController/bin'
[13.458s] INFO:colcon.colcon_core.shell:Creating package script '/home/rgeng/Project/install/QuadcopterController/share/QuadcopterController/package.ps1'
[13.469s] INFO:colcon.colcon_core.shell:Creating package descriptor '/home/rgeng/Project/install/QuadcopterController/share/QuadcopterController/package.dsv'
[13.476s] INFO:colcon.colcon_core.shell:Creating package script '/home/rgeng/Project/install/QuadcopterController/share/QuadcopterController/package.sh'
[13.476s] INFO:colcon.colcon_core.shell:Creating package script '/home/rgeng/Project/install/QuadcopterController/share/QuadcopterController/package.bash'
[13.484s] INFO:colcon.colcon_core.shell:Creating package script '/home/rgeng/Project/install/QuadcopterController/share/QuadcopterController/package.zsh'
[13.492s] Level 1:colcon.colcon_core.environment:create_file_with_runtime_dependencies(/home/rgeng/Project/install/QuadcopterController/share/colcon-core/packages/QuadcopterController)
[13.492s] DEBUG:colcon.colcon_parallel_executor.executor.parallel:closing loop
[13.493s] DEBUG:colcon.colcon_parallel_executor.executor.parallel:loop closed
[13.493s] DEBUG:colcon.colcon_parallel_executor.executor.parallel:run_until_complete finished with '0'
[13.493s] DEBUG:colcon.colcon_core.event_reactor:joining thread
[13.694s] INFO:colcon.colcon_core.plugin_system:Skipping extension 'colcon_notification.desktop_notification.notify_send': Could not find 'notify-send'
[13.694s] INFO:colcon.colcon_core.plugin_system:Skipping extension 'colcon_notification.desktop_notification.terminal_notifier': Not used on non-Darwin systems
[13.694s] INFO:colcon.colcon_core.plugin_system:Skipping extension 'colcon_notification.desktop_notification.win32': Not used on non-Windows systems
[13.694s] INFO:colcon.colcon_notification.desktop_notification:Sending desktop notification using 'notify2'
[13.694s] DEBUG:colcon.colcon_notification.desktop_notification.notify2:Failed to initialize notify2: org.freedesktop.DBus.Error.FileNotFound: Failed to connect to socket /run/user/1000/bus: No such file or directory
[13.694s] DEBUG:colcon.colcon_core.event_reactor:joined thread
[13.694s] INFO:colcon.colcon_core.shell:Creating prefix script '/home/rgeng/Project/install/local_setup.ps1'
[13.697s] INFO:colcon.colcon_core.shell:Creating prefix util module '/home/rgeng/Project/install/_local_setup_util_ps1.py'
[13.698s] INFO:colcon.colcon_core.shell:Creating prefix chain script '/home/rgeng/Project/install/setup.ps1'
[13.699s] INFO:colcon.colcon_core.shell:Creating prefix script '/home/rgeng/Project/install/local_setup.sh'
[13.700s] INFO:colcon.colcon_core.shell:Creating prefix util module '/home/rgeng/Project/install/_local_setup_util_sh.py'
[13.700s] INFO:colcon.colcon_core.shell:Creating prefix chain script '/home/rgeng/Project/install/setup.sh'
[13.701s] INFO:colcon.colcon_core.shell:Creating prefix script '/home/rgeng/Project/install/local_setup.bash'
[13.702s] INFO:colcon.colcon_core.shell:Creating prefix chain script '/home/rgeng/Project/install/setup.bash'
[13.703s] INFO:colcon.colcon_core.shell:Creating prefix script '/home/rgeng/Project/install/local_setup.zsh'
[13.703s] INFO:colcon.colcon_core.shell:Creating prefix chain script '/home/rgeng/Project/install/setup.zsh'
