[0.008s] Invoking command in '/home/rgeng/Project/build/QuadcopterController': /usr/bin/cmake --build /home/rgeng/Project/build/QuadcopterController -- -j12 -l12
[0.021s] -- Looking for ignition-msgs5 -- found version 5.8.1
[0.024s] -- Searching for dependencies of ignition-msgs5
[0.493s] -- Looking for ignition-math6 -- found version 6.15.1
[0.493s] -- Searching for dependencies of ignition-math6
[0.497s] -- Checking for module 'tinyxml2'
[0.502s] --   Found tinyxml2, version 9.0.0
[0.518s] -- Looking for ignition-transport8 -- found version 8.2.1
[0.519s] -- Searching for dependencies of ignition-transport8
[1.457s] -- Config-file not installed for ZeroMQ -- checking for pkg-config
[1.460s] -- Checking for module 'libzmq >= 4'
[1.466s] --   Found libzmq , version 4.3.4
[1.487s] -- Checking for module 'uuid'
[1.493s] --   Found uuid, version 2.37.2
[1.509s] -- Looking for ignition-msgs5 -- found version 5.8.1
[1.527s] -- Looking for ignition-msgs5 -- found version 5.8.1
[1.527s] -- Looking for ignition-transport8 -- found version 8.2.1
[1.527s] -- Configuring done
[1.537s] -- Generating done
[1.540s] -- Build files have been written to: /home/rgeng/Project/build/QuadcopterController
[1.555s] [35m[1mConsolidate compiler generated dependencies of target CONTROLLER_LIB[0m
[1.570s] [ 15%] [32mBuilding CXX object src/controller/CMakeFiles/CONTROLLER_LIB.dir/LQR.cpp.o[0m
[1.570s] [ 15%] [32mBuilding CXX object src/controller/CMakeFiles/CONTROLLER_LIB.dir/base.cpp.o[0m
[1.570s] [ 23%] [32mBuilding CXX object src/controller/CMakeFiles/CONTROLLER_LIB.dir/PID.cpp.o[0m
[1.571s] [ 30%] [32mBuilding CXX object src/controller/CMakeFiles/CONTROLLER_LIB.dir/PolePlacement.cpp.o[0m
[2.874s] In file included from [01m[K/home/rgeng/Project/src/controller/base.cpp:1[m[K:
[2.874s] [01m[K/home/rgeng/Project/include/controller/base.hpp:3:10:[m[K [01;31m[Kfatal error: [m[Kmap.h: No such file or directory
[2.874s]     3 | #include [01;31m[K<map.h>[m[K
[2.874s]       |          [01;31m[K^~~~~~~[m[K
[2.875s] In file included from [01m[K/home/rgeng/Project/include/controller/LQR.hpp:2[m[K,
[2.875s]                  from [01m[K/home/rgeng/Project/src/controller/LQR.cpp:1[m[K:
[2.875s] [01m[K/home/rgeng/Project/include/controller/base.hpp:3:10:[m[K [01;31m[Kfatal error: [m[Kmap.h: No such file or directory
[2.875s]     3 | #include [01;31m[K<map.h>[m[K
[2.875s]       |          [01;31m[K^~~~~~~[m[K
[2.875s] In file included from [01m[K/home/rgeng/Project/include/controller/PID.hpp:2[m[K,
[2.875s]                  from [01m[K/home/rgeng/Project/src/controller/PID.cpp:1[m[K:
[2.875s] [01m[K/home/rgeng/Project/include/controller/base.hpp:3:10:[m[K [01;31m[Kfatal error: [m[Kmap.h: No such file or directory
[2.875s]     3 | #include [01;31m[K<map.h>[m[K
[2.875s]       |          [01;31m[K^~~~~~~[m[K
[2.875s] In file included from [01m[K/home/rgeng/Project/include/controller/PolePlacement.hpp:2[m[K,
[2.875s]                  from [01m[K/home/rgeng/Project/src/controller/PolePlacement.cpp:1[m[K:
[2.875s] [01m[K/home/rgeng/Project/include/controller/base.hpp:3:10:[m[K [01;31m[Kfatal error: [m[Kmap.h: No such file or directory
[2.875s]     3 | #include [01;31m[K<map.h>[m[K
[2.875s]       |          [01;31m[K^~~~~~~[m[K
[2.875s] compilation terminated.
[2.875s] compilation terminated.
[2.875s] compilation terminated.
[2.875s] compilation terminated.
[2.880s] gmake[2]: *** [src/controller/CMakeFiles/CONTROLLER_LIB.dir/build.make:104: src/controller/CMakeFiles/CONTROLLER_LIB.dir/PID.cpp.o] Error 1
[2.880s] gmake[2]: *** Waiting for unfinished jobs....
[2.880s] gmake[2]: *** [src/controller/CMakeFiles/CONTROLLER_LIB.dir/build.make:118: src/controller/CMakeFiles/CONTROLLER_LIB.dir/PolePlacement.cpp.o] Error 1
[2.880s] gmake[2]: *** [src/controller/CMakeFiles/CONTROLLER_LIB.dir/build.make:90: src/controller/CMakeFiles/CONTROLLER_LIB.dir/LQR.cpp.o] Error 1
[2.890s] gmake[2]: *** [src/controller/CMakeFiles/CONTROLLER_LIB.dir/build.make:76: src/controller/CMakeFiles/CONTROLLER_LIB.dir/base.cpp.o] Error 1
[2.890s] gmake[1]: *** [CMakeFiles/Makefile2:209: src/controller/CMakeFiles/CONTROLLER_LIB.dir/all] Error 2
[2.891s] gmake: *** [Makefile:91: all] Error 2
[2.893s] Invoked command in '/home/rgeng/Project/build/QuadcopterController' returned '2': /usr/bin/cmake --build /home/rgeng/Project/build/QuadcopterController -- -j12 -l12
