-- Looking for ignition-msgs5 -- found version 5.8.1
-- Searching for dependencies of ignition-msgs5
-- Looking for ignition-math6 -- found version 6.15.1
-- Searching for dependencies of ignition-math6
-- Checking for module 'tinyxml2'
--   Found tinyxml2, version 9.0.0
-- Looking for ignition-transport8 -- found version 8.2.1
-- Searching for dependencies of ignition-transport8
-- Config-file not installed for ZeroMQ -- checking for pkg-config
-- Checking for module 'libzmq >= 4'
--   Found libzmq , version 4.3.4
-- Checking for module 'uuid'
--   Found uuid, version 2.37.2
-- Looking for ignition-msgs5 -- found version 5.8.1
-- Configuring done
-- Generating done
-- Build files have been written to: /home/rgeng/Project/build/QuadcopterController
[35m[1mConsolidate compiler generated dependencies of target CONTROLLER_LIB[0m
[ 55%] Built target CONTROLLER_LIB
[35m[1mConsolidate compiler generated dependencies of target QuadcopterController[0m
[ 66%] [32mBuilding CXX object src/CMakeFiles/QuadcopterController_subscriber.dir/SubscriberTest.cpp.o[0m
[ 88%] Built target QuadcopterController
[100%] [32m[1mLinking CXX executable QuadcopterController_subscriber[0m
/usr/bin/ld: /usr/lib/gcc/x86_64-linux-gnu/11/../../../x86_64-linux-gnu/Scrt1.o: in function `_start':
(.text+0x1b): undefined reference to `main'
collect2: error: ld returned 1 exit status
gmake[2]: *** [src/CMakeFiles/QuadcopterController_subscriber.dir/build.make:104: src/QuadcopterController_subscriber] Error 1
gmake[1]: *** [CMakeFiles/Makefile2:143: src/CMakeFiles/QuadcopterController_subscriber.dir/all] Error 2
gmake: *** [Makefile:91: all] Error 2
