[0.011s] Invoking command in '/home/rgeng/Project/build/QuadcopterController': /usr/bin/cmake --build /home/rgeng/Project/build/QuadcopterController -- -j12 -l12
[0.056s] [ 15%] Built target OBJECTS
[0.063s] [35m[1mConsolidate compiler generated dependencies of target CONTROLLER_LIB[0m
[0.137s] [ 23%] [32mBuilding CXX object src/controller/CMakeFiles/CONTROLLER_LIB.dir/base.cpp.o[0m
[0.138s] [ 30%] [32mBuilding CXX object src/controller/CMakeFiles/CONTROLLER_LIB.dir/PID.cpp.o[0m
[0.138s] [ 38%] [32mBuilding CXX object src/controller/CMakeFiles/CONTROLLER_LIB.dir/LQR.cpp.o[0m
[0.140s] [ 46%] [32mBuilding CXX object src/controller/CMakeFiles/CONTROLLER_LIB.dir/PolePlacement.cpp.o[0m
[6.653s] In file included from [01m[K/home/rgeng/Project/include/controller/base.hpp:5[m[K,
[6.653s]                  from [01m[K/home/rgeng/Project/src/controller/base.cpp:1[m[K:
[6.653s] [01m[K/home/rgeng/Project/include/publishers/msgPublisher.hpp:[m[K In constructor ‘[01m[Kpublishers::msgPublisher<T>::msgPublisher(gazebo::transport::NodePtr&)[m[K’:
[6.653s] [01m[K/home/rgeng/Project/include/publishers/msgPublisher.hpp:18:17:[m[K [01;31m[Kerror: [m[K‘[01m[Kgazebo::client[m[K’ has not been declared
[6.653s]    18 |         gazebo::[01;31m[Kclient[m[K::setup();
[6.653s]       |                 [01;31m[K^~~~~~[m[K
[6.720s] In file included from [01m[K/home/rgeng/Project/include/controller/base.hpp:5[m[K,
[6.720s]                  from [01m[K/home/rgeng/Project/include/controller/PID.hpp:4[m[K,
[6.720s]                  from [01m[K/home/rgeng/Project/src/controller/PID.cpp:1[m[K:
[6.720s] [01m[K/home/rgeng/Project/include/publishers/msgPublisher.hpp:[m[K In constructor ‘[01m[Kpublishers::msgPublisher<T>::msgPublisher(gazebo::transport::NodePtr&)[m[K’:
[6.720s] [01m[K/home/rgeng/Project/include/publishers/msgPublisher.hpp:18:17:[m[K [01;31m[Kerror: [m[K‘[01m[Kgazebo::client[m[K’ has not been declared
[6.720s]    18 |         gazebo::[01;31m[Kclient[m[K::setup();
[6.720s]       |                 [01;31m[K^~~~~~[m[K
[6.805s] In file included from [01m[K/home/rgeng/Project/include/controller/base.hpp:5[m[K,
[6.805s]                  from [01m[K/home/rgeng/Project/include/controller/LQR.hpp:4[m[K,
[6.805s]                  from [01m[K/home/rgeng/Project/src/controller/LQR.cpp:1[m[K:
[6.805s] [01m[K/home/rgeng/Project/include/publishers/msgPublisher.hpp:[m[K In constructor ‘[01m[Kpublishers::msgPublisher<T>::msgPublisher(gazebo::transport::NodePtr&)[m[K’:
[6.805s] [01m[K/home/rgeng/Project/include/publishers/msgPublisher.hpp:18:17:[m[K [01;31m[Kerror: [m[K‘[01m[Kgazebo::client[m[K’ has not been declared
[6.805s]    18 |         gazebo::[01;31m[Kclient[m[K::setup();
[6.805s]       |                 [01;31m[K^~~~~~[m[K
[6.827s] In file included from [01m[K/home/rgeng/Project/include/controller/base.hpp:5[m[K,
[6.827s]                  from [01m[K/home/rgeng/Project/include/controller/PolePlacement.hpp:4[m[K,
[6.827s]                  from [01m[K/home/rgeng/Project/src/controller/PolePlacement.cpp:1[m[K:
[6.827s] [01m[K/home/rgeng/Project/include/publishers/msgPublisher.hpp:[m[K In constructor ‘[01m[Kpublishers::msgPublisher<T>::msgPublisher(gazebo::transport::NodePtr&)[m[K’:
[6.827s] [01m[K/home/rgeng/Project/include/publishers/msgPublisher.hpp:18:17:[m[K [01;31m[Kerror: [m[K‘[01m[Kgazebo::client[m[K’ has not been declared
[6.828s]    18 |         gazebo::[01;31m[Kclient[m[K::setup();
[6.828s]       |                 [01;31m[K^~~~~~[m[K
[8.518s] gmake[2]: *** [src/controller/CMakeFiles/CONTROLLER_LIB.dir/build.make:76: src/controller/CMakeFiles/CONTROLLER_LIB.dir/base.cpp.o] Error 1
[8.518s] gmake[2]: *** Waiting for unfinished jobs....
[8.518s] gmake[2]: *** [src/controller/CMakeFiles/CONTROLLER_LIB.dir/build.make:104: src/controller/CMakeFiles/CONTROLLER_LIB.dir/PID.cpp.o] Error 1
[8.518s] gmake[2]: *** [src/controller/CMakeFiles/CONTROLLER_LIB.dir/build.make:118: src/controller/CMakeFiles/CONTROLLER_LIB.dir/PolePlacement.cpp.o] Error 1
[8.519s] gmake[2]: *** [src/controller/CMakeFiles/CONTROLLER_LIB.dir/build.make:90: src/controller/CMakeFiles/CONTROLLER_LIB.dir/LQR.cpp.o] Error 1
[8.519s] gmake[1]: *** [CMakeFiles/Makefile2:198: src/controller/CMakeFiles/CONTROLLER_LIB.dir/all] Error 2
[8.520s] gmake: *** [Makefile:91: all] Error 2
[8.522s] Invoked command in '/home/rgeng/Project/build/QuadcopterController' returned '2': /usr/bin/cmake --build /home/rgeng/Project/build/QuadcopterController -- -j12 -l12
