[0.008s] Invoking command in '/home/rgeng/Project/build/QuadcopterController': /usr/bin/cmake --build /home/rgeng/Project/build/QuadcopterController -- -j12 -l12
[0.023s] -- Looking for ignition-msgs5 -- found version 5.8.1
[0.026s] -- Searching for dependencies of ignition-msgs5
[0.505s] -- Found Protobuf: /usr/lib/x86_64-linux-gnu/libprotobuf.so (found suitable version "3.12.4", minimum required is "3") 
[0.506s] -- Looking for ignition-math6 -- found version 6.15.1
[0.506s] -- Searching for dependencies of ignition-math6
[0.509s] -- Checking for module 'tinyxml2'
[0.515s] --   Found tinyxml2, version 9.0.0
[0.531s] -- Looking for ignition-transport8 -- found version 8.2.1
[0.531s] -- Searching for dependencies of ignition-transport8
[1.498s] -- Config-file not installed for ZeroMQ -- checking for pkg-config
[1.501s] -- Checking for module 'libzmq >= 4'
[1.507s] --   Found libzmq , version 4.3.4
[1.528s] -- Checking for module 'uuid'
[1.534s] --   Found uuid, version 2.37.2
[1.551s] -- Looking for ignition-msgs5 -- found version 5.8.1
[1.554s] [33mCMake Warning (dev) at /usr/share/cmake-3.22/Modules/FindPackageHandleStandardArgs.cmake:438 (message):
[1.554s]   The package name passed to `find_package_handle_standard_args` (PkgConfig)
[1.554s]   does not match the name of the calling package (gazebo).  This can lead to
[1.554s]   problems in calling code that expects `find_package` result variables
[1.554s]   (e.g., `_FOUND`) to follow a certain pattern.
[1.554s] Call Stack (most recent call first):
[1.554s]   /usr/share/cmake-3.22/Modules/FindPkgConfig.cmake:99 (find_package_handle_standard_args)
[1.554s]   /usr/lib/x86_64-linux-gnu/cmake/gazebo/gazebo-config.cmake:72 (include)
[1.554s]   CMakeLists.txt:7 (find_package)
[1.554s] This warning is for project developers.  Use -Wno-dev to suppress it.
[1.554s] [0m
[1.569s] -- Found DART: /usr/include (Required is at least version "6.6") found components: dart 
[1.588s] -- Found Protobuf: /usr/lib/x86_64-linux-gnu/libprotobuf.so (found version "3.12.4") 
[1.589s] -- Looking for ignition-math6 -- found version 6.15.1
[1.589s] -- Looking for OGRE...
[1.593s] -- Found Ogre Ghadamon (1.9.0)
[1.593s] -- Found OGRE: optimized;/usr/lib/x86_64-linux-gnu/libOgreMain.so;debug;/usr/lib/x86_64-linux-gnu/libOgreMain.so
[1.599s] -- Looking for OGRE_Paging...
[1.599s] -- Found OGRE_Paging: optimized;/usr/lib/x86_64-linux-gnu/libOgrePaging.so;debug;/usr/lib/x86_64-linux-gnu/libOgrePaging.so
[1.600s] -- Looking for OGRE_Terrain...
[1.600s] -- Found OGRE_Terrain: optimized;/usr/lib/x86_64-linux-gnu/libOgreTerrain.so;debug;/usr/lib/x86_64-linux-gnu/libOgreTerrain.so
[1.600s] -- Looking for OGRE_Property...
[1.600s] -- Found OGRE_Property: optimized;/usr/lib/x86_64-linux-gnu/libOgreProperty.so;debug;/usr/lib/x86_64-linux-gnu/libOgreProperty.so
[1.600s] -- Looking for OGRE_RTShaderSystem...
[1.600s] -- Found OGRE_RTShaderSystem: optimized;/usr/lib/x86_64-linux-gnu/libOgreRTShaderSystem.so;debug;/usr/lib/x86_64-linux-gnu/libOgreRTShaderSystem.so
[1.600s] -- Looking for OGRE_Volume...
[1.600s] -- Found OGRE_Volume: optimized;/usr/lib/x86_64-linux-gnu/libOgreVolume.so;debug;/usr/lib/x86_64-linux-gnu/libOgreVolume.so
[1.600s] -- Looking for OGRE_Overlay...
[1.601s] -- Found OGRE_Overlay: optimized;/usr/lib/x86_64-linux-gnu/libOgreOverlay.so;debug;/usr/lib/x86_64-linux-gnu/libOgreOverlay.so
[7.629s] -- Looking for ignition-math6 -- found version 6.15.1
[7.630s] -- Looking for ignition-transport8 -- found version 8.2.1
[7.630s] -- Looking for ignition-msgs5 -- found version 5.8.1
[7.630s] -- Looking for ignition-common3 -- found version 3.14.0
[7.631s] -- Searching for dependencies of ignition-common3
[7.631s] -- Looking for dlfcn.h - found
[7.631s] -- Looking for libdl - found
[7.661s] -- Searching for <ignition-common3> component [graphics]
[7.662s] -- Looking for ignition-common3-graphics -- found version 3.14.0
[7.662s] -- Searching for dependencies of ignition-common3-graphics
[7.662s] -- Looking for ignition-math6 -- found version 6.15.1
[7.663s] -- Looking for ignition-fuel_tools4 -- found version 4.4.0
[7.663s] -- Searching for dependencies of ignition-fuel_tools4
[8.200s] -- Checking for module 'jsoncpp'
[8.206s] --   Found jsoncpp, version 1.9.5
[8.227s] -- Checking for module 'libzip'
[8.234s] --   Found libzip, version 1.7.3
[8.251s] -- Looking for ignition-common3 -- found version 3.14.0
[8.251s] -- Looking for ignition-math6 -- found version 6.15.1
[8.252s] -- Looking for ignition-msgs5 -- found version 5.8.1
[8.253s] [0m/usr/include/usr/include/gazebo-11/usr/include/bullet/usr/include/simbody/usr/include/usr/include/usr/include/usr/include/sdformat-9.7/usr/include/ignition/math6/usr/include/OGRE//usr/include/usr/include/usr/include/OGRE/Terrain//usr/include/OGRE/Paging//usr/include/ignition/math6/usr/include/ignition/transport8/usr/include/ignition/msgs5/usr/include/ignition/common3/usr/include/ignition/fuel_tools4[0m
[8.256s] -- Configuring done
[8.259s] [0mWARNING: Target "QuadcopterController" requests linking to directory "/usr/lib/x86_64-linux-gnu".  Targets may link only to libraries.  CMake is dropping the item.[0m
[8.259s] [0mWARNING: Target "QuadcopterController" requests linking to directory "/usr/lib/x86_64-linux-gnu/gazebo-11/plugins".  Targets may link only to libraries.  CMake is dropping the item.[0m
[8.259s] [0mWARNING: Target "QuadcopterController" requests linking to directory "/usr/lib/x86_64-linux-gnu".  Targets may link only to libraries.  CMake is dropping the item.[0m
[8.259s] [0mWARNING: Target "QuadcopterController" requests linking to directory "/usr/lib/x86_64-linux-gnu/gazebo-11/plugins".  Targets may link only to libraries.  CMake is dropping the item.[0m
[8.266s] -- Generating done
[8.277s] -- Build files have been written to: /home/rgeng/Project/build/QuadcopterController
[8.294s] [35m[1mConsolidate compiler generated dependencies of target OBJECTS[0m
[8.296s] [35m[1mConsolidate compiler generated dependencies of target CONTROLLER_LIB[0m
[8.301s] [ 15%] Built target OBJECTS
[8.322s] [ 30%] [32mBuilding CXX object src/controller/CMakeFiles/CONTROLLER_LIB.dir/base.cpp.o[0m
[8.322s] [ 30%] [32mBuilding CXX object src/controller/CMakeFiles/CONTROLLER_LIB.dir/LQR.cpp.o[0m
[8.322s] [ 38%] [32mBuilding CXX object src/controller/CMakeFiles/CONTROLLER_LIB.dir/PID.cpp.o[0m
[8.322s] [ 46%] [32mBuilding CXX object src/controller/CMakeFiles/CONTROLLER_LIB.dir/PolePlacement.cpp.o[0m
[8.427s] In file included from [01m[K/home/rgeng/Project/include/controller/base.hpp:4[m[K,
[8.427s]                  from [01m[K/home/rgeng/Project/src/controller/base.cpp:1[m[K:
[8.427s] [01m[K/home/rgeng/Project/include/subscribers/msgSubscriber.hpp:3:10:[m[K [01;31m[Kfatal error: [m[Kgazebo/gazebo.hh: No such file or directory
[8.427s]     3 | #include [01;31m[K<gazebo/gazebo.hh>[m[K
[8.427s]       |          [01;31m[K^~~~~~~~~~~~~~~~~~[m[K
[8.427s] compilation terminated.
[8.428s] In file included from [01m[K/home/rgeng/Project/include/controller/base.hpp:4[m[K,
[8.428s]                  from [01m[K/home/rgeng/Project/include/controller/PID.hpp:4[m[K,
[8.428s]                  from [01m[K/home/rgeng/Project/src/controller/PID.cpp:1[m[K:
[8.428s] [01m[K/home/rgeng/Project/include/subscribers/msgSubscriber.hpp:3:10:[m[K [01;31m[Kfatal error: [m[Kgazebo/gazebo.hh: No such file or directory
[8.428s]     3 | #include [01;31m[K<gazebo/gazebo.hh>[m[K
[8.428s]       |          [01;31m[K^~~~~~~~~~~~~~~~~~[m[K
[8.428s] compilation terminated.
[8.429s] gmake[2]: *** [src/controller/CMakeFiles/CONTROLLER_LIB.dir/build.make:76: src/controller/CMakeFiles/CONTROLLER_LIB.dir/base.cpp.o] Error 1
[8.429s] gmake[2]: *** Waiting for unfinished jobs....
[8.431s] gmake[2]: *** [src/controller/CMakeFiles/CONTROLLER_LIB.dir/build.make:104: src/controller/CMakeFiles/CONTROLLER_LIB.dir/PID.cpp.o] Error 1
[8.432s] In file included from [01m[K/home/rgeng/Project/include/controller/base.hpp:4[m[K,
[8.433s]                  from [01m[K/home/rgeng/Project/include/controller/PolePlacement.hpp:4[m[K,
[8.433s]                  from [01m[K/home/rgeng/Project/src/controller/PolePlacement.cpp:1[m[K:
[8.433s] [01m[K/home/rgeng/Project/include/subscribers/msgSubscriber.hpp:3:10:[m[K [01;31m[Kfatal error: [m[Kgazebo/gazebo.hh: No such file or directory
[8.433s]     3 | #include [01;31m[K<gazebo/gazebo.hh>[m[K
[8.433s]       |          [01;31m[K^~~~~~~~~~~~~~~~~~[m[K
[8.433s] compilation terminated.
[8.433s] In file included from [01m[K/home/rgeng/Project/include/controller/base.hpp:4[m[K,
[8.433s]                  from [01m[K/home/rgeng/Project/include/controller/LQR.hpp:4[m[K,
[8.433s]                  from [01m[K/home/rgeng/Project/src/controller/LQR.cpp:1[m[K:
[8.433s] [01m[K/home/rgeng/Project/include/subscribers/msgSubscriber.hpp:3:10:[m[K [01;31m[Kfatal error: [m[Kgazebo/gazebo.hh: No such file or directory
[8.433s]     3 | #include [01;31m[K<gazebo/gazebo.hh>[m[K
[8.433s]       |          [01;31m[K^~~~~~~~~~~~~~~~~~[m[K
[8.433s] compilation terminated.
[8.434s] gmake[2]: *** [src/controller/CMakeFiles/CONTROLLER_LIB.dir/build.make:118: src/controller/CMakeFiles/CONTROLLER_LIB.dir/PolePlacement.cpp.o] Error 1
[8.435s] gmake[2]: *** [src/controller/CMakeFiles/CONTROLLER_LIB.dir/build.make:90: src/controller/CMakeFiles/CONTROLLER_LIB.dir/LQR.cpp.o] Error 1
[8.435s] gmake[1]: *** [CMakeFiles/Makefile2:198: src/controller/CMakeFiles/CONTROLLER_LIB.dir/all] Error 2
[8.435s] gmake: *** [Makefile:91: all] Error 2
[8.437s] Invoked command in '/home/rgeng/Project/build/QuadcopterController' returned '2': /usr/bin/cmake --build /home/rgeng/Project/build/QuadcopterController -- -j12 -l12
