[0.009s] Invoking command in '/home/rgeng/Project/build/QuadcopterController': /usr/bin/cmake --build /home/rgeng/Project/build/QuadcopterController -- -j12 -l12
[0.041s] [ 15%] Built target OBJECTS
[0.061s] [ 53%] Built target CONTROLLER_LIB
[0.073s] [ 69%] Built target MOTOR_CONTROLLER_LIB
[0.085s] [ 84%] Built target DATABASE_LIB
[0.097s] [35m[1mConsolidate compiler generated dependencies of target QuadcopterController[0m
[0.132s] [ 92%] [32mBuilding CXX object src/CMakeFiles/QuadcopterController.dir/main.cpp.o[0m
[4.669s] [01m[K/home/rgeng/Project/src/main.cpp:[m[K In function ‘[01m[Kint main(int, char**)[m[K’:
[4.669s] [01m[K/home/rgeng/Project/src/main.cpp:17:3:[m[K [01;31m[Kerror: [m[K‘[01m[Ksubscribers[m[K’ has not been declared
[4.669s]    17 |   [01;31m[Ksubscribers[m[K::msgSubscriber<gazebo::msgs::IMU>* subscriber = new subscribers::msgSubscriber<IMU>("~/cessna_c172/state", node);
[4.670s]       |   [01;31m[K^~~~~~~~~~~[m[K
[4.670s] [01m[K/home/rgeng/Project/src/main.cpp:17:47:[m[K [01;31m[Kerror: [m[Kexpected primary-expression before ‘[01m[K>[m[K’ token
[4.670s]    17 |   subscribers::msgSubscriber<gazebo::msgs::IMU[01;31m[K>[m[K* subscriber = new subscribers::msgSubscriber<IMU>("~/cessna_c172/state", node);
[4.670s]       |                                               [01;31m[K^[m[K
[4.670s] [01m[K/home/rgeng/Project/src/main.cpp:17:61:[m[K [01;31m[Kerror: [m[Kexpected primary-expression before ‘[01m[K=[m[K’ token
[4.670s]    17 |   subscribers::msgSubscriber<gazebo::msgs::IMU>* subscriber [01;31m[K=[m[K new subscribers::msgSubscriber<IMU>("~/cessna_c172/state", node);
[4.670s]       |                                                             [01;31m[K^[m[K
[4.676s] [01m[K/home/rgeng/Project/src/main.cpp:17:67:[m[K [01;31m[Kerror: [m[K‘[01m[Ksubscribers[m[K’ does not name a type
[4.676s]    17 |   subscribers::msgSubscriber<gazebo::msgs::IMU>* subscriber = new [01;31m[Ksubscribers[m[K::msgSubscriber<IMU>("~/cessna_c172/state", node);
[4.676s]       |                                                                   [01;31m[K^~~~~~~~~~~[m[K
[4.676s] [01m[K/home/rgeng/Project/src/main.cpp:18:55:[m[K [01;31m[Kerror: [m[Kno matching function for call to ‘[01m[Kdatabase::database::database(gazebo::transport::NodePtr&)[m[K’
[4.676s]    18 |   database::database* db = new database::database(node[01;31m[K)[m[K;
[4.676s]       |                                                       [01;31m[K^[m[K
[4.676s] In file included from [01m[K/home/rgeng/Project/src/main.cpp:2[m[K:
[4.676s] [01m[K/home/rgeng/Project/include/database/database.hpp:18:9:[m[K [01;36m[Knote: [m[Kcandidate: ‘[01m[Kdatabase::database::database(subscriber::msgSubscriber<gazebo::msgs::IMU>*)[m[K’
[4.676s]    18 |         [01;36m[Kdatabase[m[K(subscriber::msgSubscriber<gazebo::msgs::IMU>* imuSubscriber);
[4.676s]       |         [01;36m[K^~~~~~~~[m[K
[4.677s] [01m[K/home/rgeng/Project/include/database/database.hpp:18:64:[m[K [01;36m[Knote: [m[K  no known conversion for argument 1 from ‘[01m[Kgazebo::transport::NodePtr[m[K’ {aka ‘[01m[Kboost::shared_ptr<gazebo::transport::Node>[m[K’} to ‘[01m[Ksubscriber::msgSubscriber<gazebo::msgs::IMU>*[m[K’
[4.677s]    18 |         database([01;36m[Ksubscriber::msgSubscriber<gazebo::msgs::IMU>* imuSubscriber[m[K);
[4.677s]       |                  [01;36m[K~~~~~~~~~~~~~~~~~~~~~~~~~~~~~~~~~~~~~~~~~~~~~~^~~~~~~~~~~~~[m[K
[4.677s] [01m[K/home/rgeng/Project/include/database/database.hpp:11:11:[m[K [01;36m[Knote: [m[Kcandidate: ‘[01m[Kconstexpr database::database::database(const database::database&)[m[K’
[4.677s]    11 |     class [01;36m[Kdatabase[m[K
[4.677s]       |           [01;36m[K^~~~~~~~[m[K
[4.677s] [01m[K/home/rgeng/Project/include/database/database.hpp:11:11:[m[K [01;36m[Knote: [m[K  no known conversion for argument 1 from ‘[01m[Kgazebo::transport::NodePtr[m[K’ {aka ‘[01m[Kboost::shared_ptr<gazebo::transport::Node>[m[K’} to ‘[01m[Kconst database::database&[m[K’
[4.677s] [01m[K/home/rgeng/Project/include/database/database.hpp:11:11:[m[K [01;36m[Knote: [m[Kcandidate: ‘[01m[Kconstexpr database::database::database(database::database&&)[m[K’
[4.677s] [01m[K/home/rgeng/Project/include/database/database.hpp:11:11:[m[K [01;36m[Knote: [m[K  no known conversion for argument 1 from ‘[01m[Kgazebo::transport::NodePtr[m[K’ {aka ‘[01m[Kboost::shared_ptr<gazebo::transport::Node>[m[K’} to ‘[01m[Kdatabase::database&&[m[K’
[5.536s] gmake[2]: *** [src/CMakeFiles/QuadcopterController.dir/build.make:76: src/CMakeFiles/QuadcopterController.dir/main.cpp.o] Error 1
[5.536s] gmake[1]: *** [CMakeFiles/Makefile2:172: src/CMakeFiles/QuadcopterController.dir/all] Error 2
[5.536s] gmake: *** [Makefile:91: all] Error 2
[5.538s] Invoked command in '/home/rgeng/Project/build/QuadcopterController' returned '2': /usr/bin/cmake --build /home/rgeng/Project/build/QuadcopterController -- -j12 -l12
