[ 15%] Built target OBJECTS
[ 23%] [32mBuilding CXX object src/controller/CMakeFiles/CONTROLLER_LIB.dir/base.cpp.o[0m
[ 30%] [32m[1mLinking CXX static library libCONTROLLER_LIB.a[0m
[ 53%] Built target CONTROLLER_LIB
[35m[1mConsolidate compiler generated dependencies of target DATABASE_LIB[0m
[ 69%] Built target MOTOR_CONTROLLER_LIB
[ 76%] [32mBuilding CXX object src/database/CMakeFiles/DATABASE_LIB.dir/database.cpp.o[0m
[ 84%] [32m[1mLinking CXX static library libDATABASE_LIB.a[0m
[ 84%] Built target DATABASE_LIB
[ 92%] [32mBuilding CXX object src/CMakeFiles/QuadcopterController.dir/main.cpp.o[0m
[01m[K/home/rgeng/Project/src/main.cpp:[m[K In function ‘[01m[Kint main(int, char**)[m[K’:
[01m[K/home/rgeng/Project/src/main.cpp:11:11:[m[K [01;31m[Kerror: [m[K‘[01m[Kgazebo::client[m[K’ has not been declared
   11 |   gazebo::[01;31m[Kclient[m[K::setup(argc, argv);
      |           [01;31m[K^~~~~~[m[K
[01m[K/home/rgeng/Project/src/main.cpp:16:3:[m[K [01;31m[Kerror: [m[K‘[01m[Ksubscribers[m[K’ has not been declared
   16 |   [01;31m[Ksubscribers[m[K::msgSubscriber<gazebo::msgs::IMU>* subscriber = new subscribers::msgSubscriber<IMU>("~/cessna_c172/state", node)
      |   [01;31m[K^~~~~~~~~~~[m[K
[01m[K/home/rgeng/Project/src/main.cpp:16:47:[m[K [01;31m[Kerror: [m[Kexpected primary-expression before ‘[01m[K>[m[K’ token
   16 |   subscribers::msgSubscriber<gazebo::msgs::IMU[01;31m[K>[m[K* subscriber = new subscribers::msgSubscriber<IMU>("~/cessna_c172/state", node)
      |                                               [01;31m[K^[m[K
[01m[K/home/rgeng/Project/src/main.cpp:16:61:[m[K [01;31m[Kerror: [m[Kexpected primary-expression before ‘[01m[K=[m[K’ token
   16 |   subscribers::msgSubscriber<gazebo::msgs::IMU>* subscriber [01;31m[K=[m[K new subscribers::msgSubscriber<IMU>("~/cessna_c172/state", node)
      |                                                             [01;31m[K^[m[K
[01m[K/home/rgeng/Project/src/main.cpp:16:67:[m[K [01;31m[Kerror: [m[K‘[01m[Ksubscribers[m[K’ does not name a type
   16 |   subscribers::msgSubscriber<gazebo::msgs::IMU>* subscriber = new [01;31m[Ksubscribers[m[K::msgSubscriber<IMU>("~/cessna_c172/state", node)
      |                                                                   [01;31m[K^~~~~~~~~~~[m[K
gmake[2]: *** [src/CMakeFiles/QuadcopterController.dir/build.make:76: src/CMakeFiles/QuadcopterController.dir/main.cpp.o] Error 1
gmake[1]: *** [CMakeFiles/Makefile2:172: src/CMakeFiles/QuadcopterController.dir/all] Error 2
gmake: *** [Makefile:91: all] Error 2
