[0.071s] Invoking command in '/home/rgeng/Project/build/QuadcopterController': /usr/bin/cmake --build /home/rgeng/Project/build/QuadcopterController -- -j12 -l12
[0.296s] [ 15%] Built target OBJECTS
[0.319s] [ 23%] [32mBuilding CXX object src/controller/CMakeFiles/CONTROLLER_LIB.dir/base.cpp.o[0m
[9.946s] [ 30%] [32m[1mLinking CXX static library libCONTROLLER_LIB.a[0m
[10.190s] [ 53%] Built target CONTROLLER_LIB
[10.201s] [35m[1mConsolidate compiler generated dependencies of target DATABASE_LIB[0m
[10.202s] [ 69%] Built target MOTOR_CONTROLLER_LIB
[10.231s] [ 76%] [32mBuilding CXX object src/database/CMakeFiles/DATABASE_LIB.dir/database.cpp.o[0m
[15.624s] [ 84%] [32m[1mLinking CXX static library libDATABASE_LIB.a[0m
[15.662s] [ 84%] Built target DATABASE_LIB
[15.674s] [ 92%] [32mBuilding CXX object src/CMakeFiles/QuadcopterController.dir/main.cpp.o[0m
[20.083s] [01m[K/home/rgeng/Project/src/main.cpp:[m[K In function ‘[01m[Kint main(int, char**)[m[K’:
[20.083s] [01m[K/home/rgeng/Project/src/main.cpp:11:11:[m[K [01;31m[Kerror: [m[K‘[01m[Kgazebo::client[m[K’ has not been declared
[20.083s]    11 |   gazebo::[01;31m[Kclient[m[K::setup(argc, argv);
[20.083s]       |           [01;31m[K^~~~~~[m[K
[20.083s] [01m[K/home/rgeng/Project/src/main.cpp:16:3:[m[K [01;31m[Kerror: [m[K‘[01m[Ksubscribers[m[K’ has not been declared
[20.083s]    16 |   [01;31m[Ksubscribers[m[K::msgSubscriber<gazebo::msgs::IMU>* subscriber = new subscribers::msgSubscriber<IMU>("~/cessna_c172/state", node)
[20.083s]       |   [01;31m[K^~~~~~~~~~~[m[K
[20.083s] [01m[K/home/rgeng/Project/src/main.cpp:16:47:[m[K [01;31m[Kerror: [m[Kexpected primary-expression before ‘[01m[K>[m[K’ token
[20.083s]    16 |   subscribers::msgSubscriber<gazebo::msgs::IMU[01;31m[K>[m[K* subscriber = new subscribers::msgSubscriber<IMU>("~/cessna_c172/state", node)
[20.083s]       |                                               [01;31m[K^[m[K
[20.083s] [01m[K/home/rgeng/Project/src/main.cpp:16:61:[m[K [01;31m[Kerror: [m[Kexpected primary-expression before ‘[01m[K=[m[K’ token
[20.083s]    16 |   subscribers::msgSubscriber<gazebo::msgs::IMU>* subscriber [01;31m[K=[m[K new subscribers::msgSubscriber<IMU>("~/cessna_c172/state", node)
[20.083s]       |                                                             [01;31m[K^[m[K
[20.089s] [01m[K/home/rgeng/Project/src/main.cpp:16:67:[m[K [01;31m[Kerror: [m[K‘[01m[Ksubscribers[m[K’ does not name a type
[20.089s]    16 |   subscribers::msgSubscriber<gazebo::msgs::IMU>* subscriber = new [01;31m[Ksubscribers[m[K::msgSubscriber<IMU>("~/cessna_c172/state", node)
[20.090s]       |                                                                   [01;31m[K^~~~~~~~~~~[m[K
[20.939s] gmake[2]: *** [src/CMakeFiles/QuadcopterController.dir/build.make:76: src/CMakeFiles/QuadcopterController.dir/main.cpp.o] Error 1
[20.939s] gmake[1]: *** [CMakeFiles/Makefile2:172: src/CMakeFiles/QuadcopterController.dir/all] Error 2
[20.939s] gmake: *** [Makefile:91: all] Error 2
[20.949s] Invoked command in '/home/rgeng/Project/build/QuadcopterController' returned '2': /usr/bin/cmake --build /home/rgeng/Project/build/QuadcopterController -- -j12 -l12
