[0.008s] Invoking command in '/home/rgeng/Project/build/QuadcopterController': /usr/bin/cmake --build /home/rgeng/Project/build/QuadcopterController -- -j12 -l12
[0.045s] [ 38%] Built target CONTROLLER_LIB
[0.051s] [35m[1mConsolidate compiler generated dependencies of target MOTOR_CONTROLLER_LIB[0m
[0.051s] [35m[1mConsolidate compiler generated dependencies of target DATABASE_LIB[0m
[0.057s] [ 53%] Built target MOTOR_CONTROLLER_LIB
[0.063s] [ 61%] [32mBuilding CXX object src/database/CMakeFiles/DATABASE_LIB.dir/database.cpp.o[0m
[1.756s] In file included from [01m[K/home/rgeng/Project/src/database/database.cpp:1[m[K:
[1.757s] [01m[K/home/rgeng/Project/include/database/database.hpp:10:18:[m[K [01;31m[Kerror: [m[K‘[01m[KMSG_TOPICS[m[K’ was not declared in this scope
[1.757s]    10 |         std::map<[01;31m[KMSG_TOPICS[m[K, subscribers::msgSubscriber*> subscribers;
[1.757s]       |                  [01;31m[K^~~~~~~~~~[m[K
[1.760s] [01m[K/home/rgeng/Project/include/database/database.hpp:10:30:[m[K [01;31m[Kerror: [m[K‘[01m[Ksubscribers[m[K’ was not declared in this scope; did you mean ‘[01m[Ksubscriber[m[K’?
[1.760s]    10 |         std::map<MSG_TOPICS, [01;31m[Ksubscribers[m[K::msgSubscriber*> subscribers;
[1.760s]       |                              [01;31m[K^~~~~~~~~~~[m[K
[1.760s]       |                              [32m[Ksubscriber[m[K
[1.760s] [01m[K/home/rgeng/Project/include/database/database.hpp:10:57:[m[K [01;31m[Kerror: [m[Ktemplate argument 1 is invalid
[1.761s]    10 |         std::map<MSG_TOPICS, subscribers::msgSubscriber*[01;31m[K>[m[K subscribers;
[1.761s]       |                                                         [01;31m[K^[m[K
[1.761s] [01m[K/home/rgeng/Project/include/database/database.hpp:10:57:[m[K [01;31m[Kerror: [m[Ktemplate argument 2 is invalid
[1.761s] [01m[K/home/rgeng/Project/include/database/database.hpp:10:57:[m[K [01;31m[Kerror: [m[Ktemplate argument 3 is invalid
[1.761s] [01m[K/home/rgeng/Project/include/database/database.hpp:10:57:[m[K [01;31m[Kerror: [m[Ktemplate argument 4 is invalid
[1.761s] [01m[K/home/rgeng/Project/include/database/database.hpp:19:6:[m[K [01;31m[Kerror: [m[Kexpected ‘[01m[K;[m[K’ after class definition
[1.761s]    19 |     }
[1.761s]       |      [01;31m[K^[m[K
[1.761s]       |      [32m[K;[m[K
[1.761s] In file included from [01m[K/home/rgeng/Project/src/database/database.cpp:2[m[K:
[1.761s] [01m[K/home/rgeng/Project/include/subscribers/msgSubscriber.hpp:7:7:[m[K [01;31m[Kerror: [m[Kredefinition of ‘[01m[Kclass subscriber::msgSubscriber<T>[m[K’
[1.761s]     7 | class [01;31m[KmsgSubscriber[m[K{
[1.761s]       |       [01;31m[K^~~~~~~~~~~~~[m[K
[1.761s] In file included from [01m[K/home/rgeng/Project/include/database/database.hpp:3[m[K,
[1.762s]                  from [01m[K/home/rgeng/Project/src/database/database.cpp:1[m[K:
[1.762s] [01m[K/home/rgeng/Project/include/subscribers/msgSubscriber.hpp:7:7:[m[K [01;36m[Knote: [m[Kprevious definition of ‘[01m[Kclass subscriber::msgSubscriber<T>[m[K’
[1.762s]     7 | class [01;36m[KmsgSubscriber[m[K{
[1.762s]       |       [01;36m[K^~~~~~~~~~~~~[m[K
[1.762s] [01m[K/home/rgeng/Project/src/database/database.cpp:[m[K In constructor ‘[01m[Kdatabase::database::database()[m[K’:
[1.762s] [01m[K/home/rgeng/Project/src/database/database.cpp:7:21:[m[K [01;31m[Kerror: [m[Krequest for member ‘[01m[Kinsert_or_assign[m[K’ in ‘[01m[K((database::database*)this)->database::database::subscribers[m[K’, which is of non-class type ‘[01m[Kint[m[K’
[1.762s]     7 |         subscribers.[01;31m[Kinsert_or_assign[m[K(std::pair(MSGS::IMU, new subscriber::msgSubscriber<ignition::msgs::IMU>*("/MyTopic")));
[1.762s]       |                     [01;31m[K^~~~~~~~~~~~~~~~[m[K
[1.763s] [01m[K/home/rgeng/Project/src/database/database.cpp:7:48:[m[K [01;31m[Kerror: [m[K‘[01m[KMSGS[m[K’ was not declared in this scope; did you mean ‘[01m[KMSG_SYN[m[K’?
[1.764s]     7 |         subscribers.insert_or_assign(std::pair([01;31m[KMSGS[m[K::IMU, new subscriber::msgSubscriber<ignition::msgs::IMU>*("/MyTopic")));
[1.764s]       |                                                [01;31m[K^~~~[m[K
[1.764s]       |                                                [32m[KMSG_SYN[m[K
[1.764s] [01m[K/home/rgeng/Project/src/database/database.cpp:7:111:[m[K [01;31m[Kerror: [m[Kcannot convert ‘[01m[Kconst char*[m[K’ to ‘[01m[Ksubscriber::msgSubscriber<ignition::msgs::IMU>*[m[K’ in initialization
[1.764s]     7 |         subscribers.insert_or_assign(std::pair(MSGS::IMU, new subscriber::msgSubscriber<ignition::msgs::IMU>*([01;31m[K"/MyTopic"[m[K)));
[1.764s]       |                                                                                                               [01;31m[K^~~~~~~~~~[m[K
[1.764s]       |                                                                                                               [01;31m[K|[m[K
[1.764s]       |                                                                                                               [01;31m[Kconst char*[m[K
[1.764s] [01m[K/home/rgeng/Project/src/database/database.cpp:[m[K In member function ‘[01m[Kobjects::imu database::database::getIMUData()[m[K’:
[1.764s] [01m[K/home/rgeng/Project/src/database/database.cpp:11:50:[m[K [01;31m[Kerror: [m[Krequest for member ‘[01m[Kat[m[K’ in ‘[01m[K((database::database*)this)->database::database::subscribers[m[K’, which is of non-class type ‘[01m[Kint[m[K’
[1.764s]    11 |         ignition::msgs::IMU imuMsg = subscribers.[01;31m[Kat[m[K(MSGS::IMU)->getMessageData();
[1.764s]       |                                                  [01;31m[K^~[m[K
[1.764s] [01m[K/home/rgeng/Project/src/database/database.cpp:11:53:[m[K [01;31m[Kerror: [m[K‘[01m[KMSGS[m[K’ has not been declared
[1.764s]    11 |         ignition::msgs::IMU imuMsg = subscribers.at([01;31m[KMSGS[m[K::IMU)->getMessageData();
[1.764s]       |                                                     [01;31m[K^~~~[m[K
[2.231s] gmake[2]: *** [src/database/CMakeFiles/DATABASE_LIB.dir/build.make:76: src/database/CMakeFiles/DATABASE_LIB.dir/database.cpp.o] Error 1
[2.231s] gmake[1]: *** [CMakeFiles/Makefile2:235: src/database/CMakeFiles/DATABASE_LIB.dir/all] Error 2
[2.231s] gmake: *** [Makefile:91: all] Error 2
[2.233s] Invoked command in '/home/rgeng/Project/build/QuadcopterController' returned '2': /usr/bin/cmake --build /home/rgeng/Project/build/QuadcopterController -- -j12 -l12
