[0.008s] Invoking command in '/home/rgeng/Project/build/QuadcopterController': /usr/bin/cmake --build /home/rgeng/Project/build/QuadcopterController -- -j12 -l12
[0.088s] -- Looking for ignition-msgs5 -- found version 5.8.1
[0.146s] -- Searching for dependencies of ignition-msgs5
[1.018s] -- Found Protobuf: /usr/lib/x86_64-linux-gnu/libprotobuf.so (found suitable version "3.12.4", minimum required is "3") 
[1.025s] -- Looking for ignition-math6 -- found version 6.15.1
[1.025s] -- Searching for dependencies of ignition-math6
[1.060s] -- Checking for module 'tinyxml2'
[1.072s] --   Found tinyxml2, version 9.0.0
[1.116s] -- Looking for ignition-transport8 -- found version 8.2.1
[1.116s] -- Searching for dependencies of ignition-transport8
[2.042s] -- Config-file not installed for ZeroMQ -- checking for pkg-config
[2.045s] -- Checking for module 'libzmq >= 4'
[2.106s] --   Found libzmq , version 4.3.4
[2.128s] -- Checking for module 'uuid'
[2.143s] --   Found uuid, version 2.37.2
[2.160s] -- Looking for ignition-msgs5 -- found version 5.8.1
[2.186s] [33mCMake Warning (dev) at /usr/share/cmake-3.22/Modules/FindPackageHandleStandardArgs.cmake:438 (message):
[2.186s]   The package name passed to `find_package_handle_standard_args` (PkgConfig)
[2.186s]   does not match the name of the calling package (gazebo).  This can lead to
[2.186s]   problems in calling code that expects `find_package` result variables
[2.186s]   (e.g., `_FOUND`) to follow a certain pattern.
[2.186s] Call Stack (most recent call first):
[2.186s]   /usr/share/cmake-3.22/Modules/FindPkgConfig.cmake:99 (find_package_handle_standard_args)
[2.186s]   /usr/lib/x86_64-linux-gnu/cmake/gazebo/gazebo-config.cmake:72 (include)
[2.186s]   CMakeLists.txt:6 (find_package)
[2.186s] This warning is for project developers.  Use -Wno-dev to suppress it.
[2.186s] [0m
[2.346s] -- Found DART: /usr/include (Required is at least version "6.6") found components: dart 
[2.534s] -- Found Protobuf: /usr/lib/x86_64-linux-gnu/libprotobuf.so (found version "3.12.4") 
[2.543s] -- Looking for ignition-math6 -- found version 6.15.1
[2.544s] -- Looking for OGRE...
[2.554s] -- Found Ogre Ghadamon (1.9.0)
[2.559s] -- Found OGRE: optimized;/usr/lib/x86_64-linux-gnu/libOgreMain.so;debug;/usr/lib/x86_64-linux-gnu/libOgreMain.so
[2.567s] -- Looking for OGRE_Paging...
[2.567s] -- Found OGRE_Paging: optimized;/usr/lib/x86_64-linux-gnu/libOgrePaging.so;debug;/usr/lib/x86_64-linux-gnu/libOgrePaging.so
[2.567s] -- Looking for OGRE_Terrain...
[2.567s] -- Found OGRE_Terrain: optimized;/usr/lib/x86_64-linux-gnu/libOgreTerrain.so;debug;/usr/lib/x86_64-linux-gnu/libOgreTerrain.so
[2.567s] -- Looking for OGRE_Property...
[2.567s] -- Found OGRE_Property: optimized;/usr/lib/x86_64-linux-gnu/libOgreProperty.so;debug;/usr/lib/x86_64-linux-gnu/libOgreProperty.so
[2.567s] -- Looking for OGRE_RTShaderSystem...
[2.567s] -- Found OGRE_RTShaderSystem: optimized;/usr/lib/x86_64-linux-gnu/libOgreRTShaderSystem.so;debug;/usr/lib/x86_64-linux-gnu/libOgreRTShaderSystem.so
[2.567s] -- Looking for OGRE_Volume...
[2.567s] -- Found OGRE_Volume: optimized;/usr/lib/x86_64-linux-gnu/libOgreVolume.so;debug;/usr/lib/x86_64-linux-gnu/libOgreVolume.so
[2.567s] -- Looking for OGRE_Overlay...
[2.567s] -- Found OGRE_Overlay: optimized;/usr/lib/x86_64-linux-gnu/libOgreOverlay.so;debug;/usr/lib/x86_64-linux-gnu/libOgreOverlay.so
[8.703s] -- Looking for ignition-math6 -- found version 6.15.1
[8.703s] -- Looking for ignition-transport8 -- found version 8.2.1
[8.704s] -- Looking for ignition-msgs5 -- found version 5.8.1
[8.712s] -- Looking for ignition-common3 -- found version 3.14.0
[8.713s] -- Searching for dependencies of ignition-common3
[8.723s] -- Looking for dlfcn.h - found
[8.723s] -- Looking for libdl - found
[8.774s] -- Searching for <ignition-common3> component [graphics]
[8.774s] -- Looking for ignition-common3-graphics -- found version 3.14.0
[8.775s] -- Searching for dependencies of ignition-common3-graphics
[8.775s] -- Looking for ignition-math6 -- found version 6.15.1
[8.787s] -- Looking for ignition-fuel_tools4 -- found version 4.4.0
[8.787s] -- Searching for dependencies of ignition-fuel_tools4
[9.404s] -- Checking for module 'jsoncpp'
[9.412s] --   Found jsoncpp, version 1.9.5
[9.454s] -- Checking for module 'libzip'
[9.465s] --   Found libzip, version 1.7.3
[9.483s] -- Looking for ignition-common3 -- found version 3.14.0
[9.483s] -- Looking for ignition-math6 -- found version 6.15.1
[9.484s] -- Looking for ignition-msgs5 -- found version 5.8.1
[9.504s] -- Configuring done
[9.527s] [0mWARNING: Target "QuadcopterController" requests linking to directory "/usr/lib/x86_64-linux-gnu".  Targets may link only to libraries.  CMake is dropping the item.[0m
[9.527s] [0mWARNING: Target "QuadcopterController" requests linking to directory "/usr/lib/x86_64-linux-gnu/gazebo-11/plugins".  Targets may link only to libraries.  CMake is dropping the item.[0m
[9.528s] [0mWARNING: Target "QuadcopterController" requests linking to directory "/usr/lib/x86_64-linux-gnu".  Targets may link only to libraries.  CMake is dropping the item.[0m
[9.528s] [0mWARNING: Target "QuadcopterController" requests linking to directory "/usr/lib/x86_64-linux-gnu/gazebo-11/plugins".  Targets may link only to libraries.  CMake is dropping the item.[0m
[9.588s] -- Generating done
[9.592s] -- Build files have been written to: /home/rgeng/Project/build/QuadcopterController
[9.611s] [35m[1mConsolidate compiler generated dependencies of target OBJECTS[0m
[9.618s] [ 15%] Built target OBJECTS
[9.645s] [35m[1mConsolidate compiler generated dependencies of target CONTROLLER_LIB[0m
[9.670s] [ 30%] [32mBuilding CXX object src/controller/CMakeFiles/CONTROLLER_LIB.dir/base.cpp.o[0m
[9.670s] [ 30%] [32mBuilding CXX object src/controller/CMakeFiles/CONTROLLER_LIB.dir/LQR.cpp.o[0m
[9.670s] [ 38%] [32mBuilding CXX object src/controller/CMakeFiles/CONTROLLER_LIB.dir/PolePlacement.cpp.o[0m
[9.671s] [ 46%] [32mBuilding CXX object src/controller/CMakeFiles/CONTROLLER_LIB.dir/PID.cpp.o[0m
[9.769s] In file included from [01m[K/home/rgeng/Project/include/controller/base.hpp:4[m[K,
[9.770s]                  from [01m[K/home/rgeng/Project/src/controller/base.cpp:1[m[K:
[9.770s] [01m[K/home/rgeng/Project/include/subscribers/msgSubscriber.hpp:3:10:[m[K [01;31m[Kfatal error: [m[Kgazebo/gazebo.hh: No such file or directory
[9.770s]     3 | #include [01;31m[K<gazebo/gazebo.hh>[m[K
[9.770s]       |          [01;31m[K^~~~~~~~~~~~~~~~~~[m[K
[9.770s] compilation terminated.
[9.770s] In file included from [01m[K/home/rgeng/Project/include/controller/base.hpp:4[m[K,
[9.770s]                  from [01m[K/home/rgeng/Project/include/controller/PolePlacement.hpp:4[m[K,
[9.770s]                  from [01m[K/home/rgeng/Project/src/controller/PolePlacement.cpp:1[m[K:
[9.770s] [01m[K/home/rgeng/Project/include/subscribers/msgSubscriber.hpp:3:10:[m[K [01;31m[Kfatal error: [m[Kgazebo/gazebo.hh: No such file or directory
[9.770s]     3 | #include [01;31m[K<gazebo/gazebo.hh>[m[K
[9.770s]       |          [01;31m[K^~~~~~~~~~~~~~~~~~[m[K
[9.770s] compilation terminated.
[9.771s] In file included from [01m[K/home/rgeng/Project/include/controller/base.hpp:4[m[K,
[9.771s]                  from [01m[K/home/rgeng/Project/include/controller/LQR.hpp:4[m[K,
[9.771s]                  from [01m[K/home/rgeng/Project/src/controller/LQR.cpp:1[m[K:
[9.772s] [01m[K/home/rgeng/Project/include/subscribers/msgSubscriber.hpp:3:10:[m[K [01;31m[Kfatal error: [m[Kgazebo/gazebo.hh: No such file or directory
[9.772s]     3 | #include [01;31m[K<gazebo/gazebo.hh>[m[K
[9.772s]       |          [01;31m[K^~~~~~~~~~~~~~~~~~[m[K
[9.772s] compilation terminated.
[9.772s] gmake[2]: *** [src/controller/CMakeFiles/CONTROLLER_LIB.dir/build.make:118: src/controller/CMakeFiles/CONTROLLER_LIB.dir/PolePlacement.cpp.o] Error 1
[9.773s] gmake[2]: *** Waiting for unfinished jobs....
[9.773s] In file included from [01m[K/home/rgeng/Project/include/controller/base.hpp:4[m[K,
[9.773s]                  from [01m[K/home/rgeng/Project/include/controller/PID.hpp:4[m[K,
[9.773s]                  from [01m[K/home/rgeng/Project/src/controller/PID.cpp:1[m[K:
[9.773s] [01m[K/home/rgeng/Project/include/subscribers/msgSubscriber.hpp:3:10:[m[K [01;31m[Kfatal error: [m[Kgazebo/gazebo.hh: No such file or directory
[9.773s]     3 | #include [01;31m[K<gazebo/gazebo.hh>[m[K
[9.773s]       |          [01;31m[K^~~~~~~~~~~~~~~~~~[m[K
[9.773s] compilation terminated.
[9.773s] gmake[2]: *** [src/controller/CMakeFiles/CONTROLLER_LIB.dir/build.make:90: src/controller/CMakeFiles/CONTROLLER_LIB.dir/LQR.cpp.o] Error 1
[9.774s] gmake[2]: *** [src/controller/CMakeFiles/CONTROLLER_LIB.dir/build.make:104: src/controller/CMakeFiles/CONTROLLER_LIB.dir/PID.cpp.o] Error 1
[9.789s] gmake[2]: *** [src/controller/CMakeFiles/CONTROLLER_LIB.dir/build.make:76: src/controller/CMakeFiles/CONTROLLER_LIB.dir/base.cpp.o] Error 1
[9.789s] gmake[1]: *** [CMakeFiles/Makefile2:198: src/controller/CMakeFiles/CONTROLLER_LIB.dir/all] Error 2
[9.789s] gmake: *** [Makefile:91: all] Error 2
[9.791s] Invoked command in '/home/rgeng/Project/build/QuadcopterController' returned '2': /usr/bin/cmake --build /home/rgeng/Project/build/QuadcopterController -- -j12 -l12
