[0.029s] Invoking command in '/home/rgeng/Project/build/QuadcopterController': /usr/bin/cmake --build /home/rgeng/Project/build/QuadcopterController -- -j12 -l12
[0.029s] -- Looking for ignition-msgs5 -- found version 5.8.1
[0.029s] -- Searching for dependencies of ignition-msgs5
[0.512s] -- Looking for ignition-math6 -- found version 6.15.1
[0.512s] -- Searching for dependencies of ignition-math6
[0.515s] -- Checking for module 'tinyxml2'
[0.521s] --   Found tinyxml2, version 9.0.0
[0.537s] -- Looking for ignition-transport8 -- found version 8.2.1
[0.537s] -- Searching for dependencies of ignition-transport8
[1.322s] -- Config-file not installed for ZeroMQ -- checking for pkg-config
[1.325s] -- Checking for module 'libzmq >= 4'
[1.332s] --   Found libzmq , version 4.3.4
[1.353s] -- Checking for module 'uuid'
[1.359s] --   Found uuid, version 2.37.2
[1.375s] -- Looking for ignition-msgs5 -- found version 5.8.1
[1.375s] -- Configuring done
[1.377s] [31mCMake Error at src/CMakeLists.txt:8 (add_executable):
[1.377s]   Target "QuadcopterController" links to target
[1.377s]   "ignition-msgs5::ignition-msgs5" but the target was not found.  Perhaps a
[1.377s]   find_package() call is missing for an IMPORTED target, or an ALIAS target
[1.377s]   is missing?
[1.377s] 
[1.377s] [0m
[1.377s] [31mCMake Error at src/CMakeLists.txt:8 (add_executable):
[1.377s]   Target "QuadcopterController" links to target
[1.377s]   "ignition-transport8::ignition-transport8" but the target was not found.
[1.377s]   Perhaps a find_package() call is missing for an IMPORTED target, or an
[1.377s]   ALIAS target is missing?
[1.377s] 
[1.377s] [0m
[1.377s] [31mCMake Error at src/CMakeLists.txt:8 (add_executable):
[1.377s]   Target "QuadcopterController" links to target
[1.378s]   "ignition-msgs5::ignition-msgs5" but the target was not found.  Perhaps a
[1.378s]   find_package() call is missing for an IMPORTED target, or an ALIAS target
[1.378s]   is missing?
[1.378s] 
[1.378s] [0m
[1.378s] [31mCMake Error at src/CMakeLists.txt:8 (add_executable):
[1.378s]   Target "QuadcopterController" links to target
[1.378s]   "ignition-transport8::ignition-transport8" but the target was not found.
[1.378s]   Perhaps a find_package() call is missing for an IMPORTED target, or an
[1.378s]   ALIAS target is missing?
[1.378s] 
[1.378s] [0m
[1.378s] [31mCMake Error at src/CMakeLists.txt:8 (add_executable):
[1.378s]   Target "QuadcopterController" links to target
[1.378s]   "ignition-msgs5::ignition-msgs5" but the target was not found.  Perhaps a
[1.378s]   find_package() call is missing for an IMPORTED target, or an ALIAS target
[1.378s]   is missing?
[1.378s] 
[1.378s] [0m
[1.378s] [31mCMake Error at src/CMakeLists.txt:8 (add_executable):
[1.378s]   Target "QuadcopterController" links to target
[1.378s]   "ignition-transport8::ignition-transport8" but the target was not found.
[1.378s]   Perhaps a find_package() call is missing for an IMPORTED target, or an
[1.378s]   ALIAS target is missing?
[1.378s] 
[1.378s] [0m
[1.378s] [31mCMake Error at src/CMakeLists.txt:9 (add_executable):
[1.378s]   Target "QuadcopterController_subscriber" links to target
[1.378s]   "ignition-msgs5::ignition-msgs5" but the target was not found.  Perhaps a
[1.379s]   find_package() call is missing for an IMPORTED target, or an ALIAS target
[1.379s]   is missing?
[1.379s] 
[1.379s] [0m
[1.379s] [31mCMake Error at src/CMakeLists.txt:9 (add_executable):
[1.379s]   Target "QuadcopterController_subscriber" links to target
[1.379s]   "ignition-transport8::ignition-transport8" but the target was not found.
[1.379s]   Perhaps a find_package() call is missing for an IMPORTED target, or an
[1.379s]   ALIAS target is missing?
[1.379s] 
[1.379s] [0m
[1.379s] [31mCMake Error at src/CMakeLists.txt:9 (add_executable):
[1.379s]   Target "QuadcopterController_subscriber" links to target
[1.379s]   "ignition-msgs5::ignition-msgs5" but the target was not found.  Perhaps a
[1.379s]   find_package() call is missing for an IMPORTED target, or an ALIAS target
[1.379s]   is missing?
[1.379s] 
[1.379s] [0m
[1.379s] [31mCMake Error at src/CMakeLists.txt:9 (add_executable):
[1.379s]   Target "QuadcopterController_subscriber" links to target
[1.379s]   "ignition-transport8::ignition-transport8" but the target was not found.
[1.379s]   Perhaps a find_package() call is missing for an IMPORTED target, or an
[1.379s]   ALIAS target is missing?
[1.379s] 
[1.379s] [0m
[1.379s] [31mCMake Error at src/CMakeLists.txt:9 (add_executable):
[1.379s]   Target "QuadcopterController_subscriber" links to target
[1.379s]   "ignition-msgs5::ignition-msgs5" but the target was not found.  Perhaps a
[1.379s]   find_package() call is missing for an IMPORTED target, or an ALIAS target
[1.380s]   is missing?
[1.380s] 
[1.380s] [0m
[1.380s] [31mCMake Error at src/CMakeLists.txt:9 (add_executable):
[1.380s]   Target "QuadcopterController_subscriber" links to target
[1.380s]   "ignition-transport8::ignition-transport8" but the target was not found.
[1.380s]   Perhaps a find_package() call is missing for an IMPORTED target, or an
[1.380s]   ALIAS target is missing?
[1.380s] 
[1.380s] [0m
[1.380s] [31mCMake Error at src/controller/CMakeLists.txt:3 (add_library):
[1.380s]   Target "CONTROLLER_LIB" links to target "ignition-msgs5::ignition-msgs5"
[1.380s]   but the target was not found.  Perhaps a find_package() call is missing for
[1.380s]   an IMPORTED target, or an ALIAS target is missing?
[1.380s] 
[1.380s] [0m
[1.380s] [31mCMake Error at src/controller/CMakeLists.txt:3 (add_library):
[1.380s]   Target "CONTROLLER_LIB" links to target
[1.380s]   "ignition-transport8::ignition-transport8" but the target was not found.
[1.380s]   Perhaps a find_package() call is missing for an IMPORTED target, or an
[1.380s]   ALIAS target is missing?
[1.380s] 
[1.380s] [0m
[1.380s] [31mCMake Error at src/database/CMakeLists.txt:3 (add_library):
[1.380s]   Target "DATABASE_LIB" links to target "ignition-msgs5::ignition-msgs5" but
[1.380s]   the target was not found.  Perhaps a find_package() call is missing for an
[1.380s]   IMPORTED target, or an ALIAS target is missing?
[1.380s] 
[1.380s] [0m
[1.381s] [31mCMake Error at src/database/CMakeLists.txt:3 (add_library):
[1.381s]   Target "DATABASE_LIB" links to target
[1.381s]   "ignition-transport8::ignition-transport8" but the target was not found.
[1.381s]   Perhaps a find_package() call is missing for an IMPORTED target, or an
[1.381s]   ALIAS target is missing?
[1.381s] 
[1.381s] [0m
[1.381s] [31mCMake Error at src/database/CMakeLists.txt:3 (add_library):
[1.381s]   Target "DATABASE_LIB" links to target "ignition-msgs5::ignition-msgs5" but
[1.381s]   the target was not found.  Perhaps a find_package() call is missing for an
[1.381s]   IMPORTED target, or an ALIAS target is missing?
[1.381s] 
[1.381s] [0m
[1.381s] [31mCMake Error at src/database/CMakeLists.txt:3 (add_library):
[1.381s]   Target "DATABASE_LIB" links to target
[1.381s]   "ignition-transport8::ignition-transport8" but the target was not found.
[1.381s]   Perhaps a find_package() call is missing for an IMPORTED target, or an
[1.381s]   ALIAS target is missing?
[1.381s] 
[1.381s] [0m
[1.381s] [31mCMake Error at src/MotorDriver/CMakeLists.txt:1 (add_library):
[1.381s]   Target "MOTOR_CONTROLLER_LIB" links to target
[1.381s]   "ignition-msgs5::ignition-msgs5" but the target was not found.  Perhaps a
[1.381s]   find_package() call is missing for an IMPORTED target, or an ALIAS target
[1.381s]   is missing?
[1.381s] 
[1.381s] [0m
[1.381s] [31mCMake Error at src/MotorDriver/CMakeLists.txt:1 (add_library):
[1.381s]   Target "MOTOR_CONTROLLER_LIB" links to target
[1.382s]   "ignition-transport8::ignition-transport8" but the target was not found.
[1.382s]   Perhaps a find_package() call is missing for an IMPORTED target, or an
[1.382s]   ALIAS target is missing?
[1.382s] 
[1.382s] [0m
[1.382s] [31mCMake Error at src/MotorDriver/CMakeLists.txt:1 (add_library):
[1.382s]   Target "MOTOR_CONTROLLER_LIB" links to target
[1.382s]   "ignition-msgs5::ignition-msgs5" but the target was not found.  Perhaps a
[1.382s]   find_package() call is missing for an IMPORTED target, or an ALIAS target
[1.382s]   is missing?
[1.382s] 
[1.382s] [0m
[1.382s] [31mCMake Error at src/MotorDriver/CMakeLists.txt:1 (add_library):
[1.382s]   Target "MOTOR_CONTROLLER_LIB" links to target
[1.382s]   "ignition-transport8::ignition-transport8" but the target was not found.
[1.382s]   Perhaps a find_package() call is missing for an IMPORTED target, or an
[1.382s]   ALIAS target is missing?
[1.382s] 
[1.382s] [0m
[1.384s] -- Generating done
[1.385s] [0mCMake Generate step failed.  Build files cannot be regenerated correctly.[0m
[1.386s] gmake: *** [Makefile:208: cmake_check_build_system] Error 1
[1.388s] Invoked command in '/home/rgeng/Project/build/QuadcopterController' returned '2': /usr/bin/cmake --build /home/rgeng/Project/build/QuadcopterController -- -j12 -l12
