[0.008s] Invoking command in '/home/rgeng/Project/build/QuadcopterController': /usr/bin/cmake --build /home/rgeng/Project/build/QuadcopterController -- -j12 -l12
[0.044s] [ 38%] Built target CONTROLLER_LIB
[0.051s] [35m[1mConsolidate compiler generated dependencies of target DATABASE_LIB[0m
[0.056s] [ 53%] Built target MOTOR_CONTROLLER_LIB
[0.063s] [ 61%] [32mBuilding CXX object src/database/CMakeFiles/DATABASE_LIB.dir/database.cpp.o[0m
[1.834s] In file included from [01m[K/home/rgeng/Project/src/database/database.cpp:1[m[K:
[1.834s] [01m[K/home/rgeng/Project/include/database/database.hpp:22:6:[m[K [01;31m[Kerror: [m[Kexpected ‘[01m[K;[m[K’ after class definition
[1.834s]    22 |     }
[1.834s]       |      [01;31m[K^[m[K
[1.834s]       |      [32m[K;[m[K
[1.834s] [01m[K/home/rgeng/Project/src/database/database.cpp:[m[K In constructor ‘[01m[Kdatabase::database::database()[m[K’:
[1.834s] [01m[K/home/rgeng/Project/src/database/database.cpp:7:77:[m[K [01;31m[Kerror: [m[Kcannot convert ‘[01m[Kconst char*[m[K’ to ‘[01m[Ksubscriber::msgSubscriber<ignition::msgs::IMU>*[m[K’ in initialization
[1.834s]     7 |         imuSubscriber = new subscriber::msgSubscriber<ignition::msgs::IMU>*([01;31m[K"/MyTopic"[m[K);
[1.834s]       |                                                                             [01;31m[K^~~~~~~~~~[m[K
[1.834s]       |                                                                             [01;31m[K|[m[K
[1.834s]       |                                                                             [01;31m[Kconst char*[m[K
[2.327s] gmake[2]: *** [src/database/CMakeFiles/DATABASE_LIB.dir/build.make:76: src/database/CMakeFiles/DATABASE_LIB.dir/database.cpp.o] Error 1
[2.327s] gmake[1]: *** [CMakeFiles/Makefile2:235: src/database/CMakeFiles/DATABASE_LIB.dir/all] Error 2
[2.327s] gmake: *** [Makefile:91: all] Error 2
[2.329s] Invoked command in '/home/rgeng/Project/build/QuadcopterController' returned '2': /usr/bin/cmake --build /home/rgeng/Project/build/QuadcopterController -- -j12 -l12
