[0.079s] Invoking command in '/home/rgeng/Project/build/QuadcopterController': /usr/bin/cmake /home/rgeng/Project -DCMAKE_INSTALL_PREFIX=/home/rgeng/Project/install/QuadcopterController
[1.308s] [31mCMake Error at src/CMakeLists.txt:3 (find_package):
[1.308s]   By not providing "Findgz-cmake2.cmake" in CMAKE_MODULE_PATH this project
[1.308s]   has asked CMake to find a package configuration file provided by
[1.308s]   "gz-cmake2", but CMake did not find one.
[1.308s] 
[1.308s]   Could not find a package configuration file provided by "gz-cmake2" with
[1.308s]   any of the following names:
[1.308s] 
[1.308s]     gz-cmake2Config.cmake
[1.308s]     gz-cmake2-config.cmake
[1.308s] 
[1.308s]   Add the installation prefix of "gz-cmake2" to CMAKE_PREFIX_PATH or set
[1.308s]   "gz-cmake2_DIR" to a directory containing one of the above files.  If
[1.308s]   "gz-cmake2" provides a separate development package or SDK, be sure it has
[1.308s]   been installed.
[1.308s] 
[1.309s] [0m
[1.309s] -- Configuring incomplete, errors occurred!
[1.309s] See also "/home/rgeng/Project/build/QuadcopterController/CMakeFiles/CMakeOutput.log".
[1.390s] Invoked command in '/home/rgeng/Project/build/QuadcopterController' returned '1': /usr/bin/cmake /home/rgeng/Project -DCMAKE_INSTALL_PREFIX=/home/rgeng/Project/install/QuadcopterController
