[0.009s] Invoking command in '/home/rgeng/Project/build/QuadcopterController': /usr/bin/cmake --build /home/rgeng/Project/build/QuadcopterController -- -j12 -l12
[0.026s] -- Looking for ignition-msgs5 -- found version 5.8.1
[0.030s] -- Searching for dependencies of ignition-msgs5
[0.559s] -- Found Protobuf: /usr/lib/x86_64-linux-gnu/libprotobuf.so (found suitable version "3.12.4", minimum required is "3") 
[0.560s] -- Looking for ignition-math6 -- found version 6.15.1
[0.560s] -- Searching for dependencies of ignition-math6
[0.563s] -- Checking for module 'tinyxml2'
[0.569s] --   Found tinyxml2, version 9.0.0
[0.585s] -- Looking for ignition-transport8 -- found version 8.2.1
[0.586s] -- Searching for dependencies of ignition-transport8
[1.592s] -- Config-file not installed for ZeroMQ -- checking for pkg-config
[1.595s] -- Checking for module 'libzmq >= 4'
[1.601s] --   Found libzmq , version 4.3.4
[1.623s] -- Checking for module 'uuid'
[1.629s] --   Found uuid, version 2.37.2
[1.645s] -- Looking for ignition-msgs5 -- found version 5.8.1
[1.648s] [33mCMake Warning (dev) at /usr/share/cmake-3.22/Modules/FindPackageHandleStandardArgs.cmake:438 (message):
[1.648s]   The package name passed to `find_package_handle_standard_args` (PkgConfig)
[1.648s]   does not match the name of the calling package (gazebo).  This can lead to
[1.648s]   problems in calling code that expects `find_package` result variables
[1.648s]   (e.g., `_FOUND`) to follow a certain pattern.
[1.648s] Call Stack (most recent call first):
[1.648s]   /usr/share/cmake-3.22/Modules/FindPkgConfig.cmake:99 (find_package_handle_standard_args)
[1.648s]   /usr/lib/x86_64-linux-gnu/cmake/gazebo/gazebo-config.cmake:72 (include)
[1.648s]   CMakeLists.txt:7 (find_package)
[1.648s] This warning is for project developers.  Use -Wno-dev to suppress it.
[1.648s] [0m
[1.664s] -- Found DART: /usr/include (Required is at least version "6.6") found components: dart 
[1.683s] -- Found Protobuf: /usr/lib/x86_64-linux-gnu/libprotobuf.so (found version "3.12.4") 
[1.684s] -- Looking for ignition-math6 -- found version 6.15.1
[1.685s] -- Looking for OGRE...
[1.688s] -- Found Ogre Ghadamon (1.9.0)
[1.688s] -- Found OGRE: optimized;/usr/lib/x86_64-linux-gnu/libOgreMain.so;debug;/usr/lib/x86_64-linux-gnu/libOgreMain.so
[1.695s] -- Looking for OGRE_Paging...
[1.695s] -- Found OGRE_Paging: optimized;/usr/lib/x86_64-linux-gnu/libOgrePaging.so;debug;/usr/lib/x86_64-linux-gnu/libOgrePaging.so
[1.695s] -- Looking for OGRE_Terrain...
[1.695s] -- Found OGRE_Terrain: optimized;/usr/lib/x86_64-linux-gnu/libOgreTerrain.so;debug;/usr/lib/x86_64-linux-gnu/libOgreTerrain.so
[1.695s] -- Looking for OGRE_Property...
[1.696s] -- Found OGRE_Property: optimized;/usr/lib/x86_64-linux-gnu/libOgreProperty.so;debug;/usr/lib/x86_64-linux-gnu/libOgreProperty.so
[1.696s] -- Looking for OGRE_RTShaderSystem...
[1.696s] -- Found OGRE_RTShaderSystem: optimized;/usr/lib/x86_64-linux-gnu/libOgreRTShaderSystem.so;debug;/usr/lib/x86_64-linux-gnu/libOgreRTShaderSystem.so
[1.696s] -- Looking for OGRE_Volume...
[1.696s] -- Found OGRE_Volume: optimized;/usr/lib/x86_64-linux-gnu/libOgreVolume.so;debug;/usr/lib/x86_64-linux-gnu/libOgreVolume.so
[1.696s] -- Looking for OGRE_Overlay...
[1.696s] -- Found OGRE_Overlay: optimized;/usr/lib/x86_64-linux-gnu/libOgreOverlay.so;debug;/usr/lib/x86_64-linux-gnu/libOgreOverlay.so
[8.439s] -- Looking for ignition-math6 -- found version 6.15.1
[8.439s] -- Looking for ignition-transport8 -- found version 8.2.1
[8.440s] -- Looking for ignition-msgs5 -- found version 5.8.1
[8.440s] -- Looking for ignition-common3 -- found version 3.14.0
[8.440s] -- Searching for dependencies of ignition-common3
[8.440s] -- Looking for dlfcn.h - found
[8.441s] -- Looking for libdl - found
[8.472s] -- Searching for <ignition-common3> component [graphics]
[8.472s] -- Looking for ignition-common3-graphics -- found version 3.14.0
[8.472s] -- Searching for dependencies of ignition-common3-graphics
[8.473s] -- Looking for ignition-math6 -- found version 6.15.1
[8.473s] -- Looking for ignition-fuel_tools4 -- found version 4.4.0
[8.474s] -- Searching for dependencies of ignition-fuel_tools4
[9.063s] -- Checking for module 'jsoncpp'
[9.070s] --   Found jsoncpp, version 1.9.5
[9.091s] -- Checking for module 'libzip'
[9.097s] --   Found libzip, version 1.7.3
[9.115s] -- Looking for ignition-common3 -- found version 3.14.0
[9.115s] -- Looking for ignition-math6 -- found version 6.15.1
[9.115s] -- Looking for ignition-msgs5 -- found version 5.8.1
[9.119s] -- Configuring done
[9.152s] -- Generating done
[9.156s] -- Build files have been written to: /home/rgeng/Project/build/QuadcopterController
[9.174s] [35m[1mConsolidate compiler generated dependencies of target OBJECTS[0m
[9.180s] [35m[1mConsolidate compiler generated dependencies of target CONTROLLER_LIB[0m
[9.181s] [  7%] [32mBuilding CXX object src/objects/CMakeFiles/OBJECTS.dir/imu.cpp.o[0m
[9.238s] [ 15%] [32mBuilding CXX object src/controller/CMakeFiles/CONTROLLER_LIB.dir/base.cpp.o[0m
[9.238s] [ 23%] [32mBuilding CXX object src/controller/CMakeFiles/CONTROLLER_LIB.dir/LQR.cpp.o[0m
[9.239s] [ 30%] [32mBuilding CXX object src/controller/CMakeFiles/CONTROLLER_LIB.dir/PID.cpp.o[0m
[9.240s] [ 38%] [32mBuilding CXX object src/controller/CMakeFiles/CONTROLLER_LIB.dir/PolePlacement.cpp.o[0m
[9.291s] [ 46%] [32m[1mLinking CXX static library libOBJECTS.a[0m
[9.314s] [ 46%] Built target OBJECTS
[16.600s] [ 53%] [32m[1mLinking CXX static library libCONTROLLER_LIB.a[0m
[16.708s] [ 53%] Built target CONTROLLER_LIB
[16.714s] [35m[1mConsolidate compiler generated dependencies of target MOTOR_CONTROLLER_LIB[0m
[16.715s] [35m[1mConsolidate compiler generated dependencies of target DATABASE_LIB[0m
[16.720s] [ 61%] [32mBuilding CXX object src/MotorDriver/CMakeFiles/MOTOR_CONTROLLER_LIB.dir/MotorSpeedController.cpp.o[0m
[16.746s] [ 69%] [32mBuilding CXX object src/database/CMakeFiles/DATABASE_LIB.dir/database.cpp.o[0m
[16.785s] [ 76%] [32m[1mLinking CXX static library libMOTOR_CONTROLLER_LIB.a[0m
[16.804s] [ 76%] Built target MOTOR_CONTROLLER_LIB
[22.266s] [ 84%] [32m[1mLinking CXX static library libDATABASE_LIB.a[0m
[22.305s] [ 84%] Built target DATABASE_LIB
[22.312s] [35m[1mConsolidate compiler generated dependencies of target QuadcopterController[0m
[22.344s] [ 92%] [32m[1mLinking CXX executable QuadcopterController[0m
[22.502s] /usr/bin/ld: CMakeFiles/QuadcopterController.dir/main.cpp.o: undefined reference to symbol '_ZN3tbb6detail2r114notify_waitersEm'
[22.502s] /usr/bin/ld: /lib/x86_64-linux-gnu/libtbb.so.12: error adding symbols: DSO missing from command line
[22.505s] collect2: error: ld returned 1 exit status
[22.506s] gmake[2]: *** [src/CMakeFiles/QuadcopterController.dir/build.make:171: src/QuadcopterController] Error 1
[22.507s] gmake[1]: *** [CMakeFiles/Makefile2:172: src/CMakeFiles/QuadcopterController.dir/all] Error 2
[22.507s] gmake: *** [Makefile:91: all] Error 2
[22.509s] Invoked command in '/home/rgeng/Project/build/QuadcopterController' returned '2': /usr/bin/cmake --build /home/rgeng/Project/build/QuadcopterController -- -j12 -l12
