[0.009s] Invoking command in '/home/rgeng/Project/build/QuadcopterController': /usr/bin/cmake --build /home/rgeng/Project/build/QuadcopterController -- -j12 -l12
[0.043s] [35m[1mConsolidate compiler generated dependencies of target OBJECTS[0m
[0.052s] [ 15%] Built target OBJECTS
[0.052s] [35m[1mConsolidate compiler generated dependencies of target CONTROLLER_LIB[0m
[0.113s] [ 30%] [32mBuilding CXX object src/controller/CMakeFiles/CONTROLLER_LIB.dir/LQR.cpp.o[0m
[0.113s] [ 30%] [32mBuilding CXX object src/controller/CMakeFiles/CONTROLLER_LIB.dir/base.cpp.o[0m
[0.114s] [ 38%] [32mBuilding CXX object src/controller/CMakeFiles/CONTROLLER_LIB.dir/PID.cpp.o[0m
[0.116s] [ 46%] [32mBuilding CXX object src/controller/CMakeFiles/CONTROLLER_LIB.dir/PolePlacement.cpp.o[0m
[5.771s] In file included from [01m[K/home/rgeng/Project/include/controller/base.hpp:5[m[K,
[5.771s]                  from [01m[K/home/rgeng/Project/include/controller/PolePlacement.hpp:4[m[K,
[5.771s]                  from [01m[K/home/rgeng/Project/src/controller/PolePlacement.cpp:1[m[K:
[5.771s] [01m[K/home/rgeng/Project/include/publishers/msgPublisher.hpp:[m[K In constructor ‘[01m[Kpublishers::msgPublisher<T>::msgPublisher(gazebo::transport::NodePtr&)[m[K’:
[5.771s] [01m[K/home/rgeng/Project/include/publishers/msgPublisher.hpp:18:17:[m[K [01;31m[Kerror: [m[K‘[01m[Kgazebo::client[m[K’ has not been declared
[5.771s]    18 |         gazebo::[01;31m[Kclient[m[K::setup();
[5.772s]       |                 [01;31m[K^~~~~~[m[K
[5.772s] [01m[K/home/rgeng/Project/include/publishers/msgPublisher.hpp:19:15:[m[K [01;31m[Kerror: [m[K‘[01m[Kclass gazebo::transport::Publisher[m[K’ has no member named ‘[01m[KInit[m[K’
[5.772s]    19 |         mPub->[01;31m[KInit[m[K();
[5.772s]       |               [01;31m[K^~~~[m[K
[5.794s] [01m[K/home/rgeng/Project/include/publishers/msgPublisher.hpp:20:16:[m[K [01;31m[Kerror: [m[K‘[01m[KmNode[m[K’ was not declared in this scope
[5.794s]    20 |         mPub = [01;31m[KmNode[m[K.Advertise<T>(inTopic);
[5.794s]       |                [01;31m[K^~~~~[m[K
[5.794s] [01m[K/home/rgeng/Project/include/publishers/msgPublisher.hpp:20:33:[m[K [01;31m[Kerror: [m[Kexpected primary-expression before ‘[01m[K>[m[K’ token
[5.794s]    20 |         mPub = mNode.Advertise<T[01;31m[K>[m[K(inTopic);
[5.794s]       |                                 [01;31m[K^[m[K
[5.797s] In file included from [01m[K/home/rgeng/Project/include/controller/base.hpp:5[m[K,
[5.798s]                  from [01m[K/home/rgeng/Project/src/controller/base.cpp:1[m[K:
[5.798s] [01m[K/home/rgeng/Project/include/publishers/msgPublisher.hpp:[m[K In constructor ‘[01m[Kpublishers::msgPublisher<T>::msgPublisher(gazebo::transport::NodePtr&)[m[K’:
[5.798s] [01m[K/home/rgeng/Project/include/publishers/msgPublisher.hpp:18:17:[m[K [01;31m[Kerror: [m[K‘[01m[Kgazebo::client[m[K’ has not been declared
[5.798s]    18 |         gazebo::[01;31m[Kclient[m[K::setup();
[5.798s]       |                 [01;31m[K^~~~~~[m[K
[5.798s] [01m[K/home/rgeng/Project/include/publishers/msgPublisher.hpp:19:15:[m[K [01;31m[Kerror: [m[K‘[01m[Kclass gazebo::transport::Publisher[m[K’ has no member named ‘[01m[KInit[m[K’
[5.799s]    19 |         mPub->[01;31m[KInit[m[K();
[5.799s]       |               [01;31m[K^~~~[m[K
[5.799s] In file included from [01m[K/home/rgeng/Project/include/controller/base.hpp:5[m[K,
[5.799s]                  from [01m[K/home/rgeng/Project/include/controller/PID.hpp:4[m[K,
[5.799s]                  from [01m[K/home/rgeng/Project/src/controller/PID.cpp:1[m[K:
[5.799s] [01m[K/home/rgeng/Project/include/publishers/msgPublisher.hpp:[m[K In constructor ‘[01m[Kpublishers::msgPublisher<T>::msgPublisher(gazebo::transport::NodePtr&)[m[K’:
[5.799s] [01m[K/home/rgeng/Project/include/publishers/msgPublisher.hpp:18:17:[m[K [01;31m[Kerror: [m[K‘[01m[Kgazebo::client[m[K’ has not been declared
[5.799s]    18 |         gazebo::[01;31m[Kclient[m[K::setup();
[5.799s]       |                 [01;31m[K^~~~~~[m[K
[5.800s] [01m[K/home/rgeng/Project/include/publishers/msgPublisher.hpp:19:15:[m[K [01;31m[Kerror: [m[K‘[01m[Kclass gazebo::transport::Publisher[m[K’ has no member named ‘[01m[KInit[m[K’
[5.800s]    19 |         mPub->[01;31m[KInit[m[K();
[5.800s]       |               [01;31m[K^~~~[m[K
[5.812s] [01m[K/home/rgeng/Project/include/publishers/msgPublisher.hpp:20:35:[m[K [01;31m[Kerror: [m[K‘[01m[KinTopic[m[K’ was not declared in this scope
[5.813s]    20 |         mPub = mNode.Advertise<T>([01;31m[KinTopic[m[K);
[5.813s]       |                                   [01;31m[K^~~~~~~[m[K
[5.813s] [01m[K/home/rgeng/Project/include/publishers/msgPublisher.hpp:[m[K In member function ‘[01m[Kvoid publishers::msgPublisher<T>::publishMessage(const T&)[m[K’:
[5.813s] [01m[K/home/rgeng/Project/include/publishers/msgPublisher.hpp:24:18:[m[K [01;31m[Kerror: [m[K‘[01m[Kgazebo::transport::PublisherPtr[m[K’ {aka ‘[01m[Kclass boost::shared_ptr<gazebo::transport::Publisher>[m[K’} has no member named ‘[01m[KPublish[m[K’
[5.813s]    24 |         if(!mPub.[01;31m[KPublish[m[K(inMsg))
[5.813s]       |                  [01;31m[K^~~~~~~[m[K
[5.817s] [01m[K/home/rgeng/Project/include/publishers/msgPublisher.hpp:20:16:[m[K [01;31m[Kerror: [m[K‘[01m[KmNode[m[K’ was not declared in this scope
[5.817s]    20 |         mPub = [01;31m[KmNode[m[K.Advertise<T>(inTopic);
[5.817s]       |                [01;31m[K^~~~~[m[K
[5.818s] [01m[K/home/rgeng/Project/include/publishers/msgPublisher.hpp:20:33:[m[K [01;31m[Kerror: [m[Kexpected primary-expression before ‘[01m[K>[m[K’ token
[5.818s]    20 |         mPub = mNode.Advertise<T[01;31m[K>[m[K(inTopic);
[5.818s]       |                                 [01;31m[K^[m[K
[5.818s] [01m[K/home/rgeng/Project/include/publishers/msgPublisher.hpp:20:16:[m[K [01;31m[Kerror: [m[K‘[01m[KmNode[m[K’ was not declared in this scope
[5.818s]    20 |         mPub = [01;31m[KmNode[m[K.Advertise<T>(inTopic);
[5.818s]       |                [01;31m[K^~~~~[m[K
[5.818s] [01m[K/home/rgeng/Project/include/publishers/msgPublisher.hpp:20:33:[m[K [01;31m[Kerror: [m[Kexpected primary-expression before ‘[01m[K>[m[K’ token
[5.819s]    20 |         mPub = mNode.Advertise<T[01;31m[K>[m[K(inTopic);
[5.819s]       |                                 [01;31m[K^[m[K
[5.838s] [01m[K/home/rgeng/Project/include/publishers/msgPublisher.hpp:20:35:[m[K [01;31m[Kerror: [m[K‘[01m[KinTopic[m[K’ was not declared in this scope
[5.838s]    20 |         mPub = mNode.Advertise<T>([01;31m[KinTopic[m[K);
[5.838s]       |                                   [01;31m[K^~~~~~~[m[K
[5.839s] [01m[K/home/rgeng/Project/include/publishers/msgPublisher.hpp:20:35:[m[K [01;31m[Kerror: [m[K‘[01m[KinTopic[m[K’ was not declared in this scope
[5.839s]    20 |         mPub = mNode.Advertise<T>([01;31m[KinTopic[m[K);
[5.839s]       |                                   [01;31m[K^~~~~~~[m[K
[5.839s] [01m[K/home/rgeng/Project/include/publishers/msgPublisher.hpp:[m[K In member function ‘[01m[Kvoid publishers::msgPublisher<T>::publishMessage(const T&)[m[K’:
[5.839s] [01m[K/home/rgeng/Project/include/publishers/msgPublisher.hpp:24:18:[m[K [01;31m[Kerror: [m[K‘[01m[Kgazebo::transport::PublisherPtr[m[K’ {aka ‘[01m[Kclass boost::shared_ptr<gazebo::transport::Publisher>[m[K’} has no member named ‘[01m[KPublish[m[K’
[5.839s]    24 |         if(!mPub.[01;31m[KPublish[m[K(inMsg))
[5.839s]       |                  [01;31m[K^~~~~~~[m[K
[5.839s] [01m[K/home/rgeng/Project/include/publishers/msgPublisher.hpp:[m[K In member function ‘[01m[Kvoid publishers::msgPublisher<T>::publishMessage(const T&)[m[K’:
[5.839s] [01m[K/home/rgeng/Project/include/publishers/msgPublisher.hpp:24:18:[m[K [01;31m[Kerror: [m[K‘[01m[Kgazebo::transport::PublisherPtr[m[K’ {aka ‘[01m[Kclass boost::shared_ptr<gazebo::transport::Publisher>[m[K’} has no member named ‘[01m[KPublish[m[K’
[5.840s]    24 |         if(!mPub.[01;31m[KPublish[m[K(inMsg))
[5.840s]       |                  [01;31m[K^~~~~~~[m[K
[5.862s] In file included from [01m[K/home/rgeng/Project/include/controller/base.hpp:5[m[K,
[5.862s]                  from [01m[K/home/rgeng/Project/include/controller/LQR.hpp:4[m[K,
[5.862s]                  from [01m[K/home/rgeng/Project/src/controller/LQR.cpp:1[m[K:
[5.862s] [01m[K/home/rgeng/Project/include/publishers/msgPublisher.hpp:[m[K In constructor ‘[01m[Kpublishers::msgPublisher<T>::msgPublisher(gazebo::transport::NodePtr&)[m[K’:
[5.862s] [01m[K/home/rgeng/Project/include/publishers/msgPublisher.hpp:18:17:[m[K [01;31m[Kerror: [m[K‘[01m[Kgazebo::client[m[K’ has not been declared
[5.862s]    18 |         gazebo::[01;31m[Kclient[m[K::setup();
[5.862s]       |                 [01;31m[K^~~~~~[m[K
[5.862s] [01m[K/home/rgeng/Project/include/publishers/msgPublisher.hpp:19:15:[m[K [01;31m[Kerror: [m[K‘[01m[Kclass gazebo::transport::Publisher[m[K’ has no member named ‘[01m[KInit[m[K’
[5.862s]    19 |         mPub->[01;31m[KInit[m[K();
[5.862s]       |               [01;31m[K^~~~[m[K
[5.881s] [01m[K/home/rgeng/Project/include/publishers/msgPublisher.hpp:20:16:[m[K [01;31m[Kerror: [m[K‘[01m[KmNode[m[K’ was not declared in this scope
[5.882s]    20 |         mPub = [01;31m[KmNode[m[K.Advertise<T>(inTopic);
[5.882s]       |                [01;31m[K^~~~~[m[K
[5.882s] [01m[K/home/rgeng/Project/include/publishers/msgPublisher.hpp:20:33:[m[K [01;31m[Kerror: [m[Kexpected primary-expression before ‘[01m[K>[m[K’ token
[5.882s]    20 |         mPub = mNode.Advertise<T[01;31m[K>[m[K(inTopic);
[5.882s]       |                                 [01;31m[K^[m[K
[5.899s] [01m[K/home/rgeng/Project/include/publishers/msgPublisher.hpp:20:35:[m[K [01;31m[Kerror: [m[K‘[01m[KinTopic[m[K’ was not declared in this scope
[5.899s]    20 |         mPub = mNode.Advertise<T>([01;31m[KinTopic[m[K);
[5.899s]       |                                   [01;31m[K^~~~~~~[m[K
[5.899s] [01m[K/home/rgeng/Project/include/publishers/msgPublisher.hpp:[m[K In member function ‘[01m[Kvoid publishers::msgPublisher<T>::publishMessage(const T&)[m[K’:
[5.899s] [01m[K/home/rgeng/Project/include/publishers/msgPublisher.hpp:24:18:[m[K [01;31m[Kerror: [m[K‘[01m[Kgazebo::transport::PublisherPtr[m[K’ {aka ‘[01m[Kclass boost::shared_ptr<gazebo::transport::Publisher>[m[K’} has no member named ‘[01m[KPublish[m[K’
[5.899s]    24 |         if(!mPub.[01;31m[KPublish[m[K(inMsg))
[5.900s]       |                  [01;31m[K^~~~~~~[m[K
[5.959s] In file included from [01m[K/home/rgeng/Project/include/controller/PolePlacement.hpp:4[m[K,
[5.959s]                  from [01m[K/home/rgeng/Project/src/controller/PolePlacement.cpp:1[m[K:
[5.959s] [01m[K/home/rgeng/Project/include/controller/base.hpp:[m[K At global scope:
[5.959s] [01m[K/home/rgeng/Project/include/controller/base.hpp:18:46:[m[K [01;31m[Kerror: [m[K‘[01m[KCessna[m[K’ is not a member of ‘[01m[Kignition::msgs[m[K’; did you mean ‘[01m[Kgazebo::msgs::Cessna[m[K’?
[5.960s]    18 |     publishers::msgPublisher<ignition::msgs::[01;31m[KCessna[m[K>* controlPublisher;
[5.960s]       |                                              [01;31m[K^~~~~~[m[K
[5.960s] In file included from [01m[K/usr/include/gazebo-11/gazebo/msgs/MessageTypes.hh:16[m[K,
[5.960s]                  from [01m[K/usr/include/gazebo-11/gazebo/msgs/msgs.hh:35[m[K,
[5.960s]                  from [01m[K/usr/include/gazebo-11/gazebo/gazebo_core.hh:20[m[K,
[5.960s]                  from [01m[K/usr/include/gazebo-11/gazebo/gazebo.hh:20[m[K,
[5.960s]                  from [01m[K/home/rgeng/Project/include/subscribers/msgSubscriber.hpp:3[m[K,
[5.960s]                  from [01m[K/home/rgeng/Project/include/controller/base.hpp:4[m[K,
[5.960s]                  from [01m[K/home/rgeng/Project/include/controller/PolePlacement.hpp:4[m[K,
[5.960s]                  from [01m[K/home/rgeng/Project/src/controller/PolePlacement.cpp:1[m[K:
[5.960s] [01m[K/usr/include/gazebo-11/gazebo/msgs/cessna.pb.h:80:23:[m[K [01;36m[Knote: [m[K‘[01m[Kgazebo::msgs::Cessna[m[K’ declared here
[5.960s]    80 | class GZ_MSGS_VISIBLE [01;36m[KCessna[m[K PROTOBUF_FINAL :
[5.960s]       |                       [01;36m[K^~~~~~[m[K
[5.960s] In file included from [01m[K/home/rgeng/Project/include/controller/PolePlacement.hpp:4[m[K,
[5.960s]                  from [01m[K/home/rgeng/Project/src/controller/PolePlacement.cpp:1[m[K:
[5.961s] [01m[K/home/rgeng/Project/include/controller/base.hpp:18:52:[m[K [01;31m[Kerror: [m[Ktemplate argument 1 is invalid
[5.961s]    18 |     publishers::msgPublisher<gazebo::msgs::Cessna[01;31m[K>[m[K* controlPublisher;
[5.961s]       |                                                    [01;31m[K^[m[K
[5.983s] In file included from [01m[K/home/rgeng/Project/src/controller/base.cpp:1[m[K:
[5.983s] [01m[K/home/rgeng/Project/include/controller/base.hpp:[m[K At global scope:
[5.983s] [01m[K/home/rgeng/Project/include/controller/base.hpp:18:46:[m[K [01;31m[Kerror: [m[K‘[01m[KCessna[m[K’ is not a member of ‘[01m[Kignition::msgs[m[K’; did you mean ‘[01m[Kgazebo::msgs::Cessna[m[K’?
[5.984s]    18 |     publishers::msgPublisher<ignition::msgs::[01;31m[KCessna[m[K>* controlPublisher;
[5.984s]       |                                              [01;31m[K^~~~~~[m[K
[5.984s] In file included from [01m[K/usr/include/gazebo-11/gazebo/msgs/MessageTypes.hh:16[m[K,
[5.984s]                  from [01m[K/usr/include/gazebo-11/gazebo/msgs/msgs.hh:35[m[K,
[5.984s]                  from [01m[K/usr/include/gazebo-11/gazebo/gazebo_core.hh:20[m[K,
[5.984s]                  from [01m[K/usr/include/gazebo-11/gazebo/gazebo.hh:20[m[K,
[5.984s]                  from [01m[K/home/rgeng/Project/include/subscribers/msgSubscriber.hpp:3[m[K,
[5.984s]                  from [01m[K/home/rgeng/Project/include/controller/base.hpp:4[m[K,
[5.984s]                  from [01m[K/home/rgeng/Project/src/controller/base.cpp:1[m[K:
[5.984s] [01m[K/usr/include/gazebo-11/gazebo/msgs/cessna.pb.h:80:23:[m[K [01;36m[Knote: [m[K‘[01m[Kgazebo::msgs::Cessna[m[K’ declared here
[5.984s]    80 | class GZ_MSGS_VISIBLE [01;36m[KCessna[m[K PROTOBUF_FINAL :
[5.984s]       |                       [01;36m[K^~~~~~[m[K
[5.984s] In file included from [01m[K/home/rgeng/Project/src/controller/base.cpp:1[m[K:
[5.984s] [01m[K/home/rgeng/Project/include/controller/base.hpp:18:52:[m[K [01;31m[Kerror: [m[Ktemplate argument 1 is invalid
[5.984s]    18 |     publishers::msgPublisher<gazebo::msgs::Cessna[01;31m[K>[m[K* controlPublisher;
[5.984s]       |                                                    [01;31m[K^[m[K
[5.984s] In file included from [01m[K/home/rgeng/Project/include/controller/PID.hpp:4[m[K,
[5.984s]                  from [01m[K/home/rgeng/Project/src/controller/PID.cpp:1[m[K:
[5.984s] [01m[K/home/rgeng/Project/include/controller/base.hpp:[m[K At global scope:
[5.984s] [01m[K/home/rgeng/Project/include/controller/base.hpp:18:46:[m[K [01;31m[Kerror: [m[K‘[01m[KCessna[m[K’ is not a member of ‘[01m[Kignition::msgs[m[K’; did you mean ‘[01m[Kgazebo::msgs::Cessna[m[K’?
[5.985s]    18 |     publishers::msgPublisher<ignition::msgs::[01;31m[KCessna[m[K>* controlPublisher;
[5.985s]       |                                              [01;31m[K^~~~~~[m[K
[5.985s] In file included from [01m[K/usr/include/gazebo-11/gazebo/msgs/MessageTypes.hh:16[m[K,
[5.985s]                  from [01m[K/usr/include/gazebo-11/gazebo/msgs/msgs.hh:35[m[K,
[5.985s]                  from [01m[K/usr/include/gazebo-11/gazebo/gazebo_core.hh:20[m[K,
[5.985s]                  from [01m[K/usr/include/gazebo-11/gazebo/gazebo.hh:20[m[K,
[5.985s]                  from [01m[K/home/rgeng/Project/include/subscribers/msgSubscriber.hpp:3[m[K,
[5.985s]                  from [01m[K/home/rgeng/Project/include/controller/base.hpp:4[m[K,
[5.985s]                  from [01m[K/home/rgeng/Project/include/controller/PID.hpp:4[m[K,
[5.985s]                  from [01m[K/home/rgeng/Project/src/controller/PID.cpp:1[m[K:
[5.985s] [01m[K/usr/include/gazebo-11/gazebo/msgs/cessna.pb.h:80:23:[m[K [01;36m[Knote: [m[K‘[01m[Kgazebo::msgs::Cessna[m[K’ declared here
[5.985s]    80 | class GZ_MSGS_VISIBLE [01;36m[KCessna[m[K PROTOBUF_FINAL :
[5.985s]       |                       [01;36m[K^~~~~~[m[K
[5.985s] In file included from [01m[K/home/rgeng/Project/include/controller/PID.hpp:4[m[K,
[5.985s]                  from [01m[K/home/rgeng/Project/src/controller/PID.cpp:1[m[K:
[5.985s] [01m[K/home/rgeng/Project/include/controller/base.hpp:18:52:[m[K [01;31m[Kerror: [m[Ktemplate argument 1 is invalid
[5.985s]    18 |     publishers::msgPublisher<gazebo::msgs::Cessna[01;31m[K>[m[K* controlPublisher;
[5.985s]       |                                                    [01;31m[K^[m[K
[5.986s] [01m[K/home/rgeng/Project/src/controller/base.cpp:[m[K In constructor ‘[01m[Kcontroller::Base::Base(enums::CONTROL_METHOD_ENUM, gazebo::transport::NodePtr&)[m[K’:
[5.986s] [01m[K/home/rgeng/Project/src/controller/base.cpp:7:69:[m[K [01;31m[Kerror: [m[K‘[01m[KCessna[m[K’ is not a member of ‘[01m[Kignition::msgs[m[K’; did you mean ‘[01m[Kgazebo::msgs::Cessna[m[K’?
[5.986s]     7 | ntrolPublisher = new publishers::msgPublisher<ignition::msgs::[01;31m[KCessna[m[K>(gzNode);
[5.986s]       |                                                               [01;31m[K^~~~~~[m[K
[5.986s] 
[5.986s] In file included from [01m[K/usr/include/gazebo-11/gazebo/msgs/MessageTypes.hh:16[m[K,
[5.986s]                  from [01m[K/usr/include/gazebo-11/gazebo/msgs/msgs.hh:35[m[K,
[5.986s]                  from [01m[K/usr/include/gazebo-11/gazebo/gazebo_core.hh:20[m[K,
[5.986s]                  from [01m[K/usr/include/gazebo-11/gazebo/gazebo.hh:20[m[K,
[5.986s]                  from [01m[K/home/rgeng/Project/include/subscribers/msgSubscriber.hpp:3[m[K,
[5.986s]                  from [01m[K/home/rgeng/Project/include/controller/base.hpp:4[m[K,
[5.986s]                  from [01m[K/home/rgeng/Project/src/controller/base.cpp:1[m[K:
[5.986s] [01m[K/usr/include/gazebo-11/gazebo/msgs/cessna.pb.h:80:23:[m[K [01;36m[Knote: [m[K‘[01m[Kgazebo::msgs::Cessna[m[K’ declared here
[5.986s]    80 | class GZ_MSGS_VISIBLE [01;36m[KCessna[m[K PROTOBUF_FINAL :
[5.986s]       |                       [01;36m[K^~~~~~[m[K
[5.986s] [01m[K/home/rgeng/Project/src/controller/base.cpp:7:75:[m[K [01;31m[Kerror: [m[Ktemplate argument 1 is invalid
[5.986s]     7 | Publisher = new publishers::msgPublisher<gazebo::msgs::Cessna[01;31m[K>[m[K(gzNode);
[5.986s]       |                                                                [01;31m[K^[m[K
[5.987s] 
[5.988s] [01m[K/home/rgeng/Project/src/controller/base.cpp:[m[K In member function ‘[01m[Kvoid controller::Base::commandVehicle()[m[K’:
[5.988s] [01m[K/home/rgeng/Project/src/controller/base.cpp:12:21:[m[K [01;31m[Kerror: [m[K‘[01m[KCessna[m[K’ is not a member of ‘[01m[Kignition::msgs[m[K’; did you mean ‘[01m[Kgazebo::msgs::Cessna[m[K’?
[5.988s]    12 |     ignition::msgs::[01;31m[KCessna[m[K msg;
[5.988s]       |                     [01;31m[K^~~~~~[m[K
[5.988s] In file included from [01m[K/usr/include/gazebo-11/gazebo/msgs/MessageTypes.hh:16[m[K,
[5.988s]                  from [01m[K/usr/include/gazebo-11/gazebo/msgs/msgs.hh:35[m[K,
[5.988s]                  from [01m[K/usr/include/gazebo-11/gazebo/gazebo_core.hh:20[m[K,
[5.988s]                  from [01m[K/usr/include/gazebo-11/gazebo/gazebo.hh:20[m[K,
[5.988s]                  from [01m[K/home/rgeng/Project/include/subscribers/msgSubscriber.hpp:3[m[K,
[5.988s]                  from [01m[K/home/rgeng/Project/include/controller/base.hpp:4[m[K,
[5.988s]                  from [01m[K/home/rgeng/Project/src/controller/base.cpp:1[m[K:
[5.988s] [01m[K/usr/include/gazebo-11/gazebo/msgs/cessna.pb.h:80:23:[m[K [01;36m[Knote: [m[K‘[01m[Kgazebo::msgs::Cessna[m[K’ declared here
[5.989s]    80 | class GZ_MSGS_VISIBLE [01;36m[KCessna[m[K PROTOBUF_FINAL :
[5.989s]       |                       [01;36m[K^~~~~~[m[K
[6.003s] [01m[K/home/rgeng/Project/src/controller/base.cpp:13:5:[m[K [01;31m[Kerror: [m[K‘[01m[Kmsg[m[K’ was not declared in this scope
[6.003s]    13 |     [01;31m[Kmsg[m[K.set_cmd_propeller_speed(1000.0);
[6.003s]       |     [01;31m[K^~~[m[K
[6.003s] [01m[K/home/rgeng/Project/src/controller/base.cpp:21:23:[m[K [01;31m[Kerror: [m[Krequest for member ‘[01m[KpublishMessage[m[K’ in ‘[01m[K*((controller::Base*)this)->controller::Base::controlPublisher[m[K’, which is of non-class type ‘[01m[Kint[m[K’
[6.003s]    21 |     controlPublisher->[01;31m[KpublishMessage[m[K(msg);
[6.003s]       |                       [01;31m[K^~~~~~~~~~~~~~[m[K
[6.037s] In file included from [01m[K/home/rgeng/Project/include/controller/LQR.hpp:4[m[K,
[6.038s]                  from [01m[K/home/rgeng/Project/src/controller/LQR.cpp:1[m[K:
[6.038s] [01m[K/home/rgeng/Project/include/controller/base.hpp:[m[K At global scope:
[6.038s] [01m[K/home/rgeng/Project/include/controller/base.hpp:18:46:[m[K [01;31m[Kerror: [m[K‘[01m[KCessna[m[K’ is not a member of ‘[01m[Kignition::msgs[m[K’; did you mean ‘[01m[Kgazebo::msgs::Cessna[m[K’?
[6.038s]    18 |     publishers::msgPublisher<ignition::msgs::[01;31m[KCessna[m[K>* controlPublisher;
[6.038s]       |                                              [01;31m[K^~~~~~[m[K
[6.038s] In file included from [01m[K/usr/include/gazebo-11/gazebo/msgs/MessageTypes.hh:16[m[K,
[6.038s]                  from [01m[K/usr/include/gazebo-11/gazebo/msgs/msgs.hh:35[m[K,
[6.038s]                  from [01m[K/usr/include/gazebo-11/gazebo/gazebo_core.hh:20[m[K,
[6.038s]                  from [01m[K/usr/include/gazebo-11/gazebo/gazebo.hh:20[m[K,
[6.038s]                  from [01m[K/home/rgeng/Project/include/subscribers/msgSubscriber.hpp:3[m[K,
[6.038s]                  from [01m[K/home/rgeng/Project/include/controller/base.hpp:4[m[K,
[6.038s]                  from [01m[K/home/rgeng/Project/include/controller/LQR.hpp:4[m[K,
[6.038s]                  from [01m[K/home/rgeng/Project/src/controller/LQR.cpp:1[m[K:
[6.038s] [01m[K/usr/include/gazebo-11/gazebo/msgs/cessna.pb.h:80:23:[m[K [01;36m[Knote: [m[K‘[01m[Kgazebo::msgs::Cessna[m[K’ declared here
[6.038s]    80 | class GZ_MSGS_VISIBLE [01;36m[KCessna[m[K PROTOBUF_FINAL :
[6.038s]       |                       [01;36m[K^~~~~~[m[K
[6.038s] In file included from [01m[K/home/rgeng/Project/include/controller/LQR.hpp:4[m[K,
[6.038s]                  from [01m[K/home/rgeng/Project/src/controller/LQR.cpp:1[m[K:
[6.038s] [01m[K/home/rgeng/Project/include/controller/base.hpp:18:52:[m[K [01;31m[Kerror: [m[Ktemplate argument 1 is invalid
[6.038s]    18 |     publishers::msgPublisher<gazebo::msgs::Cessna[01;31m[K>[m[K* controlPublisher;
[6.038s]       |                                                    [01;31m[K^[m[K
[7.442s] gmake[2]: *** [src/controller/CMakeFiles/CONTROLLER_LIB.dir/build.make:118: src/controller/CMakeFiles/CONTROLLER_LIB.dir/PolePlacement.cpp.o] Error 1
[7.442s] gmake[2]: *** Waiting for unfinished jobs....
[7.580s] gmake[2]: *** [src/controller/CMakeFiles/CONTROLLER_LIB.dir/build.make:104: src/controller/CMakeFiles/CONTROLLER_LIB.dir/PID.cpp.o] Error 1
[7.581s] gmake[2]: *** [src/controller/CMakeFiles/CONTROLLER_LIB.dir/build.make:76: src/controller/CMakeFiles/CONTROLLER_LIB.dir/base.cpp.o] Error 1
[7.582s] gmake[2]: *** [src/controller/CMakeFiles/CONTROLLER_LIB.dir/build.make:90: src/controller/CMakeFiles/CONTROLLER_LIB.dir/LQR.cpp.o] Error 1
[7.582s] gmake[1]: *** [CMakeFiles/Makefile2:198: src/controller/CMakeFiles/CONTROLLER_LIB.dir/all] Error 2
[7.582s] gmake: *** [Makefile:91: all] Error 2
[7.585s] Invoked command in '/home/rgeng/Project/build/QuadcopterController' returned '2': /usr/bin/cmake --build /home/rgeng/Project/build/QuadcopterController -- -j12 -l12
