[0.010s] Invoking command in '/home/rgeng/Project/build/QuadcopterController': /usr/bin/cmake --build /home/rgeng/Project/build/QuadcopterController -- -j12 -l12
[0.047s] [35m[1mConsolidate compiler generated dependencies of target CONTROLLER_LIB[0m
[0.051s] [ 15%] Built target OBJECTS
[0.076s] [ 23%] [32mBuilding CXX object src/controller/CMakeFiles/CONTROLLER_LIB.dir/base.cpp.o[0m
[3.299s] [01m[K/home/rgeng/Project/src/controller/base.cpp:[m[K In constructor ‘[01m[Kcontroller::Base::Base(enums::CONTROL_METHOD_ENUM)[m[K’:
[3.299s] [01m[K/home/rgeng/Project/src/controller/base.cpp:8:24:[m[K [01;31m[Kerror: [m[Kcannot convert ‘[01m[Kpublishers::msgPublisher<ignition::msgs::Float>*[m[K’ to ‘[01m[Kpublishers::msgPublisher<gazebo::msgs::Cessna>*[m[K’ in assignment
[3.299s]     8 |     controlPublisher = [01;31m[Knew publishers::msgPublisher<ignition::msgs::Float>("/model/cessna_c172/propeller_cmd")[m[K;
[3.299s]       |                        [01;31m[K^~~~~~~~~~~~~~~~~~~~~~~~~~~~~~~~~~~~~~~~~~~~~~~~~~~~~~~~~~~~~~~~~~~~~~~~~~~~~~~~~~~~~~~[m[K
[3.299s]       |                        [01;31m[K|[m[K
[3.299s]       |                        [01;31m[Kpublishers::msgPublisher<ignition::msgs::Float>*[m[K
[3.299s] [01m[K/home/rgeng/Project/src/controller/base.cpp:[m[K In member function ‘[01m[Kvoid controller::Base::commandVehicle()[m[K’:
[3.299s] [01m[K/home/rgeng/Project/src/controller/base.cpp:15:38:[m[K [01;31m[Kerror: [m[Kcannot convert ‘[01m[Kignition::msgs::Float[m[K’ to ‘[01m[Kconst gazebo::msgs::Cessna&[m[K’
[3.300s]    15 |     controlPublisher->publishMessage([01;31m[Kcmd[m[K);
[3.300s]       |                                      [01;31m[K^~~[m[K
[3.300s]       |                                      [01;31m[K|[m[K
[3.300s]       |                                      [01;31m[Kignition::msgs::Float[m[K
[3.300s] In file included from [01m[K/home/rgeng/Project/include/controller/base.hpp:5[m[K,
[3.300s]                  from [01m[K/home/rgeng/Project/src/controller/base.cpp:1[m[K:
[3.300s] [01m[K/home/rgeng/Project/include/publishers/msgPublisher.hpp:19:34:[m[K [01;36m[Knote: [m[K  initializing argument 1 of ‘[01m[Kvoid publishers::msgPublisher<T>::publishMessage(const T&) [with T = gazebo::msgs::Cessna][m[K’
[3.300s]    19 |     void publishMessage([01;36m[Kconst T& inMsg[m[K)
[3.300s]       |                         [01;36m[K~~~~~~~~~^~~~~[m[K
[4.511s] gmake[2]: *** [src/controller/CMakeFiles/CONTROLLER_LIB.dir/build.make:76: src/controller/CMakeFiles/CONTROLLER_LIB.dir/base.cpp.o] Error 1
[4.511s] gmake[1]: *** [CMakeFiles/Makefile2:198: src/controller/CMakeFiles/CONTROLLER_LIB.dir/all] Error 2
[4.511s] gmake: *** [Makefile:91: all] Error 2
[4.514s] Invoked command in '/home/rgeng/Project/build/QuadcopterController' returned '2': /usr/bin/cmake --build /home/rgeng/Project/build/QuadcopterController -- -j12 -l12
