[0.008s] Invoking command in '/home/rgeng/Project/build/QuadcopterController': /usr/bin/cmake --build /home/rgeng/Project/build/QuadcopterController -- -j12 -l12
[0.024s] -- Looking for ignition-msgs5 -- found version 5.8.1
[0.027s] -- Searching for dependencies of ignition-msgs5
[0.534s] -- Found Protobuf: /usr/lib/x86_64-linux-gnu/libprotobuf.so (found suitable version "3.12.4", minimum required is "3") 
[0.535s] -- Looking for ignition-math6 -- found version 6.15.1
[0.535s] -- Searching for dependencies of ignition-math6
[0.538s] -- Checking for module 'tinyxml2'
[0.544s] --   Found tinyxml2, version 9.0.0
[0.560s] -- Looking for ignition-transport8 -- found version 8.2.1
[0.560s] -- Searching for dependencies of ignition-transport8
[1.570s] -- Config-file not installed for ZeroMQ -- checking for pkg-config
[1.573s] -- Checking for module 'libzmq >= 4'
[1.580s] --   Found libzmq , version 4.3.4
[1.601s] -- Checking for module 'uuid'
[1.607s] --   Found uuid, version 2.37.2
[1.623s] -- Looking for ignition-msgs5 -- found version 5.8.1
[1.626s] [33mCMake Warning (dev) at /usr/share/cmake-3.22/Modules/FindPackageHandleStandardArgs.cmake:438 (message):
[1.626s]   The package name passed to `find_package_handle_standard_args` (PkgConfig)
[1.626s]   does not match the name of the calling package (gazebo).  This can lead to
[1.626s]   problems in calling code that expects `find_package` result variables
[1.626s]   (e.g., `_FOUND`) to follow a certain pattern.
[1.626s] Call Stack (most recent call first):
[1.626s]   /usr/share/cmake-3.22/Modules/FindPkgConfig.cmake:99 (find_package_handle_standard_args)
[1.627s]   /usr/lib/x86_64-linux-gnu/cmake/gazebo/gazebo-config.cmake:72 (include)
[1.627s]   CMakeLists.txt:7 (find_package)
[1.627s] This warning is for project developers.  Use -Wno-dev to suppress it.
[1.627s] [0m
[1.641s] -- Found DART: /usr/include (Required is at least version "6.6") found components: dart 
[1.660s] -- Found Protobuf: /usr/lib/x86_64-linux-gnu/libprotobuf.so (found version "3.12.4") 
[1.661s] -- Looking for ignition-math6 -- found version 6.15.1
[1.662s] -- Looking for OGRE...
[1.665s] -- Found Ogre Ghadamon (1.9.0)
[1.665s] -- Found OGRE: optimized;/usr/lib/x86_64-linux-gnu/libOgreMain.so;debug;/usr/lib/x86_64-linux-gnu/libOgreMain.so
[1.671s] -- Looking for OGRE_Paging...
[1.672s] -- Found OGRE_Paging: optimized;/usr/lib/x86_64-linux-gnu/libOgrePaging.so;debug;/usr/lib/x86_64-linux-gnu/libOgrePaging.so
[1.672s] -- Looking for OGRE_Terrain...
[1.672s] -- Found OGRE_Terrain: optimized;/usr/lib/x86_64-linux-gnu/libOgreTerrain.so;debug;/usr/lib/x86_64-linux-gnu/libOgreTerrain.so
[1.672s] -- Looking for OGRE_Property...
[1.672s] -- Found OGRE_Property: optimized;/usr/lib/x86_64-linux-gnu/libOgreProperty.so;debug;/usr/lib/x86_64-linux-gnu/libOgreProperty.so
[1.672s] -- Looking for OGRE_RTShaderSystem...
[1.672s] -- Found OGRE_RTShaderSystem: optimized;/usr/lib/x86_64-linux-gnu/libOgreRTShaderSystem.so;debug;/usr/lib/x86_64-linux-gnu/libOgreRTShaderSystem.so
[1.672s] -- Looking for OGRE_Volume...
[1.672s] -- Found OGRE_Volume: optimized;/usr/lib/x86_64-linux-gnu/libOgreVolume.so;debug;/usr/lib/x86_64-linux-gnu/libOgreVolume.so
[1.672s] -- Looking for OGRE_Overlay...
[1.672s] -- Found OGRE_Overlay: optimized;/usr/lib/x86_64-linux-gnu/libOgreOverlay.so;debug;/usr/lib/x86_64-linux-gnu/libOgreOverlay.so
[8.022s] -- Looking for ignition-math6 -- found version 6.15.1
[8.022s] -- Looking for ignition-transport8 -- found version 8.2.1
[8.022s] -- Looking for ignition-msgs5 -- found version 5.8.1
[8.023s] -- Looking for ignition-common3 -- found version 3.14.0
[8.023s] -- Searching for dependencies of ignition-common3
[8.023s] -- Looking for dlfcn.h - found
[8.023s] -- Looking for libdl - found
[8.056s] -- Searching for <ignition-common3> component [graphics]
[8.056s] -- Looking for ignition-common3-graphics -- found version 3.14.0
[8.056s] -- Searching for dependencies of ignition-common3-graphics
[8.057s] -- Looking for ignition-math6 -- found version 6.15.1
[8.057s] -- Looking for ignition-fuel_tools4 -- found version 4.4.0
[8.058s] -- Searching for dependencies of ignition-fuel_tools4
[8.646s] -- Checking for module 'jsoncpp'
[8.652s] --   Found jsoncpp, version 1.9.5
[8.674s] -- Checking for module 'libzip'
[8.680s] --   Found libzip, version 1.7.3
[8.698s] -- Looking for ignition-common3 -- found version 3.14.0
[8.698s] -- Looking for ignition-math6 -- found version 6.15.1
[8.698s] -- Looking for ignition-msgs5 -- found version 5.8.1
[8.702s] -- Configuring done
[8.709s] [0mWARNING: Target "QuadcopterController" requests linking to directory "/usr/lib/x86_64-linux-gnu".  Targets may link only to libraries.  CMake is dropping the item.[0m
[8.709s] [0mWARNING: Target "QuadcopterController" requests linking to directory "/usr/lib/x86_64-linux-gnu/gazebo-11/plugins".  Targets may link only to libraries.  CMake is dropping the item.[0m
[8.709s] [0mWARNING: Target "QuadcopterController" requests linking to directory "/usr/lib/x86_64-linux-gnu".  Targets may link only to libraries.  CMake is dropping the item.[0m
[8.709s] [0mWARNING: Target "QuadcopterController" requests linking to directory "/usr/lib/x86_64-linux-gnu/gazebo-11/plugins".  Targets may link only to libraries.  CMake is dropping the item.[0m
[8.712s] [0mWARNING: Target "CONTROLLER_LIB" requests linking to directory "/usr/lib/x86_64-linux-gnu".  Targets may link only to libraries.  CMake is dropping the item.[0m
[8.712s] [0mWARNING: Target "CONTROLLER_LIB" requests linking to directory "/usr/lib/x86_64-linux-gnu/gazebo-11/plugins".  Targets may link only to libraries.  CMake is dropping the item.[0m
[8.712s] [0mWARNING: Target "CONTROLLER_LIB" requests linking to directory "/usr/lib/x86_64-linux-gnu".  Targets may link only to libraries.  CMake is dropping the item.[0m
[8.712s] [0mWARNING: Target "CONTROLLER_LIB" requests linking to directory "/usr/lib/x86_64-linux-gnu/gazebo-11/plugins".  Targets may link only to libraries.  CMake is dropping the item.[0m
[8.713s] [0mWARNING: Target "DATABASE_LIB" requests linking to directory "/usr/lib/x86_64-linux-gnu".  Targets may link only to libraries.  CMake is dropping the item.[0m
[8.713s] [0mWARNING: Target "DATABASE_LIB" requests linking to directory "/usr/lib/x86_64-linux-gnu/gazebo-11/plugins".  Targets may link only to libraries.  CMake is dropping the item.[0m
[8.713s] [0mWARNING: Target "DATABASE_LIB" requests linking to directory "/usr/lib/x86_64-linux-gnu".  Targets may link only to libraries.  CMake is dropping the item.[0m
[8.713s] [0mWARNING: Target "DATABASE_LIB" requests linking to directory "/usr/lib/x86_64-linux-gnu".  Targets may link only to libraries.  CMake is dropping the item.[0m
[8.713s] [0mWARNING: Target "DATABASE_LIB" requests linking to directory "/usr/lib/x86_64-linux-gnu/gazebo-11/plugins".  Targets may link only to libraries.  CMake is dropping the item.[0m
[8.714s] [0mWARNING: Target "DATABASE_LIB" requests linking to directory "/usr/lib/x86_64-linux-gnu".  Targets may link only to libraries.  CMake is dropping the item.[0m
[8.714s] [0mWARNING: Target "DATABASE_LIB" requests linking to directory "/usr/lib/x86_64-linux-gnu/gazebo-11/plugins".  Targets may link only to libraries.  CMake is dropping the item.[0m
[8.714s] [0mWARNING: Target "MOTOR_CONTROLLER_LIB" requests linking to directory "/usr/lib/x86_64-linux-gnu".  Targets may link only to libraries.  CMake is dropping the item.[0m
[8.714s] [0mWARNING: Target "MOTOR_CONTROLLER_LIB" requests linking to directory "/usr/lib/x86_64-linux-gnu/gazebo-11/plugins".  Targets may link only to libraries.  CMake is dropping the item.[0m
[8.714s] [0mWARNING: Target "MOTOR_CONTROLLER_LIB" requests linking to directory "/usr/lib/x86_64-linux-gnu".  Targets may link only to libraries.  CMake is dropping the item.[0m
[8.715s] [0mWARNING: Target "MOTOR_CONTROLLER_LIB" requests linking to directory "/usr/lib/x86_64-linux-gnu".  Targets may link only to libraries.  CMake is dropping the item.[0m
[8.715s] [0mWARNING: Target "MOTOR_CONTROLLER_LIB" requests linking to directory "/usr/lib/x86_64-linux-gnu/gazebo-11/plugins".  Targets may link only to libraries.  CMake is dropping the item.[0m
[8.715s] [0mWARNING: Target "MOTOR_CONTROLLER_LIB" requests linking to directory "/usr/lib/x86_64-linux-gnu".  Targets may link only to libraries.  CMake is dropping the item.[0m
[8.715s] [0mWARNING: Target "MOTOR_CONTROLLER_LIB" requests linking to directory "/usr/lib/x86_64-linux-gnu/gazebo-11/plugins".  Targets may link only to libraries.  CMake is dropping the item.[0m
[8.745s] [0mWARNING: Target "OBJECTS" requests linking to directory "/usr/lib/x86_64-linux-gnu".  Targets may link only to libraries.  CMake is dropping the item.[0m
[8.745s] [0mWARNING: Target "OBJECTS" requests linking to directory "/usr/lib/x86_64-linux-gnu/gazebo-11/plugins".  Targets may link only to libraries.  CMake is dropping the item.[0m
[8.745s] [0mWARNING: Target "OBJECTS" requests linking to directory "/usr/lib/x86_64-linux-gnu".  Targets may link only to libraries.  CMake is dropping the item.[0m
[8.745s] [0mWARNING: Target "OBJECTS" requests linking to directory "/usr/lib/x86_64-linux-gnu/gazebo-11/plugins".  Targets may link only to libraries.  CMake is dropping the item.[0m
[8.745s] -- Generating done
[8.750s] -- Build files have been written to: /home/rgeng/Project/build/QuadcopterController
[8.768s] [35m[1mConsolidate compiler generated dependencies of target OBJECTS[0m
[8.774s] [35m[1mConsolidate compiler generated dependencies of target CONTROLLER_LIB[0m
[8.776s] [  7%] [32mBuilding CXX object src/objects/CMakeFiles/OBJECTS.dir/imu.cpp.o[0m
[8.831s] [ 15%] [32mBuilding CXX object src/controller/CMakeFiles/CONTROLLER_LIB.dir/base.cpp.o[0m
[8.831s] [ 23%] [32mBuilding CXX object src/controller/CMakeFiles/CONTROLLER_LIB.dir/LQR.cpp.o[0m
[8.833s] [ 30%] [32mBuilding CXX object src/controller/CMakeFiles/CONTROLLER_LIB.dir/PID.cpp.o[0m
[8.833s] [ 38%] [32mBuilding CXX object src/controller/CMakeFiles/CONTROLLER_LIB.dir/PolePlacement.cpp.o[0m
[8.900s] [ 46%] [32m[1mLinking CXX static library libOBJECTS.a[0m
[8.924s] [ 46%] Built target OBJECTS
[16.555s] [ 53%] [32m[1mLinking CXX static library libCONTROLLER_LIB.a[0m
[16.674s] [ 53%] Built target CONTROLLER_LIB
[16.679s] [35m[1mConsolidate compiler generated dependencies of target MOTOR_CONTROLLER_LIB[0m
[16.681s] [35m[1mConsolidate compiler generated dependencies of target DATABASE_LIB[0m
[16.686s] [ 61%] [32mBuilding CXX object src/MotorDriver/CMakeFiles/MOTOR_CONTROLLER_LIB.dir/MotorSpeedController.cpp.o[0m
[16.714s] [ 69%] [32mBuilding CXX object src/database/CMakeFiles/DATABASE_LIB.dir/database.cpp.o[0m
[16.750s] [ 76%] [32m[1mLinking CXX static library libMOTOR_CONTROLLER_LIB.a[0m
[16.770s] [ 76%] Built target MOTOR_CONTROLLER_LIB
[22.360s] [ 84%] [32m[1mLinking CXX static library libDATABASE_LIB.a[0m
[22.413s] [ 84%] Built target DATABASE_LIB
[22.420s] [35m[1mConsolidate compiler generated dependencies of target QuadcopterController[0m
[22.453s] [ 92%] [32mBuilding CXX object src/CMakeFiles/QuadcopterController.dir/main.cpp.o[0m
[28.809s] [100%] [32m[1mLinking CXX executable QuadcopterController[0m
[28.940s] /usr/bin/ld: cannot find -llink_directories: No such file or directory
[28.940s] /usr/bin/ld: cannot find -l(: No such file or directory
[28.941s] /usr/bin/ld: cannot find -l): No such file or directory
[28.959s] collect2: error: ld returned 1 exit status
[28.961s] gmake[2]: *** [src/CMakeFiles/QuadcopterController.dir/build.make:153: src/QuadcopterController] Error 1
[28.961s] gmake[1]: *** [CMakeFiles/Makefile2:172: src/CMakeFiles/QuadcopterController.dir/all] Error 2
[28.961s] gmake: *** [Makefile:91: all] Error 2
[28.963s] Invoked command in '/home/rgeng/Project/build/QuadcopterController' returned '2': /usr/bin/cmake --build /home/rgeng/Project/build/QuadcopterController -- -j12 -l12
