[01m[K/home/rgeng/Project/src/main.cpp:[m[K In function ‘[01m[Kint main(int, char**)[m[K’:
[01m[K/home/rgeng/Project/src/main.cpp:11:62:[m[K [01;31m[Kerror: [m[K‘[01m[KPID[m[K’ is not a member of ‘[01m[Kenums[m[K’
   11 | se* controller = new controller::Base(enums::[01;31m[KPID[m[K);
      |                                              [01;31m[K^~~[m[K

[01m[K/home/rgeng/Project/src/main.cpp:11:62:[m[K [01;36m[Knote: [m[Ksuggested alternatives:
In file included from [01m[K/home/rgeng/Project/include/database/database.hpp:6[m[K,
                 from [01m[K/home/rgeng/Project/src/main.cpp:2[m[K:
[01m[K/home/rgeng/Project/include/enums/enumerations.hpp:8:5:[m[K [01;36m[Knote: [m[K  ‘[01m[Kenums::CONTROL_METHOD_ENUM::PID[m[K’
    8 |     [01;36m[KPID[m[K,
      |     [01;36m[K^~~[m[K
In file included from [01m[K/usr/include/ignition/msgs5/ignition/msgs/joint_cmd.pb.h:36[m[K,
                 from [01m[K/usr/include/ignition/msgs5/ignition/msgs/MessageTypes.hh:95[m[K,
                 from [01m[K/usr/include/ignition/msgs5/ignition/msgs/Utility.hh:33[m[K,
                 from [01m[K/usr/include/ignition/transport8/ignition/transport/Discovery.hh:71[m[K,
                 from [01m[K/usr/include/ignition/transport8/ignition/transport.hh:26[m[K,
                 from [01m[K/home/rgeng/Project/include/subscribers/msgSubscriber.hpp:3[m[K,
                 from [01m[K/home/rgeng/Project/include/database/database.hpp:5[m[K,
                 from [01m[K/home/rgeng/Project/src/main.cpp:2[m[K:
[01m[K/usr/include/ignition/msgs5/ignition/msgs/pid.pb.h:85:29:[m[K [01;36m[Knote: [m[K  ‘[01m[Kignition::msgs::PID[m[K’
   85 | class IGNITION_MSGS_VISIBLE [01;36m[KPID[m[K PROTOBUF_FINAL :
      |                             [01;36m[K^~~[m[K
In file included from [01m[K/usr/include/ignition/math6/gz/math.hh:54[m[K,
                 from [01m[K/usr/include/ignition/math6/ignition/math.hh:18[m[K,
                 from [01m[K/home/rgeng/Project/src/main.cpp:3[m[K:
[01m[K/usr/include/ignition/math6/gz/math/PID.hh:38:33:[m[K [01;36m[Knote: [m[K  ‘[01m[Kignition::math::v6::PID[m[K’
   38 |     class IGNITION_MATH_VISIBLE [01;36m[KPID[m[K
      |                                 [01;36m[K^~~[m[K
gmake[2]: *** [src/CMakeFiles/QuadcopterController.dir/build.make:76: src/CMakeFiles/QuadcopterController.dir/main.cpp.o] Error 1
gmake[1]: *** [CMakeFiles/Makefile2:172: src/CMakeFiles/QuadcopterController.dir/all] Error 2
gmake: *** [Makefile:91: all] Error 2
