[0.010s] Invoking command in '/home/rgeng/Project/build/QuadcopterController': /usr/bin/cmake --build /home/rgeng/Project/build/QuadcopterController -- -j12 -l12
[0.046s] [35m[1mConsolidate compiler generated dependencies of target CONTROLLER_LIB[0m
[0.050s] [ 15%] Built target OBJECTS
[0.076s] [ 53%] Built target CONTROLLER_LIB
[0.098s] [ 69%] Built target MOTOR_CONTROLLER_LIB
[0.098s] [ 84%] Built target DATABASE_LIB
[0.118s] [ 92%] [32mBuilding CXX object src/CMakeFiles/QuadcopterController.dir/main.cpp.o[0m
[3.732s] [01m[K/home/rgeng/Project/src/main.cpp:[m[K In function ‘[01m[Kint main(int, char**)[m[K’:
[3.732s] [01m[K/home/rgeng/Project/src/main.cpp:11:62:[m[K [01;31m[Kerror: [m[K‘[01m[KPID[m[K’ is not a member of ‘[01m[Kenums[m[K’
[3.732s]    11 | se* controller = new controller::Base(enums::[01;31m[KPID[m[K);
[3.732s]       |                                              [01;31m[K^~~[m[K
[3.732s] 
[3.732s] [01m[K/home/rgeng/Project/src/main.cpp:11:62:[m[K [01;36m[Knote: [m[Ksuggested alternatives:
[3.733s] In file included from [01m[K/home/rgeng/Project/include/database/database.hpp:6[m[K,
[3.733s]                  from [01m[K/home/rgeng/Project/src/main.cpp:2[m[K:
[3.733s] [01m[K/home/rgeng/Project/include/enums/enumerations.hpp:8:5:[m[K [01;36m[Knote: [m[K  ‘[01m[Kenums::CONTROL_METHOD_ENUM::PID[m[K’
[3.733s]     8 |     [01;36m[KPID[m[K,
[3.733s]       |     [01;36m[K^~~[m[K
[3.733s] In file included from [01m[K/usr/include/ignition/msgs5/ignition/msgs/joint_cmd.pb.h:36[m[K,
[3.733s]                  from [01m[K/usr/include/ignition/msgs5/ignition/msgs/MessageTypes.hh:95[m[K,
[3.733s]                  from [01m[K/usr/include/ignition/msgs5/ignition/msgs/Utility.hh:33[m[K,
[3.733s]                  from [01m[K/usr/include/ignition/transport8/ignition/transport/Discovery.hh:71[m[K,
[3.733s]                  from [01m[K/usr/include/ignition/transport8/ignition/transport.hh:26[m[K,
[3.733s]                  from [01m[K/home/rgeng/Project/include/subscribers/msgSubscriber.hpp:3[m[K,
[3.733s]                  from [01m[K/home/rgeng/Project/include/database/database.hpp:5[m[K,
[3.733s]                  from [01m[K/home/rgeng/Project/src/main.cpp:2[m[K:
[3.733s] [01m[K/usr/include/ignition/msgs5/ignition/msgs/pid.pb.h:85:29:[m[K [01;36m[Knote: [m[K  ‘[01m[Kignition::msgs::PID[m[K’
[3.733s]    85 | class IGNITION_MSGS_VISIBLE [01;36m[KPID[m[K PROTOBUF_FINAL :
[3.733s]       |                             [01;36m[K^~~[m[K
[3.733s] In file included from [01m[K/usr/include/ignition/math6/gz/math.hh:54[m[K,
[3.733s]                  from [01m[K/usr/include/ignition/math6/ignition/math.hh:18[m[K,
[3.733s]                  from [01m[K/home/rgeng/Project/src/main.cpp:3[m[K:
[3.733s] [01m[K/usr/include/ignition/math6/gz/math/PID.hh:38:33:[m[K [01;36m[Knote: [m[K  ‘[01m[Kignition::math::v6::PID[m[K’
[3.733s]    38 |     class IGNITION_MATH_VISIBLE [01;36m[KPID[m[K
[3.733s]       |                                 [01;36m[K^~~[m[K
[4.582s] gmake[2]: *** [src/CMakeFiles/QuadcopterController.dir/build.make:76: src/CMakeFiles/QuadcopterController.dir/main.cpp.o] Error 1
[4.582s] gmake[1]: *** [CMakeFiles/Makefile2:172: src/CMakeFiles/QuadcopterController.dir/all] Error 2
[4.582s] gmake: *** [Makefile:91: all] Error 2
[4.584s] Invoked command in '/home/rgeng/Project/build/QuadcopterController' returned '2': /usr/bin/cmake --build /home/rgeng/Project/build/QuadcopterController -- -j12 -l12
