[0.007s] Invoking command in '/home/rgeng/Project/build/QuadcopterController': /usr/bin/cmake /home/rgeng/Project -DCMAKE_INSTALL_PREFIX=/home/rgeng/Project/install/QuadcopterController
[0.601s] -- The C compiler identification is GNU 11.4.0
[1.121s] -- The CXX compiler identification is GNU 11.4.0
[1.204s] -- Detecting C compiler ABI info
[1.320s] -- Detecting C compiler ABI info - done
[1.325s] -- Check for working C compiler: /usr/bin/cc - skipped
[1.325s] -- Detecting C compile features
[1.343s] -- Detecting C compile features - done
[1.346s] -- Detecting CXX compiler ABI info
[1.431s] -- Detecting CXX compiler ABI info - done
[1.435s] -- Check for working CXX compiler: /usr/bin/c++ - skipped
[1.436s] -- Detecting CXX compile features
[1.436s] -- Detecting CXX compile features - done
[1.801s] [31mCMake Error at src/CMakeLists.txt:3 (find_package):
[1.801s]   By not providing "Findgz-msgs8.cmake" in CMAKE_MODULE_PATH this project has
[1.801s]   asked CMake to find a package configuration file provided by "gz-msgs8",
[1.801s]   but CMake did not find one.
[1.801s] 
[1.801s]   Could not find a package configuration file provided by "gz-msgs8" with any
[1.801s]   of the following names:
[1.801s] 
[1.801s]     gz-msgs8Config.cmake
[1.801s]     gz-msgs8-config.cmake
[1.801s] 
[1.801s]   Add the installation prefix of "gz-msgs8" to CMAKE_PREFIX_PATH or set
[1.801s]   "gz-msgs8_DIR" to a directory containing one of the above files.  If
[1.801s]   "gz-msgs8" provides a separate development package or SDK, be sure it has
[1.801s]   been installed.
[1.801s] 
[1.801s] [0m
[1.801s] -- Configuring incomplete, errors occurred!
[1.801s] See also "/home/rgeng/Project/build/QuadcopterController/CMakeFiles/CMakeOutput.log".
[1.804s] Invoked command in '/home/rgeng/Project/build/QuadcopterController' returned '1': /usr/bin/cmake /home/rgeng/Project -DCMAKE_INSTALL_PREFIX=/home/rgeng/Project/install/QuadcopterController
