[0.008s] Invoking command in '/home/rgeng/Project/build/QuadcopterController': /usr/bin/cmake --build /home/rgeng/Project/build/QuadcopterController -- -j12 -l12
[0.039s] [ 15%] Built target OBJECTS
[0.047s] [35m[1mConsolidate compiler generated dependencies of target CONTROLLER_LIB[0m
[0.105s] [ 23%] [32mBuilding CXX object src/controller/CMakeFiles/CONTROLLER_LIB.dir/base.cpp.o[0m
[0.106s] [ 30%] [32mBuilding CXX object src/controller/CMakeFiles/CONTROLLER_LIB.dir/LQR.cpp.o[0m
[0.107s] [ 38%] [32mBuilding CXX object src/controller/CMakeFiles/CONTROLLER_LIB.dir/PID.cpp.o[0m
[0.108s] [ 46%] [32mBuilding CXX object src/controller/CMakeFiles/CONTROLLER_LIB.dir/PolePlacement.cpp.o[0m
[7.509s] [ 53%] [32m[1mLinking CXX static library libCONTROLLER_LIB.a[0m
[7.623s] [ 53%] Built target CONTROLLER_LIB
[7.636s] [35m[1mConsolidate compiler generated dependencies of target DATABASE_LIB[0m
[7.637s] [ 69%] Built target MOTOR_CONTROLLER_LIB
[7.672s] [ 76%] [32mBuilding CXX object src/database/CMakeFiles/DATABASE_LIB.dir/database.cpp.o[0m
[13.210s] [ 84%] [32m[1mLinking CXX static library libDATABASE_LIB.a[0m
[13.250s] [ 84%] Built target DATABASE_LIB
[13.262s] [35m[1mConsolidate compiler generated dependencies of target QuadcopterController[0m
[13.311s] [ 92%] [32mBuilding CXX object src/CMakeFiles/QuadcopterController.dir/main.cpp.o[0m
[17.962s] In file included from [01m[K/home/rgeng/Project/include/database/database.hpp:5[m[K,
[17.962s]                  from [01m[K/home/rgeng/Project/src/main.cpp:2[m[K:
[17.962s] /home/rgeng/Project/include/subscribers/msgSubscriber.hpp: In instantiation of ‘[01m[Ksubscriber::msgSubscriber<T>::msgSubscriber(const string&, gazebo::transport::NodePtr&) [with T = gazebo::msgs::IMU; std::string = std::__cxx11::basic_string<char>; gazebo::transport::NodePtr = boost::shared_ptr<gazebo::transport::Node>][m[K’:
[17.962s] [01m[K/home/rgeng/Project/src/main.cpp:17:138:[m[K   required from here
[17.962s] [01m[K/home/rgeng/Project/include/subscribers/msgSubscriber.hpp:21:40:[m[K [01;31m[Kerror: [m[Kno matching function for call to ‘[01m[Kgazebo::transport::Node::Subscribe(const char [20], void (subscriber::msgSubscriber<gazebo::msgs::IMU>::*)(ConstIMUPtr&))[m[K’
[17.962s]    21 |         mNode = [01;31m[KinGazeboNode->Subscribe("~/cessna_c172/state", &msgSubscriber::callback)[m[K;//, this);
[17.962s]       |                 [01;31m[K~~~~~~~~~~~~~~~~~~~~~~~^~~~~~~~~~~~~~~~~~~~~~~~~~~~~~~~~~~~~~~~~~~~~~~~~[m[K
[17.962s] In file included from [01m[K/usr/include/gazebo-11/gazebo/transport/transport.hh:6[m[K,
[17.962s]                  from [01m[K/usr/include/gazebo-11/gazebo/gazebo_core.hh:21[m[K,
[17.962s]                  from [01m[K/usr/include/gazebo-11/gazebo/gazebo.hh:20[m[K,
[17.962s]                  from [01m[K/home/rgeng/Project/include/subscribers/msgSubscriber.hpp:3[m[K,
[17.962s]                  from [01m[K/home/rgeng/Project/include/database/database.hpp:5[m[K,
[17.962s]                  from [01m[K/home/rgeng/Project/src/main.cpp:2[m[K:
[17.962s] [01m[K/usr/include/gazebo-11/gazebo/transport/Node.hh:269:21:[m[K [01;36m[Knote: [m[Kcandidate: ‘[01m[Ktemplate<class M, class T> gazebo::transport::SubscriberPtr gazebo::transport::Node::Subscribe(const string&, void (T::*)(const boost::shared_ptr<const T>&), T*, bool)[m[K’
[17.962s]   269 |       SubscriberPtr [01;36m[KSubscribe[m[K(const std::string &_topic,
[17.962s]       |                     [01;36m[K^~~~~~~~~[m[K
[17.962s] [01m[K/usr/include/gazebo-11/gazebo/transport/Node.hh:269:21:[m[K [01;36m[Knote: [m[K  template argument deduction/substitution failed:
[17.962s] In file included from [01m[K/home/rgeng/Project/include/database/database.hpp:5[m[K,
[17.963s]                  from [01m[K/home/rgeng/Project/src/main.cpp:2[m[K:
[17.963s] [01m[K/home/rgeng/Project/include/subscribers/msgSubscriber.hpp:21:40:[m[K [01;36m[Knote: [m[K  candidate expects 4 arguments, 2 provided
[17.963s]    21 |         mNode = [01;36m[KinGazeboNode->Subscribe("~/cessna_c172/state", &msgSubscriber::callback)[m[K;//, this);
[17.963s]       |                 [01;36m[K~~~~~~~~~~~~~~~~~~~~~~~^~~~~~~~~~~~~~~~~~~~~~~~~~~~~~~~~~~~~~~~~~~~~~~~~[m[K
[17.963s] In file included from [01m[K/usr/include/gazebo-11/gazebo/transport/transport.hh:6[m[K,
[17.963s]                  from [01m[K/usr/include/gazebo-11/gazebo/gazebo_core.hh:21[m[K,
[17.963s]                  from [01m[K/usr/include/gazebo-11/gazebo/gazebo.hh:20[m[K,
[17.963s]                  from [01m[K/home/rgeng/Project/include/subscribers/msgSubscriber.hpp:3[m[K,
[17.963s]                  from [01m[K/home/rgeng/Project/include/database/database.hpp:5[m[K,
[17.963s]                  from [01m[K/home/rgeng/Project/src/main.cpp:2[m[K:
[17.963s] [01m[K/usr/include/gazebo-11/gazebo/transport/Node.hh:299:21:[m[K [01;36m[Knote: [m[Kcandidate: ‘[01m[Ktemplate<class M> gazebo::transport::SubscriberPtr gazebo::transport::Node::Subscribe(const string&, void (*)(const boost::shared_ptr<const T>&), bool)[m[K’
[17.963s]   299 |       SubscriberPtr [01;36m[KSubscribe[m[K(const std::string &_topic,
[17.963s]       |                     [01;36m[K^~~~~~~~~[m[K
[17.963s] [01m[K/usr/include/gazebo-11/gazebo/transport/Node.hh:299:21:[m[K [01;36m[Knote: [m[K  template argument deduction/substitution failed:
[17.963s] In file included from [01m[K/home/rgeng/Project/include/database/database.hpp:5[m[K,
[17.963s]                  from [01m[K/home/rgeng/Project/src/main.cpp:2[m[K:
[17.963s] [01m[K/home/rgeng/Project/include/subscribers/msgSubscriber.hpp:21:40:[m[K [01;36m[Knote: [m[K  mismatched types ‘[01m[Kvoid (*)(const boost::shared_ptr<const T>&)[m[K’ and ‘[01m[Kvoid (subscriber::msgSubscriber<gazebo::msgs::IMU>::*)(ConstIMUPtr&)[m[K’ {aka ‘[01m[Kvoid (subscriber::msgSubscriber<gazebo::msgs::IMU>::*)(const boost::shared_ptr<const gazebo::msgs::IMU>&)[m[K’}
[17.963s]    21 |         mNode = [01;36m[KinGazeboNode->Subscribe("~/cessna_c172/state", &msgSubscriber::callback)[m[K;//, this);
[17.963s]       |                 [01;36m[K~~~~~~~~~~~~~~~~~~~~~~~^~~~~~~~~~~~~~~~~~~~~~~~~~~~~~~~~~~~~~~~~~~~~~~~~[m[K
[17.963s] In file included from [01m[K/usr/include/gazebo-11/gazebo/transport/transport.hh:6[m[K,
[17.963s]                  from [01m[K/usr/include/gazebo-11/gazebo/gazebo_core.hh:21[m[K,
[17.963s]                  from [01m[K/usr/include/gazebo-11/gazebo/gazebo.hh:20[m[K,
[17.963s]                  from [01m[K/home/rgeng/Project/include/subscribers/msgSubscriber.hpp:3[m[K,
[17.963s]                  from [01m[K/home/rgeng/Project/include/database/database.hpp:5[m[K,
[17.963s]                  from [01m[K/home/rgeng/Project/src/main.cpp:2[m[K:
[17.963s] [01m[K/usr/include/gazebo-11/gazebo/transport/Node.hh:329:21:[m[K [01;36m[Knote: [m[Kcandidate: ‘[01m[Ktemplate<class T> gazebo::transport::SubscriberPtr gazebo::transport::Node::Subscribe(const string&, void (T::*)(const string&), T*, bool)[m[K’
[17.963s]   329 |       SubscriberPtr [01;36m[KSubscribe[m[K(const std::string &_topic,
[17.964s]       |                     [01;36m[K^~~~~~~~~[m[K
[17.964s] [01m[K/usr/include/gazebo-11/gazebo/transport/Node.hh:329:21:[m[K [01;36m[Knote: [m[K  template argument deduction/substitution failed:
[17.964s] In file included from [01m[K/home/rgeng/Project/include/database/database.hpp:5[m[K,
[17.964s]                  from [01m[K/home/rgeng/Project/src/main.cpp:2[m[K:
[17.964s] [01m[K/home/rgeng/Project/include/subscribers/msgSubscriber.hpp:21:40:[m[K [01;36m[Knote: [m[K  mismatched types ‘[01m[Kconst string[m[K’ {aka ‘[01m[Kconst std::__cxx11::basic_string<char>[m[K’} and ‘[01m[KConstIMUPtr[m[K’ {aka ‘[01m[Kconst boost::shared_ptr<const gazebo::msgs::IMU>[m[K’}
[17.964s]    21 |         mNode = [01;36m[KinGazeboNode->Subscribe("~/cessna_c172/state", &msgSubscriber::callback)[m[K;//, this);
[17.964s]       |                 [01;36m[K~~~~~~~~~~~~~~~~~~~~~~~^~~~~~~~~~~~~~~~~~~~~~~~~~~~~~~~~~~~~~~~~~~~~~~~~[m[K
[17.964s] In file included from [01m[K/usr/include/gazebo-11/gazebo/transport/transport.hh:6[m[K,
[17.964s]                  from [01m[K/usr/include/gazebo-11/gazebo/gazebo_core.hh:21[m[K,
[17.964s]                  from [01m[K/usr/include/gazebo-11/gazebo/gazebo.hh:20[m[K,
[17.964s]                  from [01m[K/home/rgeng/Project/include/subscribers/msgSubscriber.hpp:3[m[K,
[17.964s]                  from [01m[K/home/rgeng/Project/include/database/database.hpp:5[m[K,
[17.964s]                  from [01m[K/home/rgeng/Project/src/main.cpp:2[m[K:
[17.964s] [01m[K/usr/include/gazebo-11/gazebo/transport/Node.hh:359:21:[m[K [01;36m[Knote: [m[Kcandidate: ‘[01m[Kgazebo::transport::SubscriberPtr gazebo::transport::Node::Subscribe(const string&, void (*)(const string&), bool)[m[K’
[17.964s]   359 |       SubscriberPtr [01;36m[KSubscribe[m[K(const std::string &_topic,
[17.964s]       |                     [01;36m[K^~~~~~~~~[m[K
[17.964s] [01m[K/usr/include/gazebo-11/gazebo/transport/Node.hh:360:17:[m[K [01;36m[Knote: [m[K  no known conversion for argument 2 from ‘[01m[Kvoid (subscriber::msgSubscriber<gazebo::msgs::IMU>::*)(ConstIMUPtr&)[m[K’ {aka ‘[01m[Kvoid (subscriber::msgSubscriber<gazebo::msgs::IMU>::*)(const boost::shared_ptr<const gazebo::msgs::IMU>&)[m[K’} to ‘[01m[Kvoid (*)(const string&)[m[K’ {aka ‘[01m[Kvoid (*)(const std::__cxx11::basic_string<char>&)[m[K’}
[17.964s]   360 |           [01;36m[Kvoid(*_fp)(const std::string &)[m[K, bool _latching = false)
[17.964s]       |           [01;36m[K~~~~~~^~~~~~~~~~~~~~~~~~~~~~~~~[m[K
[18.082s] In file included from [01m[K/home/rgeng/Project/include/database/database.hpp:5[m[K,
[18.082s]                  from [01m[K/home/rgeng/Project/src/main.cpp:2[m[K:
[18.082s] /home/rgeng/Project/include/subscribers/msgSubscriber.hpp: In instantiation of ‘[01m[Kvoid subscriber::msgSubscriber<T>::callback(ConstIMUPtr&) [with T = gazebo::msgs::IMU; ConstIMUPtr = const boost::shared_ptr<const gazebo::msgs::IMU>][m[K’:
[18.082s] [01m[K/home/rgeng/Project/include/subscribers/msgSubscriber.hpp:21:64:[m[K   required from ‘[01m[Ksubscriber::msgSubscriber<T>::msgSubscriber(const string&, gazebo::transport::NodePtr&) [with T = gazebo::msgs::IMU; std::string = std::__cxx11::basic_string<char>; gazebo::transport::NodePtr = boost::shared_ptr<gazebo::transport::Node>][m[K’
[18.082s] [01m[K/home/rgeng/Project/src/main.cpp:17:138:[m[K   required from here
[18.082s] [01m[K/home/rgeng/Project/include/subscribers/msgSubscriber.hpp:16:15:[m[K [01;31m[Kerror: [m[Kno match for ‘[01m[Koperator=[m[K’ (operand types are ‘[01m[Kgazebo::msgs::IMU[m[K’ and ‘[01m[KConstIMUPtr[m[K’ {aka ‘[01m[Kconst boost::shared_ptr<const gazebo::msgs::IMU>[m[K’})
[18.082s]    16 |         [01;31m[KmData = msg[m[K;
[18.082s]       |         [01;31m[K~~~~~~^~~~~[m[K
[18.082s] In file included from [01m[K/usr/include/gazebo-11/gazebo/msgs/MessageTypes.hh:45[m[K,
[18.082s]                  from [01m[K/usr/include/gazebo-11/gazebo/msgs/msgs.hh:35[m[K,
[18.082s]                  from [01m[K/usr/include/gazebo-11/gazebo/gazebo_core.hh:20[m[K,
[18.082s]                  from [01m[K/usr/include/gazebo-11/gazebo/gazebo.hh:20[m[K,
[18.083s]                  from [01m[K/home/rgeng/Project/include/subscribers/msgSubscriber.hpp:3[m[K,
[18.083s]                  from [01m[K/home/rgeng/Project/include/database/database.hpp:5[m[K,
[18.083s]                  from [01m[K/home/rgeng/Project/src/main.cpp:2[m[K:
[18.083s] [01m[K/usr/include/gazebo-11/gazebo/msgs/imu.pb.h:95:15:[m[K [01;36m[Knote: [m[Kcandidate: ‘[01m[Kgazebo::msgs::IMU& gazebo::msgs::IMU::operator=(const gazebo::msgs::IMU&)[m[K’
[18.083s]    95 |   inline IMU& [01;36m[Koperator[m[K=(const IMU& from) {
[18.083s]       |               [01;36m[K^~~~~~~~[m[K
[18.083s] [01m[K/usr/include/gazebo-11/gazebo/msgs/imu.pb.h:95:36:[m[K [01;36m[Knote: [m[K  no known conversion for argument 1 from ‘[01m[KConstIMUPtr[m[K’ {aka ‘[01m[Kconst boost::shared_ptr<const gazebo::msgs::IMU>[m[K’} to ‘[01m[Kconst gazebo::msgs::IMU&[m[K’
[18.083s]    95 |   inline IMU& operator=([01;36m[Kconst IMU& from[m[K) {
[18.083s]       |                         [01;36m[K~~~~~~~~~~~^~~~[m[K
[18.083s] [01m[K/usr/include/gazebo-11/gazebo/msgs/imu.pb.h:99:15:[m[K [01;36m[Knote: [m[Kcandidate: ‘[01m[Kgazebo::msgs::IMU& gazebo::msgs::IMU::operator=(gazebo::msgs::IMU&&)[m[K’
[18.083s]    99 |   inline IMU& [01;36m[Koperator[m[K=(IMU&& from) noexcept {
[18.083s]       |               [01;36m[K^~~~~~~~[m[K
[18.083s] [01m[K/usr/include/gazebo-11/gazebo/msgs/imu.pb.h:99:31:[m[K [01;36m[Knote: [m[K  no known conversion for argument 1 from ‘[01m[KConstIMUPtr[m[K’ {aka ‘[01m[Kconst boost::shared_ptr<const gazebo::msgs::IMU>[m[K’} to ‘[01m[Kgazebo::msgs::IMU&&[m[K’
[18.083s]    99 |   inline IMU& operator=([01;36m[KIMU&& from[m[K) noexcept {
[18.083s]       |                         [01;36m[K~~~~~~^~~~[m[K
[18.680s] gmake[2]: *** [src/CMakeFiles/QuadcopterController.dir/build.make:76: src/CMakeFiles/QuadcopterController.dir/main.cpp.o] Error 1
[18.680s] gmake[1]: *** [CMakeFiles/Makefile2:172: src/CMakeFiles/QuadcopterController.dir/all] Error 2
[18.680s] gmake: *** [Makefile:91: all] Error 2
[18.683s] Invoked command in '/home/rgeng/Project/build/QuadcopterController' returned '2': /usr/bin/cmake --build /home/rgeng/Project/build/QuadcopterController -- -j12 -l12
