[0.008s] Invoking command in '/home/rgeng/Project/build/QuadcopterController': /usr/bin/cmake --build /home/rgeng/Project/build/QuadcopterController -- -j12 -l12
[0.040s] [ 15%] Built target OBJECTS
[0.059s] [ 53%] Built target CONTROLLER_LIB
[0.071s] [ 69%] Built target MOTOR_CONTROLLER_LIB
[0.083s] [ 84%] Built target DATABASE_LIB
[0.095s] [35m[1mConsolidate compiler generated dependencies of target QuadcopterController[0m
[0.129s] [ 92%] [32mBuilding CXX object src/CMakeFiles/QuadcopterController.dir/main.cpp.o[0m
[4.537s] [01m[K/home/rgeng/Project/src/main.cpp:[m[K In function ‘[01m[Kint main(int, char**)[m[K’:
[4.537s] [01m[K/home/rgeng/Project/src/main.cpp:18:55:[m[K [01;31m[Kerror: [m[Kno matching function for call to ‘[01m[Kdatabase::database::database(gazebo::transport::NodePtr&)[m[K’
[4.537s]    18 |   database::database* db = new database::database(node[01;31m[K)[m[K;
[4.537s]       |                                                       [01;31m[K^[m[K
[4.537s] In file included from [01m[K/home/rgeng/Project/src/main.cpp:2[m[K:
[4.537s] [01m[K/home/rgeng/Project/include/database/database.hpp:18:9:[m[K [01;36m[Knote: [m[Kcandidate: ‘[01m[Kdatabase::database::database(subscriber::msgSubscriber<gazebo::msgs::IMU>*)[m[K’
[4.537s]    18 |         [01;36m[Kdatabase[m[K(subscriber::msgSubscriber<gazebo::msgs::IMU>* imuSubscriber);
[4.537s]       |         [01;36m[K^~~~~~~~[m[K
[4.537s] [01m[K/home/rgeng/Project/include/database/database.hpp:18:64:[m[K [01;36m[Knote: [m[K  no known conversion for argument 1 from ‘[01m[Kgazebo::transport::NodePtr[m[K’ {aka ‘[01m[Kboost::shared_ptr<gazebo::transport::Node>[m[K’} to ‘[01m[Ksubscriber::msgSubscriber<gazebo::msgs::IMU>*[m[K’
[4.537s]    18 | [01;36m[Kubscriber::msgSubscriber<gazebo::msgs::IMU>* imuSubscriber[m[K);
[4.537s]       | [01;36m[K~~~~~~~~~~~~~~~~~~~~~~~~~~~~~~~~~~~~~~~~~~~~~^~~~~~~~~~~~~[m[K
[4.537s] 
[4.537s] [01m[K/home/rgeng/Project/include/database/database.hpp:11:11:[m[K [01;36m[Knote: [m[Kcandidate: ‘[01m[Kconstexpr database::database::database(const database::database&)[m[K’
[4.537s]    11 |     class [01;36m[Kdatabase[m[K
[4.537s]       |           [01;36m[K^~~~~~~~[m[K
[4.538s] [01m[K/home/rgeng/Project/include/database/database.hpp:11:11:[m[K [01;36m[Knote: [m[K  no known conversion for argument 1 from ‘[01m[Kgazebo::transport::NodePtr[m[K’ {aka ‘[01m[Kboost::shared_ptr<gazebo::transport::Node>[m[K’} to ‘[01m[Kconst database::database&[m[K’
[4.538s] [01m[K/home/rgeng/Project/include/database/database.hpp:11:11:[m[K [01;36m[Knote: [m[Kcandidate: ‘[01m[Kconstexpr database::database::database(database::database&&)[m[K’
[4.538s] [01m[K/home/rgeng/Project/include/database/database.hpp:11:11:[m[K [01;36m[Knote: [m[K  no known conversion for argument 1 from ‘[01m[Kgazebo::transport::NodePtr[m[K’ {aka ‘[01m[Kboost::shared_ptr<gazebo::transport::Node>[m[K’} to ‘[01m[Kdatabase::database&&[m[K’
[4.719s] In file included from [01m[K/home/rgeng/Project/include/database/database.hpp:5[m[K,
[4.719s]                  from [01m[K/home/rgeng/Project/src/main.cpp:2[m[K:
[4.719s] /home/rgeng/Project/include/subscribers/msgSubscriber.hpp: In instantiation of ‘[01m[Ksubscriber::msgSubscriber<T>::msgSubscriber(const string&, gazebo::transport::NodePtr&) [with T = gazebo::msgs::IMU; std::string = std::__cxx11::basic_string<char>; gazebo::transport::NodePtr = boost::shared_ptr<gazebo::transport::Node>][m[K’:
[4.719s] [01m[K/home/rgeng/Project/src/main.cpp:17:138:[m[K   required from here
[4.719s] [01m[K/home/rgeng/Project/include/subscribers/msgSubscriber.hpp:17:40:[m[K [01;31m[Kerror: [m[Kno matching function for call to ‘[01m[Kgazebo::transport::Node::Subscribe(const char [20], void (subscriber::msgSubscriber<gazebo::msgs::IMU>::*)(const gazebo::msgs::IMU&), subscriber::msgSubscriber<gazebo::msgs::IMU>*)[m[K’
[4.719s]    17 |         mNode = [01;31m[KinGazeboNode->Subscribe("~/cessna_c172/state", &msgSubscriber::callback, this)[m[K;
[4.719s]       |                 [01;31m[K~~~~~~~~~~~~~~~~~~~~~~~^~~~~~~~~~~~~~~~~~~~~~~~~~~~~~~~~~~~~~~~~~~~~~~~~~~~~~~[m[K
[4.719s] In file included from [01m[K/usr/include/gazebo-11/gazebo/transport/transport.hh:6[m[K,
[4.719s]                  from [01m[K/usr/include/gazebo-11/gazebo/gazebo_core.hh:21[m[K,
[4.719s]                  from [01m[K/usr/include/gazebo-11/gazebo/gazebo.hh:20[m[K,
[4.719s]                  from [01m[K/home/rgeng/Project/include/subscribers/msgSubscriber.hpp:3[m[K,
[4.719s]                  from [01m[K/home/rgeng/Project/include/database/database.hpp:5[m[K,
[4.719s]                  from [01m[K/home/rgeng/Project/src/main.cpp:2[m[K:
[4.719s] [01m[K/usr/include/gazebo-11/gazebo/transport/Node.hh:269:21:[m[K [01;36m[Knote: [m[Kcandidate: ‘[01m[Ktemplate<class M, class T> gazebo::transport::SubscriberPtr gazebo::transport::Node::Subscribe(const string&, void (T::*)(const boost::shared_ptr<const T>&), T*, bool)[m[K’
[4.719s]   269 |       SubscriberPtr [01;36m[KSubscribe[m[K(const std::string &_topic,
[4.719s]       |                     [01;36m[K^~~~~~~~~[m[K
[4.719s] [01m[K/usr/include/gazebo-11/gazebo/transport/Node.hh:269:21:[m[K [01;36m[Knote: [m[K  template argument deduction/substitution failed:
[4.719s] In file included from [01m[K/home/rgeng/Project/include/database/database.hpp:5[m[K,
[4.719s]                  from [01m[K/home/rgeng/Project/src/main.cpp:2[m[K:
[4.719s] [01m[K/home/rgeng/Project/include/subscribers/msgSubscriber.hpp:17:40:[m[K [01;36m[Knote: [m[K  mismatched types ‘[01m[Kconst boost::shared_ptr<const T>[m[K’ and ‘[01m[Kconst gazebo::msgs::IMU[m[K’
[4.719s]    17 |         mNode = [01;36m[KinGazeboNode->Subscribe("~/cessna_c172/state", &msgSubscriber::callback, this)[m[K;
[4.719s]       |                 [01;36m[K~~~~~~~~~~~~~~~~~~~~~~~^~~~~~~~~~~~~~~~~~~~~~~~~~~~~~~~~~~~~~~~~~~~~~~~~~~~~~~[m[K
[4.720s] In file included from [01m[K/usr/include/gazebo-11/gazebo/transport/transport.hh:6[m[K,
[4.720s]                  from [01m[K/usr/include/gazebo-11/gazebo/gazebo_core.hh:21[m[K,
[4.720s]                  from [01m[K/usr/include/gazebo-11/gazebo/gazebo.hh:20[m[K,
[4.720s]                  from [01m[K/home/rgeng/Project/include/subscribers/msgSubscriber.hpp:3[m[K,
[4.720s]                  from [01m[K/home/rgeng/Project/include/database/database.hpp:5[m[K,
[4.720s]                  from [01m[K/home/rgeng/Project/src/main.cpp:2[m[K:
[4.720s] [01m[K/usr/include/gazebo-11/gazebo/transport/Node.hh:299:21:[m[K [01;36m[Knote: [m[Kcandidate: ‘[01m[Ktemplate<class M> gazebo::transport::SubscriberPtr gazebo::transport::Node::Subscribe(const string&, void (*)(const boost::shared_ptr<const T>&), bool)[m[K’
[4.720s]   299 |       SubscriberPtr [01;36m[KSubscribe[m[K(const std::string &_topic,
[4.720s]       |                     [01;36m[K^~~~~~~~~[m[K
[4.720s] [01m[K/usr/include/gazebo-11/gazebo/transport/Node.hh:299:21:[m[K [01;36m[Knote: [m[K  template argument deduction/substitution failed:
[4.720s] In file included from [01m[K/home/rgeng/Project/include/database/database.hpp:5[m[K,
[4.720s]                  from [01m[K/home/rgeng/Project/src/main.cpp:2[m[K:
[4.720s] [01m[K/home/rgeng/Project/include/subscribers/msgSubscriber.hpp:17:40:[m[K [01;36m[Knote: [m[K  mismatched types ‘[01m[Kvoid (*)(const boost::shared_ptr<const T>&)[m[K’ and ‘[01m[Kvoid (subscriber::msgSubscriber<gazebo::msgs::IMU>::*)(const gazebo::msgs::IMU&)[m[K’
[4.720s]    17 |         mNode = [01;36m[KinGazeboNode->Subscribe("~/cessna_c172/state", &msgSubscriber::callback, this)[m[K;
[4.720s]       |                 [01;36m[K~~~~~~~~~~~~~~~~~~~~~~~^~~~~~~~~~~~~~~~~~~~~~~~~~~~~~~~~~~~~~~~~~~~~~~~~~~~~~~[m[K
[4.720s] In file included from [01m[K/usr/include/gazebo-11/gazebo/transport/transport.hh:6[m[K,
[4.720s]                  from [01m[K/usr/include/gazebo-11/gazebo/gazebo_core.hh:21[m[K,
[4.720s]                  from [01m[K/usr/include/gazebo-11/gazebo/gazebo.hh:20[m[K,
[4.720s]                  from [01m[K/home/rgeng/Project/include/subscribers/msgSubscriber.hpp:3[m[K,
[4.720s]                  from [01m[K/home/rgeng/Project/include/database/database.hpp:5[m[K,
[4.720s]                  from [01m[K/home/rgeng/Project/src/main.cpp:2[m[K:
[4.720s] [01m[K/usr/include/gazebo-11/gazebo/transport/Node.hh:329:21:[m[K [01;36m[Knote: [m[Kcandidate: ‘[01m[Ktemplate<class T> gazebo::transport::SubscriberPtr gazebo::transport::Node::Subscribe(const string&, void (T::*)(const string&), T*, bool)[m[K’
[4.720s]   329 |       SubscriberPtr [01;36m[KSubscribe[m[K(const std::string &_topic,
[4.720s]       |                     [01;36m[K^~~~~~~~~[m[K
[4.720s] [01m[K/usr/include/gazebo-11/gazebo/transport/Node.hh:329:21:[m[K [01;36m[Knote: [m[K  template argument deduction/substitution failed:
[4.720s] In file included from [01m[K/home/rgeng/Project/include/database/database.hpp:5[m[K,
[4.720s]                  from [01m[K/home/rgeng/Project/src/main.cpp:2[m[K:
[4.720s] [01m[K/home/rgeng/Project/include/subscribers/msgSubscriber.hpp:17:40:[m[K [01;36m[Knote: [m[K  mismatched types ‘[01m[Kconst string[m[K’ {aka ‘[01m[Kconst std::__cxx11::basic_string<char>[m[K’} and ‘[01m[Kconst gazebo::msgs::IMU[m[K’
[4.721s]    17 |         mNode = [01;36m[KinGazeboNode->Subscribe("~/cessna_c172/state", &msgSubscriber::callback, this)[m[K;
[4.721s]       |                 [01;36m[K~~~~~~~~~~~~~~~~~~~~~~~^~~~~~~~~~~~~~~~~~~~~~~~~~~~~~~~~~~~~~~~~~~~~~~~~~~~~~~[m[K
[4.721s] In file included from [01m[K/usr/include/gazebo-11/gazebo/transport/transport.hh:6[m[K,
[4.721s]                  from [01m[K/usr/include/gazebo-11/gazebo/gazebo_core.hh:21[m[K,
[4.721s]                  from [01m[K/usr/include/gazebo-11/gazebo/gazebo.hh:20[m[K,
[4.721s]                  from [01m[K/home/rgeng/Project/include/subscribers/msgSubscriber.hpp:3[m[K,
[4.721s]                  from [01m[K/home/rgeng/Project/include/database/database.hpp:5[m[K,
[4.721s]                  from [01m[K/home/rgeng/Project/src/main.cpp:2[m[K:
[4.721s] [01m[K/usr/include/gazebo-11/gazebo/transport/Node.hh:359:21:[m[K [01;36m[Knote: [m[Kcandidate: ‘[01m[Kgazebo::transport::SubscriberPtr gazebo::transport::Node::Subscribe(const string&, void (*)(const string&), bool)[m[K’
[4.721s]   359 |       SubscriberPtr [01;36m[KSubscribe[m[K(const std::string &_topic,
[4.721s]       |                     [01;36m[K^~~~~~~~~[m[K
[4.721s] [01m[K/usr/include/gazebo-11/gazebo/transport/Node.hh:360:17:[m[K [01;36m[Knote: [m[K  no known conversion for argument 2 from ‘[01m[Kvoid (subscriber::msgSubscriber<gazebo::msgs::IMU>::*)(const gazebo::msgs::IMU&)[m[K’ to ‘[01m[Kvoid (*)(const string&)[m[K’ {aka ‘[01m[Kvoid (*)(const std::__cxx11::basic_string<char>&)[m[K’}
[4.721s]   360 |           [01;36m[Kvoid(*_fp)(const std::string &)[m[K, bool _latching = false)
[4.721s]       |           [01;36m[K~~~~~~^~~~~~~~~~~~~~~~~~~~~~~~~[m[K
[5.428s] gmake[2]: *** [src/CMakeFiles/QuadcopterController.dir/build.make:76: src/CMakeFiles/QuadcopterController.dir/main.cpp.o] Error 1
[5.429s] gmake[1]: *** [CMakeFiles/Makefile2:172: src/CMakeFiles/QuadcopterController.dir/all] Error 2
[5.429s] gmake: *** [Makefile:91: all] Error 2
[5.431s] Invoked command in '/home/rgeng/Project/build/QuadcopterController' returned '2': /usr/bin/cmake --build /home/rgeng/Project/build/QuadcopterController -- -j12 -l12
