[0.009s] Invoking command in '/home/rgeng/Project/build/QuadcopterController': /usr/bin/cmake --build /home/rgeng/Project/build/QuadcopterController -- -j12 -l12
[0.043s] [ 15%] Built target OBJECTS
[0.050s] [35m[1mConsolidate compiler generated dependencies of target CONTROLLER_LIB[0m
[0.106s] [ 53%] Built target CONTROLLER_LIB
[0.113s] [35m[1mConsolidate compiler generated dependencies of target MOTOR_CONTROLLER_LIB[0m
[0.114s] [35m[1mConsolidate compiler generated dependencies of target DATABASE_LIB[0m
[0.119s] [ 69%] Built target MOTOR_CONTROLLER_LIB
[0.146s] [ 76%] [32mBuilding CXX object src/database/CMakeFiles/DATABASE_LIB.dir/database.cpp.o[0m
[4.151s] In file included from [01m[K/home/rgeng/Project/src/database/database.cpp:1[m[K:
[4.151s] [01m[K/home/rgeng/Project/include/database/database.hpp:14:51:[m[K [01;31m[Kerror: [m[K‘[01m[KIMU[m[K’ is not a member of ‘[01m[Kignition::msgs[m[K’
[4.151s]    14 |    subscriber::msgSubscriber<ignition::msgs::[01;31m[KIMU[m[K>* imuSubscriber;
[4.151s]       |                                              [01;31m[K^~~[m[K
[4.151s] 
[4.152s] [01m[K/home/rgeng/Project/include/database/database.hpp:14:51:[m[K [01;36m[Knote: [m[Ksuggested alternatives:
[4.152s] In file included from [01m[K/home/rgeng/Project/include/database/database.hpp:6[m[K,
[4.152s]                  from [01m[K/home/rgeng/Project/src/database/database.cpp:1[m[K:
[4.152s] [01m[K/home/rgeng/Project/include/enums/enumerations.hpp:14:5:[m[K [01;36m[Knote: [m[K  ‘[01m[Kenums::MSG_TOPICS::IMU[m[K’
[4.152s]    14 |     [01;36m[KIMU[m[K
[4.152s]       |     [01;36m[K^~~[m[K
[4.152s] In file included from [01m[K/usr/include/gazebo-11/gazebo/msgs/MessageTypes.hh:45[m[K,
[4.152s]                  from [01m[K/usr/include/gazebo-11/gazebo/msgs/msgs.hh:35[m[K,
[4.152s]                  from [01m[K/usr/include/gazebo-11/gazebo/gazebo_core.hh:20[m[K,
[4.152s]                  from [01m[K/usr/include/gazebo-11/gazebo/gazebo.hh:20[m[K,
[4.152s]                  from [01m[K/home/rgeng/Project/include/subscribers/msgSubscriber.hpp:3[m[K,
[4.152s]                  from [01m[K/home/rgeng/Project/include/database/database.hpp:5[m[K,
[4.152s]                  from [01m[K/home/rgeng/Project/src/database/database.cpp:1[m[K:
[4.152s] [01m[K/usr/include/gazebo-11/gazebo/msgs/imu.pb.h:83:23:[m[K [01;36m[Knote: [m[K  ‘[01m[Kgazebo::msgs::IMU[m[K’
[4.152s]    83 | class GZ_MSGS_VISIBLE [01;36m[KIMU[m[K PROTOBUF_FINAL :
[4.152s]       |                       [01;36m[K^~~[m[K
[4.152s] In file included from [01m[K/home/rgeng/Project/src/database/database.cpp:1[m[K:
[4.152s] [01m[K/home/rgeng/Project/include/database/database.hpp:14:54:[m[K [01;31m[Kerror: [m[Ktemplate argument 1 is invalid
[4.152s]    14 | subscriber::msgSubscriber<ignition::msgs::IMU[01;31m[K>[m[K* imuSubscriber;
[4.152s]       |                                              [01;31m[K^[m[K
[4.152s] 
[4.152s] [01m[K/home/rgeng/Project/src/database/database.cpp:5:5:[m[K [01;31m[Kerror: [m[Kno declaration matches ‘[01m[Kdatabase::database::database()[m[K’
[4.152s]     5 |     [01;31m[Kdatabase[m[K::database(){
[4.152s]       |     [01;31m[K^~~~~~~~[m[K
[4.152s] In file included from [01m[K/home/rgeng/Project/src/database/database.cpp:1[m[K:
[4.152s] [01m[K/home/rgeng/Project/include/database/database.hpp:11:11:[m[K [01;36m[Knote: [m[Kcandidates are: ‘[01m[Kconstexpr database::database::database(database::database&&)[m[K’
[4.152s]    11 |     class [01;36m[Kdatabase[m[K
[4.153s]       |           [01;36m[K^~~~~~~~[m[K
[4.153s] [01m[K/home/rgeng/Project/include/database/database.hpp:11:11:[m[K [01;36m[Knote: [m[K                ‘[01m[Kconstexpr database::database::database(const database::database&)[m[K’
[4.153s] [01m[K/home/rgeng/Project/include/database/database.hpp:18:9:[m[K [01;36m[Knote: [m[K                ‘[01m[Kdatabase::database::database(gazebo::transport::NodePtr&)[m[K’
[4.153s]    18 |         [01;36m[Kdatabase[m[K(gazebo::transport::NodePtr& inGazeboNode);
[4.153s]       |         [01;36m[K^~~~~~~~[m[K
[4.153s] [01m[K/home/rgeng/Project/include/database/database.hpp:11:11:[m[K [01;36m[Knote: [m[K‘[01m[Kclass database::database[m[K’ defined here
[4.153s]    11 |     class [01;36m[Kdatabase[m[K
[4.153s]       |           [01;36m[K^~~~~~~~[m[K
[4.964s] gmake[2]: *** [src/database/CMakeFiles/DATABASE_LIB.dir/build.make:76: src/database/CMakeFiles/DATABASE_LIB.dir/database.cpp.o] Error 1
[4.964s] gmake[1]: *** [CMakeFiles/Makefile2:224: src/database/CMakeFiles/DATABASE_LIB.dir/all] Error 2
[4.965s] gmake: *** [Makefile:91: all] Error 2
[4.967s] Invoked command in '/home/rgeng/Project/build/QuadcopterController' returned '2': /usr/bin/cmake --build /home/rgeng/Project/build/QuadcopterController -- -j12 -l12
