[17.893s] DEBUG:colcon:Command line arguments: ['/usr/bin/colcon', 'build']
[17.894s] DEBUG:colcon:Parsed command line arguments: Namespace(log_base=None, log_level=None, verb_name='build', build_base='build', install_base='install', merge_install=False, symlink_install=False, test_result_base=None, continue_on_error=False, executor='parallel', parallel_workers=12, event_handlers=None, ignore_user_meta=False, metas=['./colcon.meta'], base_paths=['.'], packages_ignore=None, packages_ignore_regex=None, paths=None, packages_up_to=None, packages_up_to_regex=None, packages_above=None, packages_above_and_dependencies=None, packages_above_depth=None, packages_select_by_dep=None, packages_skip_by_dep=None, packages_skip_up_to=None, packages_select_build_failed=False, packages_skip_build_finished=False, packages_select_test_failures=False, packages_skip_test_passed=False, packages_select=None, packages_skip=None, packages_select_regex=None, packages_skip_regex=None, packages_start=None, packages_end=None, allow_overriding=[], cmake_args=None, cmake_target=None, cmake_target_skip_unavailable=False, cmake_clean_cache=False, cmake_clean_first=False, cmake_force_configure=False, ament_cmake_args=None, catkin_cmake_args=None, catkin_skip_building_tests=False, verb_parser=<colcon_defaults.argument_parser.defaults.DefaultArgumentsDecorator object at 0x7f858948a950>, verb_extension=<colcon_core.verb.build.BuildVerb object at 0x7f8589489b10>, main=<bound method BuildVerb.main of <colcon_core.verb.build.BuildVerb object at 0x7f8589489b10>>)
[24.740s] Level 1:colcon.colcon_core.package_discovery:discover_packages(colcon_meta) check parameters
[24.741s] Level 1:colcon.colcon_core.package_discovery:discover_packages(recursive) check parameters
[24.741s] Level 1:colcon.colcon_core.package_discovery:discover_packages(ignore) check parameters
[24.741s] Level 1:colcon.colcon_core.package_discovery:discover_packages(path) check parameters
[24.741s] Level 1:colcon.colcon_core.package_discovery:discover_packages(colcon_meta) discover
[24.741s] Level 1:colcon.colcon_core.package_discovery:discover_packages(recursive) discover
[24.741s] INFO:colcon.colcon_core.package_discovery:Crawling recursively for packages in '/home/rgeng/Project'
[24.741s] Level 1:colcon.colcon_core.package_identification:_identify(.) by extensions ['ignore', 'ignore_ament_install']
[24.741s] Level 1:colcon.colcon_core.package_identification:_identify(.) by extension 'ignore'
[24.741s] Level 1:colcon.colcon_core.package_identification:_identify(.) by extension 'ignore_ament_install'
[24.741s] Level 1:colcon.colcon_core.package_identification:_identify(.) by extensions ['colcon_pkg']
[24.741s] Level 1:colcon.colcon_core.package_identification:_identify(.) by extension 'colcon_pkg'
[24.741s] Level 1:colcon.colcon_core.package_identification:_identify(.) by extensions ['colcon_meta']
[24.741s] Level 1:colcon.colcon_core.package_identification:_identify(.) by extension 'colcon_meta'
[24.741s] Level 1:colcon.colcon_core.package_identification:_identify(.) by extensions ['ros']
[24.741s] Level 1:colcon.colcon_core.package_identification:_identify(.) by extension 'ros'
[24.954s] Level 1:colcon.colcon_core.package_identification:_identify(.) by extensions ['cmake', 'python']
[24.954s] Level 1:colcon.colcon_core.package_identification:_identify(.) by extension 'cmake'
[25.169s] Level 1:colcon.colcon_core.package_identification:_identify(.) by extension 'python'
[25.169s] DEBUG:colcon.colcon_core.package_identification:Package '.' with type 'cmake' and name 'QuadcopterController'
[25.169s] Level 1:colcon.colcon_core.package_discovery:discover_packages(recursive) using defaults
[25.169s] Level 1:colcon.colcon_core.package_discovery:discover_packages(ignore) discover
[25.169s] Level 1:colcon.colcon_core.package_discovery:discover_packages(ignore) using defaults
[25.169s] Level 1:colcon.colcon_core.package_discovery:discover_packages(path) discover
[25.169s] Level 1:colcon.colcon_core.package_discovery:discover_packages(path) using defaults
[25.389s] Level 1:colcon.colcon_core.package_discovery:discover_packages(prefix_path) check parameters
[25.389s] Level 1:colcon.colcon_core.package_discovery:discover_packages(prefix_path) discover
[25.487s] DEBUG:colcon.colcon_installed_package_information.package_discovery:Found 278 installed packages in /opt/ros/humble
[25.489s] Level 1:colcon.colcon_core.package_discovery:discover_packages(prefix_path) using defaults
[26.079s] Level 5:colcon.colcon_core.verb:set package 'QuadcopterController' build argument 'cmake_args' from command line to 'None'
[26.079s] Level 5:colcon.colcon_core.verb:set package 'QuadcopterController' build argument 'cmake_target' from command line to 'None'
[26.079s] Level 5:colcon.colcon_core.verb:set package 'QuadcopterController' build argument 'cmake_target_skip_unavailable' from command line to 'False'
[26.079s] Level 5:colcon.colcon_core.verb:set package 'QuadcopterController' build argument 'cmake_clean_cache' from command line to 'False'
[26.079s] Level 5:colcon.colcon_core.verb:set package 'QuadcopterController' build argument 'cmake_clean_first' from command line to 'False'
[26.079s] Level 5:colcon.colcon_core.verb:set package 'QuadcopterController' build argument 'cmake_force_configure' from command line to 'False'
[26.079s] Level 5:colcon.colcon_core.verb:set package 'QuadcopterController' build argument 'ament_cmake_args' from command line to 'None'
[26.079s] Level 5:colcon.colcon_core.verb:set package 'QuadcopterController' build argument 'catkin_cmake_args' from command line to 'None'
[26.079s] Level 5:colcon.colcon_core.verb:set package 'QuadcopterController' build argument 'catkin_skip_building_tests' from command line to 'False'
[26.079s] DEBUG:colcon.colcon_core.verb:Building package 'QuadcopterController' with the following arguments: {'ament_cmake_args': None, 'build_base': '/home/rgeng/Project/build/QuadcopterController', 'catkin_cmake_args': None, 'catkin_skip_building_tests': False, 'cmake_args': None, 'cmake_clean_cache': False, 'cmake_clean_first': False, 'cmake_force_configure': False, 'cmake_target': None, 'cmake_target_skip_unavailable': False, 'install_base': '/home/rgeng/Project/install/QuadcopterController', 'merge_install': False, 'path': '/home/rgeng/Project', 'symlink_install': False, 'test_result_base': None}
[26.079s] INFO:colcon.colcon_core.executor:Executing jobs using 'parallel' executor
[26.080s] DEBUG:colcon.colcon_parallel_executor.executor.parallel:run_until_complete
[26.080s] INFO:colcon.colcon_cmake.task.cmake.build:Building CMake package in '/home/rgeng/Project'
[26.432s] INFO:colcon.colcon_core.plugin_system:Skipping extension 'colcon_core.shell.bat': Not used on non-Windows systems
[26.432s] INFO:colcon.colcon_core.shell:Skip shell extension 'powershell' for command environment: Not usable outside of PowerShell
[26.432s] DEBUG:colcon.colcon_core.shell:Skip shell extension 'dsv' for command environment
[26.566s] DEBUG:colcon.colcon_core.event_handler.log_command:Invoking command in '/home/rgeng/Project/build/QuadcopterController': /usr/bin/cmake --build /home/rgeng/Project/build/QuadcopterController -- -j12 -l12
[75.859s] DEBUG:colcon.colcon_core.event_handler.log_command:Invoked command in '/home/rgeng/Project/build/QuadcopterController' returned '2': /usr/bin/cmake --build /home/rgeng/Project/build/QuadcopterController -- -j12 -l12
[75.869s] DEBUG:colcon.colcon_parallel_executor.executor.parallel:closing loop
[75.870s] DEBUG:colcon.colcon_parallel_executor.executor.parallel:loop closed
[75.870s] DEBUG:colcon.colcon_parallel_executor.executor.parallel:run_until_complete finished with '2'
[75.870s] DEBUG:colcon.colcon_core.event_reactor:joining thread
[75.939s] INFO:colcon.colcon_core.plugin_system:Skipping extension 'colcon_notification.desktop_notification.notify_send': Could not find 'notify-send'
[75.939s] INFO:colcon.colcon_core.plugin_system:Skipping extension 'colcon_notification.desktop_notification.terminal_notifier': Not used on non-Darwin systems
[75.939s] INFO:colcon.colcon_core.plugin_system:Skipping extension 'colcon_notification.desktop_notification.win32': Not used on non-Windows systems
[75.939s] INFO:colcon.colcon_notification.desktop_notification:Sending desktop notification using 'notify2'
[75.939s] DEBUG:colcon.colcon_notification.desktop_notification.notify2:Failed to initialize notify2: org.freedesktop.DBus.Error.FileNotFound: Failed to connect to socket /run/user/1000/bus: No such file or directory
[75.939s] DEBUG:colcon.colcon_core.event_reactor:joined thread
[75.940s] INFO:colcon.colcon_core.shell:Creating prefix script '/home/rgeng/Project/install/local_setup.ps1'
[75.967s] INFO:colcon.colcon_core.shell:Creating prefix util module '/home/rgeng/Project/install/_local_setup_util_ps1.py'
[75.974s] INFO:colcon.colcon_core.shell:Creating prefix chain script '/home/rgeng/Project/install/setup.ps1'
[75.976s] INFO:colcon.colcon_core.shell:Creating prefix script '/home/rgeng/Project/install/local_setup.sh'
[75.982s] INFO:colcon.colcon_core.shell:Creating prefix util module '/home/rgeng/Project/install/_local_setup_util_sh.py'
[75.982s] INFO:colcon.colcon_core.shell:Creating prefix chain script '/home/rgeng/Project/install/setup.sh'
[75.991s] INFO:colcon.colcon_core.shell:Creating prefix script '/home/rgeng/Project/install/local_setup.bash'
[76.007s] INFO:colcon.colcon_core.shell:Creating prefix chain script '/home/rgeng/Project/install/setup.bash'
[76.008s] INFO:colcon.colcon_core.shell:Creating prefix script '/home/rgeng/Project/install/local_setup.zsh'
[76.024s] INFO:colcon.colcon_core.shell:Creating prefix chain script '/home/rgeng/Project/install/setup.zsh'
