[0.008s] Invoking command in '/home/rgeng/Project/build/QuadcopterController': /usr/bin/cmake --build /home/rgeng/Project/build/QuadcopterController -- -j12 -l12
[0.035s] [35m[1mConsolidate compiler generated dependencies of target CONTROLLER_LIB[0m
[0.038s] [ 15%] Built target OBJECTS
[0.060s] [ 30%] [32mBuilding CXX object src/controller/CMakeFiles/CONTROLLER_LIB.dir/base.cpp.o[0m
[0.061s] [ 30%] [32mBuilding CXX object src/controller/CMakeFiles/CONTROLLER_LIB.dir/LQR.cpp.o[0m
[0.061s] [ 38%] [32mBuilding CXX object src/controller/CMakeFiles/CONTROLLER_LIB.dir/PID.cpp.o[0m
[0.061s] [ 46%] [32mBuilding CXX object src/controller/CMakeFiles/CONTROLLER_LIB.dir/PolePlacement.cpp.o[0m
[0.666s] In file included from [01m[K/home/rgeng/Project/include/controller/base.hpp:5[m[K,
[0.666s]                  from [01m[K/home/rgeng/Project/src/controller/base.cpp:1[m[K:
[0.666s] [01m[K/home/rgeng/Project/include/publishers/msgPublisher.hpp:3:10:[m[K [01;31m[Kfatal error: [m[Kgazebo/gazebo.hh: No such file or directory
[0.666s]     3 | #include [01;31m[K<gazebo/gazebo.hh>[m[K
[0.666s]       |          [01;31m[K^~~~~~~~~~~~~~~~~~[m[K
[0.666s] In file included from [01m[K/home/rgeng/Project/include/controller/base.hpp:5[m[K,
[0.666s]                  from [01m[K/home/rgeng/Project/include/controller/LQR.hpp:4[m[K,
[0.666s]                  from [01m[K/home/rgeng/Project/src/controller/LQR.cpp:1[m[K:
[0.666s] [01m[K/home/rgeng/Project/include/publishers/msgPublisher.hpp:3:10:[m[K [01;31m[Kfatal error: [m[Kgazebo/gazebo.hh: No such file or directory
[0.666s]     3 | #include [01;31m[K<gazebo/gazebo.hh>[m[K
[0.666s]       |          [01;31m[K^~~~~~~~~~~~~~~~~~[m[K
[0.667s] In file included from [01m[K/home/rgeng/Project/include/controller/base.hpp:5[m[K,
[0.667s]                  from [01m[K/home/rgeng/Project/include/controller/PolePlacement.hpp:4[m[K,
[0.667s]                  from [01m[K/home/rgeng/Project/src/controller/PolePlacement.cpp:1[m[K:
[0.667s] [01m[K/home/rgeng/Project/include/publishers/msgPublisher.hpp:3:10:[m[K [01;31m[Kfatal error: [m[Kgazebo/gazebo.hh: No such file or directory
[0.667s]     3 | #include [01;31m[K<gazebo/gazebo.hh>[m[K
[0.667s]       |          [01;31m[K^~~~~~~~~~~~~~~~~~[m[K
[0.667s] In file included from [01m[K/home/rgeng/Project/include/controller/base.hpp:5[m[K,
[0.667s]                  from [01m[K/home/rgeng/Project/include/controller/PID.hpp:4[m[K,
[0.667s]                  from [01m[K/home/rgeng/Project/src/controller/PID.cpp:1[m[K:
[0.667s] [01m[K/home/rgeng/Project/include/publishers/msgPublisher.hpp:3:10:[m[K [01;31m[Kfatal error: [m[Kgazebo/gazebo.hh: No such file or directory
[0.667s]     3 | #include [01;31m[K<gazebo/gazebo.hh>[m[K
[0.667s]       |          [01;31m[K^~~~~~~~~~~~~~~~~~[m[K
[0.667s] compilation terminated.
[0.667s] compilation terminated.
[0.667s] compilation terminated.
[0.667s] compilation terminated.
[0.671s] gmake[2]: *** [src/controller/CMakeFiles/CONTROLLER_LIB.dir/build.make:118: src/controller/CMakeFiles/CONTROLLER_LIB.dir/PolePlacement.cpp.o] Error 1
[0.671s] gmake[2]: *** Waiting for unfinished jobs....
[0.671s] gmake[2]: *** [src/controller/CMakeFiles/CONTROLLER_LIB.dir/build.make:76: src/controller/CMakeFiles/CONTROLLER_LIB.dir/base.cpp.o] Error 1
[0.671s] gmake[2]: *** [src/controller/CMakeFiles/CONTROLLER_LIB.dir/build.make:90: src/controller/CMakeFiles/CONTROLLER_LIB.dir/LQR.cpp.o] Error 1
[0.671s] gmake[2]: *** [src/controller/CMakeFiles/CONTROLLER_LIB.dir/build.make:104: src/controller/CMakeFiles/CONTROLLER_LIB.dir/PID.cpp.o] Error 1
[0.671s] gmake[1]: *** [CMakeFiles/Makefile2:198: src/controller/CMakeFiles/CONTROLLER_LIB.dir/all] Error 2
[0.671s] gmake: *** [Makefile:91: all] Error 2
[0.673s] Invoked command in '/home/rgeng/Project/build/QuadcopterController' returned '2': /usr/bin/cmake --build /home/rgeng/Project/build/QuadcopterController -- -j12 -l12
