[0.095s] Invoking command in '/home/rgeng/Project/build/QuadcopterController': /usr/bin/cmake --build /home/rgeng/Project/build/QuadcopterController -- -j12 -l12
[0.367s] -- Looking for ignition-msgs5 -- found version 5.8.1
[0.434s] -- Searching for dependencies of ignition-msgs5
[1.363s] -- Looking for ignition-math6 -- found version 6.15.1
[1.363s] -- Searching for dependencies of ignition-math6
[1.374s] -- Checking for module 'tinyxml2'
[1.398s] --   Found tinyxml2, version 9.0.0
[1.444s] -- Looking for ignition-transport8 -- found version 8.2.1
[1.444s] -- Searching for dependencies of ignition-transport8
[2.551s] -- Config-file not installed for ZeroMQ -- checking for pkg-config
[2.554s] -- Checking for module 'libzmq >= 4'
[2.618s] --   Found libzmq , version 4.3.4
[2.641s] -- Checking for module 'uuid'
[2.652s] --   Found uuid, version 2.37.2
[2.669s] -- Looking for ignition-msgs5 -- found version 5.8.1
[2.703s] -- Configuring done
[2.844s] -- Generating done
[2.872s] -- Build files have been written to: /home/rgeng/Project/build/QuadcopterController
[2.929s] [35m[1mConsolidate compiler generated dependencies of target OBJECTS[0m
[2.937s] [ 15%] Built target OBJECTS
[2.965s] [35m[1mConsolidate compiler generated dependencies of target CONTROLLER_LIB[0m
[2.991s] [ 30%] [32mBuilding CXX object src/controller/CMakeFiles/CONTROLLER_LIB.dir/base.cpp.o[0m
[2.991s] [ 30%] [32mBuilding CXX object src/controller/CMakeFiles/CONTROLLER_LIB.dir/LQR.cpp.o[0m
[2.991s] [ 38%] [32mBuilding CXX object src/controller/CMakeFiles/CONTROLLER_LIB.dir/PID.cpp.o[0m
[2.992s] [ 46%] [32mBuilding CXX object src/controller/CMakeFiles/CONTROLLER_LIB.dir/PolePlacement.cpp.o[0m
[8.533s] In file included from [01m[K/home/rgeng/Project/include/controller/PID.hpp:4[m[K,
[8.533s]                  from [01m[K/home/rgeng/Project/src/controller/PID.cpp:1[m[K:
[8.533s] [01m[K/home/rgeng/Project/include/controller/base.hpp:16:5:[m[K [01;31m[Kerror: [m[K‘[01m[Kpublishers[m[K’ does not name a type
[8.533s]    16 |     [01;31m[Kpublishers[m[K::msgPublisher<gazebo::msgs::Cessna::control> controlPublisher("/gazebo/default/cessna_c172/control");
[8.533s]       |     [01;31m[K^~~~~~~~~~[m[K
[8.533s] In file included from [01m[K/home/rgeng/Project/include/controller/LQR.hpp:4[m[K,
[8.533s]                  from [01m[K/home/rgeng/Project/src/controller/LQR.cpp:1[m[K:
[8.534s] [01m[K/home/rgeng/Project/include/controller/base.hpp:16:5:[m[K [01;31m[Kerror: [m[K‘[01m[Kpublishers[m[K’ does not name a type
[8.534s]    16 |     [01;31m[Kpublishers[m[K::msgPublisher<gazebo::msgs::Cessna::control> controlPublisher("/gazebo/default/cessna_c172/control");
[8.534s]       |     [01;31m[K^~~~~~~~~~[m[K
[8.534s] In file included from [01m[K/home/rgeng/Project/include/controller/PolePlacement.hpp:4[m[K,
[8.534s]                  from [01m[K/home/rgeng/Project/src/controller/PolePlacement.cpp:1[m[K:
[8.534s] [01m[K/home/rgeng/Project/include/controller/base.hpp:16:5:[m[K [01;31m[Kerror: [m[K‘[01m[Kpublishers[m[K’ does not name a type
[8.534s]    16 |     [01;31m[Kpublishers[m[K::msgPublisher<gazebo::msgs::Cessna::control> controlPublisher("/gazebo/default/cessna_c172/control");
[8.534s]       |     [01;31m[K^~~~~~~~~~[m[K
[8.534s] In file included from [01m[K/home/rgeng/Project/src/controller/base.cpp:1[m[K:
[8.534s] [01m[K/home/rgeng/Project/include/controller/base.hpp:16:5:[m[K [01;31m[Kerror: [m[K‘[01m[Kpublishers[m[K’ does not name a type
[8.534s]    16 |     [01;31m[Kpublishers[m[K::msgPublisher<gazebo::msgs::Cessna::control> controlPublisher("/gazebo/default/cessna_c172/control");
[8.534s]       |     [01;31m[K^~~~~~~~~~[m[K
[9.810s] gmake[2]: *** [src/controller/CMakeFiles/CONTROLLER_LIB.dir/build.make:76: src/controller/CMakeFiles/CONTROLLER_LIB.dir/base.cpp.o] Error 1
[9.810s] gmake[2]: *** Waiting for unfinished jobs....
[9.814s] gmake[2]: *** [src/controller/CMakeFiles/CONTROLLER_LIB.dir/build.make:118: src/controller/CMakeFiles/CONTROLLER_LIB.dir/PolePlacement.cpp.o] Error 1
[9.817s] gmake[2]: *** [src/controller/CMakeFiles/CONTROLLER_LIB.dir/build.make:104: src/controller/CMakeFiles/CONTROLLER_LIB.dir/PID.cpp.o] Error 1
[9.818s] gmake[2]: *** [src/controller/CMakeFiles/CONTROLLER_LIB.dir/build.make:90: src/controller/CMakeFiles/CONTROLLER_LIB.dir/LQR.cpp.o] Error 1
[9.818s] gmake[1]: *** [CMakeFiles/Makefile2:198: src/controller/CMakeFiles/CONTROLLER_LIB.dir/all] Error 2
[9.819s] gmake: *** [Makefile:91: all] Error 2
[9.830s] Invoked command in '/home/rgeng/Project/build/QuadcopterController' returned '2': /usr/bin/cmake --build /home/rgeng/Project/build/QuadcopterController -- -j12 -l12
