[0.010s] Invoking command in '/home/rgeng/Project/build/QuadcopterController': /usr/bin/cmake --build /home/rgeng/Project/build/QuadcopterController -- -j12 -l12
[0.059s] [ 15%] Built target OBJECTS
[0.070s] [35m[1mConsolidate compiler generated dependencies of target CONTROLLER_LIB[0m
[0.162s] [ 23%] [32mBuilding CXX object src/controller/CMakeFiles/CONTROLLER_LIB.dir/base.cpp.o[0m
[0.162s] [ 30%] [32mBuilding CXX object src/controller/CMakeFiles/CONTROLLER_LIB.dir/LQR.cpp.o[0m
[0.166s] [ 38%] [32mBuilding CXX object src/controller/CMakeFiles/CONTROLLER_LIB.dir/PID.cpp.o[0m
[0.168s] [ 46%] [32mBuilding CXX object src/controller/CMakeFiles/CONTROLLER_LIB.dir/PolePlacement.cpp.o[0m
[7.967s] In file included from [01m[K/home/rgeng/Project/include/controller/base.hpp:5[m[K,
[7.968s]                  from [01m[K/home/rgeng/Project/src/controller/base.cpp:1[m[K:
[7.968s] [01m[K/home/rgeng/Project/include/publishers/msgPublisher.hpp:[m[K In constructor ‘[01m[Kpublishers::msgPublisher<T>::msgPublisher(gazebo::transport::NodePtr&)[m[K’:
[7.968s] [01m[K/home/rgeng/Project/include/publishers/msgPublisher.hpp:18:17:[m[K [01;31m[Kerror: [m[K‘[01m[Kgazebo::client[m[K’ has not been declared
[7.968s]    18 |         gazebo::[01;31m[Kclient[m[K::setup();
[7.968s]       |                 [01;31m[K^~~~~~[m[K
[7.968s] [01m[K/home/rgeng/Project/include/publishers/msgPublisher.hpp:19:15:[m[K [01;31m[Kerror: [m[K‘[01m[Kclass gazebo::transport::Publisher[m[K’ has no member named ‘[01m[KInit[m[K’
[7.968s]    19 |         mPub->[01;31m[KInit[m[K();
[7.968s]       |               [01;31m[K^~~~[m[K
[7.968s] [01m[K/home/rgeng/Project/include/publishers/msgPublisher.hpp:[m[K In member function ‘[01m[Kvoid publishers::msgPublisher<T>::publishMessage(const T&)[m[K’:
[7.968s] [01m[K/home/rgeng/Project/include/publishers/msgPublisher.hpp:25:5:[m[K [01;31m[Kerror: [m[Kexpected ‘[01m[K;[m[K’ before ‘[01m[K}[m[K’ token
[7.968s]    25 |     [01;31m[K}[m[K;
[7.968s]       |     [01;31m[K^[m[K
[7.968s] In file included from [01m[K/home/rgeng/Project/include/controller/base.hpp:5[m[K,
[7.968s]                  from [01m[K/home/rgeng/Project/include/controller/LQR.hpp:4[m[K,
[7.969s]                  from [01m[K/home/rgeng/Project/src/controller/LQR.cpp:1[m[K:
[7.969s] [01m[K/home/rgeng/Project/include/publishers/msgPublisher.hpp:[m[K In constructor ‘[01m[Kpublishers::msgPublisher<T>::msgPublisher(gazebo::transport::NodePtr&)[m[K’:
[7.969s] [01m[K/home/rgeng/Project/include/publishers/msgPublisher.hpp:18:17:[m[K [01;31m[Kerror: [m[K‘[01m[Kgazebo::client[m[K’ has not been declared
[7.969s]    18 |         gazebo::[01;31m[Kclient[m[K::setup();
[7.969s]       |                 [01;31m[K^~~~~~[m[K
[7.969s] [01m[K/home/rgeng/Project/include/publishers/msgPublisher.hpp:19:15:[m[K [01;31m[Kerror: [m[K‘[01m[Kclass gazebo::transport::Publisher[m[K’ has no member named ‘[01m[KInit[m[K’
[7.969s]    19 |         mPub->[01;31m[KInit[m[K();
[7.969s]       |               [01;31m[K^~~~[m[K
[7.969s] [01m[K/home/rgeng/Project/include/publishers/msgPublisher.hpp:[m[K In member function ‘[01m[Kvoid publishers::msgPublisher<T>::publishMessage(const T&)[m[K’:
[7.969s] [01m[K/home/rgeng/Project/include/publishers/msgPublisher.hpp:25:5:[m[K [01;31m[Kerror: [m[Kexpected ‘[01m[K;[m[K’ before ‘[01m[K}[m[K’ token
[7.969s]    25 |     [01;31m[K}[m[K;
[7.969s]       |     [01;31m[K^[m[K
[7.969s] In file included from [01m[K/home/rgeng/Project/include/controller/base.hpp:5[m[K,
[7.969s]                  from [01m[K/home/rgeng/Project/include/controller/PID.hpp:4[m[K,
[7.969s]                  from [01m[K/home/rgeng/Project/src/controller/PID.cpp:1[m[K:
[7.969s] [01m[K/home/rgeng/Project/include/publishers/msgPublisher.hpp:[m[K In constructor ‘[01m[Kpublishers::msgPublisher<T>::msgPublisher(gazebo::transport::NodePtr&)[m[K’:
[7.969s] [01m[K/home/rgeng/Project/include/publishers/msgPublisher.hpp:18:17:[m[K [01;31m[Kerror: [m[K‘[01m[Kgazebo::client[m[K’ has not been declared
[7.969s]    18 |         gazebo::[01;31m[Kclient[m[K::setup();
[7.969s]       |                 [01;31m[K^~~~~~[m[K
[7.969s] [01m[K/home/rgeng/Project/include/publishers/msgPublisher.hpp:19:15:[m[K [01;31m[Kerror: [m[K‘[01m[Kclass gazebo::transport::Publisher[m[K’ has no member named ‘[01m[KInit[m[K’
[7.969s]    19 |         mPub->[01;31m[KInit[m[K();
[7.969s]       |               [01;31m[K^~~~[m[K
[7.969s] [01m[K/home/rgeng/Project/include/publishers/msgPublisher.hpp:[m[K In member function ‘[01m[Kvoid publishers::msgPublisher<T>::publishMessage(const T&)[m[K’:
[7.969s] [01m[K/home/rgeng/Project/include/publishers/msgPublisher.hpp:25:5:[m[K [01;31m[Kerror: [m[Kexpected ‘[01m[K;[m[K’ before ‘[01m[K}[m[K’ token
[7.969s]    25 |     [01;31m[K}[m[K;
[7.970s]       |     [01;31m[K^[m[K
[7.987s] In file included from [01m[K/home/rgeng/Project/include/controller/base.hpp:5[m[K,
[7.987s]                  from [01m[K/home/rgeng/Project/include/controller/PolePlacement.hpp:4[m[K,
[7.987s]                  from [01m[K/home/rgeng/Project/src/controller/PolePlacement.cpp:1[m[K:
[7.987s] [01m[K/home/rgeng/Project/include/publishers/msgPublisher.hpp:[m[K In constructor ‘[01m[Kpublishers::msgPublisher<T>::msgPublisher(gazebo::transport::NodePtr&)[m[K’:
[7.987s] [01m[K/home/rgeng/Project/include/publishers/msgPublisher.hpp:18:17:[m[K [01;31m[Kerror: [m[K‘[01m[Kgazebo::client[m[K’ has not been declared
[7.987s]    18 |         gazebo::[01;31m[Kclient[m[K::setup();
[7.987s]       |                 [01;31m[K^~~~~~[m[K
[7.987s] [01m[K/home/rgeng/Project/include/publishers/msgPublisher.hpp:19:15:[m[K [01;31m[Kerror: [m[K‘[01m[Kclass gazebo::transport::Publisher[m[K’ has no member named ‘[01m[KInit[m[K’
[7.987s]    19 |         mPub->[01;31m[KInit[m[K();
[7.987s]       |               [01;31m[K^~~~[m[K
[7.987s] [01m[K/home/rgeng/Project/include/publishers/msgPublisher.hpp:[m[K In member function ‘[01m[Kvoid publishers::msgPublisher<T>::publishMessage(const T&)[m[K’:
[7.987s] [01m[K/home/rgeng/Project/include/publishers/msgPublisher.hpp:25:5:[m[K [01;31m[Kerror: [m[Kexpected ‘[01m[K;[m[K’ before ‘[01m[K}[m[K’ token
[7.987s]    25 |     [01;31m[K}[m[K;
[7.987s]       |     [01;31m[K^[m[K
[9.392s] gmake[2]: *** [src/controller/CMakeFiles/CONTROLLER_LIB.dir/build.make:76: src/controller/CMakeFiles/CONTROLLER_LIB.dir/base.cpp.o] Error 1
[9.392s] gmake[2]: *** Waiting for unfinished jobs....
[9.414s] gmake[2]: *** [src/controller/CMakeFiles/CONTROLLER_LIB.dir/build.make:90: src/controller/CMakeFiles/CONTROLLER_LIB.dir/LQR.cpp.o] Error 1
[9.452s] gmake[2]: *** [src/controller/CMakeFiles/CONTROLLER_LIB.dir/build.make:104: src/controller/CMakeFiles/CONTROLLER_LIB.dir/PID.cpp.o] Error 1
[9.535s] gmake[2]: *** [src/controller/CMakeFiles/CONTROLLER_LIB.dir/build.make:118: src/controller/CMakeFiles/CONTROLLER_LIB.dir/PolePlacement.cpp.o] Error 1
[9.535s] gmake[1]: *** [CMakeFiles/Makefile2:198: src/controller/CMakeFiles/CONTROLLER_LIB.dir/all] Error 2
[9.535s] gmake: *** [Makefile:91: all] Error 2
[9.538s] Invoked command in '/home/rgeng/Project/build/QuadcopterController' returned '2': /usr/bin/cmake --build /home/rgeng/Project/build/QuadcopterController -- -j12 -l12
