[0.122s] DEBUG:colcon:Command line arguments: ['/usr/bin/colcon', 'build']
[0.122s] DEBUG:colcon:Parsed command line arguments: Namespace(log_base=None, log_level=None, verb_name='build', build_base='build', install_base='install', merge_install=False, symlink_install=False, test_result_base=None, continue_on_error=False, executor='parallel', parallel_workers=12, event_handlers=None, ignore_user_meta=False, metas=['./colcon.meta'], base_paths=['.'], packages_ignore=None, packages_ignore_regex=None, paths=None, packages_up_to=None, packages_up_to_regex=None, packages_above=None, packages_above_and_dependencies=None, packages_above_depth=None, packages_select_by_dep=None, packages_skip_by_dep=None, packages_skip_up_to=None, packages_select_build_failed=False, packages_skip_build_finished=False, packages_select_test_failures=False, packages_skip_test_passed=False, packages_select=None, packages_skip=None, packages_select_regex=None, packages_skip_regex=None, packages_start=None, packages_end=None, allow_overriding=[], cmake_args=None, cmake_target=None, cmake_target_skip_unavailable=False, cmake_clean_cache=False, cmake_clean_first=False, cmake_force_configure=False, ament_cmake_args=None, catkin_cmake_args=None, catkin_skip_building_tests=False, verb_parser=<colcon_defaults.argument_parser.defaults.DefaultArgumentsDecorator object at 0x7fe32574e9b0>, verb_extension=<colcon_core.verb.build.BuildVerb object at 0x7fe32574db70>, main=<bound method BuildVerb.main of <colcon_core.verb.build.BuildVerb object at 0x7fe32574db70>>)
[0.260s] Level 1:colcon.colcon_core.package_discovery:discover_packages(colcon_meta) check parameters
[0.260s] Level 1:colcon.colcon_core.package_discovery:discover_packages(recursive) check parameters
[0.260s] Level 1:colcon.colcon_core.package_discovery:discover_packages(ignore) check parameters
[0.260s] Level 1:colcon.colcon_core.package_discovery:discover_packages(path) check parameters
[0.260s] Level 1:colcon.colcon_core.package_discovery:discover_packages(colcon_meta) discover
[0.260s] Level 1:colcon.colcon_core.package_discovery:discover_packages(recursive) discover
[0.260s] INFO:colcon.colcon_core.package_discovery:Crawling recursively for packages in '/home/rgeng/Project'
[0.260s] Level 1:colcon.colcon_core.package_identification:_identify(.) by extensions ['ignore', 'ignore_ament_install']
[0.260s] Level 1:colcon.colcon_core.package_identification:_identify(.) by extension 'ignore'
[0.261s] Level 1:colcon.colcon_core.package_identification:_identify(.) by extension 'ignore_ament_install'
[0.261s] Level 1:colcon.colcon_core.package_identification:_identify(.) by extensions ['colcon_pkg']
[0.261s] Level 1:colcon.colcon_core.package_identification:_identify(.) by extension 'colcon_pkg'
[0.261s] Level 1:colcon.colcon_core.package_identification:_identify(.) by extensions ['colcon_meta']
[0.261s] Level 1:colcon.colcon_core.package_identification:_identify(.) by extension 'colcon_meta'
[0.261s] Level 1:colcon.colcon_core.package_identification:_identify(.) by extensions ['ros']
[0.261s] Level 1:colcon.colcon_core.package_identification:_identify(.) by extension 'ros'
[0.270s] Level 1:colcon.colcon_core.package_identification:_identify(.) by extensions ['cmake', 'python']
[0.270s] Level 1:colcon.colcon_core.package_identification:_identify(.) by extension 'cmake'
[0.282s] Level 1:colcon.colcon_core.package_identification:_identify(.) by extension 'python'
[0.282s] DEBUG:colcon.colcon_core.package_identification:Package '.' with type 'cmake' and name 'QuadcopterController'
[0.282s] Level 1:colcon.colcon_core.package_discovery:discover_packages(recursive) using defaults
[0.282s] Level 1:colcon.colcon_core.package_discovery:discover_packages(ignore) discover
[0.282s] Level 1:colcon.colcon_core.package_discovery:discover_packages(ignore) using defaults
[0.282s] Level 1:colcon.colcon_core.package_discovery:discover_packages(path) discover
[0.282s] Level 1:colcon.colcon_core.package_discovery:discover_packages(path) using defaults
[0.298s] Level 1:colcon.colcon_core.package_discovery:discover_packages(prefix_path) check parameters
[0.298s] Level 1:colcon.colcon_core.package_discovery:discover_packages(prefix_path) discover
[0.300s] DEBUG:colcon.colcon_installed_package_information.package_discovery:Found 278 installed packages in /opt/ros/humble
[0.302s] Level 1:colcon.colcon_core.package_discovery:discover_packages(prefix_path) using defaults
[0.348s] Level 5:colcon.colcon_core.verb:set package 'QuadcopterController' build argument 'cmake_args' from command line to 'None'
[0.348s] Level 5:colcon.colcon_core.verb:set package 'QuadcopterController' build argument 'cmake_target' from command line to 'None'
[0.348s] Level 5:colcon.colcon_core.verb:set package 'QuadcopterController' build argument 'cmake_target_skip_unavailable' from command line to 'False'
[0.348s] Level 5:colcon.colcon_core.verb:set package 'QuadcopterController' build argument 'cmake_clean_cache' from command line to 'False'
[0.348s] Level 5:colcon.colcon_core.verb:set package 'QuadcopterController' build argument 'cmake_clean_first' from command line to 'False'
[0.348s] Level 5:colcon.colcon_core.verb:set package 'QuadcopterController' build argument 'cmake_force_configure' from command line to 'False'
[0.348s] Level 5:colcon.colcon_core.verb:set package 'QuadcopterController' build argument 'ament_cmake_args' from command line to 'None'
[0.348s] Level 5:colcon.colcon_core.verb:set package 'QuadcopterController' build argument 'catkin_cmake_args' from command line to 'None'
[0.348s] Level 5:colcon.colcon_core.verb:set package 'QuadcopterController' build argument 'catkin_skip_building_tests' from command line to 'False'
[0.348s] DEBUG:colcon.colcon_core.verb:Building package 'QuadcopterController' with the following arguments: {'ament_cmake_args': None, 'build_base': '/home/rgeng/Project/build/QuadcopterController', 'catkin_cmake_args': None, 'catkin_skip_building_tests': False, 'cmake_args': None, 'cmake_clean_cache': False, 'cmake_clean_first': False, 'cmake_force_configure': False, 'cmake_target': None, 'cmake_target_skip_unavailable': False, 'install_base': '/home/rgeng/Project/install/QuadcopterController', 'merge_install': False, 'path': '/home/rgeng/Project', 'symlink_install': False, 'test_result_base': None}
[0.348s] INFO:colcon.colcon_core.executor:Executing jobs using 'parallel' executor
[0.349s] DEBUG:colcon.colcon_parallel_executor.executor.parallel:run_until_complete
[0.349s] INFO:colcon.colcon_cmake.task.cmake.build:Building CMake package in '/home/rgeng/Project'
[0.351s] INFO:colcon.colcon_core.plugin_system:Skipping extension 'colcon_core.shell.bat': Not used on non-Windows systems
[0.352s] INFO:colcon.colcon_core.shell:Skip shell extension 'powershell' for command environment: Not usable outside of PowerShell
[0.352s] DEBUG:colcon.colcon_core.shell:Skip shell extension 'dsv' for command environment
[0.361s] DEBUG:colcon.colcon_core.event_handler.log_command:Invoking command in '/home/rgeng/Project/build/QuadcopterController': /usr/bin/cmake --build /home/rgeng/Project/build/QuadcopterController -- -j12 -l12
[6.051s] DEBUG:colcon.colcon_core.event_handler.log_command:Invoked command in '/home/rgeng/Project/build/QuadcopterController' returned '0': /usr/bin/cmake --build /home/rgeng/Project/build/QuadcopterController -- -j12 -l12
[6.052s] WARNING:colcon.colcon_cmake.task.cmake.build:Could not run installation step for package 'QuadcopterController' because it has no 'install' target
[6.052s] Level 1:colcon.colcon_core.environment:create_environment_scripts_only(QuadcopterController)
[6.055s] Level 1:colcon.colcon_core.environment:checking '/home/rgeng/Project/install/QuadcopterController' for CMake module files
[6.055s] Level 1:colcon.colcon_core.environment:checking '/home/rgeng/Project/install/QuadcopterController' for CMake config files
[6.056s] Level 1:colcon.colcon_core.environment:checking '/home/rgeng/Project/install/QuadcopterController/bin'
[6.056s] Level 1:colcon.colcon_core.environment:checking '/home/rgeng/Project/install/QuadcopterController/lib/pkgconfig/QuadcopterController.pc'
[6.056s] Level 1:colcon.colcon_core.environment:checking '/home/rgeng/Project/install/QuadcopterController/lib/python3.10/site-packages'
[6.056s] Level 1:colcon.colcon_core.environment:checking '/home/rgeng/Project/install/QuadcopterController/bin'
[6.056s] INFO:colcon.colcon_core.shell:Creating package script '/home/rgeng/Project/install/QuadcopterController/share/QuadcopterController/package.ps1'
[6.057s] INFO:colcon.colcon_core.shell:Creating package descriptor '/home/rgeng/Project/install/QuadcopterController/share/QuadcopterController/package.dsv'
[6.058s] INFO:colcon.colcon_core.shell:Creating package script '/home/rgeng/Project/install/QuadcopterController/share/QuadcopterController/package.sh'
[6.058s] INFO:colcon.colcon_core.shell:Creating package script '/home/rgeng/Project/install/QuadcopterController/share/QuadcopterController/package.bash'
[6.059s] INFO:colcon.colcon_core.shell:Creating package script '/home/rgeng/Project/install/QuadcopterController/share/QuadcopterController/package.zsh'
[6.059s] Level 1:colcon.colcon_core.environment:create_file_with_runtime_dependencies(/home/rgeng/Project/install/QuadcopterController/share/colcon-core/packages/QuadcopterController)
[6.059s] DEBUG:colcon.colcon_parallel_executor.executor.parallel:closing loop
[6.060s] DEBUG:colcon.colcon_parallel_executor.executor.parallel:loop closed
[6.060s] DEBUG:colcon.colcon_parallel_executor.executor.parallel:run_until_complete finished with '0'
[6.060s] DEBUG:colcon.colcon_core.event_reactor:joining thread
[6.079s] INFO:colcon.colcon_core.plugin_system:Skipping extension 'colcon_notification.desktop_notification.notify_send': Could not find 'notify-send'
[6.079s] INFO:colcon.colcon_core.plugin_system:Skipping extension 'colcon_notification.desktop_notification.terminal_notifier': Not used on non-Darwin systems
[6.079s] INFO:colcon.colcon_core.plugin_system:Skipping extension 'colcon_notification.desktop_notification.win32': Not used on non-Windows systems
[6.079s] INFO:colcon.colcon_notification.desktop_notification:Sending desktop notification using 'notify2'
[6.080s] DEBUG:colcon.colcon_notification.desktop_notification.notify2:Failed to initialize notify2: org.freedesktop.DBus.Error.FileNotFound: Failed to connect to socket /run/user/1000/bus: No such file or directory
[6.080s] DEBUG:colcon.colcon_core.event_reactor:joined thread
[6.080s] INFO:colcon.colcon_core.shell:Creating prefix script '/home/rgeng/Project/install/local_setup.ps1'
[6.081s] INFO:colcon.colcon_core.shell:Creating prefix util module '/home/rgeng/Project/install/_local_setup_util_ps1.py'
[6.082s] INFO:colcon.colcon_core.shell:Creating prefix chain script '/home/rgeng/Project/install/setup.ps1'
[6.083s] INFO:colcon.colcon_core.shell:Creating prefix script '/home/rgeng/Project/install/local_setup.sh'
[6.083s] INFO:colcon.colcon_core.shell:Creating prefix util module '/home/rgeng/Project/install/_local_setup_util_sh.py'
[6.084s] INFO:colcon.colcon_core.shell:Creating prefix chain script '/home/rgeng/Project/install/setup.sh'
[6.085s] INFO:colcon.colcon_core.shell:Creating prefix script '/home/rgeng/Project/install/local_setup.bash'
[6.085s] INFO:colcon.colcon_core.shell:Creating prefix chain script '/home/rgeng/Project/install/setup.bash'
[6.086s] INFO:colcon.colcon_core.shell:Creating prefix script '/home/rgeng/Project/install/local_setup.zsh'
[6.086s] INFO:colcon.colcon_core.shell:Creating prefix chain script '/home/rgeng/Project/install/setup.zsh'
