[0.009s] Invoking command in '/home/rgeng/Project/build/QuadcopterController': /usr/bin/cmake --build /home/rgeng/Project/build/QuadcopterController -- -j12 -l12
[0.054s] [ 15%] Built target OBJECTS
[0.074s] [35m[1mConsolidate compiler generated dependencies of target CONTROLLER_LIB[0m
[0.165s] [ 23%] [32mBuilding CXX object src/controller/CMakeFiles/CONTROLLER_LIB.dir/LQR.cpp.o[0m
[0.166s] [ 30%] [32mBuilding CXX object src/controller/CMakeFiles/CONTROLLER_LIB.dir/base.cpp.o[0m
[0.167s] [ 38%] [32mBuilding CXX object src/controller/CMakeFiles/CONTROLLER_LIB.dir/PID.cpp.o[0m
[0.169s] [ 46%] [32mBuilding CXX object src/controller/CMakeFiles/CONTROLLER_LIB.dir/PolePlacement.cpp.o[0m
[7.379s] In file included from [01m[K/home/rgeng/Project/include/controller/base.hpp:5[m[K,
[7.379s]                  from [01m[K/home/rgeng/Project/src/controller/base.cpp:1[m[K:
[7.379s] [01m[K/home/rgeng/Project/include/publishers/msgPublisher.hpp:[m[K In constructor ‘[01m[Kpublishers::msgPublisher<T>::msgPublisher(gazebo::transport::NodePtr&)[m[K’:
[7.379s] [01m[K/home/rgeng/Project/include/publishers/msgPublisher.hpp:18:17:[m[K [01;31m[Kerror: [m[K‘[01m[Kgazebo::client[m[K’ has not been declared
[7.379s]    18 |         gazebo::[01;31m[Kclient[m[K::setup();
[7.379s]       |                 [01;31m[K^~~~~~[m[K
[7.380s] [01m[K/home/rgeng/Project/include/publishers/msgPublisher.hpp:19:15:[m[K [01;31m[Kerror: [m[K‘[01m[Kclass gazebo::transport::Publisher[m[K’ has no member named ‘[01m[KInit[m[K’
[7.380s]    19 |         mPub->[01;31m[KInit[m[K();
[7.380s]       |               [01;31m[K^~~~[m[K
[7.385s] In file included from [01m[K/home/rgeng/Project/include/controller/base.hpp:5[m[K,
[7.385s]                  from [01m[K/home/rgeng/Project/include/controller/LQR.hpp:4[m[K,
[7.385s]                  from [01m[K/home/rgeng/Project/src/controller/LQR.cpp:1[m[K:
[7.385s] [01m[K/home/rgeng/Project/include/publishers/msgPublisher.hpp:[m[K In constructor ‘[01m[Kpublishers::msgPublisher<T>::msgPublisher(gazebo::transport::NodePtr&)[m[K’:
[7.385s] [01m[K/home/rgeng/Project/include/publishers/msgPublisher.hpp:18:17:[m[K [01;31m[Kerror: [m[K‘[01m[Kgazebo::client[m[K’ has not been declared
[7.385s]    18 |         gazebo::[01;31m[Kclient[m[K::setup();
[7.385s]       |                 [01;31m[K^~~~~~[m[K
[7.385s] [01m[K/home/rgeng/Project/include/publishers/msgPublisher.hpp:19:15:[m[K [01;31m[Kerror: [m[K‘[01m[Kclass gazebo::transport::Publisher[m[K’ has no member named ‘[01m[KInit[m[K’
[7.385s]    19 |         mPub->[01;31m[KInit[m[K();
[7.386s]       |               [01;31m[K^~~~[m[K
[7.399s] [01m[K/home/rgeng/Project/include/publishers/msgPublisher.hpp:20:16:[m[K [01;31m[Kerror: [m[K‘[01m[KmNode[m[K’ was not declared in this scope
[7.400s]    20 |         mPub = [01;31m[KmNode[m[K.Advertise<T>(inTopic);
[7.400s]       |                [01;31m[K^~~~~[m[K
[7.400s] [01m[K/home/rgeng/Project/include/publishers/msgPublisher.hpp:20:33:[m[K [01;31m[Kerror: [m[Kexpected primary-expression before ‘[01m[K>[m[K’ token
[7.400s]    20 |         mPub = mNode.Advertise<T[01;31m[K>[m[K(inTopic);
[7.400s]       |                                 [01;31m[K^[m[K
[7.402s] [01m[K/home/rgeng/Project/include/publishers/msgPublisher.hpp:20:16:[m[K [01;31m[Kerror: [m[K‘[01m[KmNode[m[K’ was not declared in this scope
[7.403s]    20 |         mPub = [01;31m[KmNode[m[K.Advertise<T>(inTopic);
[7.403s]       |                [01;31m[K^~~~~[m[K
[7.403s] [01m[K/home/rgeng/Project/include/publishers/msgPublisher.hpp:20:33:[m[K [01;31m[Kerror: [m[Kexpected primary-expression before ‘[01m[K>[m[K’ token
[7.403s]    20 |         mPub = mNode.Advertise<T[01;31m[K>[m[K(inTopic);
[7.403s]       |                                 [01;31m[K^[m[K
[7.418s] In file included from [01m[K/home/rgeng/Project/include/controller/base.hpp:5[m[K,
[7.418s]                  from [01m[K/home/rgeng/Project/include/controller/PolePlacement.hpp:4[m[K,
[7.418s]                  from [01m[K/home/rgeng/Project/src/controller/PolePlacement.cpp:1[m[K:
[7.419s] [01m[K/home/rgeng/Project/include/publishers/msgPublisher.hpp:[m[K In constructor ‘[01m[Kpublishers::msgPublisher<T>::msgPublisher(gazebo::transport::NodePtr&)[m[K’:
[7.419s] [01m[K/home/rgeng/Project/include/publishers/msgPublisher.hpp:18:17:[m[K [01;31m[Kerror: [m[K‘[01m[Kgazebo::client[m[K’ has not been declared
[7.419s]    18 |         gazebo::[01;31m[Kclient[m[K::setup();
[7.419s]       |                 [01;31m[K^~~~~~[m[K
[7.419s] [01m[K/home/rgeng/Project/include/publishers/msgPublisher.hpp:19:15:[m[K [01;31m[Kerror: [m[K‘[01m[Kclass gazebo::transport::Publisher[m[K’ has no member named ‘[01m[KInit[m[K’
[7.419s]    19 |         mPub->[01;31m[KInit[m[K();
[7.419s]       |               [01;31m[K^~~~[m[K
[7.419s] [01m[K/home/rgeng/Project/include/publishers/msgPublisher.hpp:20:35:[m[K [01;31m[Kerror: [m[K‘[01m[KinTopic[m[K’ was not declared in this scope
[7.419s]    20 |         mPub = mNode.Advertise<T>([01;31m[KinTopic[m[K);
[7.419s]       |                                   [01;31m[K^~~~~~~[m[K
[7.419s] [01m[K/home/rgeng/Project/include/publishers/msgPublisher.hpp:[m[K In member function ‘[01m[Kvoid publishers::msgPublisher<T>::publishMessage(const T&)[m[K’:
[7.419s] [01m[K/home/rgeng/Project/include/publishers/msgPublisher.hpp:25:5:[m[K [01;31m[Kerror: [m[Kexpected ‘[01m[K;[m[K’ before ‘[01m[K}[m[K’ token
[7.419s]    25 |     [01;31m[K}[m[K;
[7.419s]       |     [01;31m[K^[m[K
[7.425s] [01m[K/home/rgeng/Project/include/publishers/msgPublisher.hpp:20:35:[m[K [01;31m[Kerror: [m[K‘[01m[KinTopic[m[K’ was not declared in this scope
[7.425s]    20 |         mPub = mNode.Advertise<T>([01;31m[KinTopic[m[K);
[7.425s]       |                                   [01;31m[K^~~~~~~[m[K
[7.425s] [01m[K/home/rgeng/Project/include/publishers/msgPublisher.hpp:[m[K In member function ‘[01m[Kvoid publishers::msgPublisher<T>::publishMessage(const T&)[m[K’:
[7.425s] [01m[K/home/rgeng/Project/include/publishers/msgPublisher.hpp:25:5:[m[K [01;31m[Kerror: [m[Kexpected ‘[01m[K;[m[K’ before ‘[01m[K}[m[K’ token
[7.425s]    25 |     [01;31m[K}[m[K;
[7.425s]       |     [01;31m[K^[m[K
[7.436s] [01m[K/home/rgeng/Project/include/publishers/msgPublisher.hpp:20:16:[m[K [01;31m[Kerror: [m[K‘[01m[KmNode[m[K’ was not declared in this scope
[7.436s]    20 |         mPub = [01;31m[KmNode[m[K.Advertise<T>(inTopic);
[7.436s]       |                [01;31m[K^~~~~[m[K
[7.436s] [01m[K/home/rgeng/Project/include/publishers/msgPublisher.hpp:20:33:[m[K [01;31m[Kerror: [m[Kexpected primary-expression before ‘[01m[K>[m[K’ token
[7.436s]    20 |         mPub = mNode.Advertise<T[01;31m[K>[m[K(inTopic);
[7.436s]       |                                 [01;31m[K^[m[K
[7.461s] [01m[K/home/rgeng/Project/include/publishers/msgPublisher.hpp:20:35:[m[K [01;31m[Kerror: [m[K‘[01m[KinTopic[m[K’ was not declared in this scope
[7.461s]    20 |         mPub = mNode.Advertise<T>([01;31m[KinTopic[m[K);
[7.461s]       |                                   [01;31m[K^~~~~~~[m[K
[7.461s] [01m[K/home/rgeng/Project/include/publishers/msgPublisher.hpp:[m[K In member function ‘[01m[Kvoid publishers::msgPublisher<T>::publishMessage(const T&)[m[K’:
[7.461s] [01m[K/home/rgeng/Project/include/publishers/msgPublisher.hpp:25:5:[m[K [01;31m[Kerror: [m[Kexpected ‘[01m[K;[m[K’ before ‘[01m[K}[m[K’ token
[7.461s]    25 |     [01;31m[K}[m[K;
[7.461s]       |     [01;31m[K^[m[K
[7.513s] In file included from [01m[K/home/rgeng/Project/include/controller/base.hpp:5[m[K,
[7.513s]                  from [01m[K/home/rgeng/Project/include/controller/PID.hpp:4[m[K,
[7.513s]                  from [01m[K/home/rgeng/Project/src/controller/PID.cpp:1[m[K:
[7.513s] [01m[K/home/rgeng/Project/include/publishers/msgPublisher.hpp:[m[K In constructor ‘[01m[Kpublishers::msgPublisher<T>::msgPublisher(gazebo::transport::NodePtr&)[m[K’:
[7.513s] [01m[K/home/rgeng/Project/include/publishers/msgPublisher.hpp:18:17:[m[K [01;31m[Kerror: [m[K‘[01m[Kgazebo::client[m[K’ has not been declared
[7.513s]    18 |         gazebo::[01;31m[Kclient[m[K::setup();
[7.513s]       |                 [01;31m[K^~~~~~[m[K
[7.513s] [01m[K/home/rgeng/Project/include/publishers/msgPublisher.hpp:19:15:[m[K [01;31m[Kerror: [m[K‘[01m[Kclass gazebo::transport::Publisher[m[K’ has no member named ‘[01m[KInit[m[K’
[7.513s]    19 |         mPub->[01;31m[KInit[m[K();
[7.514s]       |               [01;31m[K^~~~[m[K
[7.538s] [01m[K/home/rgeng/Project/include/publishers/msgPublisher.hpp:20:16:[m[K [01;31m[Kerror: [m[K‘[01m[KmNode[m[K’ was not declared in this scope
[7.538s]    20 |         mPub = [01;31m[KmNode[m[K.Advertise<T>(inTopic);
[7.538s]       |                [01;31m[K^~~~~[m[K
[7.538s] [01m[K/home/rgeng/Project/include/publishers/msgPublisher.hpp:20:33:[m[K [01;31m[Kerror: [m[Kexpected primary-expression before ‘[01m[K>[m[K’ token
[7.538s]    20 |         mPub = mNode.Advertise<T[01;31m[K>[m[K(inTopic);
[7.538s]       |                                 [01;31m[K^[m[K
[7.562s] [01m[K/home/rgeng/Project/include/publishers/msgPublisher.hpp:20:35:[m[K [01;31m[Kerror: [m[K‘[01m[KinTopic[m[K’ was not declared in this scope
[7.562s]    20 |         mPub = mNode.Advertise<T>([01;31m[KinTopic[m[K);
[7.562s]       |                                   [01;31m[K^~~~~~~[m[K
[7.562s] [01m[K/home/rgeng/Project/include/publishers/msgPublisher.hpp:[m[K In member function ‘[01m[Kvoid publishers::msgPublisher<T>::publishMessage(const T&)[m[K’:
[7.562s] [01m[K/home/rgeng/Project/include/publishers/msgPublisher.hpp:25:5:[m[K [01;31m[Kerror: [m[Kexpected ‘[01m[K;[m[K’ before ‘[01m[K}[m[K’ token
[7.562s]    25 |     [01;31m[K}[m[K;
[7.562s]       |     [01;31m[K^[m[K
[9.289s] gmake[2]: *** [src/controller/CMakeFiles/CONTROLLER_LIB.dir/build.make:76: src/controller/CMakeFiles/CONTROLLER_LIB.dir/base.cpp.o] Error 1
[9.289s] gmake[2]: *** Waiting for unfinished jobs....
[9.290s] gmake[2]: *** [src/controller/CMakeFiles/CONTROLLER_LIB.dir/build.make:104: src/controller/CMakeFiles/CONTROLLER_LIB.dir/PID.cpp.o] Error 1
[9.292s] gmake[2]: *** [src/controller/CMakeFiles/CONTROLLER_LIB.dir/build.make:118: src/controller/CMakeFiles/CONTROLLER_LIB.dir/PolePlacement.cpp.o] Error 1
[9.292s] gmake[2]: *** [src/controller/CMakeFiles/CONTROLLER_LIB.dir/build.make:90: src/controller/CMakeFiles/CONTROLLER_LIB.dir/LQR.cpp.o] Error 1
[9.292s] gmake[1]: *** [CMakeFiles/Makefile2:198: src/controller/CMakeFiles/CONTROLLER_LIB.dir/all] Error 2
[9.293s] gmake: *** [Makefile:91: all] Error 2
[9.295s] Invoked command in '/home/rgeng/Project/build/QuadcopterController' returned '2': /usr/bin/cmake --build /home/rgeng/Project/build/QuadcopterController -- -j12 -l12
