[0.008s] Invoking command in '/home/rgeng/Project/build/QuadcopterController': /usr/bin/cmake --build /home/rgeng/Project/build/QuadcopterController -- -j12 -l12
[0.041s] [ 15%] [32mBuilding CXX object src/controller/CMakeFiles/CONTROLLER_LIB.dir/LQR.cpp.o[0m
[0.041s] [ 15%] [32mBuilding CXX object src/controller/CMakeFiles/CONTROLLER_LIB.dir/base.cpp.o[0m
[0.041s] [ 23%] [32mBuilding CXX object src/controller/CMakeFiles/CONTROLLER_LIB.dir/PID.cpp.o[0m
[0.041s] [ 30%] [32mBuilding CXX object src/controller/CMakeFiles/CONTROLLER_LIB.dir/PolePlacement.cpp.o[0m
[3.402s] [01m[K/home/rgeng/Project/src/controller/base.cpp:[m[K In constructor ‘[01m[Kcontroller::Base::Base(controller::CONTROL_METHOD_ENUM)[m[K’:
[3.402s] [01m[K/home/rgeng/Project/src/controller/base.cpp:8:5:[m[K [01;31m[Kerror: [m[K‘[01m[Ksubscribers[m[K’ was not declared in this scope; did you mean ‘[01m[Ksubscriber[m[K’?
[3.402s]     8 |     [01;31m[Ksubscribers[m[K.insert_or_assign(std::pair(MSGS::IMU, new subscriber::msgSubscriber<ignition::msgs::IMU>*("/MyTopic")));
[3.402s]       |     [01;31m[K^~~~~~~~~~~[m[K
[3.402s]       |     [32m[Ksubscriber[m[K
[3.406s] [01m[K/home/rgeng/Project/src/controller/base.cpp:8:44:[m[K [01;31m[Kerror: [m[K‘[01m[KMSGS[m[K’ was not declared in this scope; did you mean ‘[01m[KMSG_SYN[m[K’?
[3.406s]     8 |     subscribers.insert_or_assign(std::pair([01;31m[KMSGS[m[K::IMU, new subscriber::msgSubscriber<ignition::msgs::IMU>*("/MyTopic")));
[3.406s]       |                                            [01;31m[K^~~~[m[K
[3.406s]       |                                            [32m[KMSG_SYN[m[K
[3.406s] [01m[K/home/rgeng/Project/src/controller/base.cpp:8:107:[m[K [01;31m[Kerror: [m[Kcannot convert ‘[01m[Kconst char*[m[K’ to ‘[01m[Ksubscriber::msgSubscriber<ignition::msgs::IMU>*[m[K’ in initialization
[3.406s]     8 |     subscribers.insert_or_assign(std::pair(MSGS::IMU, new subscriber::msgSubscriber<ignition::msgs::IMU>*([01;31m[K"/MyTopic"[m[K)));
[3.407s]       |                                                                                                           [01;31m[K^~~~~~~~~~[m[K
[3.407s]       |                                                                                                           [01;31m[K|[m[K
[3.407s]       |                                                                                                           [01;31m[Kconst char*[m[K
[4.427s] gmake[2]: *** [src/controller/CMakeFiles/CONTROLLER_LIB.dir/build.make:76: src/controller/CMakeFiles/CONTROLLER_LIB.dir/base.cpp.o] Error 1
[4.427s] gmake[2]: *** Waiting for unfinished jobs....
[5.438s] gmake[1]: *** [CMakeFiles/Makefile2:209: src/controller/CMakeFiles/CONTROLLER_LIB.dir/all] Error 2
[5.438s] gmake: *** [Makefile:91: all] Error 2
[5.440s] Invoked command in '/home/rgeng/Project/build/QuadcopterController' returned '2': /usr/bin/cmake --build /home/rgeng/Project/build/QuadcopterController -- -j12 -l12
