[0.068s] Invoking command in '/home/rgeng/Project/build/QuadcopterController': /usr/bin/cmake /home/rgeng/Project -DCMAKE_INSTALL_PREFIX=/home/rgeng/Project/install/QuadcopterController
[0.499s] [31mCMake Error at src/CMakeLists.txt:3 (find_package):
[0.499s]   By not providing "Findgz-msgs8.cmake" in CMAKE_MODULE_PATH this project has
[0.499s]   asked CMake to find a package configuration file provided by "gz-msgs8",
[0.499s]   but CMake did not find one.
[0.499s] 
[0.499s]   Could not find a package configuration file provided by "gz-msgs8" with any
[0.499s]   of the following names:
[0.499s] 
[0.499s]     gz-msgs8Config.cmake
[0.499s]     gz-msgs8-config.cmake
[0.499s] 
[0.499s]   Add the installation prefix of "gz-msgs8" to CMAKE_PREFIX_PATH or set
[0.499s]   "gz-msgs8_DIR" to a directory containing one of the above files.  If
[0.499s]   "gz-msgs8" provides a separate development package or SDK, be sure it has
[0.499s]   been installed.
[0.499s] 
[0.499s] [0m
[0.500s] -- Configuring incomplete, errors occurred!
[0.500s] See also "/home/rgeng/Project/build/QuadcopterController/CMakeFiles/CMakeOutput.log".
[0.501s] Invoked command in '/home/rgeng/Project/build/QuadcopterController' returned '1': /usr/bin/cmake /home/rgeng/Project -DCMAKE_INSTALL_PREFIX=/home/rgeng/Project/install/QuadcopterController
