[ 38%] Built target CONTROLLER_LIB
[35m[1mConsolidate compiler generated dependencies of target DATABASE_LIB[0m
[ 53%] Built target MOTOR_CONTROLLER_LIB
[ 61%] [32mBuilding CXX object src/database/CMakeFiles/DATABASE_LIB.dir/database.cpp.o[0m
[ 69%] [32m[1mLinking CXX static library libDATABASE_LIB.a[0m
[ 69%] Built target DATABASE_LIB
[35m[1mConsolidate compiler generated dependencies of target QuadcopterController[0m
[35m[1mConsolidate compiler generated dependencies of target QuadcopterController_subscriber[0m
[ 76%] [32mBuilding CXX object src/CMakeFiles/QuadcopterController.dir/main.cpp.o[0m
[ 84%] [32mBuilding CXX object src/CMakeFiles/QuadcopterController_subscriber.dir/SubscriberTest.cpp.o[0m
[ 92%] [32m[1mLinking CXX executable QuadcopterController_subscriber[0m
[100%] [32m[1mLinking CXX executable QuadcopterController[0m
/usr/bin/ld: database/libDATABASE_LIB.a(database.cpp.o): in function `objects::quaternions_to_euler(objects::Quaternion)':
database.cpp:(.text+0x0): multiple definition of `objects::quaternions_to_euler(objects::Quaternion)'; CMakeFiles/QuadcopterController_subscriber.dir/SubscriberTest.cpp.o:SubscriberTest.cpp:(.text+0x0): first defined here
/usr/bin/ld: database/libDATABASE_LIB.a(database.cpp.o): in function `objects::euler_to_quaternions(objects::EulerAngles const&)':
database.cpp:(.text+0x236): multiple definition of `objects::euler_to_quaternions(objects::EulerAngles const&)'; CMakeFiles/QuadcopterController_subscriber.dir/SubscriberTest.cpp.o:SubscriberTest.cpp:(.text+0x236): first defined here
collect2: error: ld returned 1 exit status
gmake[2]: *** [src/CMakeFiles/QuadcopterController_subscriber.dir/build.make:107: src/QuadcopterController_subscriber] Error 1
gmake[1]: *** [CMakeFiles/Makefile2:183: src/CMakeFiles/QuadcopterController_subscriber.dir/all] Error 2
gmake[1]: *** Waiting for unfinished jobs....
[100%] Built target QuadcopterController
gmake: *** [Makefile:91: all] Error 2
