[0.019s] Invoking command in '/home/rgeng/Project/build/QuadcopterController': /usr/bin/cmake /home/rgeng/Project -DCMAKE_INSTALL_PREFIX=/home/rgeng/Project/install/QuadcopterController
[0.051s] -- Looking for ignition-msgs5 -- found version 5.8.1
[0.216s] -- Searching for dependencies of ignition-msgs5
[1.809s] -- Found Protobuf: /usr/lib/x86_64-linux-gnu/libprotobuf.so (found suitable version "3.12.4", minimum required is "3") 
[1.858s] -- Looking for ignition-math6 -- found version 6.15.1
[1.859s] -- Searching for dependencies of ignition-math6
[1.900s] -- Checking for module 'tinyxml2'
[1.966s] --   Found tinyxml2, version 9.0.0
[1.987s] -- Configuring done
[2.041s] -- Generating done
[2.042s] -- Build files have been written to: /home/rgeng/Project/build/QuadcopterController
[2.045s] Invoked command in '/home/rgeng/Project/build/QuadcopterController' returned '0': /usr/bin/cmake /home/rgeng/Project -DCMAKE_INSTALL_PREFIX=/home/rgeng/Project/install/QuadcopterController
[2.047s] Invoking command in '/home/rgeng/Project/build/QuadcopterController': /usr/bin/cmake --build /home/rgeng/Project/build/QuadcopterController -- -j12 -l12
[2.072s] [ 14%] [32mBuilding CXX object src/controller/CMakeFiles/CONTROLLER_LIB.dir/base.cpp.o[0m
[2.072s] [ 28%] [32mBuilding CXX object src/controller/CMakeFiles/CONTROLLER_LIB.dir/PolePlacement.cpp.o[0m
[2.073s] [ 42%] [32mBuilding CXX object src/controller/CMakeFiles/CONTROLLER_LIB.dir/LQR.cpp.o[0m
[2.073s] [ 57%] [32mBuilding CXX object src/controller/CMakeFiles/CONTROLLER_LIB.dir/PID.cpp.o[0m
[4.143s] [ 71%] [32m[1mLinking CXX static library libCONTROLLER_LIB.a[0m
[4.207s] [ 71%] Built target CONTROLLER_LIB
[4.218s] [ 85%] [32mBuilding CXX object src/CMakeFiles/QuadcopterController.dir/main.cpp.o[0m
[4.847s] [100%] [32m[1mLinking CXX executable QuadcopterController[0m
[5.234s] [100%] Built target QuadcopterController
[5.241s] Invoked command in '/home/rgeng/Project/build/QuadcopterController' returned '0': /usr/bin/cmake --build /home/rgeng/Project/build/QuadcopterController -- -j12 -l12
