-- Looking for ignition-msgs5 -- found version 5.8.1
-- Searching for dependencies of ignition-msgs5
-- Looking for ignition-math6 -- found version 6.15.1
-- Searching for dependencies of ignition-math6
-- Checking for module 'tinyxml2'
--   Found tinyxml2, version 9.0.0
-- Looking for ignition-transport8 -- found version 8.2.1
-- Searching for dependencies of ignition-transport8
-- Config-file not installed for ZeroMQ -- checking for pkg-config
-- Checking for module 'libzmq >= 4'
--   Found libzmq , version 4.3.4
-- Checking for module 'uuid'
--   Found uuid, version 2.37.2
-- Looking for ignition-msgs5 -- found version 5.8.1
-- Configuring done
-- Generating done
-- Build files have been written to: /home/rgeng/Project/build/QuadcopterController
[  6%] [32mBuilding CXX object src/objects/CMakeFiles/OBJECTS.dir/imu.cpp.o[0m
[35m[1mConsolidate compiler generated dependencies of target CONTROLLER_LIB[0m
[ 40%] Built target CONTROLLER_LIB
[35m[1mConsolidate compiler generated dependencies of target MOTOR_CONTROLLER_LIB[0m
[35m[1mConsolidate compiler generated dependencies of target DATABASE_LIB[0m
[ 53%] Built target MOTOR_CONTROLLER_LIB
[ 66%] Built target DATABASE_LIB
[ 73%] [32m[1mLinking CXX static library libOBJECTS.a[0m
[ 73%] Built target OBJECTS
[35m[1mConsolidate compiler generated dependencies of target QuadcopterController[0m
[35m[1mConsolidate compiler generated dependencies of target QuadcopterController_subscriber[0m
[ 80%] [32mBuilding CXX object src/CMakeFiles/QuadcopterController.dir/main.cpp.o[0m
[ 86%] [32mBuilding CXX object src/CMakeFiles/QuadcopterController_subscriber.dir/SubscriberTest.cpp.o[0m
[ 93%] [32m[1mLinking CXX executable QuadcopterController_subscriber[0m
[100%] [32m[1mLinking CXX executable QuadcopterController[0m
[100%] Built target QuadcopterController
[100%] Built target QuadcopterController_subscriber
