[0.008s] Invoking command in '/home/rgeng/Project/build/QuadcopterController': /usr/bin/cmake --build /home/rgeng/Project/build/QuadcopterController -- -j12 -l12
[0.022s] -- Looking for ignition-msgs5 -- found version 5.8.1
[0.025s] -- Searching for dependencies of ignition-msgs5
[0.497s] -- Looking for ignition-math6 -- found version 6.15.1
[0.498s] -- Searching for dependencies of ignition-math6
[0.501s] -- Checking for module 'tinyxml2'
[0.507s] --   Found tinyxml2, version 9.0.0
[0.522s] -- Looking for ignition-transport8 -- found version 8.2.1
[0.522s] -- Searching for dependencies of ignition-transport8
[1.460s] -- Config-file not installed for ZeroMQ -- checking for pkg-config
[1.463s] -- Checking for module 'libzmq >= 4'
[1.470s] --   Found libzmq , version 4.3.4
[1.491s] -- Checking for module 'uuid'
[1.497s] --   Found uuid, version 2.37.2
[1.513s] -- Looking for ignition-msgs5 -- found version 5.8.1
[1.513s] -- Configuring done
[1.522s] -- Generating done
[1.525s] -- Build files have been written to: /home/rgeng/Project/build/QuadcopterController
[1.539s] [35m[1mConsolidate compiler generated dependencies of target CONTROLLER_LIB[0m
[1.544s] [  7%] [32mBuilding CXX object src/MotorDriver/CMakeFiles/MOTOR_CONTROLLER_LIB.dir/MotorSpeedController.cpp.o[0m
[1.561s] [ 23%] [32mBuilding CXX object src/controller/CMakeFiles/CONTROLLER_LIB.dir/base.cpp.o[0m
[1.561s] [ 23%] [32mBuilding CXX object src/controller/CMakeFiles/CONTROLLER_LIB.dir/PID.cpp.o[0m
[1.562s] [ 30%] [32mBuilding CXX object src/controller/CMakeFiles/CONTROLLER_LIB.dir/LQR.cpp.o[0m
[1.562s] [ 38%] [32mBuilding CXX object src/controller/CMakeFiles/CONTROLLER_LIB.dir/PolePlacement.cpp.o[0m
[1.653s] In file included from [01m[K/home/rgeng/Project/include/controller/base.hpp:2[m[K,
[1.653s]                  from [01m[K/home/rgeng/Project/include/controller/PolePlacement.hpp:2[m[K,
[1.653s]                  from [01m[K/home/rgeng/Project/src/controller/PolePlacement.cpp:1[m[K:
[1.653s] [01m[K/home/rgeng/Project/include/subscribers/msgSubscriber.hpp:1:10:[m[K [01;31m[Kfatal error: [m[Kignition/transport.hh: No such file or directory
[1.654s]     1 | #include [01;31m[K<ignition/transport.hh>[m[K
[1.654s]       |          [01;31m[K^~~~~~~~~~~~~~~~~~~~~~~[m[K
[1.654s] compilation terminated.
[1.654s] In file included from [01m[K/home/rgeng/Project/include/controller/base.hpp:2[m[K,
[1.654s]                  from [01m[K/home/rgeng/Project/include/controller/PID.hpp:2[m[K,
[1.654s]                  from [01m[K/home/rgeng/Project/src/controller/PID.cpp:1[m[K:
[1.654s] [01m[K/home/rgeng/Project/include/subscribers/msgSubscriber.hpp:1:10:[m[K [01;31m[Kfatal error: [m[Kignition/transport.hh: No such file or directory
[1.654s]     1 | #include [01;31m[K<ignition/transport.hh>[m[K
[1.654s]       |          [01;31m[K^~~~~~~~~~~~~~~~~~~~~~~[m[K
[1.654s] compilation terminated.
[1.654s] In file included from [01m[K/home/rgeng/Project/include/controller/base.hpp:2[m[K,
[1.654s]                  from [01m[K/home/rgeng/Project/include/controller/LQR.hpp:2[m[K,
[1.654s]                  from [01m[K/home/rgeng/Project/src/controller/LQR.cpp:1[m[K:
[1.654s] [01m[K/home/rgeng/Project/include/subscribers/msgSubscriber.hpp:1:10:[m[K [01;31m[Kfatal error: [m[Kignition/transport.hh: No such file or directory
[1.654s]     1 | #include [01;31m[K<ignition/transport.hh>[m[K
[1.654s]       |          [01;31m[K^~~~~~~~~~~~~~~~~~~~~~~[m[K
[1.654s] compilation terminated.
[1.655s] gmake[2]: *** [src/controller/CMakeFiles/CONTROLLER_LIB.dir/build.make:104: src/controller/CMakeFiles/CONTROLLER_LIB.dir/PID.cpp.o] Error 1
[1.655s] gmake[2]: *** Waiting for unfinished jobs....
[1.656s] In file included from [01m[K/home/rgeng/Project/include/controller/base.hpp:2[m[K,
[1.656s]                  from [01m[K/home/rgeng/Project/src/controller/base.cpp:1[m[K:
[1.656s] [01m[K/home/rgeng/Project/include/subscribers/msgSubscriber.hpp:1:10:[m[K [01;31m[Kfatal error: [m[Kignition/transport.hh: No such file or directory
[1.656s]     1 | #include [01;31m[K<ignition/transport.hh>[m[K
[1.656s]       |          [01;31m[K^~~~~~~~~~~~~~~~~~~~~~~[m[K
[1.656s] compilation terminated.
[1.656s] gmake[2]: *** [src/controller/CMakeFiles/CONTROLLER_LIB.dir/build.make:90: src/controller/CMakeFiles/CONTROLLER_LIB.dir/LQR.cpp.o] Error 1
[1.657s] gmake[2]: *** [src/controller/CMakeFiles/CONTROLLER_LIB.dir/build.make:76: src/controller/CMakeFiles/CONTROLLER_LIB.dir/base.cpp.o] Error 1
[1.671s] gmake[2]: *** [src/controller/CMakeFiles/CONTROLLER_LIB.dir/build.make:118: src/controller/CMakeFiles/CONTROLLER_LIB.dir/PolePlacement.cpp.o] Error 1
[1.671s] gmake[1]: *** [CMakeFiles/Makefile2:209: src/controller/CMakeFiles/CONTROLLER_LIB.dir/all] Error 2
[1.671s] gmake[1]: *** Waiting for unfinished jobs....
[1.745s] In file included from [01m[K/home/rgeng/Project/src/MotorDriver/MotorSpeedController.cpp:1[m[K:
[1.746s] [01m[K/home/rgeng/Project/include/MotorDriver/MotorSpeedController.hpp:11:2:[m[K [01;31m[Kerror: [m[Kexpected ‘[01m[K;[m[K’ after class definition
[1.746s]    11 | }
[1.746s]       |  [01;31m[K^[m[K
[1.746s]       |  [32m[K;[m[K
[1.760s] gmake[2]: *** [src/MotorDriver/CMakeFiles/MOTOR_CONTROLLER_LIB.dir/build.make:76: src/MotorDriver/CMakeFiles/MOTOR_CONTROLLER_LIB.dir/MotorSpeedController.cpp.o] Error 1
[1.760s] gmake[1]: *** [CMakeFiles/Makefile2:261: src/MotorDriver/CMakeFiles/MOTOR_CONTROLLER_LIB.dir/all] Error 2
[1.760s] gmake: *** [Makefile:91: all] Error 2
[1.762s] Invoked command in '/home/rgeng/Project/build/QuadcopterController' returned '2': /usr/bin/cmake --build /home/rgeng/Project/build/QuadcopterController -- -j12 -l12
