[0.022s] Invoking command in '/home/rgeng/Project/build/QuadcopterController': /usr/bin/cmake --build /home/rgeng/Project/build/QuadcopterController -- -j12 -l12
[0.024s] -- Looking for ignition-msgs5 -- found version 5.8.1
[0.027s] -- Searching for dependencies of ignition-msgs5
[0.526s] -- Found Protobuf: /usr/lib/x86_64-linux-gnu/libprotobuf.so (found suitable version "3.12.4", minimum required is "3") 
[0.526s] -- Looking for ignition-math6 -- found version 6.15.1
[0.527s] -- Searching for dependencies of ignition-math6
[0.530s] -- Checking for module 'tinyxml2'
[0.536s] --   Found tinyxml2, version 9.0.0
[0.552s] -- Looking for ignition-transport8 -- found version 8.2.1
[0.552s] -- Searching for dependencies of ignition-transport8
[1.521s] -- Config-file not installed for ZeroMQ -- checking for pkg-config
[1.524s] -- Checking for module 'libzmq >= 4'
[1.530s] --   Found libzmq , version 4.3.4
[1.552s] -- Checking for module 'uuid'
[1.558s] --   Found uuid, version 2.37.2
[1.574s] -- Looking for ignition-msgs5 -- found version 5.8.1
[1.577s] [33mCMake Warning (dev) at /usr/share/cmake-3.22/Modules/FindPackageHandleStandardArgs.cmake:438 (message):
[1.577s]   The package name passed to `find_package_handle_standard_args` (PkgConfig)
[1.577s]   does not match the name of the calling package (gazebo).  This can lead to
[1.577s]   problems in calling code that expects `find_package` result variables
[1.577s]   (e.g., `_FOUND`) to follow a certain pattern.
[1.577s] Call Stack (most recent call first):
[1.577s]   /usr/share/cmake-3.22/Modules/FindPkgConfig.cmake:99 (find_package_handle_standard_args)
[1.577s]   /usr/lib/x86_64-linux-gnu/cmake/gazebo/gazebo-config.cmake:72 (include)
[1.577s]   CMakeLists.txt:7 (find_package)
[1.577s] This warning is for project developers.  Use -Wno-dev to suppress it.
[1.577s] [0m
[1.592s] -- Found DART: /usr/include (Required is at least version "6.6") found components: dart 
[1.611s] -- Found Protobuf: /usr/lib/x86_64-linux-gnu/libprotobuf.so (found version "3.12.4") 
[1.612s] -- Looking for ignition-math6 -- found version 6.15.1
[1.613s] -- Looking for OGRE...
[1.616s] -- Found Ogre Ghadamon (1.9.0)
[1.616s] -- Found OGRE: optimized;/usr/lib/x86_64-linux-gnu/libOgreMain.so;debug;/usr/lib/x86_64-linux-gnu/libOgreMain.so
[1.622s] -- Looking for OGRE_Paging...
[1.622s] -- Found OGRE_Paging: optimized;/usr/lib/x86_64-linux-gnu/libOgrePaging.so;debug;/usr/lib/x86_64-linux-gnu/libOgrePaging.so
[1.623s] -- Looking for OGRE_Terrain...
[1.623s] -- Found OGRE_Terrain: optimized;/usr/lib/x86_64-linux-gnu/libOgreTerrain.so;debug;/usr/lib/x86_64-linux-gnu/libOgreTerrain.so
[1.623s] -- Looking for OGRE_Property...
[1.623s] -- Found OGRE_Property: optimized;/usr/lib/x86_64-linux-gnu/libOgreProperty.so;debug;/usr/lib/x86_64-linux-gnu/libOgreProperty.so
[1.623s] -- Looking for OGRE_RTShaderSystem...
[1.623s] -- Found OGRE_RTShaderSystem: optimized;/usr/lib/x86_64-linux-gnu/libOgreRTShaderSystem.so;debug;/usr/lib/x86_64-linux-gnu/libOgreRTShaderSystem.so
[1.623s] -- Looking for OGRE_Volume...
[1.623s] -- Found OGRE_Volume: optimized;/usr/lib/x86_64-linux-gnu/libOgreVolume.so;debug;/usr/lib/x86_64-linux-gnu/libOgreVolume.so
[1.623s] -- Looking for OGRE_Overlay...
[1.623s] -- Found OGRE_Overlay: optimized;/usr/lib/x86_64-linux-gnu/libOgreOverlay.so;debug;/usr/lib/x86_64-linux-gnu/libOgreOverlay.so
[7.948s] -- Looking for ignition-math6 -- found version 6.15.1
[7.948s] -- Looking for ignition-transport8 -- found version 8.2.1
[7.949s] -- Looking for ignition-msgs5 -- found version 5.8.1
[7.949s] -- Looking for ignition-common3 -- found version 3.14.0
[7.949s] -- Searching for dependencies of ignition-common3
[7.949s] -- Looking for dlfcn.h - found
[7.949s] -- Looking for libdl - found
[7.984s] -- Searching for <ignition-common3> component [graphics]
[7.984s] -- Looking for ignition-common3-graphics -- found version 3.14.0
[7.984s] -- Searching for dependencies of ignition-common3-graphics
[7.984s] -- Looking for ignition-math6 -- found version 6.15.1
[7.985s] -- Looking for ignition-fuel_tools4 -- found version 4.4.0
[7.985s] -- Searching for dependencies of ignition-fuel_tools4
[8.581s] -- Checking for module 'jsoncpp'
[8.588s] --   Found jsoncpp, version 1.9.5
[8.608s] -- Checking for module 'libzip'
[8.615s] --   Found libzip, version 1.7.3
[8.632s] -- Looking for ignition-common3 -- found version 3.14.0
[8.632s] -- Looking for ignition-math6 -- found version 6.15.1
[8.632s] -- Looking for ignition-msgs5 -- found version 5.8.1
[8.636s] -- Configuring done
[8.642s] [0mWARNING: Target "QuadcopterController" requests linking to directory "/usr/lib/x86_64-linux-gnu".  Targets may link only to libraries.  CMake is dropping the item.[0m
[8.643s] [0mWARNING: Target "QuadcopterController" requests linking to directory "/usr/lib/x86_64-linux-gnu/gazebo-11/plugins".  Targets may link only to libraries.  CMake is dropping the item.[0m
[8.643s] [0mWARNING: Target "QuadcopterController" requests linking to directory "/usr/lib/x86_64-linux-gnu".  Targets may link only to libraries.  CMake is dropping the item.[0m
[8.643s] [0mWARNING: Target "QuadcopterController" requests linking to directory "/usr/lib/x86_64-linux-gnu/gazebo-11/plugins".  Targets may link only to libraries.  CMake is dropping the item.[0m
[8.645s] [0mWARNING: Target "CONTROLLER_LIB" requests linking to directory "/usr/lib/x86_64-linux-gnu".  Targets may link only to libraries.  CMake is dropping the item.[0m
[8.645s] [0mWARNING: Target "CONTROLLER_LIB" requests linking to directory "/usr/lib/x86_64-linux-gnu/gazebo-11/plugins".  Targets may link only to libraries.  CMake is dropping the item.[0m
[8.645s] [0mWARNING: Target "CONTROLLER_LIB" requests linking to directory "/usr/lib/x86_64-linux-gnu".  Targets may link only to libraries.  CMake is dropping the item.[0m
[8.646s] [0mWARNING: Target "CONTROLLER_LIB" requests linking to directory "/usr/lib/x86_64-linux-gnu/gazebo-11/plugins".  Targets may link only to libraries.  CMake is dropping the item.[0m
[8.647s] [0mWARNING: Target "DATABASE_LIB" requests linking to directory "/usr/lib/x86_64-linux-gnu".  Targets may link only to libraries.  CMake is dropping the item.[0m
[8.647s] [0mWARNING: Target "DATABASE_LIB" requests linking to directory "/usr/lib/x86_64-linux-gnu/gazebo-11/plugins".  Targets may link only to libraries.  CMake is dropping the item.[0m
[8.647s] [0mWARNING: Target "DATABASE_LIB" requests linking to directory "/usr/lib/x86_64-linux-gnu".  Targets may link only to libraries.  CMake is dropping the item.[0m
[8.647s] [0mWARNING: Target "DATABASE_LIB" requests linking to directory "/usr/lib/x86_64-linux-gnu/gazebo-11/plugins".  Targets may link only to libraries.  CMake is dropping the item.[0m
[8.648s] [0mWARNING: Target "MOTOR_CONTROLLER_LIB" requests linking to directory "/usr/lib/x86_64-linux-gnu".  Targets may link only to libraries.  CMake is dropping the item.[0m
[8.648s] [0mWARNING: Target "MOTOR_CONTROLLER_LIB" requests linking to directory "/usr/lib/x86_64-linux-gnu/gazebo-11/plugins".  Targets may link only to libraries.  CMake is dropping the item.[0m
[8.648s] [0mWARNING: Target "MOTOR_CONTROLLER_LIB" requests linking to directory "/usr/lib/x86_64-linux-gnu".  Targets may link only to libraries.  CMake is dropping the item.[0m
[8.648s] [0mWARNING: Target "MOTOR_CONTROLLER_LIB" requests linking to directory "/usr/lib/x86_64-linux-gnu/gazebo-11/plugins".  Targets may link only to libraries.  CMake is dropping the item.[0m
[8.649s] [0mWARNING: Target "OBJECTS" requests linking to directory "/usr/lib/x86_64-linux-gnu".  Targets may link only to libraries.  CMake is dropping the item.[0m
[8.649s] [0mWARNING: Target "OBJECTS" requests linking to directory "/usr/lib/x86_64-linux-gnu/gazebo-11/plugins".  Targets may link only to libraries.  CMake is dropping the item.[0m
[8.649s] [0mWARNING: Target "OBJECTS" requests linking to directory "/usr/lib/x86_64-linux-gnu".  Targets may link only to libraries.  CMake is dropping the item.[0m
[8.649s] [0mWARNING: Target "OBJECTS" requests linking to directory "/usr/lib/x86_64-linux-gnu/gazebo-11/plugins".  Targets may link only to libraries.  CMake is dropping the item.[0m
[8.650s] -- Generating done
[8.654s] -- Build files have been written to: /home/rgeng/Project/build/QuadcopterController
[8.672s] [35m[1mConsolidate compiler generated dependencies of target OBJECTS[0m
[8.677s] [35m[1mConsolidate compiler generated dependencies of target CONTROLLER_LIB[0m
[8.685s] [ 15%] Built target OBJECTS
[8.732s] [ 53%] Built target CONTROLLER_LIB
[8.738s] [35m[1mConsolidate compiler generated dependencies of target MOTOR_CONTROLLER_LIB[0m
[8.739s] [35m[1mConsolidate compiler generated dependencies of target DATABASE_LIB[0m
[8.744s] [ 69%] Built target MOTOR_CONTROLLER_LIB
[8.770s] [ 84%] Built target DATABASE_LIB
[8.778s] [35m[1mConsolidate compiler generated dependencies of target QuadcopterController[0m
[8.809s] [ 92%] [32m[1mLinking CXX executable QuadcopterController[0m
[8.938s] /usr/bin/ld: CMakeFiles/QuadcopterController.dir/main.cpp.o: undefined reference to symbol '_ZN3tbb6detail2r114notify_waitersEm'
[8.938s] /usr/bin/ld: /lib/x86_64-linux-gnu/libtbb.so.12: error adding symbols: DSO missing from command line
[8.941s] collect2: error: ld returned 1 exit status
[8.942s] gmake[2]: *** [src/CMakeFiles/QuadcopterController.dir/build.make:153: src/QuadcopterController] Error 1
[8.942s] gmake[1]: *** [CMakeFiles/Makefile2:172: src/CMakeFiles/QuadcopterController.dir/all] Error 2
[8.943s] gmake: *** [Makefile:91: all] Error 2
[8.945s] Invoked command in '/home/rgeng/Project/build/QuadcopterController' returned '2': /usr/bin/cmake --build /home/rgeng/Project/build/QuadcopterController -- -j12 -l12
