[0.008s] Invoking command in '/home/rgeng/Project/build/QuadcopterController': /usr/bin/cmake --build /home/rgeng/Project/build/QuadcopterController -- -j12 -l12
[0.039s] [ 15%] Built target OBJECTS
[0.059s] [ 53%] Built target CONTROLLER_LIB
[0.072s] [ 69%] Built target MOTOR_CONTROLLER_LIB
[0.083s] [ 84%] Built target DATABASE_LIB
[0.095s] [35m[1mConsolidate compiler generated dependencies of target QuadcopterController[0m
[0.128s] [ 92%] [32mBuilding CXX object src/CMakeFiles/QuadcopterController.dir/main.cpp.o[0m
[4.473s] [01m[K/home/rgeng/Project/src/main.cpp:[m[K In function ‘[01m[Kint main(int, char**)[m[K’:
[4.474s] [01m[K/home/rgeng/Project/src/main.cpp:17:92:[m[K [01;31m[Kerror: [m[K‘[01m[KIMU[m[K’ was not declared in this scope
[4.474s]    17 | * subscriber = new subscriber::msgSubscriber<[01;31m[KIMU[m[K>("~/cessna_c172/state", node);
[4.474s]       |                                              [01;31m[K^~~[m[K
[4.474s] 
[4.474s] [01m[K/home/rgeng/Project/src/main.cpp:17:92:[m[K [01;36m[Knote: [m[Ksuggested alternatives:
[4.474s] In file included from [01m[K/home/rgeng/Project/include/database/database.hpp:6[m[K,
[4.474s]                  from [01m[K/home/rgeng/Project/src/main.cpp:2[m[K:
[4.474s] [01m[K/home/rgeng/Project/include/enums/enumerations.hpp:14:5:[m[K [01;36m[Knote: [m[K  ‘[01m[Kenums::MSG_TOPICS::IMU[m[K’
[4.474s]    14 |     [01;36m[KIMU[m[K
[4.474s]       |     [01;36m[K^~~[m[K
[4.474s] In file included from [01m[K/usr/include/gazebo-11/gazebo/msgs/MessageTypes.hh:45[m[K,
[4.474s]                  from [01m[K/usr/include/gazebo-11/gazebo/msgs/msgs.hh:35[m[K,
[4.474s]                  from [01m[K/usr/include/gazebo-11/gazebo/gazebo_core.hh:20[m[K,
[4.474s]                  from [01m[K/usr/include/gazebo-11/gazebo/gazebo.hh:20[m[K,
[4.474s]                  from [01m[K/home/rgeng/Project/include/subscribers/msgSubscriber.hpp:3[m[K,
[4.474s]                  from [01m[K/home/rgeng/Project/include/database/database.hpp:5[m[K,
[4.474s]                  from [01m[K/home/rgeng/Project/src/main.cpp:2[m[K:
[4.474s] [01m[K/usr/include/gazebo-11/gazebo/msgs/imu.pb.h:83:23:[m[K [01;36m[Knote: [m[K  ‘[01m[Kgazebo::msgs::IMU[m[K’
[4.474s]    83 | class GZ_MSGS_VISIBLE [01;36m[KIMU[m[K PROTOBUF_FINAL :
[4.474s]       |                       [01;36m[K^~~[m[K
[4.474s] [01m[K/home/rgeng/Project/src/main.cpp:17:95:[m[K [01;31m[Kerror: [m[Ktemplate argument 1 is invalid
[4.474s]    17 | ubscriber = new subscriber::msgSubscriber<IMU[01;31m[K>[m[K("~/cessna_c172/state", node);
[4.475s]       |                                              [01;31m[K^[m[K
[4.475s] 
[4.475s] [01m[K/home/rgeng/Project/src/main.cpp:18:55:[m[K [01;31m[Kerror: [m[Kno matching function for call to ‘[01m[Kdatabase::database::database(gazebo::transport::NodePtr&)[m[K’
[4.475s]    18 |   database::database* db = new database::database(node[01;31m[K)[m[K;
[4.475s]       |                                                       [01;31m[K^[m[K
[4.475s] In file included from [01m[K/home/rgeng/Project/src/main.cpp:2[m[K:
[4.475s] [01m[K/home/rgeng/Project/include/database/database.hpp:18:9:[m[K [01;36m[Knote: [m[Kcandidate: ‘[01m[Kdatabase::database::database(subscriber::msgSubscriber<gazebo::msgs::IMU>*)[m[K’
[4.475s]    18 |         [01;36m[Kdatabase[m[K(subscriber::msgSubscriber<gazebo::msgs::IMU>* imuSubscriber);
[4.475s]       |         [01;36m[K^~~~~~~~[m[K
[4.475s] [01m[K/home/rgeng/Project/include/database/database.hpp:18:64:[m[K [01;36m[Knote: [m[K  no known conversion for argument 1 from ‘[01m[Kgazebo::transport::NodePtr[m[K’ {aka ‘[01m[Kboost::shared_ptr<gazebo::transport::Node>[m[K’} to ‘[01m[Ksubscriber::msgSubscriber<gazebo::msgs::IMU>*[m[K’
[4.475s]    18 | [01;36m[Kubscriber::msgSubscriber<gazebo::msgs::IMU>* imuSubscriber[m[K);
[4.475s]       | [01;36m[K~~~~~~~~~~~~~~~~~~~~~~~~~~~~~~~~~~~~~~~~~~~~~^~~~~~~~~~~~~[m[K
[4.475s] 
[4.475s] [01m[K/home/rgeng/Project/include/database/database.hpp:11:11:[m[K [01;36m[Knote: [m[Kcandidate: ‘[01m[Kconstexpr database::database::database(const database::database&)[m[K’
[4.475s]    11 |     class [01;36m[Kdatabase[m[K
[4.475s]       |           [01;36m[K^~~~~~~~[m[K
[4.475s] [01m[K/home/rgeng/Project/include/database/database.hpp:11:11:[m[K [01;36m[Knote: [m[K  no known conversion for argument 1 from ‘[01m[Kgazebo::transport::NodePtr[m[K’ {aka ‘[01m[Kboost::shared_ptr<gazebo::transport::Node>[m[K’} to ‘[01m[Kconst database::database&[m[K’
[4.475s] [01m[K/home/rgeng/Project/include/database/database.hpp:11:11:[m[K [01;36m[Knote: [m[Kcandidate: ‘[01m[Kconstexpr database::database::database(database::database&&)[m[K’
[4.475s] [01m[K/home/rgeng/Project/include/database/database.hpp:11:11:[m[K [01;36m[Knote: [m[K  no known conversion for argument 1 from ‘[01m[Kgazebo::transport::NodePtr[m[K’ {aka ‘[01m[Kboost::shared_ptr<gazebo::transport::Node>[m[K’} to ‘[01m[Kdatabase::database&&[m[K’
[5.368s] gmake[2]: *** [src/CMakeFiles/QuadcopterController.dir/build.make:76: src/CMakeFiles/QuadcopterController.dir/main.cpp.o] Error 1
[5.368s] gmake[1]: *** [CMakeFiles/Makefile2:172: src/CMakeFiles/QuadcopterController.dir/all] Error 2
[5.368s] gmake: *** [Makefile:91: all] Error 2
[5.371s] Invoked command in '/home/rgeng/Project/build/QuadcopterController' returned '2': /usr/bin/cmake --build /home/rgeng/Project/build/QuadcopterController -- -j12 -l12
