[0.009s] Invoking command in '/home/rgeng/Project/build/QuadcopterController': /usr/bin/cmake --build /home/rgeng/Project/build/QuadcopterController -- -j12 -l12
[0.048s] [ 15%] Built target OBJECTS
[0.055s] [35m[1mConsolidate compiler generated dependencies of target CONTROLLER_LIB[0m
[0.133s] [ 23%] [32mBuilding CXX object src/controller/CMakeFiles/CONTROLLER_LIB.dir/base.cpp.o[0m
[0.134s] [ 30%] [32mBuilding CXX object src/controller/CMakeFiles/CONTROLLER_LIB.dir/LQR.cpp.o[0m
[0.135s] [ 38%] [32mBuilding CXX object src/controller/CMakeFiles/CONTROLLER_LIB.dir/PID.cpp.o[0m
[0.136s] [ 46%] [32mBuilding CXX object src/controller/CMakeFiles/CONTROLLER_LIB.dir/PolePlacement.cpp.o[0m
[7.378s] In file included from [01m[K/home/rgeng/Project/include/controller/base.hpp:5[m[K,
[7.379s]                  from [01m[K/home/rgeng/Project/include/controller/PID.hpp:4[m[K,
[7.379s]                  from [01m[K/home/rgeng/Project/src/controller/PID.cpp:1[m[K:
[7.379s] [01m[K/home/rgeng/Project/include/publishers/msgPublisher.hpp:[m[K In constructor ‘[01m[Kpublishers::msgPublisher<T>::msgPublisher(gazebo::transport::NodePtr&)[m[K’:
[7.379s] [01m[K/home/rgeng/Project/include/publishers/msgPublisher.hpp:18:17:[m[K [01;31m[Kerror: [m[K‘[01m[Kgazebo::client[m[K’ has not been declared
[7.379s]    18 |         gazebo::[01;31m[Kclient[m[K::setup();
[7.379s]       |                 [01;31m[K^~~~~~[m[K
[7.379s] [01m[K/home/rgeng/Project/include/publishers/msgPublisher.hpp:[m[K In member function ‘[01m[Kvoid publishers::msgPublisher<T>::publishMessage(const T&)[m[K’:
[7.379s] [01m[K/home/rgeng/Project/include/publishers/msgPublisher.hpp:25:5:[m[K [01;31m[Kerror: [m[Kexpected ‘[01m[K;[m[K’ before ‘[01m[K}[m[K’ token
[7.379s]    25 |     [01;31m[K}[m[K;
[7.379s]       |     [01;31m[K^[m[K
[7.387s] In file included from [01m[K/home/rgeng/Project/include/controller/base.hpp:5[m[K,
[7.387s]                  from [01m[K/home/rgeng/Project/include/controller/LQR.hpp:4[m[K,
[7.387s]                  from [01m[K/home/rgeng/Project/src/controller/LQR.cpp:1[m[K:
[7.387s] [01m[K/home/rgeng/Project/include/publishers/msgPublisher.hpp:[m[K In constructor ‘[01m[Kpublishers::msgPublisher<T>::msgPublisher(gazebo::transport::NodePtr&)[m[K’:
[7.387s] [01m[K/home/rgeng/Project/include/publishers/msgPublisher.hpp:18:17:[m[K [01;31m[Kerror: [m[K‘[01m[Kgazebo::client[m[K’ has not been declared
[7.387s]    18 |         gazebo::[01;31m[Kclient[m[K::setup();
[7.387s]       |                 [01;31m[K^~~~~~[m[K
[7.387s] [01m[K/home/rgeng/Project/include/publishers/msgPublisher.hpp:[m[K In member function ‘[01m[Kvoid publishers::msgPublisher<T>::publishMessage(const T&)[m[K’:
[7.387s] [01m[K/home/rgeng/Project/include/publishers/msgPublisher.hpp:25:5:[m[K [01;31m[Kerror: [m[Kexpected ‘[01m[K;[m[K’ before ‘[01m[K}[m[K’ token
[7.387s]    25 |     [01;31m[K}[m[K;
[7.387s]       |     [01;31m[K^[m[K
[7.401s] In file included from [01m[K/home/rgeng/Project/include/controller/base.hpp:5[m[K,
[7.401s]                  from [01m[K/home/rgeng/Project/src/controller/base.cpp:1[m[K:
[7.402s] [01m[K/home/rgeng/Project/include/publishers/msgPublisher.hpp:[m[K In constructor ‘[01m[Kpublishers::msgPublisher<T>::msgPublisher(gazebo::transport::NodePtr&)[m[K’:
[7.402s] [01m[K/home/rgeng/Project/include/publishers/msgPublisher.hpp:18:17:[m[K [01;31m[Kerror: [m[K‘[01m[Kgazebo::client[m[K’ has not been declared
[7.402s]    18 |         gazebo::[01;31m[Kclient[m[K::setup();
[7.402s]       |                 [01;31m[K^~~~~~[m[K
[7.402s] [01m[K/home/rgeng/Project/include/publishers/msgPublisher.hpp:[m[K In member function ‘[01m[Kvoid publishers::msgPublisher<T>::publishMessage(const T&)[m[K’:
[7.402s] [01m[K/home/rgeng/Project/include/publishers/msgPublisher.hpp:25:5:[m[K [01;31m[Kerror: [m[Kexpected ‘[01m[K;[m[K’ before ‘[01m[K}[m[K’ token
[7.402s]    25 |     [01;31m[K}[m[K;
[7.402s]       |     [01;31m[K^[m[K
[7.468s] In file included from [01m[K/home/rgeng/Project/include/controller/base.hpp:5[m[K,
[7.468s]                  from [01m[K/home/rgeng/Project/include/controller/PolePlacement.hpp:4[m[K,
[7.468s]                  from [01m[K/home/rgeng/Project/src/controller/PolePlacement.cpp:1[m[K:
[7.468s] [01m[K/home/rgeng/Project/include/publishers/msgPublisher.hpp:[m[K In constructor ‘[01m[Kpublishers::msgPublisher<T>::msgPublisher(gazebo::transport::NodePtr&)[m[K’:
[7.468s] [01m[K/home/rgeng/Project/include/publishers/msgPublisher.hpp:18:17:[m[K [01;31m[Kerror: [m[K‘[01m[Kgazebo::client[m[K’ has not been declared
[7.468s]    18 |         gazebo::[01;31m[Kclient[m[K::setup();
[7.468s]       |                 [01;31m[K^~~~~~[m[K
[7.468s] [01m[K/home/rgeng/Project/include/publishers/msgPublisher.hpp:[m[K In member function ‘[01m[Kvoid publishers::msgPublisher<T>::publishMessage(const T&)[m[K’:
[7.468s] [01m[K/home/rgeng/Project/include/publishers/msgPublisher.hpp:25:5:[m[K [01;31m[Kerror: [m[Kexpected ‘[01m[K;[m[K’ before ‘[01m[K}[m[K’ token
[7.469s]    25 |     [01;31m[K}[m[K;
[7.469s]       |     [01;31m[K^[m[K
[8.758s] gmake[2]: *** [src/controller/CMakeFiles/CONTROLLER_LIB.dir/build.make:90: src/controller/CMakeFiles/CONTROLLER_LIB.dir/LQR.cpp.o] Error 1
[8.758s] gmake[2]: *** Waiting for unfinished jobs....
[8.796s] gmake[2]: *** [src/controller/CMakeFiles/CONTROLLER_LIB.dir/build.make:76: src/controller/CMakeFiles/CONTROLLER_LIB.dir/base.cpp.o] Error 1
[8.811s] gmake[2]: *** [src/controller/CMakeFiles/CONTROLLER_LIB.dir/build.make:104: src/controller/CMakeFiles/CONTROLLER_LIB.dir/PID.cpp.o] Error 1
[8.901s] gmake[2]: *** [src/controller/CMakeFiles/CONTROLLER_LIB.dir/build.make:118: src/controller/CMakeFiles/CONTROLLER_LIB.dir/PolePlacement.cpp.o] Error 1
[8.901s] gmake[1]: *** [CMakeFiles/Makefile2:198: src/controller/CMakeFiles/CONTROLLER_LIB.dir/all] Error 2
[8.902s] gmake: *** [Makefile:91: all] Error 2
[8.904s] Invoked command in '/home/rgeng/Project/build/QuadcopterController' returned '2': /usr/bin/cmake --build /home/rgeng/Project/build/QuadcopterController -- -j12 -l12
