[0.008s] Invoking command in '/home/rgeng/Project/build/QuadcopterController': /usr/bin/cmake --build /home/rgeng/Project/build/QuadcopterController -- -j12 -l12
[0.023s] -- Looking for ignition-msgs5 -- found version 5.8.1
[0.026s] -- Searching for dependencies of ignition-msgs5
[0.520s] -- Found Protobuf: /usr/lib/x86_64-linux-gnu/libprotobuf.so (found suitable version "3.12.4", minimum required is "3") 
[0.520s] -- Looking for ignition-math6 -- found version 6.15.1
[0.520s] -- Searching for dependencies of ignition-math6
[0.523s] -- Checking for module 'tinyxml2'
[0.529s] --   Found tinyxml2, version 9.0.0
[0.545s] -- Looking for ignition-transport8 -- found version 8.2.1
[0.545s] -- Searching for dependencies of ignition-transport8
[1.530s] -- Config-file not installed for ZeroMQ -- checking for pkg-config
[1.533s] -- Checking for module 'libzmq >= 4'
[1.539s] --   Found libzmq , version 4.3.4
[1.561s] -- Checking for module 'uuid'
[1.566s] --   Found uuid, version 2.37.2
[1.583s] -- Looking for ignition-msgs5 -- found version 5.8.1
[1.585s] [33mCMake Warning (dev) at /usr/share/cmake-3.22/Modules/FindPackageHandleStandardArgs.cmake:438 (message):
[1.586s]   The package name passed to `find_package_handle_standard_args` (PkgConfig)
[1.586s]   does not match the name of the calling package (gazebo).  This can lead to
[1.586s]   problems in calling code that expects `find_package` result variables
[1.586s]   (e.g., `_FOUND`) to follow a certain pattern.
[1.586s] Call Stack (most recent call first):
[1.586s]   /usr/share/cmake-3.22/Modules/FindPkgConfig.cmake:99 (find_package_handle_standard_args)
[1.586s]   /usr/lib/x86_64-linux-gnu/cmake/gazebo/gazebo-config.cmake:72 (include)
[1.586s]   CMakeLists.txt:7 (find_package)
[1.586s] This warning is for project developers.  Use -Wno-dev to suppress it.
[1.586s] [0m
[1.601s] -- Found DART: /usr/include (Required is at least version "6.6") found components: dart 
[1.619s] -- Found Protobuf: /usr/lib/x86_64-linux-gnu/libprotobuf.so (found version "3.12.4") 
[1.620s] -- Looking for ignition-math6 -- found version 6.15.1
[1.621s] -- Looking for OGRE...
[1.624s] -- Found Ogre Ghadamon (1.9.0)
[1.624s] -- Found OGRE: optimized;/usr/lib/x86_64-linux-gnu/libOgreMain.so;debug;/usr/lib/x86_64-linux-gnu/libOgreMain.so
[1.630s] -- Looking for OGRE_Paging...
[1.630s] -- Found OGRE_Paging: optimized;/usr/lib/x86_64-linux-gnu/libOgrePaging.so;debug;/usr/lib/x86_64-linux-gnu/libOgrePaging.so
[1.630s] -- Looking for OGRE_Terrain...
[1.630s] -- Found OGRE_Terrain: optimized;/usr/lib/x86_64-linux-gnu/libOgreTerrain.so;debug;/usr/lib/x86_64-linux-gnu/libOgreTerrain.so
[1.631s] -- Looking for OGRE_Property...
[1.631s] -- Found OGRE_Property: optimized;/usr/lib/x86_64-linux-gnu/libOgreProperty.so;debug;/usr/lib/x86_64-linux-gnu/libOgreProperty.so
[1.631s] -- Looking for OGRE_RTShaderSystem...
[1.631s] -- Found OGRE_RTShaderSystem: optimized;/usr/lib/x86_64-linux-gnu/libOgreRTShaderSystem.so;debug;/usr/lib/x86_64-linux-gnu/libOgreRTShaderSystem.so
[1.631s] -- Looking for OGRE_Volume...
[1.631s] -- Found OGRE_Volume: optimized;/usr/lib/x86_64-linux-gnu/libOgreVolume.so;debug;/usr/lib/x86_64-linux-gnu/libOgreVolume.so
[1.631s] -- Looking for OGRE_Overlay...
[1.631s] -- Found OGRE_Overlay: optimized;/usr/lib/x86_64-linux-gnu/libOgreOverlay.so;debug;/usr/lib/x86_64-linux-gnu/libOgreOverlay.so
[8.071s] -- Looking for ignition-math6 -- found version 6.15.1
[8.071s] -- Looking for ignition-transport8 -- found version 8.2.1
[8.072s] -- Looking for ignition-msgs5 -- found version 5.8.1
[8.072s] -- Looking for ignition-common3 -- found version 3.14.0
[8.072s] -- Searching for dependencies of ignition-common3
[8.072s] -- Looking for dlfcn.h - found
[8.072s] -- Looking for libdl - found
[8.105s] -- Searching for <ignition-common3> component [graphics]
[8.105s] -- Looking for ignition-common3-graphics -- found version 3.14.0
[8.106s] -- Searching for dependencies of ignition-common3-graphics
[8.106s] -- Looking for ignition-math6 -- found version 6.15.1
[8.107s] -- Looking for ignition-fuel_tools4 -- found version 4.4.0
[8.107s] -- Searching for dependencies of ignition-fuel_tools4
[8.672s] -- Checking for module 'jsoncpp'
[8.678s] --   Found jsoncpp, version 1.9.5
[8.698s] -- Checking for module 'libzip'
[8.704s] --   Found libzip, version 1.7.3
[8.721s] -- Looking for ignition-common3 -- found version 3.14.0
[8.722s] -- Looking for ignition-math6 -- found version 6.15.1
[8.722s] -- Looking for ignition-msgs5 -- found version 5.8.1
[8.725s] -- Configuring done
[8.740s] -- Generating done
[8.744s] -- Build files have been written to: /home/rgeng/Project/build/QuadcopterController
[8.762s] [35m[1mConsolidate compiler generated dependencies of target OBJECTS[0m
[8.768s] [35m[1mConsolidate compiler generated dependencies of target CONTROLLER_LIB[0m
[8.769s] [ 15%] Built target OBJECTS
[8.823s] [ 53%] Built target CONTROLLER_LIB
[8.829s] [35m[1mConsolidate compiler generated dependencies of target MOTOR_CONTROLLER_LIB[0m
[8.830s] [35m[1mConsolidate compiler generated dependencies of target DATABASE_LIB[0m
[8.836s] [ 69%] Built target MOTOR_CONTROLLER_LIB
[8.860s] [ 84%] Built target DATABASE_LIB
[8.867s] [35m[1mConsolidate compiler generated dependencies of target QuadcopterController[0m
[8.900s] [ 92%] [32m[1mLinking CXX executable QuadcopterController[0m
[9.034s] /usr/bin/ld: CMakeFiles/QuadcopterController.dir/main.cpp.o: undefined reference to symbol '_ZN3tbb6detail2r114notify_waitersEm'
[9.035s] /usr/bin/ld: /lib/x86_64-linux-gnu/libtbb.so.12: error adding symbols: DSO missing from command line
[9.037s] collect2: error: ld returned 1 exit status
[9.039s] gmake[2]: *** [src/CMakeFiles/QuadcopterController.dir/build.make:153: src/QuadcopterController] Error 1
[9.039s] gmake[1]: *** [CMakeFiles/Makefile2:172: src/CMakeFiles/QuadcopterController.dir/all] Error 2
[9.039s] gmake: *** [Makefile:91: all] Error 2
[9.041s] Invoked command in '/home/rgeng/Project/build/QuadcopterController' returned '2': /usr/bin/cmake --build /home/rgeng/Project/build/QuadcopterController -- -j12 -l12
