[35m[1mConsolidate compiler generated dependencies of target OBJECTS[0m
[ 15%] Built target OBJECTS
[ 23%] [32mBuilding CXX object src/controller/CMakeFiles/CONTROLLER_LIB.dir/base.cpp.o[0m
[ 30%] [32mBuilding CXX object src/controller/CMakeFiles/CONTROLLER_LIB.dir/LQR.cpp.o[0m
[ 38%] [32mBuilding CXX object src/controller/CMakeFiles/CONTROLLER_LIB.dir/PID.cpp.o[0m
[ 46%] [32mBuilding CXX object src/controller/CMakeFiles/CONTROLLER_LIB.dir/PolePlacement.cpp.o[0m
In file included from [01m[K/home/rgeng/Project/include/controller/base.hpp:4[m[K,
                 from [01m[K/home/rgeng/Project/include/controller/PolePlacement.hpp:4[m[K,
                 from [01m[K/home/rgeng/Project/src/controller/PolePlacement.cpp:1[m[K:
[01m[K/home/rgeng/Project/include/subscribers/msgSubscriber.hpp:3:10:[m[K [01;31m[Kfatal error: [m[Kgazebo/gazebo.hh: No such file or directory
    3 | #include [01;31m[K<gazebo/gazebo.hh>[m[K
      |          [01;31m[K^~~~~~~~~~~~~~~~~~[m[K
In file included from [01m[K/home/rgeng/Project/include/controller/base.hpp:4[m[K,
                 from [01m[K/home/rgeng/Project/src/controller/base.cpp:1[m[K:
[01m[K/home/rgeng/Project/include/subscribers/msgSubscriber.hpp:3:10:[m[K [01;31m[Kfatal error: [m[Kgazebo/gazebo.hh: No such file or directory
    3 | #include [01;31m[K<gazebo/gazebo.hh>[m[K
      |          [01;31m[K^~~~~~~~~~~~~~~~~~[m[K
In file included from [01m[K/home/rgeng/Project/include/controller/base.hpp:4[m[K,
                 from [01m[K/home/rgeng/Project/include/controller/PID.hpp:4[m[K,
                 from [01m[K/home/rgeng/Project/src/controller/PID.cpp:1[m[K:
[01m[K/home/rgeng/Project/include/subscribers/msgSubscriber.hpp:3:10:[m[K [01;31m[Kfatal error: [m[Kgazebo/gazebo.hh: No such file or directory
    3 | #include [01;31m[K<gazebo/gazebo.hh>[m[K
      |          [01;31m[K^~~~~~~~~~~~~~~~~~[m[K
In file included from [01m[K/home/rgeng/Project/include/controller/base.hpp:4[m[K,
                 from [01m[K/home/rgeng/Project/include/controller/LQR.hpp:4[m[K,
                 from [01m[K/home/rgeng/Project/src/controller/LQR.cpp:1[m[K:
[01m[K/home/rgeng/Project/include/subscribers/msgSubscriber.hpp:3:10:[m[K [01;31m[Kfatal error: [m[Kgazebo/gazebo.hh: No such file or directory
    3 | #include [01;31m[K<gazebo/gazebo.hh>[m[K
      |          [01;31m[K^~~~~~~~~~~~~~~~~~[m[K
compilation terminated.
compilation terminated.
compilation terminated.
compilation terminated.
gmake[2]: *** [src/controller/CMakeFiles/CONTROLLER_LIB.dir/build.make:76: src/controller/CMakeFiles/CONTROLLER_LIB.dir/base.cpp.o] Error 1
gmake[2]: *** Waiting for unfinished jobs....
gmake[2]: *** [src/controller/CMakeFiles/CONTROLLER_LIB.dir/build.make:104: src/controller/CMakeFiles/CONTROLLER_LIB.dir/PID.cpp.o] Error 1
gmake[2]: *** [src/controller/CMakeFiles/CONTROLLER_LIB.dir/build.make:90: src/controller/CMakeFiles/CONTROLLER_LIB.dir/LQR.cpp.o] Error 1
gmake[2]: *** [src/controller/CMakeFiles/CONTROLLER_LIB.dir/build.make:118: src/controller/CMakeFiles/CONTROLLER_LIB.dir/PolePlacement.cpp.o] Error 1
gmake[1]: *** [CMakeFiles/Makefile2:198: src/controller/CMakeFiles/CONTROLLER_LIB.dir/all] Error 2
gmake: *** [Makefile:91: all] Error 2
