[0.082s] Invoking command in '/home/rgeng/Project/build/QuadcopterController': /usr/bin/cmake --build /home/rgeng/Project/build/QuadcopterController -- -j12 -l12
[0.723s] [35m[1mConsolidate compiler generated dependencies of target OBJECTS[0m
[0.731s] [ 15%] Built target OBJECTS
[0.740s] [ 23%] [32mBuilding CXX object src/controller/CMakeFiles/CONTROLLER_LIB.dir/base.cpp.o[0m
[0.740s] [ 30%] [32mBuilding CXX object src/controller/CMakeFiles/CONTROLLER_LIB.dir/LQR.cpp.o[0m
[0.741s] [ 38%] [32mBuilding CXX object src/controller/CMakeFiles/CONTROLLER_LIB.dir/PID.cpp.o[0m
[0.741s] [ 46%] [32mBuilding CXX object src/controller/CMakeFiles/CONTROLLER_LIB.dir/PolePlacement.cpp.o[0m
[1.709s] In file included from [01m[K/home/rgeng/Project/include/controller/base.hpp:4[m[K,
[1.709s]                  from [01m[K/home/rgeng/Project/include/controller/PolePlacement.hpp:4[m[K,
[1.709s]                  from [01m[K/home/rgeng/Project/src/controller/PolePlacement.cpp:1[m[K:
[1.709s] [01m[K/home/rgeng/Project/include/subscribers/msgSubscriber.hpp:3:10:[m[K [01;31m[Kfatal error: [m[Kgazebo/gazebo.hh: No such file or directory
[1.709s]     3 | #include [01;31m[K<gazebo/gazebo.hh>[m[K
[1.709s]       |          [01;31m[K^~~~~~~~~~~~~~~~~~[m[K
[1.709s] In file included from [01m[K/home/rgeng/Project/include/controller/base.hpp:4[m[K,
[1.709s]                  from [01m[K/home/rgeng/Project/src/controller/base.cpp:1[m[K:
[1.709s] [01m[K/home/rgeng/Project/include/subscribers/msgSubscriber.hpp:3:10:[m[K [01;31m[Kfatal error: [m[Kgazebo/gazebo.hh: No such file or directory
[1.709s]     3 | #include [01;31m[K<gazebo/gazebo.hh>[m[K
[1.709s]       |          [01;31m[K^~~~~~~~~~~~~~~~~~[m[K
[1.709s] In file included from [01m[K/home/rgeng/Project/include/controller/base.hpp:4[m[K,
[1.709s]                  from [01m[K/home/rgeng/Project/include/controller/PID.hpp:4[m[K,
[1.709s]                  from [01m[K/home/rgeng/Project/src/controller/PID.cpp:1[m[K:
[1.709s] [01m[K/home/rgeng/Project/include/subscribers/msgSubscriber.hpp:3:10:[m[K [01;31m[Kfatal error: [m[Kgazebo/gazebo.hh: No such file or directory
[1.709s]     3 | #include [01;31m[K<gazebo/gazebo.hh>[m[K
[1.709s]       |          [01;31m[K^~~~~~~~~~~~~~~~~~[m[K
[1.709s] In file included from [01m[K/home/rgeng/Project/include/controller/base.hpp:4[m[K,
[1.709s]                  from [01m[K/home/rgeng/Project/include/controller/LQR.hpp:4[m[K,
[1.709s]                  from [01m[K/home/rgeng/Project/src/controller/LQR.cpp:1[m[K:
[1.709s] [01m[K/home/rgeng/Project/include/subscribers/msgSubscriber.hpp:3:10:[m[K [01;31m[Kfatal error: [m[Kgazebo/gazebo.hh: No such file or directory
[1.709s]     3 | #include [01;31m[K<gazebo/gazebo.hh>[m[K
[1.710s]       |          [01;31m[K^~~~~~~~~~~~~~~~~~[m[K
[1.710s] compilation terminated.
[1.710s] compilation terminated.
[1.710s] compilation terminated.
[1.710s] compilation terminated.
[1.720s] gmake[2]: *** [src/controller/CMakeFiles/CONTROLLER_LIB.dir/build.make:76: src/controller/CMakeFiles/CONTROLLER_LIB.dir/base.cpp.o] Error 1
[1.720s] gmake[2]: *** Waiting for unfinished jobs....
[1.721s] gmake[2]: *** [src/controller/CMakeFiles/CONTROLLER_LIB.dir/build.make:104: src/controller/CMakeFiles/CONTROLLER_LIB.dir/PID.cpp.o] Error 1
[1.721s] gmake[2]: *** [src/controller/CMakeFiles/CONTROLLER_LIB.dir/build.make:90: src/controller/CMakeFiles/CONTROLLER_LIB.dir/LQR.cpp.o] Error 1
[1.727s] gmake[2]: *** [src/controller/CMakeFiles/CONTROLLER_LIB.dir/build.make:118: src/controller/CMakeFiles/CONTROLLER_LIB.dir/PolePlacement.cpp.o] Error 1
[1.727s] gmake[1]: *** [CMakeFiles/Makefile2:198: src/controller/CMakeFiles/CONTROLLER_LIB.dir/all] Error 2
[1.727s] gmake: *** [Makefile:91: all] Error 2
[1.733s] Invoked command in '/home/rgeng/Project/build/QuadcopterController' returned '2': /usr/bin/cmake --build /home/rgeng/Project/build/QuadcopterController -- -j12 -l12
