[0.007s] Invoking command in '/home/rgeng/Project/build/QuadcopterController': /usr/bin/cmake /home/rgeng/Project -DCMAKE_INSTALL_PREFIX=/home/rgeng/Project/install/QuadcopterController
[0.460s] [31mCMake Error at src/CMakeLists.txt:3 (find_package):
[0.460s]   By not providing "Findgz-cmake2.cmake" in CMAKE_MODULE_PATH this project
[0.460s]   has asked CMake to find a package configuration file provided by
[0.460s]   "gz-cmake2", but CMake did not find one.
[0.460s] 
[0.460s]   Could not find a package configuration file provided by "gz-cmake2" with
[0.460s]   any of the following names:
[0.460s] 
[0.460s]     gz-cmake2Config.cmake
[0.460s]     gz-cmake2-config.cmake
[0.460s] 
[0.460s]   Add the installation prefix of "gz-cmake2" to CMAKE_PREFIX_PATH or set
[0.460s]   "gz-cmake2_DIR" to a directory containing one of the above files.  If
[0.460s]   "gz-cmake2" provides a separate development package or SDK, be sure it has
[0.460s]   been installed.
[0.460s] 
[0.460s] [0m
[0.460s] -- Configuring incomplete, errors occurred!
[0.460s] See also "/home/rgeng/Project/build/QuadcopterController/CMakeFiles/CMakeOutput.log".
[0.462s] Invoked command in '/home/rgeng/Project/build/QuadcopterController' returned '1': /usr/bin/cmake /home/rgeng/Project -DCMAKE_INSTALL_PREFIX=/home/rgeng/Project/install/QuadcopterController
